Log file open, 04/24/18 10:11:44
LogWindows: Failed to load 'aqProf.dll' (GetLastError=126)
LogWindows: File 'aqProf.dll' does not exist
LogWindows: Failed to load 'VSPerf140.dll' (GetLastError=126)
LogWindows: File 'VSPerf140.dll' does not exist
LogWindows: Failed to load 'VtuneApi.dll' (GetLastError=126)
LogWindows: File 'VtuneApi.dll' does not exist
LogWindows: Failed to load 'VtuneApi32e.dll' (GetLastError=126)
LogWindows: File 'VtuneApi32e.dll' does not exist
LogInit: Display: Running engine for game: Pacto_de_Honor
LogPlatformFile: Not using cached read wrapper
LogInit: Display: RandInit(2029514178) SRandInit(2029514178).
LogInit: Read version file with build ID '3709383'
LogInit: Overriding engine version to CL 3832480, compatible CL 3709383
LogInit: Registered custom module enumerator with build ID '3709383'
LogTaskGraph: Started task graph with 5 named threads and 14 total threads with 3 sets of task threads.
LogStats: Stats thread started at 0.179797
LogD3D11RHI: Aftermath initialized
LogPluginManager: Mounting plugin Paper2D
LogPluginManager: Mounting plugin LightPropagationVolume
LogPluginManager: Mounting plugin CodeLiteSourceCodeAccess
LogPluginManager: Mounting plugin GitSourceControl
LogPluginManager: Mounting plugin KDevelopSourceCodeAccess
LogPluginManager: Mounting plugin NullSourceCodeAccess
LogPluginManager: Mounting plugin PerforceSourceControl
LogPluginManager: Mounting plugin SubversionSourceControl
LogPluginManager: Mounting plugin UObjectPlugin
LogPluginManager: Mounting plugin VisualStudioCodeSourceCodeAccess
LogPluginManager: Mounting plugin VisualStudioSourceCodeAccess
LogPluginManager: Mounting plugin XCodeSourceCodeAccess
LogPluginManager: Mounting plugin AssetManagerEditor
LogPluginManager: Mounting plugin AudioCapture
LogPluginManager: Mounting plugin FacialAnimation
LogPluginManager: Mounting plugin GameplayTagsEditor
LogPluginManager: Mounting plugin MobileLauncherProfileWizard
LogPluginManager: Mounting plugin PluginBrowser
LogPluginManager: Mounting plugin SpeedTreeImporter
LogPluginManager: Mounting plugin AlembicImporter
LogPluginManager: Mounting plugin CharacterAI
LogPluginManager: Mounting plugin HTML5Networking
LogPluginManager: Mounting plugin VaRestPlugin
LogPluginManager: Mounting plugin AndroidMedia
LogPluginManager: Mounting plugin AvfMedia
LogPluginManager: Mounting plugin ImgMedia
LogPluginManager: Mounting plugin MediaCompositing
LogPluginManager: Mounting plugin MediaPlayerEditor
LogPluginManager: Mounting plugin WmfMedia
LogPluginManager: Mounting plugin TcpMessaging
LogPluginManager: Mounting plugin UdpMessaging
LogPluginManager: Mounting plugin ActorSequence
LogPluginManager: Mounting plugin LevelSequenceEditor
LogPluginManager: Mounting plugin MatineeToLevelSequence
LogPluginManager: Mounting plugin MySQL
LogPluginManager: Mounting plugin OnlineSubsystemGooglePlay
LogPluginManager: Mounting plugin OnlineSubsystemIOS
LogPluginManager: Mounting plugin OnlineSubsystem
LogPluginManager: Mounting plugin OnlineSubsystemNull
LogPluginManager: Mounting plugin OnlineSubsystemUtils
LogPluginManager: Mounting plugin AndroidDeviceProfileSelector
LogPluginManager: Mounting plugin AndroidMoviePlayer
LogPluginManager: Mounting plugin AndroidPermission
LogPluginManager: Mounting plugin AppleARKit
LogPluginManager: Mounting plugin AppleMoviePlayer
LogPluginManager: Mounting plugin ArchVisCharacter
LogPluginManager: Mounting plugin CableComponent
LogPluginManager: Mounting plugin CustomMeshComponent
LogPluginManager: Mounting plugin ExampleDeviceProfileSelector
LogPluginManager: Mounting plugin GoogleCloudMessaging
LogPluginManager: Mounting plugin ImmediatePhysics
LogPluginManager: Mounting plugin IOSDeviceProfileSelector
LogPluginManager: Mounting plugin LinuxDeviceProfileSelector
LogPluginManager: Mounting plugin LocationServicesBPLibrary
LogPluginManager: Mounting plugin MobilePatchingUtils
LogPluginManager: Mounting plugin OculusVR
LogPluginManager: Plugin shader directory ../../../Engine/Plugins/Runtime/Oculus/OculusVR/Shaders found
LogPluginManager: Mapping shader source directory ../../../Engine/Plugins/Runtime/Oculus/OculusVR/Shaders to virtual directory /Plugin/OculusVR
LogPluginManager: Mounting plugin PhysXVehicles
LogPluginManager: Mounting plugin ProceduralMeshComponent
LogPluginManager: Mounting plugin RuntimePhysXCooking
LogPluginManager: Mounting plugin SteamVR
LogPluginManager: Mounting plugin WindowsMoviePlayer
LogModuleManager: Display: Found up-to-date module file D:/Git/Pacto_de_HonoRPG/Codigo/Binaries/Win64/UE4Editor-Pacto_de_Honor.dll (API version 3709383).
LogModuleManager: Display: Found up-to-date module file ../../../Engine/Plugins/2D/Paper2D/Binaries/Win64/UE4Editor-Paper2D.dll (API version 3709383).
LogModuleManager: Display: Found up-to-date module file ../../../Engine/Plugins/2D/Paper2D/Binaries/Win64/UE4Editor-Paper2DEditor.dll (API version 3709383).
LogModuleManager: Display: Found up-to-date module file ../../../Engine/Plugins/2D/Paper2D/Binaries/Win64/UE4Editor-PaperSpriteSheetImporter.dll (API version 3709383).
LogModuleManager: Display: Found up-to-date module file ../../../Engine/Plugins/2D/Paper2D/Binaries/Win64/UE4Editor-PaperTiledImporter.dll (API version 3709383).
LogModuleManager: Display: Found up-to-date module file ../../../Engine/Plugins/2D/Paper2D/Binaries/Win64/UE4Editor-SmartSnapping.dll (API version 3709383).
LogModuleManager: Display: Found up-to-date module file ../../../Engine/Plugins/Blendables/LightPropagationVolume/Binaries/Win64/UE4Editor-LightPropagationVolumeRuntime.dll (API version 3709383).
LogModuleManager: Display: Found up-to-date module file ../../../Engine/Plugins/Blendables/LightPropagationVolume/Binaries/Win64/UE4Editor-LightPropagationVolumeEditor.dll (API version 3709383).
LogModuleManager: Display: Found up-to-date module file ../../../Engine/Plugins/Developer/GitSourceControl/Binaries/Win64/UE4Editor-GitSourceControl.dll (API version 3709383).
LogModuleManager: Display: Found up-to-date module file ../../../Engine/Plugins/Developer/PerforceSourceControl/Binaries/Win64/UE4Editor-PerforceSourceControl.dll (API version 3709383).
LogModuleManager: Display: Found up-to-date module file ../../../Engine/Plugins/Developer/SubversionSourceControl/Binaries/Win64/UE4Editor-SubversionSourceControl.dll (API version 3709383).
LogModuleManager: Display: Found up-to-date module file ../../../Engine/Plugins/Developer/UObjectPlugin/Binaries/Win64/UE4Editor-UObjectPlugin.dll (API version 3709383).
LogModuleManager: Display: Found up-to-date module file ../../../Engine/Plugins/Developer/VisualStudioCodeSourceCodeAccess/Binaries/Win64/UE4Editor-VisualStudioCodeSourceCodeAccess.dll (API version 3709383).
LogModuleManager: Display: Found up-to-date module file ../../../Engine/Plugins/Developer/VisualStudioSourceCodeAccess/Binaries/Win64/UE4Editor-VisualStudioSourceCodeAccess.dll (API version 3709383).
LogModuleManager: Display: Found up-to-date module file ../../../Engine/Plugins/Editor/AssetManagerEditor/Binaries/Win64/UE4Editor-AssetManagerEditor.dll (API version 3709383).
LogModuleManager: Display: Found up-to-date module file ../../../Engine/Plugins/Editor/AudioCapture/Binaries/Win64/UE4Editor-AudioCapture.dll (API version 3709383).
LogModuleManager: Display: Found up-to-date module file ../../../Engine/Plugins/Editor/FacialAnimation/Binaries/Win64/UE4Editor-FacialAnimation.dll (API version 3709383).
LogModuleManager: Display: Found up-to-date module file ../../../Engine/Plugins/Editor/FacialAnimation/Binaries/Win64/UE4Editor-FacialAnimationEditor.dll (API version 3709383).
LogModuleManager: Display: Found up-to-date module file ../../../Engine/Plugins/Editor/GameplayTagsEditor/Binaries/Win64/UE4Editor-GameplayTagsEditor.dll (API version 3709383).
LogModuleManager: Display: Found up-to-date module file ../../../Engine/Plugins/Editor/MobileLauncherProfileWizard/Binaries/Win64/UE4Editor-MobileLauncherProfileWizard.dll (API version 3709383).
LogModuleManager: Display: Found up-to-date module file ../../../Engine/Plugins/Editor/PluginBrowser/Binaries/Win64/UE4Editor-PluginBrowser.dll (API version 3709383).
LogModuleManager: Display: Found up-to-date module file ../../../Engine/Plugins/Editor/SpeedTreeImporter/Binaries/Win64/UE4Editor-SpeedTreeImporter.dll (API version 3709383).
LogModuleManager: Display: Found up-to-date module file ../../../Engine/Plugins/Experimental/AlembicImporter/Binaries/Win64/UE4Editor-AlembicImporter.dll (API version 3709383).
LogModuleManager: Display: Found up-to-date module file ../../../Engine/Plugins/Experimental/AlembicImporter/Binaries/Win64/UE4Editor-AlembicLibrary.dll (API version 3709383).
LogModuleManager: Display: Found up-to-date module file ../../../Engine/Plugins/Experimental/CharacterAI/Binaries/Win64/UE4Editor-CharacterAI.dll (API version 3709383).
LogModuleManager: Display: Found up-to-date module file ../../../Engine/Plugins/Experimental/HTML5Networking/Binaries/Win64/UE4Editor-HTML5Networking.dll (API version 3709383).
LogModuleManager: Display: Found up-to-date module file ../../../Engine/Plugins/Marketplace/VaRestPlugin/Binaries/Win64/UE4Editor-VaRestPlugin.dll (API version 3709383).
LogModuleManager: Display: Found up-to-date module file ../../../Engine/Plugins/Marketplace/VaRestPlugin/Binaries/Win64/UE4Editor-VaRestEditorPlugin.dll (API version 3709383).
LogModuleManager: Display: Found up-to-date module file ../../../Engine/Plugins/Media/AndroidMedia/Binaries/Win64/UE4Editor-AndroidMediaEditor.dll (API version 3709383).
LogModuleManager: Display: Found up-to-date module file ../../../Engine/Plugins/Media/AndroidMedia/Binaries/Win64/UE4Editor-AndroidMediaFactory.dll (API version 3709383).
LogModuleManager: Display: Found up-to-date module file ../../../Engine/Plugins/Media/AvfMedia/Binaries/Win64/UE4Editor-AvfMediaEditor.dll (API version 3709383).
LogModuleManager: Display: Found up-to-date module file ../../../Engine/Plugins/Media/AvfMedia/Binaries/Win64/UE4Editor-AvfMediaFactory.dll (API version 3709383).
LogModuleManager: Display: Found up-to-date module file ../../../Engine/Plugins/Media/AvfMedia/Binaries/Win64/UE4Editor-AvfMediaFactory.dll (API version 3709383).
LogModuleManager: Display: Found up-to-date module file ../../../Engine/Plugins/Media/ImgMedia/Binaries/Win64/UE4Editor-ImgMedia.dll (API version 3709383).
LogModuleManager: Display: Found up-to-date module file ../../../Engine/Plugins/Media/ImgMedia/Binaries/Win64/UE4Editor-ImgMediaEditor.dll (API version 3709383).
LogModuleManager: Display: Found up-to-date module file ../../../Engine/Plugins/Media/ImgMedia/Binaries/Win64/UE4Editor-ImgMediaFactory.dll (API version 3709383).
LogModuleManager: Display: Found up-to-date module file ../../../Engine/Plugins/Media/ImgMedia/Binaries/Win64/UE4Editor-ImgMediaFactory.dll (API version 3709383).
LogModuleManager: Display: Found up-to-date module file ../../../Engine/Plugins/Media/ImgMedia/Binaries/Win64/UE4Editor-OpenExrWrapper.dll (API version 3709383).
LogModuleManager: Display: Found up-to-date module file ../../../Engine/Plugins/Media/MediaCompositing/Binaries/Win64/UE4Editor-MediaCompositing.dll (API version 3709383).
LogModuleManager: Display: Found up-to-date module file ../../../Engine/Plugins/Media/MediaCompositing/Binaries/Win64/UE4Editor-MediaCompositingEditor.dll (API version 3709383).
LogModuleManager: Display: Found up-to-date module file ../../../Engine/Plugins/Media/MediaPlayerEditor/Binaries/Win64/UE4Editor-MediaPlayerEditor.dll (API version 3709383).
LogModuleManager: Display: Found up-to-date module file ../../../Engine/Plugins/Media/WmfMedia/Binaries/Win64/UE4Editor-WmfMedia.dll (API version 3709383).
LogModuleManager: Display: Found up-to-date module file ../../../Engine/Plugins/Media/WmfMedia/Binaries/Win64/UE4Editor-WmfMediaEditor.dll (API version 3709383).
LogModuleManager: Display: Found up-to-date module file ../../../Engine/Plugins/Media/WmfMedia/Binaries/Win64/UE4Editor-WmfMediaFactory.dll (API version 3709383).
LogModuleManager: Display: Found up-to-date module file ../../../Engine/Plugins/Media/WmfMedia/Binaries/Win64/UE4Editor-WmfMediaFactory.dll (API version 3709383).
LogModuleManager: Display: Found up-to-date module file ../../../Engine/Plugins/Messaging/TcpMessaging/Binaries/Win64/UE4Editor-TcpMessaging.dll (API version 3709383).
LogModuleManager: Display: Found up-to-date module file ../../../Engine/Plugins/Messaging/UdpMessaging/Binaries/Win64/UE4Editor-UdpMessaging.dll (API version 3709383).
LogModuleManager: Display: Found up-to-date module file ../../../Engine/Plugins/MovieScene/ActorSequence/Binaries/Win64/UE4Editor-ActorSequence.dll (API version 3709383).
LogModuleManager: Display: Found up-to-date module file ../../../Engine/Plugins/MovieScene/LevelSequenceEditor/Binaries/Win64/UE4Editor-LevelSequenceEditor.dll (API version 3709383).
LogModuleManager: Display: Found up-to-date module file ../../../Engine/Plugins/MovieScene/MatineeToLevelSequence/Binaries/Win64/UE4Editor-MatineeToLevelSequence.dll (API version 3709383).
LogModuleManager: Display: Found up-to-date module file ../../../Engine/Plugins/MySQL/Binaries/Win64/UE4Editor-MySQL.dll (API version 3709383).
LogModuleManager: Display: Found up-to-date module file ../../../Engine/Plugins/Online/OnlineSubsystem/Binaries/Win64/UE4Editor-OnlineSubsystem.dll (API version 3709383).
LogModuleManager: Display: Found up-to-date module file ../../../Engine/Plugins/Online/OnlineSubsystemNull/Binaries/Win64/UE4Editor-OnlineSubsystemNull.dll (API version 3709383).
LogModuleManager: Display: Found up-to-date module file ../../../Engine/Plugins/Online/OnlineSubsystemUtils/Binaries/Win64/UE4Editor-OnlineSubsystemUtils.dll (API version 3709383).
LogModuleManager: Display: Found up-to-date module file ../../../Engine/Plugins/Online/OnlineSubsystemUtils/Binaries/Win64/UE4Editor-OnlineBlueprintSupport.dll (API version 3709383).
LogModuleManager: Display: Found up-to-date module file ../../../Engine/Plugins/Runtime/AndroidDeviceProfileSelector/Binaries/Win64/UE4Editor-AndroidDeviceProfileSelector.dll (API version 3709383).
LogModuleManager: Display: Found up-to-date module file ../../../Engine/Plugins/Runtime/AndroidPermission/Binaries/Win64/UE4Editor-AndroidPermission.dll (API version 3709383).
LogModuleManager: Display: Found up-to-date module file ../../../Engine/Plugins/Runtime/AppleARKit/Binaries/Win64/UE4Editor-AppleARKit.dll (API version 3709383).
LogModuleManager: Display: Found up-to-date module file ../../../Engine/Plugins/Runtime/ArchVisCharacter/Binaries/Win64/UE4Editor-ArchVisCharacter.dll (API version 3709383).
LogModuleManager: Display: Found up-to-date module file ../../../Engine/Plugins/Runtime/CableComponent/Binaries/Win64/UE4Editor-CableComponent.dll (API version 3709383).
LogModuleManager: Display: Found up-to-date module file ../../../Engine/Plugins/Runtime/CustomMeshComponent/Binaries/Win64/UE4Editor-CustomMeshComponent.dll (API version 3709383).
LogModuleManager: Display: Found up-to-date module file ../../../Engine/Plugins/Runtime/ExampleDeviceProfileSelector/Binaries/Win64/UE4Editor-ExampleDeviceProfileSelector.dll (API version 3709383).
LogModuleManager: Display: Found up-to-date module file ../../../Engine/Plugins/Runtime/ImmediatePhysics/Binaries/Win64/UE4Editor-ImmediatePhysics.dll (API version 3709383).
LogModuleManager: Display: Found up-to-date module file ../../../Engine/Plugins/Runtime/ImmediatePhysics/Binaries/Win64/UE4Editor-ImmediatePhysicsEditor.dll (API version 3709383).
LogModuleManager: Display: Found up-to-date module file ../../../Engine/Plugins/Runtime/LocationServicesBPLibrary/Binaries/Win64/UE4Editor-LocationServicesBPLibrary.dll (API version 3709383).
LogModuleManager: Display: Found up-to-date module file ../../../Engine/Plugins/Runtime/MobilePatchingUtils/Binaries/Win64/UE4Editor-MobilePatchingUtils.dll (API version 3709383).
LogModuleManager: Display: Found up-to-date module file ../../../Engine/Plugins/Runtime/Oculus/OculusVR/Binaries/Win64/UE4Editor-OculusHMD.dll (API version 3709383).
LogModuleManager: Display: Found up-to-date module file ../../../Engine/Plugins/Runtime/Oculus/OculusVR/Binaries/Win64/UE4Editor-OculusInput.dll (API version 3709383).
LogModuleManager: Display: Found up-to-date module file ../../../Engine/Plugins/Runtime/Oculus/OculusVR/Binaries/Win64/UE4Editor-OculusEditor.dll (API version 3709383).
LogModuleManager: Display: Found up-to-date module file ../../../Engine/Plugins/Runtime/PhysXVehicles/Binaries/Win64/UE4Editor-PhysXVehicles.dll (API version 3709383).
LogModuleManager: Display: Found up-to-date module file ../../../Engine/Plugins/Runtime/PhysXVehicles/Binaries/Win64/UE4Editor-PhysXVehiclesEditor.dll (API version 3709383).
LogModuleManager: Display: Found up-to-date module file ../../../Engine/Plugins/Runtime/ProceduralMeshComponent/Binaries/Win64/UE4Editor-ProceduralMeshComponent.dll (API version 3709383).
LogModuleManager: Display: Found up-to-date module file ../../../Engine/Plugins/Runtime/ProceduralMeshComponent/Binaries/Win64/UE4Editor-ProceduralMeshComponentEditor.dll (API version 3709383).
LogModuleManager: Display: Found up-to-date module file ../../../Engine/Plugins/Runtime/RuntimePhysXCooking/Binaries/Win64/UE4Editor-RuntimePhysXCooking.dll (API version 3709383).
LogModuleManager: Display: Found up-to-date module file ../../../Engine/Plugins/Runtime/Steam/SteamVR/Binaries/Win64/UE4Editor-SteamVR.dll (API version 3709383).
LogModuleManager: Display: Found up-to-date module file ../../../Engine/Plugins/Runtime/Steam/SteamVR/Binaries/Win64/UE4Editor-SteamVRController.dll (API version 3709383).
LogModuleManager: Display: Found up-to-date module file ../../../Engine/Plugins/Runtime/WindowsMoviePlayer/Binaries/Win64/UE4Editor-WindowsMoviePlayer.dll (API version 3709383).
LogInit: Using libcurl 7.47.1
LogInit:  - built for x86_64-pc-win32
LogInit:  - supports SSL with OpenSSL/1.0.2g
LogInit:  - supports HTTP deflate (compression) using libz 1.2.8
LogInit:  - other features:
LogInit:      CURL_VERSION_SSL
LogInit:      CURL_VERSION_LIBZ
LogInit:      CURL_VERSION_IPV6
LogInit:      CURL_VERSION_ASYNCHDNS
LogInit:      CURL_VERSION_LARGEFILE
LogInit:      CURL_VERSION_IDN
LogInit:  CurlRequestOptions (configurable via config and command line):
LogInit:  - bVerifyPeer = false  - Libcurl will NOT verify peer certificate
LogInit:  - bUseHttpProxy = false  - Libcurl will NOT use HTTP proxy
LogInit:  - bDontReuseConnections = false  - Libcurl will reuse connections
LogInit:  - CertBundlePath = nullptr  - Libcurl will use whatever was configured at build time.
LogInit: Build: ++UE4+Release-4.18-CL-3832480
LogInit: Engine Version: 4.18.3-3832480+++UE4+Release-4.18
LogInit: Compatible Engine Version: 4.18.0-3709383+++UE4+Release-4.18
LogInit: Net CL: 3709383
LogDevObjectVersion: Number of dev versions registered: 16
LogDevObjectVersion:   Dev-Blueprints (B0D832E4-1F89-4F0D-ACCF-7EB736FD4AA2): 10
LogDevObjectVersion:   Dev-Build (E1C64328-A22C-4D53-A36C-8E866417BD8C): 0
LogDevObjectVersion:   Dev-Core (375EC13C-06E4-48FB-B500-84F0262A717E): 2
LogDevObjectVersion:   Dev-Editor (E4B068ED-F494-42E9-A231-DA0B2E46BB41): 20
LogDevObjectVersion:   Dev-Framework (CFFC743F-43B0-4480-9391-14DF171D2073): 30
LogDevObjectVersion:   Dev-Mobile (B02B49B5-BB20-44E9-A304-32B752E40360): 0
LogDevObjectVersion:   Dev-Networking (A4E4105C-59A1-49B5-A7C5-40C4547EDFEE): 0
LogDevObjectVersion:   Dev-Online (39C831C9-5AE6-47DC-9A44-9C173E1C8E7C): 0
LogDevObjectVersion:   Dev-Physics (78F01B33-EBEA-4F98-B9B4-84EACCB95AA2): 0
LogDevObjectVersion:   Dev-Platform (6631380F-2D4D-43E0-8009-CF276956A95A): 0
LogDevObjectVersion:   Dev-Rendering (12F88B9F-8875-4AFC-A67C-D90C383ABD29): 20
LogDevObjectVersion:   Dev-Sequencer (7B5AE74C-D270-4C10-A958-57980B212A5A): 4
LogDevObjectVersion:   Dev-VR (D7296918-1DD6-4BDD-9DE2-64A83CC13884): 0
LogDevObjectVersion:   Dev-LoadTimes (C2A15278-BFE7-4AFE-6C17-90FF531DF755): 1
LogDevObjectVersion:   Private-Geometry (6EACA3D4-40EC-4CC1-B786-8BED09428FC5): 1
LogDevObjectVersion:   Dev-AnimPhys (29E575DD-E0A3-4627-9D10-D276232CDCEA): 12
LogInit: Compiled (64-bit): Jan 12 2018 02:04:55
LogInit: Compiled with Visual C++: 19.00.24215.01
LogInit: Build Configuration: Development
LogInit: Branch Name: ++UE4+Release-4.18
LogInit: Command line: 
LogInit: Base directory: C:/Program Files/Epic Games/UE_4.18/Engine/Binaries/Win64/
LogInit: Installed Engine Build: 1
LogInit: Presizing for max 8388607 objects, including 0 objects not considered by GC, pre-allocating 0 bytes for permanent pool.
LogInit: Object subsystem initialized
[2018.04.24-15.11.46:583][  0]LogInit: Selected Device Profile: [Windows]
[2018.04.24-15.11.46:583][  0]LogInit: Applying CVar settings loaded from the selected device profile: [Windows]
[2018.04.24-15.11.46:591][  0]LogInit: Computer: DELL_INSPIRON
[2018.04.24-15.11.46:591][  0]LogInit: User: Dell
[2018.04.24-15.11.46:591][  0]LogInit: CPU Page size=4096, Cores=4
[2018.04.24-15.11.46:591][  0]LogInit: High frequency timer resolution =3.515623 MHz
[2018.04.24-15.11.46:591][  0]LogMemory: Memory total: Physical=7.9GB (8GB approx)
[2018.04.24-15.11.46:591][  0]LogMemory: Platform Memory Stats for Windows
[2018.04.24-15.11.46:591][  0]LogMemory: Process Physical Memory: 272.28 MB used, 272.28 MB peak
[2018.04.24-15.11.46:591][  0]LogMemory: Process Virtual Memory: 269.77 MB used, 269.77 MB peak
[2018.04.24-15.11.46:591][  0]LogMemory: Physical Memory: 4313.98 MB used,  3815.58 MB free, 8129.57 MB total
[2018.04.24-15.11.46:591][  0]LogMemory: Virtual Memory: 682.33 MB used,  3815.58 MB free, 134217728.00 MB total
[2018.04.24-15.11.46:851][  0]LogInit: Using OS detected language (es-ES).
[2018.04.24-15.11.46:851][  0]LogInit: Using OS detected locale (es-ES).
[2018.04.24-15.11.46:854][  0]LogTextLocalizationManager: No specific localization for 'es-ES' exists, so the 'es' localization will be used.
[2018.04.24-15.11.46:975][  0]LogInit: Setting process to per monitor DPI aware
[2018.04.24-15.11.47:333][  0]LogD3D11RHI: D3D11 adapters:
[2018.04.24-15.11.47:377][  0]LogD3D11RHI:    0. 'NVIDIA GeForce GTX 1050 Ti' (Feature Level 11_0)
[2018.04.24-15.11.47:377][  0]LogD3D11RHI:       4018/0/4064 MB DedicatedVideo/DedicatedSystem/SharedSystem, Outputs:1, VendorId:0x10de
[2018.04.24-15.11.47:380][  0]LogD3D11RHI:    1. 'Microsoft Basic Render Driver' (Feature Level 11_0)
[2018.04.24-15.11.47:380][  0]LogD3D11RHI:       0/0/4064 MB DedicatedVideo/DedicatedSystem/SharedSystem, Outputs:0, VendorId:0x1414
[2018.04.24-15.11.47:380][  0]LogD3D11RHI: Chosen D3D11 Adapter: 0
[2018.04.24-15.11.47:386][  0]LogD3D11RHI: Creating new Direct3DDevice
[2018.04.24-15.11.47:386][  0]LogD3D11RHI:     GPU DeviceId: 0x1c82 (for the marketing name, search the web for "GPU Device Id")
[2018.04.24-15.11.47:386][  0]LogWindows: EnumDisplayDevices:
[2018.04.24-15.11.47:386][  0]LogWindows:    0. 'NVIDIA GeForce GTX 1050 Ti' (P:1 D:1)
[2018.04.24-15.11.47:386][  0]LogWindows:    1. 'NVIDIA GeForce GTX 1050 Ti' (P:0 D:0)
[2018.04.24-15.11.47:386][  0]LogWindows:    2. 'NVIDIA GeForce GTX 1050 Ti' (P:0 D:0)
[2018.04.24-15.11.47:386][  0]LogWindows:    3. 'NVIDIA GeForce GTX 1050 Ti' (P:0 D:0)
[2018.04.24-15.11.47:386][  0]LogWindows: DebugString: GetVideoDriverDetailsInvalid PrimaryIsNotTheChoosenAdapter GetVideoDriverDetailsInvalid PrimaryIsNotTheChoosenAdapter GetVideoDriverDetailsInvalid PrimaryIsNotTheChoosenAdapter GetVideoDriverDetailsInvalid PrimaryIsNotTheChoosenAdapter FoundDriverCount:0 
[2018.04.24-15.11.47:386][  0]LogD3D11RHI:     Adapter Name: NVIDIA GeForce GTX 1050 Ti
[2018.04.24-15.11.47:386][  0]LogD3D11RHI:   Driver Version: Unknown (internal:Unknown, unified:Unknown)
[2018.04.24-15.11.47:386][  0]LogD3D11RHI:      Driver Date: Unknown
[2018.04.24-15.11.47:386][  0]LogRHI: Texture pool is 2812 MB (70% of 4018 MB)
[2018.04.24-15.11.47:409][  0]LogD3D11RHI: Async texture creation enabled
[2018.04.24-15.11.47:430][  0]LogD3D11RHI: GPU Timing Frequency: 1000.000000 (Debug: 2 2)
[2018.04.24-15.11.47:478][  0]LogShaderCompilers: Guid format shader working directory is 15 characters bigger than the processId version (D:/Git/Pacto_de_HonoRPG/Codigo/Intermediate/Shaders/WorkingDirectory/9732/).
[2018.04.24-15.11.47:478][  0]LogShaderCompilers: Cleaned the shader compiler working directory 'C:/Users/Dell/AppData/Local/Temp/UnrealShaderWorkingDir/B2F1FBDE4BD18EC0A87A33818CA82409/'.
[2018.04.24-15.11.47:478][  0]LogShaderCompilers: Display: Using Local Shader Compiler.
[2018.04.24-15.11.48:454][  0]LogTemp: Display: Loaded TP AllDesktopTargetPlatform
[2018.04.24-15.11.48:537][  0]LogTemp: Display: Loaded TP MacClientTargetPlatform
[2018.04.24-15.11.48:632][  0]LogTemp: Display: Loaded TP MacNoEditorTargetPlatform
[2018.04.24-15.11.48:716][  0]LogTemp: Display: Loaded TP MacServerTargetPlatform
[2018.04.24-15.11.48:804][  0]LogTemp: Display: Loaded TP MacTargetPlatform
[2018.04.24-15.11.48:885][  0]LogTemp: Display: Loaded TP WindowsClientTargetPlatform
[2018.04.24-15.11.48:969][  0]LogTemp: Display: Loaded TP WindowsNoEditorTargetPlatform
[2018.04.24-15.11.49:059][  0]LogTemp: Display: Loaded TP WindowsServerTargetPlatform
[2018.04.24-15.11.49:144][  0]LogTemp: Display: Loaded TP WindowsTargetPlatform
[2018.04.24-15.11.49:228][  0]LogTemp: Display: Loaded TP Android_ASTCTargetPlatform
[2018.04.24-15.11.49:305][  0]LogTemp: Display: Loaded TP Android_ATCTargetPlatform
[2018.04.24-15.11.49:387][  0]LogTemp: Display: Loaded TP Android_DXTTargetPlatform
[2018.04.24-15.11.49:472][  0]LogTemp: Display: Loaded TP Android_ETC1TargetPlatform
[2018.04.24-15.11.49:554][  0]LogTemp: Display: Loaded TP Android_ETC2TargetPlatform
[2018.04.24-15.11.49:721][  0]LogTemp: Display: Loaded TP Android_MultiTargetPlatform
[2018.04.24-15.11.49:721][  0]LogTemp: Display: Loaded TP Android_PVRTCTargetPlatform
[2018.04.24-15.11.49:801][  0]LogTemp: Display: Loaded TP AndroidTargetPlatform
[2018.04.24-15.11.49:874][  0]LogTemp: Display: Loaded TP HTML5TargetPlatform
[2018.04.24-15.11.50:013][  0]LogTemp: Display: Loaded TP IOSTargetPlatform
[2018.04.24-15.11.50:056][  0]LogTemp: Display: Loaded TP TVOSTargetPlatform
[2018.04.24-15.11.50:141][  0]LogTemp: Display: Loaded TP LinuxClientTargetPlatform
[2018.04.24-15.11.50:227][  0]LogTemp: Display: Loaded TP LinuxNoEditorTargetPlatform
[2018.04.24-15.11.50:312][  0]LogTemp: Display: Loaded TP LinuxServerTargetPlatform
[2018.04.24-15.11.50:387][  0]LogTemp: Display: Loaded TP LinuxTargetPlatform
[2018.04.24-15.11.50:387][  0]LogTargetPlatformManager: Display: Building Assets For Windows
[2018.04.24-15.11.51:168][  0]LogDerivedDataCache: Display: Max Cache Size: 512 MB
[2018.04.24-15.11.51:233][  0]LogDerivedDataCache: Loaded boot cache 0.07s 78MB C:/Users/Dell/AppData/Local/UnrealEngine/4.18/DerivedDataCache/Boot.ddc.
[2018.04.24-15.11.51:234][  0]LogDerivedDataCache: Display: Loaded Boot cache: C:/Users/Dell/AppData/Local/UnrealEngine/4.18/DerivedDataCache/Boot.ddc
[2018.04.24-15.11.51:234][  0]LogDerivedDataCache: FDerivedDataBackendGraph:  Pak pak cache file D:/Git/Pacto_de_HonoRPG/Codigo/DerivedDataCache/DDC.ddp not found, will not use a pak cache.
[2018.04.24-15.11.51:234][  0]LogDerivedDataCache: Unable to find inner node Pak for hierarchical cache Hierarchy.
[2018.04.24-15.11.51:234][  0]LogDerivedDataCache: FDerivedDataBackendGraph:  CompressedPak pak cache file D:/Git/Pacto_de_HonoRPG/Codigo/DerivedDataCache/Compressed.ddp not found, will not use a pak cache.
[2018.04.24-15.11.51:234][  0]LogDerivedDataCache: Unable to find inner node CompressedPak for hierarchical cache Hierarchy.
[2018.04.24-15.11.51:249][  0]LogDerivedDataCache: Display: Pak cache opened for reading ../../../Engine/DerivedDataCache/Compressed.ddp.
[2018.04.24-15.11.51:261][  0]LogDerivedDataCache: Using Local data cache path C:/Users/Dell/AppData/Local/UnrealEngine/Common/DerivedDataCache: Writable
[2018.04.24-15.11.51:271][  0]LogMaterial: Verifying Global Shaders for PCD3D_SM5
[2018.04.24-15.11.51:271][  0]LogSlate: Using Freetype 2.6.0
[2018.04.24-15.11.51:272][  0]LogSlate: SlateFontCache - WITH_FREETYPE: 1, WITH_HARFBUZZ: 1
[2018.04.24-15.11.51:272][  0]LogSlate: SlateFontCache - WITH_FREETYPE: 1, WITH_HARFBUZZ: 1
[2018.04.24-15.11.51:618][  0]LogInit: Selected Device Profile: [Windows]
[2018.04.24-15.11.52:095][  0]LogSimplygon: Simplygon DLL not present - disabling.
[2018.04.24-15.11.52:169][  0]LogMeshReduction: Using SimplygonSwarm for distributed automatic mesh merging
[2018.04.24-15.11.52:169][  0]LogMeshReduction: Using QuadricMeshReduction for automatic static mesh reduction
[2018.04.24-15.11.52:169][  0]LogMeshReduction: No automatic skeletal mesh reduction module available
[2018.04.24-15.11.52:169][  0]LogMeshReduction: No automatic mesh merging module available
[2018.04.24-15.11.52:169][  0]LogMeshMerging: No automatic mesh merging module available
[2018.04.24-15.11.52:196][  0]LogNetVersion: Pacto_de_Honor , NetCL: 3709383, EngineNetVer: 2, GameNetVer: 0 (Checksum: 2404482579)
[2018.04.24-15.11.52:377][  0]LogAssetRegistry: FAssetRegistry took 0.0251 seconds to start up
[2018.04.24-15.11.52:881][  0]LogPackageLocalizationCache: Processed 8 localized package path(s) for 2 prioritized culture(s) in 0.042321 seconds
[2018.04.24-15.11.52:885][  0]LogUObjectArray: 35870 objects as part of root set at end of initial load.
[2018.04.24-15.11.52:885][  0]LogUObjectAllocator: 7363696 out of 0 bytes used by permanent object pool.
[2018.04.24-15.11.52:885][  0]LogUObjectArray: CloseDisregardForGC: 0/0 objects in disregard for GC pool
[2018.04.24-15.11.52:977][  0]LogInit: WinSock: version 1.1 (2.2), MaxSocks=32767, MaxUdp=65467
[2018.04.24-15.11.57:107][  0]LogTcpMessaging: Initializing TcpMessaging bridge
[2018.04.24-15.11.57:168][  0]LogUdpMessaging: Initializing bridge on interface 0.0.0.0:0 to multicast group 230.0.0.1:6666.
[2018.04.24-15.11.58:324][  0]LogMaterial: Uniform references updated for custom material expression Custom.
[2018.04.24-15.11.58:986][  0]SourceControl: El control de código fuente está desactivado
[2018.04.24-15.12.00:932][  0]LogAndroidPermission: UAndroidPermissionCallbackProxy::GetInstance
[2018.04.24-15.12.01:389][  0]LogOcInput: OculusInput pre-init called
[2018.04.24-15.12.01:822][  0]LogEngine: Initializing Engine...
[2018.04.24-15.12.01:824][  0]LogHMD: Failed to initialize OpenVR with code 110
[2018.04.24-15.12.02:016][  0]LogStats: UGameplayTagsManager::ConstructGameplayTagTree: Construct from data asset -  0.000 s
[2018.04.24-15.12.02:016][  0]LogStats: UGameplayTagsManager::ConstructGameplayTagTree: GameplayTagTreeChangedEvent.Broadcast -  0.000 s
[2018.04.24-15.12.02:250][  0]LogAIModule: Creating AISystem for world Untitled
[2018.04.24-15.12.02:259][  0]LogInit: XAudio2 using 'Altavoces (Realtek High Definition Audio)' : 2 channels at 48 kHz using 32 bits per sample (channel mask 0x3)
[2018.04.24-15.12.02:287][  0]LogInit: FAudioDevice initialized.
[2018.04.24-15.12.02:422][  0]LogDerivedDataCache: Saved boot cache 0.13s 78MB C:/Users/Dell/AppData/Local/UnrealEngine/4.18/DerivedDataCache/Boot.ddc.
[2018.04.24-15.12.02:432][  0]LogInit: Texture streaming: Enabled
[2018.04.24-15.12.02:604][  0]LogEngineSessionManager: EngineSessionManager initialized
[2018.04.24-15.12.02:604][  0]LogEngineSessionManager: EngineSessionManager sent abnormal shutdown report. Type=Crashed, SessionId={A1EDCAF6-4F0C-9F93-4E07-6E9FF9F38184}
[2018.04.24-15.12.02:834][  0]LogInit: Transaction tracking system initialized
[2018.04.24-15.12.03:405][  0]BlueprintLog: New page: Cargar el editor
[2018.04.24-15.12.04:979][  0]LocalizationService: Localization service is disabled
[2018.04.24-15.12.06:222][  0]LogConsoleResponse: Display: 
[2018.04.24-15.12.06:421][  0]LogCook: Display: Max memory allowance for cook 16384mb min free memory 0mb
[2018.04.24-15.12.06:421][  0]LogCook: Display: Mobile HDR setting 1
[2018.04.24-15.12.06:421][  0]LogGameplayTags: Display: UGameplayTagsManager::DoneAddingNativeTags. DelegateIsBound: 0
[2018.04.24-15.12.07:468][  0]LogFileCache: Scanning file cache for directory 'D:/Git/Pacto_de_HonoRPG/Codigo/Content/' took 0.06s
[2018.04.24-15.12.08:399][  0]Cmd: MAP LOAD FILE="D:/Git/Pacto_de_HonoRPG/Codigo/Content/MenuPrincipal/Main.umap" TEMPLATE=0 SHOWPROGRESS=1 FEATURELEVEL=3
[2018.04.24-15.12.08:399][  0]LightingResults: New page: Diseñar la iluminación
[2018.04.24-15.12.08:466][  0]MapCheck: New page: Revisión del mapa
[2018.04.24-15.12.08:466][  0]LightingResults: New page: Diseñar la iluminación
[2018.04.24-15.12.08:516][  0]LogBlueprint: Warning: [Compiler Base_H_Blueprint] Acción desconocida de referencias del evento InputAction 'Ataque1' para  InputAction Ataque1
[2018.04.24-15.12.08:517][  0]LogBlueprint: Warning: [Compiler Base_H_Blueprint] Acción desconocida de referencias del evento InputAction 'Ataque2' para  InputAction Ataque2
[2018.04.24-15.12.08:522][  0]LogBlueprint: Warning: [Compiler Base_H_Blueprint] [0024,95] Compile of Base_H_Blueprint successful, but with 2 Warning(s) [in 11 ms] (/Game/Heroes/Base/Base_H_Blueprint.Base_H_Blueprint)
[2018.04.24-15.12.08:807][  0]LogAIModule: Creating AISystem for world Main
[2018.04.24-15.12.08:808][  0]LogEditorServer: Finished looking for orphan Actors (0.000 secs)
[2018.04.24-15.12.08:816][  0]Cmd: MAP CHECKDEP NOCLEARLOG
[2018.04.24-15.12.08:906][  0]MapCheck: Map check complete: 0 Error(s), 0 Warning(s), took 89,681ms to complete.
[2018.04.24-15.12.08:906][  0]LogFileHelpers: Loading map 'Main' took 0.508
[2018.04.24-15.12.09:063][  0]LogCollectionManager: Loaded 0 collections in 0.002063 seconds
[2018.04.24-15.12.09:169][  0]LogFileCache: Scanning file cache for directory 'D:/Git/Pacto_de_HonoRPG/Codigo/Saved/Collections/' took 0.01s
[2018.04.24-15.12.09:169][  0]LogFileCache: Scanning file cache for directory 'D:/Git/Pacto_de_HonoRPG/Codigo/Content/Developers/Dell/Collections/' took 0.01s
[2018.04.24-15.12.09:169][  0]LogFileCache: Scanning file cache for directory 'D:/Git/Pacto_de_HonoRPG/Codigo/Content/Collections/' took 0.01s
[2018.04.24-15.12.09:169][  0]LogCollectionManager: Rebuilt the GUID cache for 0 collections in 0.000000 seconds
[2018.04.24-15.12.09:176][  0]LogContentBrowser: Native class hierarchy populated in 0.0070 seconds. Added 2370 classes and 529 folders.
[2018.04.24-15.12.09:294][  0]LogContentBrowser: Native class hierarchy updated for 'WidgetCarousel' in 0.0005 seconds. Added 0 classes and 0 folders.
[2018.04.24-15.12.09:342][  0]LogContentBrowser: Native class hierarchy updated for 'AddContentDialog' in 0.0004 seconds. Added 0 classes and 0 folders.
[2018.04.24-15.12.09:418][  0]LogContentBrowser: Native class hierarchy updated for 'SceneOutliner' in 0.0004 seconds. Added 1 classes and 2 folders.
[2018.04.24-15.12.09:467][  0]LogSlate: Took 0.000246 seconds to synchronously load lazily loaded font '../../../Engine/Content/Slate/Fonts/Roboto-Regular.ttf' (155K)
[2018.04.24-15.12.09:470][  0]LogSlate: Took 0.000679 seconds to synchronously load lazily loaded font '../../../Engine/Content/Slate/Fonts/Roboto-Bold.ttf' (160K)
[2018.04.24-15.12.09:476][  0]LogSlate: Took 0.000672 seconds to synchronously load lazily loaded font '../../../Engine/Content/Editor/Slate/Fonts/FontAwesome.ttf' (139K)
[2018.04.24-15.12.09:573][  0]LogRenderer: Reallocating scene render targets to support 1208x576 Format 10 NumSamples 1 (Frame:1).
[2018.04.24-15.12.09:825][  0]LogContentBrowser: Native class hierarchy updated for 'HierarchicalLODOutliner' in 0.0005 seconds. Added 1 classes and 2 folders.
[2018.04.24-15.12.09:825][  0]LogLoad: (Engine Initialization) Total time: 26.25 seconds
[2018.04.24-15.12.09:825][  0]LogLoad: (Engine Initialization) Total Blueprint compile time: 0.00 seconds
[2018.04.24-15.12.09:825][  0]LogExternalProfiler: No external profilers were discovered.  External profiling features will not be available.
[2018.04.24-15.12.10:181][  0]SourceControl: On branch Camilo
[2018.04.24-15.12.10:181][  0]SourceControl: Your branch is up to date with 'origin/Camilo'.
[2018.04.24-15.12.10:181][  0]SourceControl: Changes to be committed:
[2018.04.24-15.12.10:181][  0]SourceControl:   (use "git reset HEAD <file>..." to unstage)
[2018.04.24-15.12.10:181][  0]SourceControl: 	deleted:    Codigo/Config/parcial22.PNG
[2018.04.24-15.12.10:181][  0]SourceControl: 	new file:   Codigo/Content/Imagenes/Menulogin.uasset
[2018.04.24-15.12.10:181][  0]SourceControl: 	new file:   Codigo/Content/Imagenes/Mona.uasset
[2018.04.24-15.12.10:181][  0]SourceControl: 	new file:   Codigo/Content/Imagenes/mono.uasset
[2018.04.24-15.12.10:181][  0]SourceControl: 	modified:   Codigo/Content/MenuPrincipal/EntarMundo/Menu_Login.uasset
[2018.04.24-15.12.10:181][  0]SourceControl: 	modified:   Codigo/Content/MenuPrincipal/Login/Login.uasset
[2018.04.24-15.12.10:181][  0]SourceControl: 	modified:   Codigo/Content/MenuPrincipal/Main.umap
[2018.04.24-15.12.10:181][  0]SourceControl: 	new file:   Codigo/Content/NPCs/Vampiro/IdleSentado_Vampiro.uasset
[2018.04.24-15.12.10:181][  0]SourceControl: 	new file:   Codigo/Content/NPCs/Vampiro/Idle_Vampiro.uasset
[2018.04.24-15.12.10:181][  0]SourceControl: 	modified:   Codigo/Content/NPCs/Vampiro/Levantando_Vampiro.uasset
[2018.04.24-15.12.10:181][  0]SourceControl: 	deleted:    Codigo/Content/NPCs/Vampiro/Levantando_Vampiro_Anim_Montage.uasset
[2018.04.24-15.12.10:181][  0]SourceControl: 	new file:   Codigo/Content/NPCs/Vampiro/Levantandose_1D.uasset
[2018.04.24-15.12.10:181][  0]SourceControl: 	new file:   Codigo/Content/NPCs/Vampiro/Levantandose_Vampiro.uasset
[2018.04.24-15.12.10:181][  0]SourceControl: 	deleted:    Codigo/Content/NPCs/Vampiro/Sentado_1D.uasset
[2018.04.24-15.12.10:181][  0]SourceControl: 	modified:   Codigo/Content/NPCs/Vampiro/Sentado_Vampiro_Anim.uasset
[2018.04.24-15.12.10:181][  0]SourceControl: 	new file:   Codigo/Content/NPCs/Vampiro/Sentandose_Vampiro.uasset
[2018.04.24-15.12.10:181][  0]SourceControl: 	new file:   Codigo/Content/NPCs/Vampiro/Vampiro.uasset
[2018.04.24-15.12.10:181][  0]SourceControl: 	modified:   Codigo/Content/NPCs/Vampiro/VampiroAnimBlueprint.uasset
[2018.04.24-15.12.10:181][  0]SourceControl: 	new file:   Codigo/Content/NPCs/Vampiro/VampiroAnimacionBlueprint.uasset
[2018.04.24-15.12.10:181][  0]SourceControl: 	new file:   Codigo/Content/NPCs/Vampiro/Vampiro_blueprint.uasset
[2018.04.24-15.12.10:181][  0]SourceControl: Changes not staged for commit:
[2018.04.24-15.12.10:181][  0]SourceControl:   (use "git add <file>..." to update what will be committed)
[2018.04.24-15.12.10:181][  0]SourceControl:   (use "git checkout -- <file>..." to discard changes in working directory)
[2018.04.24-15.12.10:181][  0]SourceControl: 	modified:   Codigo/Content/Heroes/Heroe.uasset
[2018.04.24-15.12.10:181][  0]SourceControl: 	modified:   Codigo/Content/Imagenes/CrearPj.uasset
[2018.04.24-15.12.10:182][  0]SourceControl: 	modified:   Codigo/Content/Imagenes/Crearpj.uasset
[2018.04.24-15.12.10:182][  0]SourceControl: 	modified:   Codigo/Content/MenuPrincipal/Login/InstanciasIniciales.uasset
[2018.04.24-15.12.10:182][  0]SourceControl: 	modified:   Codigo/Content/NPCs/Vampiro/IdleSentado_Vampiro.uasset
[2018.04.24-15.12.10:182][  0]SourceControl: 	modified:   Codigo/Content/NPCs/Vampiro/Idle_Vampiro.uasset
[2018.04.24-15.12.10:182][  0]SourceControl: 	modified:   Codigo/Content/NPCs/Vampiro/Levantandose_Vampiro.uasset
[2018.04.24-15.12.10:182][  0]SourceControl: 	modified:   Codigo/Content/NPCs/Vampiro/Sentandose_Vampiro.uasset
[2018.04.24-15.12.10:182][  0]SourceControl: 	modified:   Codigo/Content/ThirdPerson/ThirdPersonBP/ThirdPersonExampleMap.umap
[2018.04.24-15.12.10:182][  0]SourceControl: 	modified:   Codigo/Content/ThirdPerson/ThirdPersonBP/ThirdPersonExampleMap_BuiltData.uasset
[2018.04.24-15.12.10:182][  0]SourceControl: 	modified:   Codigo/Content/ThirdPersonBPModel/Maps/ThirdPersonBP/Maps/ThirdPersonExampleMapModel.umap
[2018.04.24-15.12.10:182][  0]SourceControl: Untracked files:
[2018.04.24-15.12.10:182][  0]SourceControl:   (use "git add <file>..." to include in what will be committed)
[2018.04.24-15.12.10:182][  0]SourceControl: 	Codigo/Content/AssetsDD/
[2018.04.24-15.12.10:182][  0]LogContentStreaming: Texture pool size now 1000 MB
[2018.04.24-15.12.10:216][  0]LogSlate: Took 0.000500 seconds to synchronously load lazily loaded font '../../../Engine/Content/Slate/Fonts/Roboto-Light.ttf' (159K)
[2018.04.24-15.12.11:510][  4]LogAssetRegistry: Asset discovery search completed in 19.1546 seconds
[2018.04.24-15.12.11:518][  4]LogCollectionManager: Rebuilt the object cache for 0 collections in 0.000000 seconds (found 0 objects)
[2018.04.24-15.12.11:518][  4]LogCollectionManager: Fixed up redirectors for 0 collections in 0.000042 seconds (updated 0 objects)
[2018.04.24-15.12.18:977][667]LogSlate: Took 0.000131 seconds to synchronously load lazily loaded font '../../../Engine/Content/Slate/Fonts/Roboto-Light.ttf' (159K)
[2018.04.24-15.12.19:344][667]LogBlueprint: Warning: [Compiler Base_M_Blueprint] Acción desconocida de referencias del evento InputAction 'Ataque1' para  InputAction Ataque1
[2018.04.24-15.12.19:344][667]LogBlueprint: Warning: [Compiler Base_M_Blueprint] Acción desconocida de referencias del evento InputAction 'Ataque2' para  InputAction Ataque2
[2018.04.24-15.12.19:390][667]LogBlueprint: Warning: [Compiler Tigre_Blueprint] Acción desconocida de referencias del evento InputAction 'Ataque1' para  InputAction Ataque1
[2018.04.24-15.12.19:391][667]LogBlueprint: Warning: [Compiler Tigre_Blueprint] Acción desconocida de referencias del evento InputAction 'Ataque2' para  InputAction Ataque2
[2018.04.24-15.12.19:474][667]LogBlueprint: Warning: [Compiler Base_M_Blueprint] [0035,90] Compile of Base_M_Blueprint successful, but with 2 Warning(s) [in 215 ms] (/Game/Heroes/Base/Base_M_Blueprint.Base_M_Blueprint)
[2018.04.24-15.12.19:474][667]LogBlueprint: Warning: [Compiler Tigre_Blueprint] [0035,90] Compile of Tigre_Blueprint successful, but with 2 Warning(s) [in 215 ms] (/Game/Heroes/Tigre/Tigre_Blueprint.Tigre_Blueprint)
[2018.04.24-15.12.19:931][667]LogSlate: Took 0.000214 seconds to synchronously load lazily loaded font '../../../Engine/Content/Slate/Fonts/Roboto-Regular.ttf' (155K)
[2018.04.24-15.12.20:537][667]LogAIModule: Creating AISystem for world ThirdPersonExampleMap
[2018.04.24-15.12.20:620][667]Cmd: MAP LOAD FILE="D:/Git/Pacto_de_HonoRPG/Codigo/Content/ThirdPerson/ThirdPersonBP/ThirdPersonExampleMap.umap" TEMPLATE=0 SHOWPROGRESS=1 FEATURELEVEL=3
[2018.04.24-15.12.20:620][667]LightingResults: New page: Diseñar la iluminación
[2018.04.24-15.12.20:620][667]LoadErrors: New page: Cargando mapa: ThirdPersonExampleMap.umap
[2018.04.24-15.12.20:621][667]MapCheck: New page: Revisión del mapa
[2018.04.24-15.12.20:621][667]LightingResults: New page: Diseñar la iluminación
[2018.04.24-15.12.20:650][667]LogEditorServer: Finished looking for orphan Actors (0.000 secs)
[2018.04.24-15.12.20:681][667]Cmd: MAP CHECKDEP NOCLEARLOG
[2018.04.24-15.12.20:795][667]MapCheck: Map check complete: 0 Error(s), 0 Warning(s), took 113,151ms to complete.
[2018.04.24-15.12.20:795][667]LogFileHelpers: Loading map 'ThirdPersonExampleMap' took 0.176
[2018.04.24-15.12.22:971][917]LogEditorViewport: Clicking on Actor (LMB): StaticMeshActor (trn_ChairSimple)
[2018.04.24-15.12.29:446][494]LogSavePackage: Save=1313.56ms
[2018.04.24-15.12.29:446][494]LogSavePackage: Moving 'D:/Git/Pacto_de_HonoRPG/Codigo/Saved/ThirdPersonExampleMap9D5FC6134F32B48E9CF2BCA623EFF2EE.tmp' to 'D:/Git/Pacto_de_HonoRPG/Codigo/Content/ThirdPerson/ThirdPersonBP/ThirdPersonExampleMap.umap'
[2018.04.24-15.12.29:450][494]LogSavePackage: Display: Finished SavePackage D:/Git/Pacto_de_HonoRPG/Codigo/Content/ThirdPerson/ThirdPersonBP/ThirdPersonExampleMap.umap
[2018.04.24-15.12.29:468][494]LogFileHelpers: Saving map 'ThirdPersonExampleMap' took 1.457
[2018.04.24-15.12.30:538][613]LogWindowsTextInputMethodSystem: Display: IME system now deactivated.
[2018.04.24-15.12.30:700][614]Cmd: QUIT_EDITOR
[2018.04.24-15.12.30:732][614]LogExit: Preparing to exit.
[2018.04.24-15.12.31:303][614]LogExit: Editor shut down
[2018.04.24-15.12.31:306][614]LogExit: Transaction tracking system shut down
[2018.04.24-15.12.31:519][614]LogDirectoryWatcher: A directory notification for '../../../Engine/Content/' was aborted.
[2018.04.24-15.12.31:519][614]LogDirectoryWatcher: A directory notification for 'D:/Git/Pacto_de_HonoRPG/Codigo/Content/' was aborted.
[2018.04.24-15.12.31:520][614]LogDirectoryWatcher: A directory notification for '../../../Engine/Plugins/2D/Paper2D/Content/' was aborted.
[2018.04.24-15.12.31:520][614]LogDirectoryWatcher: A directory notification for '../../../Engine/Plugins/Media/MediaCompositing/Content/' was aborted.
[2018.04.24-15.12.31:520][614]LogDirectoryWatcher: A directory notification for '../../../Engine/Plugins/MySQL/Content/' was aborted.
[2018.04.24-15.12.31:520][614]LogDirectoryWatcher: A directory notification for '../../../Engine/Plugins/Runtime/AppleARKit/Content/' was aborted.
[2018.04.24-15.12.31:520][614]LogDirectoryWatcher: A directory notification for '../../../Engine/Plugins/Runtime/Oculus/OculusVR/Content/' was aborted.
[2018.04.24-15.12.31:520][614]LogDirectoryWatcher: A directory notification for '../../../Engine/Plugins/Runtime/Steam/SteamVR/Content/' was aborted.
[2018.04.24-15.12.31:611][614]LogExit: Object subsystem successfully closed.
[2018.04.24-15.12.31:717][614]LogD3D11RHI: Shutdown
[2018.04.24-15.12.31:718][614]LogD3D11RHI: CleanupD3DDevice
[2018.04.24-15.12.31:751][614]LogD3D11RHI: ~FD3D11DynamicRHI
[2018.04.24-15.12.31:814][614]LogModuleManager: Shutting down and abandoning module HierarchicalLODOutliner (556)
[2018.04.24-15.12.31:814][614]LogModuleManager: Shutting down and abandoning module DesktopPlatform (554)
[2018.04.24-15.12.31:814][614]LogModuleManager: Shutting down and abandoning module SceneOutliner (552)
[2018.04.24-15.12.31:814][614]LogModuleManager: Shutting down and abandoning module AddContentDialog (550)
[2018.04.24-15.12.31:815][614]LogDirectoryWatcher: A directory notification for 'C:/Program Files/Epic Games/UE_4.18/FeaturePacks/' was aborted.
[2018.04.24-15.12.31:816][614]LogModuleManager: Shutting down and abandoning module WidgetCarousel (549)
[2018.04.24-15.12.31:816][614]LogModuleManager: Shutting down and abandoning module EditorWidgets (546)
[2018.04.24-15.12.31:816][614]LogModuleManager: Shutting down and abandoning module CollectionManager (544)
[2018.04.24-15.12.31:817][614]LogDirectoryWatcher: A directory notification for 'D:/Git/Pacto_de_HonoRPG/Codigo/Content/Collections/' was aborted.
[2018.04.24-15.12.31:817][614]LogDirectoryWatcher: A directory notification for 'D:/Git/Pacto_de_HonoRPG/Codigo/Content/Developers/Dell/Collections/' was aborted.
[2018.04.24-15.12.31:817][614]LogDirectoryWatcher: A directory notification for 'D:/Git/Pacto_de_HonoRPG/Codigo/Saved/Collections/' was aborted.
[2018.04.24-15.12.31:817][614]LogModuleManager: Shutting down and abandoning module StatsViewer (542)
[2018.04.24-15.12.31:818][614]LogModuleManager: Shutting down and abandoning module FoliageEdit (540)
[2018.04.24-15.12.31:818][614]LogModuleManager: Shutting down and abandoning module LandscapeEditor (538)
[2018.04.24-15.12.31:819][614]LogModuleManager: Shutting down and abandoning module MeshPaintMode (536)
[2018.04.24-15.12.31:820][614]LogModuleManager: Shutting down and abandoning module SceneDepthPickerMode (534)
[2018.04.24-15.12.31:820][614]LogModuleManager: Shutting down and abandoning module ActorPickerMode (532)
[2018.04.24-15.12.31:820][614]LogModuleManager: Shutting down and abandoning module GeometryMode (530)
[2018.04.24-15.12.31:820][614]LogModuleManager: Shutting down and abandoning module TextureAlignMode (528)
[2018.04.24-15.12.31:820][614]LogModuleManager: Shutting down and abandoning module BspMode (526)
[2018.04.24-15.12.31:820][614]LogModuleManager: Shutting down and abandoning module PIEPreviewDeviceProfileSelector (524)
[2018.04.24-15.12.31:820][614]LogModuleManager: Shutting down and abandoning module HardwareSurvey (522)
[2018.04.24-15.12.31:820][614]LogModuleManager: Shutting down and abandoning module SequenceRecorderSections (520)
[2018.04.24-15.12.31:820][614]LogModuleManager: Shutting down and abandoning module AutomationWorker (518)
[2018.04.24-15.12.31:820][614]LogModuleManager: Shutting down and abandoning module MatineeToLevelSequence (516)
[2018.04.24-15.12.31:821][614]LogModuleManager: Shutting down and abandoning module LevelSequenceEditor (514)
[2018.04.24-15.12.31:823][614]LogModuleManager: Shutting down and abandoning module PlacementMode (513)
[2018.04.24-15.12.31:823][614]LogModuleManager: Shutting down and abandoning module WmfMediaFactory (510)
[2018.04.24-15.12.31:823][614]LogModuleManager: Shutting down and abandoning module WmfMediaEditor (508)
[2018.04.24-15.12.31:823][614]LogModuleManager: Shutting down and abandoning module OpenExrWrapper (506)
[2018.04.24-15.12.31:823][614]LogModuleManager: Shutting down and abandoning module ImgMediaFactory (504)
[2018.04.24-15.12.31:823][614]LogModuleManager: Shutting down and abandoning module ImgMediaEditor (502)
[2018.04.24-15.12.31:823][614]LogModuleManager: Shutting down and abandoning module AvfMediaFactory (500)
[2018.04.24-15.12.31:823][614]LogModuleManager: Shutting down and abandoning module AvfMediaEditor (498)
[2018.04.24-15.12.31:823][614]LogModuleManager: Shutting down and abandoning module AndroidMediaFactory (496)
[2018.04.24-15.12.31:823][614]LogModuleManager: Shutting down and abandoning module AndroidMediaEditor (494)
[2018.04.24-15.12.31:823][614]LogModuleManager: Shutting down and abandoning module CharacterAI (492)
[2018.04.24-15.12.31:823][614]LogModuleManager: Shutting down and abandoning module AudioCapture (490)
[2018.04.24-15.12.31:823][614]LogModuleManager: Shutting down and abandoning module SequenceRecorder (489)
[2018.04.24-15.12.31:823][614]LogModuleManager: Shutting down and abandoning module SmartSnapping (486)
[2018.04.24-15.12.31:823][614]LogModuleManager: Shutting down and abandoning module SessionServices (484)
[2018.04.24-15.12.31:823][614]LogModuleManager: Shutting down and abandoning module ViewportSnapping (482)
[2018.04.24-15.12.31:823][614]LogModuleManager: Shutting down and abandoning module ViewportInteraction (480)
[2018.04.24-15.12.31:823][614]LogModuleManager: Shutting down and abandoning module ClothPainter (478)
[2018.04.24-15.12.31:824][614]LogModuleManager: Shutting down and abandoning module SkeletalMeshEditor (477)
[2018.04.24-15.12.31:826][614]LogModuleManager: Shutting down and abandoning module LogVisualizer (474)
[2018.04.24-15.12.31:827][614]LogModuleManager: Shutting down and abandoning module IntroTutorials (472)
[2018.04.24-15.12.31:829][614]LogModuleManager: Shutting down and abandoning module GameProjectGeneration (471)
[2018.04.24-15.12.31:830][614]LogModuleManager: Shutting down and abandoning module IOSPlatformEditor (468)
[2018.04.24-15.12.31:830][614]LogModuleManager: Shutting down and abandoning module HTML5PlatformEditor (466)
[2018.04.24-15.12.31:830][614]LogModuleManager: Shutting down and abandoning module AndroidPlatformEditor (464)
[2018.04.24-15.12.31:830][614]LogModuleManager: Shutting down and abandoning module AndroidDeviceDetection (463)
[2018.04.24-15.12.32:630][614]LogModuleManager: Shutting down and abandoning module WindowsPlatformEditor (460)
[2018.04.24-15.12.32:630][614]LogModuleManager: Shutting down and abandoning module IOSRuntimeSettings (458)
[2018.04.24-15.12.32:630][614]LogModuleManager: Shutting down and abandoning module AndroidRuntimeSettings (456)
[2018.04.24-15.12.32:630][614]LogModuleManager: Shutting down and abandoning module InputBindingEditor (454)
[2018.04.24-15.12.32:630][614]LogModuleManager: Shutting down and abandoning module MergeActors (452)
[2018.04.24-15.12.32:631][614]LogModuleManager: Shutting down and abandoning module SizeMap (450)
[2018.04.24-15.12.32:631][614]LogModuleManager: Shutting down and abandoning module TreeMap (448)
[2018.04.24-15.12.32:632][614]LogModuleManager: Shutting down and abandoning module ReferenceViewer (446)
[2018.04.24-15.12.32:632][614]LogModuleManager: Shutting down and abandoning module LocalizationDashboard (444)
[2018.04.24-15.12.32:633][614]LogModuleManager: Shutting down and abandoning module LocalizationService (443)
[2018.04.24-15.12.32:633][614]LogModuleManager: Shutting down and abandoning module HardwareTargeting (440)
[2018.04.24-15.12.32:633][614]LogModuleManager: Shutting down and abandoning module DeviceProfileEditor (438)
[2018.04.24-15.12.32:633][614]LogModuleManager: Shutting down and abandoning module UndoHistory (436)
[2018.04.24-15.12.32:633][614]LogModuleManager: Shutting down and abandoning module XmlParser (434)
[2018.04.24-15.12.32:633][614]LogModuleManager: Shutting down and abandoning module Blutility (432)
[2018.04.24-15.12.32:633][614]LogModuleManager: Shutting down and abandoning module ProjectSettingsViewer (430)
[2018.04.24-15.12.32:633][614]LogModuleManager: Shutting down and abandoning module ProjectTargetPlatformEditor (429)
[2018.04.24-15.12.32:634][614]LogModuleManager: Shutting down and abandoning module EditorSettingsViewer (426)
[2018.04.24-15.12.32:634][614]LogModuleManager: Shutting down and abandoning module SettingsEditor (424)
[2018.04.24-15.12.32:634][614]LogModuleManager: Shutting down and abandoning module ProjectLauncher (422)
[2018.04.24-15.12.32:635][614]LogModuleManager: Shutting down and abandoning module SessionFrontend (420)
[2018.04.24-15.12.32:636][614]LogModuleManager: Shutting down and abandoning module ProfilerClient (418)
[2018.04.24-15.12.32:636][614]LogModuleManager: Shutting down and abandoning module DeviceManager (416)
[2018.04.24-15.12.32:637][614]LogModuleManager: Shutting down and abandoning module TargetDeviceServices (415)
[2018.04.24-15.12.32:690][614]LogModuleManager: Shutting down and abandoning module AutomationController (412)
[2018.04.24-15.12.32:690][614]LogModuleManager: Shutting down and abandoning module AutomationWindow (410)
[2018.04.24-15.12.32:692][614]LogModuleManager: Shutting down and abandoning module Layers (408)
[2018.04.24-15.12.32:694][614]LogModuleManager: Shutting down and abandoning module ComponentVisualizers (406)
[2018.04.24-15.12.32:694][614]LogModuleManager: Shutting down and abandoning module DetailCustomizations (404)
[2018.04.24-15.12.32:694][614]LogModuleManager: Shutting down and abandoning module PackagesDialog (402)
[2018.04.24-15.12.32:694][614]LogModuleManager: Shutting down and abandoning module Persona (400)
[2018.04.24-15.12.32:695][614]LogModuleManager: Shutting down and abandoning module AdvancedPreviewScene (399)
[2018.04.24-15.12.32:695][614]LogModuleManager: Shutting down and abandoning module AnimGraph (397)
[2018.04.24-15.12.32:695][614]LogModuleManager: Shutting down and abandoning module Kismet (394)
[2018.04.24-15.12.32:698][614]LogModuleManager: Shutting down and abandoning module ClassViewer (392)
[2018.04.24-15.12.32:698][614]LogModuleManager: Shutting down and abandoning module Toolbox (390)
[2018.04.24-15.12.32:698][614]LogModuleManager: Shutting down and abandoning module ModuleUI (388)
[2018.04.24-15.12.32:698][614]LogModuleManager: Shutting down and abandoning module MovieSceneTools (386)
[2018.04.24-15.12.32:699][614]LogModuleManager: Shutting down and abandoning module OutputLog (384)
[2018.04.24-15.12.32:700][614]LogModuleManager: Shutting down and abandoning module GammaUI (382)
[2018.04.24-15.12.32:700][614]LogModuleManager: Shutting down and abandoning module Documentation (380)
[2018.04.24-15.12.32:700][614]LogModuleManager: Shutting down and abandoning module MovieSceneTracks (378)
[2018.04.24-15.12.32:700][614]LogModuleManager: Shutting down and abandoning module MovieScene (376)
[2018.04.24-15.12.32:700][614]LogModuleManager: Shutting down and abandoning module StreamingPauseRendering (374)
[2018.04.24-15.12.32:700][614]LogModuleManager: Shutting down and abandoning module LauncherPlatform (372)
[2018.04.24-15.12.32:700][614]LogModuleManager: Shutting down and abandoning module AnalyticsET (370)
[2018.04.24-15.12.32:700][614]LogModuleManager: Shutting down and abandoning module PortalServices (368)
[2018.04.24-15.12.32:700][614]LogModuleManager: Shutting down and abandoning module PortalRpc (366)
[2018.04.24-15.12.32:700][614]LogModuleManager: Shutting down and abandoning module MessagingRpc (364)
[2018.04.24-15.12.32:701][614]LogModuleManager: Shutting down and abandoning module AIModule (362)
[2018.04.24-15.12.32:701][614]LogModuleManager: Shutting down and abandoning module GameplayDebugger (361)
[2018.04.24-15.12.32:701][614]LogModuleManager: Shutting down and abandoning module AITestSuite (359)
[2018.04.24-15.12.32:701][614]LogModuleManager: Shutting down and abandoning module ProfilerService (356)
[2018.04.24-15.12.32:810][614]LogModuleManager: Shutting down and abandoning module TaskGraph (354)
[2018.04.24-15.12.32:811][614]LogModuleManager: Shutting down and abandoning module SteamVRController (352)
[2018.04.24-15.12.32:811][614]LogModuleManager: Shutting down and abandoning module ProceduralMeshComponentEditor (350)
[2018.04.24-15.12.32:811][614]LogModuleManager: Shutting down and abandoning module ProceduralMeshComponent (348)
[2018.04.24-15.12.32:811][614]LogModuleManager: Shutting down and abandoning module OculusInput (346)
[2018.04.24-15.12.32:811][614]LogModuleManager: Shutting down and abandoning module MobilePatchingUtils (344)
[2018.04.24-15.12.32:811][614]LogModuleManager: Shutting down and abandoning module CustomMeshComponent (342)
[2018.04.24-15.12.32:811][614]LogModuleManager: Shutting down and abandoning module CableComponent (340)
[2018.04.24-15.12.32:811][614]LogModuleManager: Shutting down and abandoning module ArchVisCharacter (338)
[2018.04.24-15.12.32:811][614]LogModuleManager: Shutting down and abandoning module AndroidPermission (336)
[2018.04.24-15.12.32:811][614]LogModuleManager: Shutting down and abandoning module MySQL (332)
[2018.04.24-15.12.32:811][614]LogModuleManager: Shutting down and abandoning module ActorSequence (330)
[2018.04.24-15.12.32:811][614]LogModuleManager: Shutting down and abandoning module MediaPlayerEditor (328)
[2018.04.24-15.12.32:814][614]LogModuleManager: Shutting down and abandoning module MediaCompositingEditor (326)
[2018.04.24-15.12.32:814][614]LogModuleManager: Shutting down and abandoning module MediaCompositing (324)
[2018.04.24-15.12.32:814][614]LogModuleManager: Shutting down and abandoning module VaRestEditorPlugin (322)
[2018.04.24-15.12.32:814][614]LogModuleManager: Shutting down and abandoning module HTML5Networking (320)
[2018.04.24-15.12.32:814][614]LogModuleManager: Shutting down and abandoning module AlembicImporter (318)
[2018.04.24-15.12.32:814][614]LogModuleManager: Shutting down and abandoning module AlembicLibrary (317)
[2018.04.24-15.12.32:814][614]LogModuleManager: Shutting down and abandoning module GeometryCache (316)
[2018.04.24-15.12.32:815][614]LogModuleManager: Shutting down and abandoning module GeometryCacheEd (315)
[2018.04.24-15.12.32:815][614]LogModuleManager: Shutting down and abandoning module SpeedTreeImporter (310)
[2018.04.24-15.12.32:815][614]LogModuleManager: Shutting down and abandoning module PluginBrowser (308)
[2018.04.24-15.12.32:817][614]LogModuleManager: Shutting down and abandoning module MobileLauncherProfileWizard (306)
[2018.04.24-15.12.32:818][614]LogModuleManager: Shutting down and abandoning module VisualStudioSourceCodeAccess (304)
[2018.04.24-15.12.32:818][614]LogModuleManager: Shutting down and abandoning module VisualStudioCodeSourceCodeAccess (302)
[2018.04.24-15.12.32:818][614]LogModuleManager: Shutting down and abandoning module UObjectPlugin (300)
[2018.04.24-15.12.32:818][614]LogModuleManager: Shutting down and abandoning module SubversionSourceControl (298)
[2018.04.24-15.12.32:819][614]LogModuleManager: Shutting down and abandoning module PerforceSourceControl (296)
[2018.04.24-15.12.32:820][614]LogModuleManager: Shutting down and abandoning module GitSourceControl (294)
[2018.04.24-15.12.32:820][614]LogModuleManager: Shutting down and abandoning module SourceControl (293)
[2018.04.24-15.12.32:820][614]LogModuleManager: Shutting down and abandoning module LightPropagationVolumeEditor (290)
[2018.04.24-15.12.32:820][614]LogModuleManager: Shutting down and abandoning module PaperTiledImporter (288)
[2018.04.24-15.12.32:820][614]LogModuleManager: Shutting down and abandoning module PaperSpriteSheetImporter (286)
[2018.04.24-15.12.32:820][614]LogModuleManager: Shutting down and abandoning module Paper2DEditor (284)
[2018.04.24-15.12.32:821][614]LogModuleManager: Shutting down and abandoning module MeshPaint (283)
[2018.04.24-15.12.32:821][614]LogModuleManager: Shutting down and abandoning module LevelEditor (281)
[2018.04.24-15.12.32:822][614]LogModuleManager: Shutting down and abandoning module PixelInspectorModule (280)
[2018.04.24-15.12.32:823][614]LogModuleManager: Shutting down and abandoning module MainFrame (278)
[2018.04.24-15.12.32:823][614]LogModuleManager: Shutting down and abandoning module HotReload (277)
[2018.04.24-15.12.32:823][614]LogDirectoryWatcher: A directory notification for 'D:/Git/Pacto_de_HonoRPG/Codigo/Binaries/Win64' was aborted.
[2018.04.24-15.12.32:824][614]LogModuleManager: Shutting down and abandoning module Pacto_de_Honor (272)
[2018.04.24-15.12.32:824][614]LogModuleManager: Shutting down and abandoning module RuntimePhysXCooking (270)
[2018.04.24-15.12.32:824][614]LogModuleManager: Shutting down and abandoning module PhysXVehiclesEditor (268)
[2018.04.24-15.12.32:824][614]LogModuleManager: Shutting down and abandoning module PhysXVehicles (266)
[2018.04.24-15.12.32:824][614]LogModuleManager: Shutting down and abandoning module OculusEditor (264)
[2018.04.24-15.12.32:824][614]LogModuleManager: Shutting down and abandoning module LocationServicesBPLibrary (262)
[2018.04.24-15.12.32:824][614]LogModuleManager: Shutting down and abandoning module ImmediatePhysicsEditor (260)
[2018.04.24-15.12.32:824][614]LogModuleManager: Shutting down and abandoning module ImmediatePhysics (258)
[2018.04.24-15.12.32:825][614]LogModuleManager: Shutting down and abandoning module UdpMessaging (256)
[2018.04.24-15.12.32:925][614]LogModuleManager: Shutting down and abandoning module TcpMessaging (254)
[2018.04.24-15.12.33:026][614]LogModuleManager: Shutting down and abandoning module VaRestPlugin (252)
[2018.04.24-15.12.33:026][614]LogModuleManager: Shutting down and abandoning module GameplayTagsEditor (250)
[2018.04.24-15.12.33:027][614]LogModuleManager: Shutting down and abandoning module FacialAnimationEditor (248)
[2018.04.24-15.12.33:027][614]LogModuleManager: Shutting down and abandoning module FacialAnimation (246)
[2018.04.24-15.12.33:027][614]LogModuleManager: Shutting down and abandoning module AssetManagerEditor (244)
[2018.04.24-15.12.33:028][614]LogModuleManager: Shutting down and abandoning module GraphEditor (243)
[2018.04.24-15.12.33:028][614]LogModuleManager: Shutting down and abandoning module ContentBrowser (241)
[2018.04.24-15.12.33:029][614]LogModuleManager: Shutting down and abandoning module LightPropagationVolumeRuntime (238)
[2018.04.24-15.12.33:029][614]LogModuleManager: Shutting down and abandoning module Paper2D (236)
[2018.04.24-15.12.33:029][614]LogModuleManager: Shutting down and abandoning module WindowsMoviePlayer (234)
[2018.04.24-15.12.33:029][614]LogModuleManager: Shutting down and abandoning module WmfMedia (232)
[2018.04.24-15.12.33:031][614]LogModuleManager: Shutting down and abandoning module ImgMedia (230)
[2018.04.24-15.12.33:031][614]LogModuleManager: Shutting down and abandoning module PacketHandler (228)
[2018.04.24-15.12.33:031][614]LogModuleManager: Shutting down and abandoning module ClothingSystemEditor (226)
[2018.04.24-15.12.33:031][614]LogModuleManager: Shutting down and abandoning module ClothingSystemRuntime (224)
[2018.04.24-15.12.33:032][614]LogModuleManager: Shutting down and abandoning module MediaAssets (222)
[2018.04.24-15.12.33:032][614]LogModuleManager: Shutting down and abandoning module Media (221)
[2018.04.24-15.12.33:038][614]LogModuleManager: Shutting down and abandoning module Overlay (218)
[2018.04.24-15.12.33:038][614]LogModuleManager: Shutting down and abandoning module OverlayEditor (217)
[2018.04.24-15.12.33:038][614]LogModuleManager: Shutting down and abandoning module VREditor (214)
[2018.04.24-15.12.33:039][614]LogModuleManager: Shutting down and abandoning module StringTableEditor (212)
[2018.04.24-15.12.33:040][614]LogModuleManager: Shutting down and abandoning module GameplayTasksEditor (210)
[2018.04.24-15.12.33:040][614]LogModuleManager: Shutting down and abandoning module BehaviorTreeEditor (208)
[2018.04.24-15.12.33:042][614]LogModuleManager: Shutting down and abandoning module FunctionalTesting (206)
[2018.04.24-15.12.33:042][614]LogModuleManager: Shutting down and abandoning module CollisionAnalyzer (204)
[2018.04.24-15.12.33:043][614]LogModuleManager: Shutting down and abandoning module WorkspaceMenuStructure (203)
[2018.04.24-15.12.33:043][614]LogModuleManager: Shutting down and abandoning module UMG (200)
[2018.04.24-15.12.33:043][614]LogModuleManager: Shutting down and abandoning module UMGEditor (199)
[2018.04.24-15.12.33:045][614]LogModuleManager: Shutting down and abandoning module Sequencer (198)
[2018.04.24-15.12.33:047][614]LogModuleManager: Shutting down and abandoning module MessageLog (195)
[2018.04.24-15.12.33:047][614]LogModuleManager: Shutting down and abandoning module SlateReflector (190)
[2018.04.24-15.12.33:050][614]LogModuleManager: Shutting down and abandoning module Slate (188)
[2018.04.24-15.12.33:050][614]LogModuleManager: Shutting down and abandoning module EditorStyle (186)
[2018.04.24-15.12.33:053][614]LogModuleManager: Shutting down and abandoning module MRMesh (184)
[2018.04.24-15.12.33:053][614]LogModuleManager: Shutting down and abandoning module SourceCodeAccess (182)
[2018.04.24-15.12.33:053][614]LogModuleManager: Shutting down and abandoning module HeadMountedDisplay (180)
[2018.04.24-15.12.33:053][614]LogModuleManager: Shutting down and abandoning module XAudio2 (178)
[2018.04.24-15.12.33:053][614]LogModuleManager: Shutting down and abandoning module Networking (176)
[2018.04.24-15.12.33:053][614]LogModuleManager: Shutting down and abandoning module Core (172)
[2018.04.24-15.12.33:053][614]LogModuleManager: Shutting down and abandoning module LevelSequence (168)
[2018.04.24-15.12.33:053][614]LogModuleManager: Shutting down and abandoning module DirectoryWatcher (166)
[2018.04.24-15.12.33:054][614]LogModuleManager: Shutting down and abandoning module KismetCompiler (164)
[2018.04.24-15.12.33:054][614]LogModuleManager: Shutting down and abandoning module MeshUtilities (162)
[2018.04.24-15.12.33:055][614]LogModuleManager: Shutting down and abandoning module MeshMergeUtilities (161)
[2018.04.24-15.12.33:055][614]LogModuleManager: Shutting down and abandoning module MeshReductionInterface (160)
[2018.04.24-15.12.33:055][614]LogModuleManager: Shutting down and abandoning module SimplygonSwarm (159)
[2018.04.24-15.12.33:056][614]LogModuleManager: Shutting down and abandoning module SimplygonMeshReduction (157)
[2018.04.24-15.12.33:056][614]LogModuleManager: Shutting down and abandoning module QuadricMeshReduction (155)
[2018.04.24-15.12.33:056][614]LogModuleManager: Shutting down and abandoning module MaterialBaking (151)
[2018.04.24-15.12.33:056][614]LogModuleManager: Shutting down and abandoning module DerivedDataCache (148)
[2018.04.24-15.12.33:280][614]LogDerivedDataCache: Shutdown
[2018.04.24-15.12.33:280][614]LogModuleManager: Shutting down and abandoning module TargetPlatform (146)
[2018.04.24-15.12.33:280][614]LogModuleManager: Shutting down and abandoning module VulkanShaderFormat (145)
[2018.04.24-15.12.33:280][614]LogModuleManager: Shutting down and abandoning module ShaderFormatVectorVM (143)
[2018.04.24-15.12.33:280][614]LogModuleManager: Shutting down and abandoning module ShaderFormatOpenGL (141)
[2018.04.24-15.12.33:281][614]LogModuleManager: Shutting down and abandoning module ShaderFormatD3D (139)
[2018.04.24-15.12.33:281][614]LogModuleManager: Shutting down and abandoning module MetalShaderFormat (137)
[2018.04.24-15.12.33:282][614]LogModuleManager: Shutting down and abandoning module TextureFormatUncompressed (135)
[2018.04.24-15.12.33:282][614]LogModuleManager: Shutting down and abandoning module TextureFormatPVR (133)
[2018.04.24-15.12.33:282][614]LogModuleManager: Shutting down and abandoning module TextureFormatDXT (131)
[2018.04.24-15.12.33:282][614]LogModuleManager: Shutting down and abandoning module TextureFormatIntelISPCTexComp (129)
[2018.04.24-15.12.33:282][614]LogModuleManager: Shutting down and abandoning module TextureFormatASTC (127)
[2018.04.24-15.12.33:282][614]LogModuleManager: Shutting down and abandoning module ImageWrapper (126)
[2018.04.24-15.12.33:282][614]LogModuleManager: Shutting down and abandoning module TextureFormatAndroid (123)
[2018.04.24-15.12.33:282][614]LogModuleManager: Shutting down and abandoning module AudioFormatOpus (121)
[2018.04.24-15.12.33:282][614]LogModuleManager: Shutting down and abandoning module AudioFormatOgg (119)
[2018.04.24-15.12.33:282][614]LogModuleManager: Shutting down and abandoning module AudioFormatADPCM (117)
[2018.04.24-15.12.33:282][614]LogModuleManager: Shutting down and abandoning module LinuxTargetPlatform (115)
[2018.04.24-15.12.33:282][614]LogModuleManager: Shutting down and abandoning module LinuxServerTargetPlatform (113)
[2018.04.24-15.12.33:282][614]LogModuleManager: Shutting down and abandoning module LinuxNoEditorTargetPlatform (111)
[2018.04.24-15.12.33:282][614]LogModuleManager: Shutting down and abandoning module LinuxClientTargetPlatform (109)
[2018.04.24-15.12.33:282][614]LogModuleManager: Shutting down and abandoning module TVOSTargetPlatform (107)
[2018.04.24-15.12.33:282][614]LogModuleManager: Shutting down and abandoning module Messaging (105)
[2018.04.24-15.12.33:282][614]LogModuleManager: Shutting down and abandoning module IOSTargetPlatform (103)
[2018.04.24-15.12.33:282][614]LogModuleManager: Shutting down and abandoning module HTML5TargetPlatform (101)
[2018.04.24-15.12.33:282][614]LogModuleManager: Shutting down and abandoning module AndroidTargetPlatform (99)
[2018.04.24-15.12.33:282][614]LogModuleManager: Shutting down and abandoning module Android_PVRTCTargetPlatform (97)
[2018.04.24-15.12.33:282][614]LogModuleManager: Shutting down and abandoning module Android_MultiTargetPlatform (95)
[2018.04.24-15.12.33:282][614]LogModuleManager: Shutting down and abandoning module Android_ETC2TargetPlatform (93)
[2018.04.24-15.12.33:282][614]LogModuleManager: Shutting down and abandoning module Android_ETC1TargetPlatform (91)
[2018.04.24-15.12.33:282][614]LogModuleManager: Shutting down and abandoning module Android_DXTTargetPlatform (89)
[2018.04.24-15.12.33:282][614]LogModuleManager: Shutting down and abandoning module Android_ATCTargetPlatform (87)
[2018.04.24-15.12.33:282][614]LogModuleManager: Shutting down and abandoning module Android_ASTCTargetPlatform (85)
[2018.04.24-15.12.33:282][614]LogModuleManager: Shutting down and abandoning module WindowsTargetPlatform (83)
[2018.04.24-15.12.33:282][614]LogModuleManager: Shutting down and abandoning module WindowsServerTargetPlatform (81)
[2018.04.24-15.12.33:282][614]LogModuleManager: Shutting down and abandoning module WindowsNoEditorTargetPlatform (79)
[2018.04.24-15.12.33:282][614]LogModuleManager: Shutting down and abandoning module WindowsClientTargetPlatform (77)
[2018.04.24-15.12.33:282][614]LogModuleManager: Shutting down and abandoning module MacTargetPlatform (75)
[2018.04.24-15.12.33:282][614]LogModuleManager: Shutting down and abandoning module MacServerTargetPlatform (73)
[2018.04.24-15.12.33:282][614]LogModuleManager: Shutting down and abandoning module MacNoEditorTargetPlatform (71)
[2018.04.24-15.12.33:282][614]LogModuleManager: Shutting down and abandoning module MacClientTargetPlatform (69)
[2018.04.24-15.12.33:282][614]LogModuleManager: Shutting down and abandoning module AllDesktopTargetPlatform (67)
[2018.04.24-15.12.33:282][614]LogModuleManager: Shutting down and abandoning module InputCore (64)
[2018.04.24-15.12.33:282][614]LogModuleManager: Shutting down and abandoning module Settings (62)
[2018.04.24-15.12.33:282][614]LogModuleManager: Shutting down and abandoning module PhysXCooking (60)
[2018.04.24-15.12.33:283][614]LogModuleManager: Shutting down and abandoning module SteamVR (58)
[2018.04.24-15.12.33:283][614]LogModuleManager: Shutting down and abandoning module OculusHMD (56)
[2018.04.24-15.12.33:283][614]LogModuleManager: Shutting down and abandoning module ExampleDeviceProfileSelector (54)
[2018.04.24-15.12.33:283][614]LogModuleManager: Shutting down and abandoning module AppleARKit (52)
[2018.04.24-15.12.33:283][614]LogModuleManager: Shutting down and abandoning module AugmentedReality (51)
[2018.04.24-15.12.33:283][614]LogModuleManager: Shutting down and abandoning module OnlineBlueprintSupport (48)
[2018.04.24-15.12.33:283][614]LogModuleManager: Shutting down and abandoning module OnlineSubsystem (44)
[2018.04.24-15.12.33:284][614]LogModuleManager: Shutting down and abandoning module XMPP (43)
[2018.04.24-15.12.33:285][614]LogModuleManager: Shutting down and abandoning module HTTP (41)
[2018.04.24-15.12.33:285][614]LogHttp: Display: Http module shutting down, but needs to wait on 1 outstanding Http requests:
[2018.04.24-15.12.33:285][614]LogHttp: Display: 	verb=[POST] url=[https://datarouter.ol.epicgames.com/datarouter/api/v1/public/data?SessionID=%7B3532CF3C-48C3-7ED8-B8BB-DB83B2D3B6AE%7D&AppID=UEEditor.Rocket.Release&AppVersion=4.18.3-3832480%2B%2B%2BUE4%2BRelease-4.18&UserID=ba76138c434524c30361da8a6da68aee%7Ccdbc87074994474b85570656a3bfb210%7C4b7a0e1a-5efd-4aff-b1f8-2430642e7d04&AppEnvironment=datacollector-binary&UploadType=eteventstream] status=Processing
[2018.04.24-15.12.33:314][614]LogModuleManager: Shutting down and abandoning module SSL (40)
[2018.04.24-15.12.33:316][614]LogModuleManager: Shutting down and abandoning module AnimationModifiers (36)
[2018.04.24-15.12.33:316][614]LogModuleManager: Shutting down and abandoning module PropertyEditor (35)
[2018.04.24-15.12.33:316][614]LogModuleManager: Shutting down and abandoning module AudioEditor (32)
[2018.04.24-15.12.33:318][614]LogModuleManager: Shutting down and abandoning module TextureCompressor (30)
[2018.04.24-15.12.33:318][614]LogModuleManager: Shutting down and abandoning module ShaderCore (28)
[2018.04.24-15.12.33:318][614]LogModuleManager: Shutting down and abandoning module Landscape (26)
[2018.04.24-15.12.33:318][614]LogModuleManager: Shutting down and abandoning module SlateRHIRenderer (24)
[2018.04.24-15.12.33:319][614]LogModuleManager: Shutting down and abandoning module OpenGLDrv (22)
[2018.04.24-15.12.33:320][614]LogModuleManager: Shutting down and abandoning module D3D11RHI (20)
[2018.04.24-15.12.33:320][614]LogModuleManager: Shutting down and abandoning module AnimGraphRuntime (18)
[2018.04.24-15.12.33:321][614]LogModuleManager: Shutting down and abandoning module Renderer (16)
[2018.04.24-15.12.33:321][614]LogModuleManager: Shutting down and abandoning module Engine (14)
[2018.04.24-15.12.33:321][614]LogModuleManager: Shutting down and abandoning module CoreUObject (12)
[2018.04.24-15.12.33:321][614]LogModuleManager: Shutting down and abandoning module NetworkFile (10)
[2018.04.24-15.12.33:321][614]LogModuleManager: Shutting down and abandoning module CookedIterativeFile (8)
[2018.04.24-15.12.33:321][614]LogModuleManager: Shutting down and abandoning module StreamingFile (6)
[2018.04.24-15.12.33:321][614]LogModuleManager: Shutting down and abandoning module SandboxFile (4)
[2018.04.24-15.12.33:321][614]LogModuleManager: Shutting down and abandoning module PakFile (2)
[2018.04.24-15.12.33:324][614]LogExit: Exiting.
[2018.04.24-15.12.33:334][614]Log file closed, 04/24/18 10:12:33
