Log file open, 04/24/18 20:26:36
LogWindows: Failed to load 'aqProf.dll' (GetLastError=126)
LogWindows: File 'aqProf.dll' does not exist
LogWindows: Failed to load 'VSPerf140.dll' (GetLastError=126)
LogWindows: File 'VSPerf140.dll' does not exist
LogWindows: Failed to load 'VtuneApi.dll' (GetLastError=126)
LogWindows: File 'VtuneApi.dll' does not exist
LogWindows: Failed to load 'VtuneApi32e.dll' (GetLastError=126)
LogWindows: File 'VtuneApi32e.dll' does not exist
LogInit: Display: Running engine for game: Pacto_de_Honor
LogPlatformFile: Not using cached read wrapper
LogInit: Display: RandInit(938781401) SRandInit(938781401).
LogInit: Read version file with build ID '3709383'
LogInit: Overriding engine version to CL 3832480, compatible CL 3709383
LogInit: Registered custom module enumerator with build ID '3709383'
LogTaskGraph: Started task graph with 5 named threads and 14 total threads with 3 sets of task threads.
LogStats: Stats thread started at 0.176840
LogD3D11RHI: Aftermath initialized
LogPluginManager: Mounting plugin Paper2D
LogPluginManager: Mounting plugin LightPropagationVolume
LogPluginManager: Mounting plugin CodeLiteSourceCodeAccess
LogPluginManager: Mounting plugin GitSourceControl
LogPluginManager: Mounting plugin KDevelopSourceCodeAccess
LogPluginManager: Mounting plugin NullSourceCodeAccess
LogPluginManager: Mounting plugin PerforceSourceControl
LogPluginManager: Mounting plugin SubversionSourceControl
LogPluginManager: Mounting plugin UObjectPlugin
LogPluginManager: Mounting plugin VisualStudioCodeSourceCodeAccess
LogPluginManager: Mounting plugin VisualStudioSourceCodeAccess
LogPluginManager: Mounting plugin XCodeSourceCodeAccess
LogPluginManager: Mounting plugin AssetManagerEditor
LogPluginManager: Mounting plugin AudioCapture
LogPluginManager: Mounting plugin FacialAnimation
LogPluginManager: Mounting plugin GameplayTagsEditor
LogPluginManager: Mounting plugin MobileLauncherProfileWizard
LogPluginManager: Mounting plugin PluginBrowser
LogPluginManager: Mounting plugin SpeedTreeImporter
LogPluginManager: Mounting plugin AlembicImporter
LogPluginManager: Mounting plugin CharacterAI
LogPluginManager: Mounting plugin HTML5Networking
LogPluginManager: Mounting plugin MySQL
LogPluginManager: Mounting plugin VaRestPlugin
LogPluginManager: Mounting plugin AndroidMedia
LogPluginManager: Mounting plugin AvfMedia
LogPluginManager: Mounting plugin ImgMedia
LogPluginManager: Mounting plugin MediaCompositing
LogPluginManager: Mounting plugin MediaPlayerEditor
LogPluginManager: Mounting plugin WmfMedia
LogPluginManager: Mounting plugin TcpMessaging
LogPluginManager: Mounting plugin UdpMessaging
LogPluginManager: Mounting plugin ActorSequence
LogPluginManager: Mounting plugin LevelSequenceEditor
LogPluginManager: Mounting plugin MatineeToLevelSequence
LogPluginManager: Mounting plugin OnlineSubsystemGooglePlay
LogPluginManager: Mounting plugin OnlineSubsystemIOS
LogPluginManager: Mounting plugin OnlineSubsystem
LogPluginManager: Mounting plugin OnlineSubsystemNull
LogPluginManager: Mounting plugin OnlineSubsystemUtils
LogPluginManager: Mounting plugin AndroidDeviceProfileSelector
LogPluginManager: Mounting plugin AndroidMoviePlayer
LogPluginManager: Mounting plugin AndroidPermission
LogPluginManager: Mounting plugin AppleARKit
LogPluginManager: Mounting plugin AppleMoviePlayer
LogPluginManager: Mounting plugin ArchVisCharacter
LogPluginManager: Mounting plugin CableComponent
LogPluginManager: Mounting plugin CustomMeshComponent
LogPluginManager: Mounting plugin ExampleDeviceProfileSelector
LogPluginManager: Mounting plugin GoogleCloudMessaging
LogPluginManager: Mounting plugin ImmediatePhysics
LogPluginManager: Mounting plugin IOSDeviceProfileSelector
LogPluginManager: Mounting plugin LinuxDeviceProfileSelector
LogPluginManager: Mounting plugin LocationServicesBPLibrary
LogPluginManager: Mounting plugin MobilePatchingUtils
LogPluginManager: Mounting plugin OculusVR
LogPluginManager: Plugin shader directory ../../../Engine/Plugins/Runtime/Oculus/OculusVR/Shaders found
LogPluginManager: Mapping shader source directory ../../../Engine/Plugins/Runtime/Oculus/OculusVR/Shaders to virtual directory /Plugin/OculusVR
LogPluginManager: Mounting plugin PhysXVehicles
LogPluginManager: Mounting plugin ProceduralMeshComponent
LogPluginManager: Mounting plugin RuntimePhysXCooking
LogPluginManager: Mounting plugin SteamVR
LogPluginManager: Mounting plugin WindowsMoviePlayer
LogModuleManager: Display: Found up-to-date module file ../../../../../../Users/Usuario/Desktop/Pacto_de_HonoRPG/Codigo/Binaries/Win64/UE4Editor-Pacto_de_Honor.dll (API version 3709383).
LogModuleManager: Display: Found up-to-date module file ../../../Engine/Plugins/2D/Paper2D/Binaries/Win64/UE4Editor-Paper2D.dll (API version 3709383).
LogModuleManager: Display: Found up-to-date module file ../../../Engine/Plugins/2D/Paper2D/Binaries/Win64/UE4Editor-Paper2DEditor.dll (API version 3709383).
LogModuleManager: Display: Found up-to-date module file ../../../Engine/Plugins/2D/Paper2D/Binaries/Win64/UE4Editor-PaperSpriteSheetImporter.dll (API version 3709383).
LogModuleManager: Display: Found up-to-date module file ../../../Engine/Plugins/2D/Paper2D/Binaries/Win64/UE4Editor-PaperTiledImporter.dll (API version 3709383).
LogModuleManager: Display: Found up-to-date module file ../../../Engine/Plugins/2D/Paper2D/Binaries/Win64/UE4Editor-SmartSnapping.dll (API version 3709383).
LogModuleManager: Display: Found up-to-date module file ../../../Engine/Plugins/Blendables/LightPropagationVolume/Binaries/Win64/UE4Editor-LightPropagationVolumeRuntime.dll (API version 3709383).
LogModuleManager: Display: Found up-to-date module file ../../../Engine/Plugins/Blendables/LightPropagationVolume/Binaries/Win64/UE4Editor-LightPropagationVolumeEditor.dll (API version 3709383).
LogModuleManager: Display: Found up-to-date module file ../../../Engine/Plugins/Developer/GitSourceControl/Binaries/Win64/UE4Editor-GitSourceControl.dll (API version 3709383).
LogModuleManager: Display: Found up-to-date module file ../../../Engine/Plugins/Developer/PerforceSourceControl/Binaries/Win64/UE4Editor-PerforceSourceControl.dll (API version 3709383).
LogModuleManager: Display: Found up-to-date module file ../../../Engine/Plugins/Developer/SubversionSourceControl/Binaries/Win64/UE4Editor-SubversionSourceControl.dll (API version 3709383).
LogModuleManager: Display: Found up-to-date module file ../../../Engine/Plugins/Developer/UObjectPlugin/Binaries/Win64/UE4Editor-UObjectPlugin.dll (API version 3709383).
LogModuleManager: Display: Found up-to-date module file ../../../Engine/Plugins/Developer/VisualStudioCodeSourceCodeAccess/Binaries/Win64/UE4Editor-VisualStudioCodeSourceCodeAccess.dll (API version 3709383).
LogModuleManager: Display: Found up-to-date module file ../../../Engine/Plugins/Developer/VisualStudioSourceCodeAccess/Binaries/Win64/UE4Editor-VisualStudioSourceCodeAccess.dll (API version 3709383).
LogModuleManager: Display: Found up-to-date module file ../../../Engine/Plugins/Editor/AssetManagerEditor/Binaries/Win64/UE4Editor-AssetManagerEditor.dll (API version 3709383).
LogModuleManager: Display: Found up-to-date module file ../../../Engine/Plugins/Editor/AudioCapture/Binaries/Win64/UE4Editor-AudioCapture.dll (API version 3709383).
LogModuleManager: Display: Found up-to-date module file ../../../Engine/Plugins/Editor/FacialAnimation/Binaries/Win64/UE4Editor-FacialAnimation.dll (API version 3709383).
LogModuleManager: Display: Found up-to-date module file ../../../Engine/Plugins/Editor/FacialAnimation/Binaries/Win64/UE4Editor-FacialAnimationEditor.dll (API version 3709383).
LogModuleManager: Display: Found up-to-date module file ../../../Engine/Plugins/Editor/GameplayTagsEditor/Binaries/Win64/UE4Editor-GameplayTagsEditor.dll (API version 3709383).
LogModuleManager: Display: Found up-to-date module file ../../../Engine/Plugins/Editor/MobileLauncherProfileWizard/Binaries/Win64/UE4Editor-MobileLauncherProfileWizard.dll (API version 3709383).
LogModuleManager: Display: Found up-to-date module file ../../../Engine/Plugins/Editor/PluginBrowser/Binaries/Win64/UE4Editor-PluginBrowser.dll (API version 3709383).
LogModuleManager: Display: Found up-to-date module file ../../../Engine/Plugins/Editor/SpeedTreeImporter/Binaries/Win64/UE4Editor-SpeedTreeImporter.dll (API version 3709383).
LogModuleManager: Display: Found up-to-date module file ../../../Engine/Plugins/Experimental/AlembicImporter/Binaries/Win64/UE4Editor-AlembicImporter.dll (API version 3709383).
LogModuleManager: Display: Found up-to-date module file ../../../Engine/Plugins/Experimental/AlembicImporter/Binaries/Win64/UE4Editor-AlembicLibrary.dll (API version 3709383).
LogModuleManager: Display: Found up-to-date module file ../../../Engine/Plugins/Experimental/CharacterAI/Binaries/Win64/UE4Editor-CharacterAI.dll (API version 3709383).
LogModuleManager: Display: Found up-to-date module file ../../../Engine/Plugins/Experimental/HTML5Networking/Binaries/Win64/UE4Editor-HTML5Networking.dll (API version 3709383).
LogModuleManager: Display: Found up-to-date module file ../../../Engine/Plugins/Marketplace/MySQL/Binaries/Win64/UE4Editor-MySQL.dll (API version 3709383).
LogModuleManager: Display: Found up-to-date module file ../../../Engine/Plugins/Marketplace/VaRestPlugin/Binaries/Win64/UE4Editor-VaRestPlugin.dll (API version 3709383).
LogModuleManager: Display: Found up-to-date module file ../../../Engine/Plugins/Marketplace/VaRestPlugin/Binaries/Win64/UE4Editor-VaRestEditorPlugin.dll (API version 3709383).
LogModuleManager: Display: Found up-to-date module file ../../../Engine/Plugins/Media/AndroidMedia/Binaries/Win64/UE4Editor-AndroidMediaEditor.dll (API version 3709383).
LogModuleManager: Display: Found up-to-date module file ../../../Engine/Plugins/Media/AndroidMedia/Binaries/Win64/UE4Editor-AndroidMediaFactory.dll (API version 3709383).
LogModuleManager: Display: Found up-to-date module file ../../../Engine/Plugins/Media/AvfMedia/Binaries/Win64/UE4Editor-AvfMediaEditor.dll (API version 3709383).
LogModuleManager: Display: Found up-to-date module file ../../../Engine/Plugins/Media/AvfMedia/Binaries/Win64/UE4Editor-AvfMediaFactory.dll (API version 3709383).
LogModuleManager: Display: Found up-to-date module file ../../../Engine/Plugins/Media/AvfMedia/Binaries/Win64/UE4Editor-AvfMediaFactory.dll (API version 3709383).
LogModuleManager: Display: Found up-to-date module file ../../../Engine/Plugins/Media/ImgMedia/Binaries/Win64/UE4Editor-ImgMedia.dll (API version 3709383).
LogModuleManager: Display: Found up-to-date module file ../../../Engine/Plugins/Media/ImgMedia/Binaries/Win64/UE4Editor-ImgMediaEditor.dll (API version 3709383).
LogModuleManager: Display: Found up-to-date module file ../../../Engine/Plugins/Media/ImgMedia/Binaries/Win64/UE4Editor-ImgMediaFactory.dll (API version 3709383).
LogModuleManager: Display: Found up-to-date module file ../../../Engine/Plugins/Media/ImgMedia/Binaries/Win64/UE4Editor-ImgMediaFactory.dll (API version 3709383).
LogModuleManager: Display: Found up-to-date module file ../../../Engine/Plugins/Media/ImgMedia/Binaries/Win64/UE4Editor-OpenExrWrapper.dll (API version 3709383).
LogModuleManager: Display: Found up-to-date module file ../../../Engine/Plugins/Media/MediaCompositing/Binaries/Win64/UE4Editor-MediaCompositing.dll (API version 3709383).
LogModuleManager: Display: Found up-to-date module file ../../../Engine/Plugins/Media/MediaCompositing/Binaries/Win64/UE4Editor-MediaCompositingEditor.dll (API version 3709383).
LogModuleManager: Display: Found up-to-date module file ../../../Engine/Plugins/Media/MediaPlayerEditor/Binaries/Win64/UE4Editor-MediaPlayerEditor.dll (API version 3709383).
LogModuleManager: Display: Found up-to-date module file ../../../Engine/Plugins/Media/WmfMedia/Binaries/Win64/UE4Editor-WmfMedia.dll (API version 3709383).
LogModuleManager: Display: Found up-to-date module file ../../../Engine/Plugins/Media/WmfMedia/Binaries/Win64/UE4Editor-WmfMediaEditor.dll (API version 3709383).
LogModuleManager: Display: Found up-to-date module file ../../../Engine/Plugins/Media/WmfMedia/Binaries/Win64/UE4Editor-WmfMediaFactory.dll (API version 3709383).
LogModuleManager: Display: Found up-to-date module file ../../../Engine/Plugins/Media/WmfMedia/Binaries/Win64/UE4Editor-WmfMediaFactory.dll (API version 3709383).
LogModuleManager: Display: Found up-to-date module file ../../../Engine/Plugins/Messaging/TcpMessaging/Binaries/Win64/UE4Editor-TcpMessaging.dll (API version 3709383).
LogModuleManager: Display: Found up-to-date module file ../../../Engine/Plugins/Messaging/UdpMessaging/Binaries/Win64/UE4Editor-UdpMessaging.dll (API version 3709383).
LogModuleManager: Display: Found up-to-date module file ../../../Engine/Plugins/MovieScene/ActorSequence/Binaries/Win64/UE4Editor-ActorSequence.dll (API version 3709383).
LogModuleManager: Display: Found up-to-date module file ../../../Engine/Plugins/MovieScene/LevelSequenceEditor/Binaries/Win64/UE4Editor-LevelSequenceEditor.dll (API version 3709383).
LogModuleManager: Display: Found up-to-date module file ../../../Engine/Plugins/MovieScene/MatineeToLevelSequence/Binaries/Win64/UE4Editor-MatineeToLevelSequence.dll (API version 3709383).
LogModuleManager: Display: Found up-to-date module file ../../../Engine/Plugins/Online/OnlineSubsystem/Binaries/Win64/UE4Editor-OnlineSubsystem.dll (API version 3709383).
LogModuleManager: Display: Found up-to-date module file ../../../Engine/Plugins/Online/OnlineSubsystemNull/Binaries/Win64/UE4Editor-OnlineSubsystemNull.dll (API version 3709383).
LogModuleManager: Display: Found up-to-date module file ../../../Engine/Plugins/Online/OnlineSubsystemUtils/Binaries/Win64/UE4Editor-OnlineSubsystemUtils.dll (API version 3709383).
LogModuleManager: Display: Found up-to-date module file ../../../Engine/Plugins/Online/OnlineSubsystemUtils/Binaries/Win64/UE4Editor-OnlineBlueprintSupport.dll (API version 3709383).
LogModuleManager: Display: Found up-to-date module file ../../../Engine/Plugins/Runtime/AndroidDeviceProfileSelector/Binaries/Win64/UE4Editor-AndroidDeviceProfileSelector.dll (API version 3709383).
LogModuleManager: Display: Found up-to-date module file ../../../Engine/Plugins/Runtime/AndroidPermission/Binaries/Win64/UE4Editor-AndroidPermission.dll (API version 3709383).
LogModuleManager: Display: Found up-to-date module file ../../../Engine/Plugins/Runtime/AppleARKit/Binaries/Win64/UE4Editor-AppleARKit.dll (API version 3709383).
LogModuleManager: Display: Found up-to-date module file ../../../Engine/Plugins/Runtime/ArchVisCharacter/Binaries/Win64/UE4Editor-ArchVisCharacter.dll (API version 3709383).
LogModuleManager: Display: Found up-to-date module file ../../../Engine/Plugins/Runtime/CableComponent/Binaries/Win64/UE4Editor-CableComponent.dll (API version 3709383).
LogModuleManager: Display: Found up-to-date module file ../../../Engine/Plugins/Runtime/CustomMeshComponent/Binaries/Win64/UE4Editor-CustomMeshComponent.dll (API version 3709383).
LogModuleManager: Display: Found up-to-date module file ../../../Engine/Plugins/Runtime/ExampleDeviceProfileSelector/Binaries/Win64/UE4Editor-ExampleDeviceProfileSelector.dll (API version 3709383).
LogModuleManager: Display: Found up-to-date module file ../../../Engine/Plugins/Runtime/ImmediatePhysics/Binaries/Win64/UE4Editor-ImmediatePhysics.dll (API version 3709383).
LogModuleManager: Display: Found up-to-date module file ../../../Engine/Plugins/Runtime/ImmediatePhysics/Binaries/Win64/UE4Editor-ImmediatePhysicsEditor.dll (API version 3709383).
LogModuleManager: Display: Found up-to-date module file ../../../Engine/Plugins/Runtime/LocationServicesBPLibrary/Binaries/Win64/UE4Editor-LocationServicesBPLibrary.dll (API version 3709383).
LogModuleManager: Display: Found up-to-date module file ../../../Engine/Plugins/Runtime/MobilePatchingUtils/Binaries/Win64/UE4Editor-MobilePatchingUtils.dll (API version 3709383).
LogModuleManager: Display: Found up-to-date module file ../../../Engine/Plugins/Runtime/Oculus/OculusVR/Binaries/Win64/UE4Editor-OculusHMD.dll (API version 3709383).
LogModuleManager: Display: Found up-to-date module file ../../../Engine/Plugins/Runtime/Oculus/OculusVR/Binaries/Win64/UE4Editor-OculusInput.dll (API version 3709383).
LogModuleManager: Display: Found up-to-date module file ../../../Engine/Plugins/Runtime/Oculus/OculusVR/Binaries/Win64/UE4Editor-OculusEditor.dll (API version 3709383).
LogModuleManager: Display: Found up-to-date module file ../../../Engine/Plugins/Runtime/PhysXVehicles/Binaries/Win64/UE4Editor-PhysXVehicles.dll (API version 3709383).
LogModuleManager: Display: Found up-to-date module file ../../../Engine/Plugins/Runtime/PhysXVehicles/Binaries/Win64/UE4Editor-PhysXVehiclesEditor.dll (API version 3709383).
LogModuleManager: Display: Found up-to-date module file ../../../Engine/Plugins/Runtime/ProceduralMeshComponent/Binaries/Win64/UE4Editor-ProceduralMeshComponent.dll (API version 3709383).
LogModuleManager: Display: Found up-to-date module file ../../../Engine/Plugins/Runtime/ProceduralMeshComponent/Binaries/Win64/UE4Editor-ProceduralMeshComponentEditor.dll (API version 3709383).
LogModuleManager: Display: Found up-to-date module file ../../../Engine/Plugins/Runtime/RuntimePhysXCooking/Binaries/Win64/UE4Editor-RuntimePhysXCooking.dll (API version 3709383).
LogModuleManager: Display: Found up-to-date module file ../../../Engine/Plugins/Runtime/Steam/SteamVR/Binaries/Win64/UE4Editor-SteamVR.dll (API version 3709383).
LogModuleManager: Display: Found up-to-date module file ../../../Engine/Plugins/Runtime/Steam/SteamVR/Binaries/Win64/UE4Editor-SteamVRController.dll (API version 3709383).
LogModuleManager: Display: Found up-to-date module file ../../../Engine/Plugins/Runtime/WindowsMoviePlayer/Binaries/Win64/UE4Editor-WindowsMoviePlayer.dll (API version 3709383).
LogInit: Using libcurl 7.47.1
LogInit:  - built for x86_64-pc-win32
LogInit:  - supports SSL with OpenSSL/1.0.2g
LogInit:  - supports HTTP deflate (compression) using libz 1.2.8
LogInit:  - other features:
LogInit:      CURL_VERSION_SSL
LogInit:      CURL_VERSION_LIBZ
LogInit:      CURL_VERSION_IPV6
LogInit:      CURL_VERSION_ASYNCHDNS
LogInit:      CURL_VERSION_LARGEFILE
LogInit:      CURL_VERSION_IDN
LogInit:  CurlRequestOptions (configurable via config and command line):
LogInit:  - bVerifyPeer = false  - Libcurl will NOT verify peer certificate
LogInit:  - bUseHttpProxy = false  - Libcurl will NOT use HTTP proxy
LogInit:  - bDontReuseConnections = false  - Libcurl will reuse connections
LogInit:  - CertBundlePath = nullptr  - Libcurl will use whatever was configured at build time.
LogInit: Build: ++UE4+Release-4.18-CL-3832480
LogInit: Engine Version: 4.18.3-3832480+++UE4+Release-4.18
LogInit: Compatible Engine Version: 4.18.0-3709383+++UE4+Release-4.18
LogInit: Net CL: 3709383
LogDevObjectVersion: Number of dev versions registered: 16
LogDevObjectVersion:   Dev-Blueprints (B0D832E4-1F89-4F0D-ACCF-7EB736FD4AA2): 10
LogDevObjectVersion:   Dev-Build (E1C64328-A22C-4D53-A36C-8E866417BD8C): 0
LogDevObjectVersion:   Dev-Core (375EC13C-06E4-48FB-B500-84F0262A717E): 2
LogDevObjectVersion:   Dev-Editor (E4B068ED-F494-42E9-A231-DA0B2E46BB41): 20
LogDevObjectVersion:   Dev-Framework (CFFC743F-43B0-4480-9391-14DF171D2073): 30
LogDevObjectVersion:   Dev-Mobile (B02B49B5-BB20-44E9-A304-32B752E40360): 0
LogDevObjectVersion:   Dev-Networking (A4E4105C-59A1-49B5-A7C5-40C4547EDFEE): 0
LogDevObjectVersion:   Dev-Online (39C831C9-5AE6-47DC-9A44-9C173E1C8E7C): 0
LogDevObjectVersion:   Dev-Physics (78F01B33-EBEA-4F98-B9B4-84EACCB95AA2): 0
LogDevObjectVersion:   Dev-Platform (6631380F-2D4D-43E0-8009-CF276956A95A): 0
LogDevObjectVersion:   Dev-Rendering (12F88B9F-8875-4AFC-A67C-D90C383ABD29): 20
LogDevObjectVersion:   Dev-Sequencer (7B5AE74C-D270-4C10-A958-57980B212A5A): 4
LogDevObjectVersion:   Dev-VR (D7296918-1DD6-4BDD-9DE2-64A83CC13884): 0
LogDevObjectVersion:   Dev-LoadTimes (C2A15278-BFE7-4AFE-6C17-90FF531DF755): 1
LogDevObjectVersion:   Private-Geometry (6EACA3D4-40EC-4CC1-B786-8BED09428FC5): 1
LogDevObjectVersion:   Dev-AnimPhys (29E575DD-E0A3-4627-9D10-D276232CDCEA): 12
LogInit: Compiled (64-bit): Jan 12 2018 02:04:55
LogInit: Compiled with Visual C++: 19.00.24215.01
LogInit: Build Configuration: Development
LogInit: Branch Name: ++UE4+Release-4.18
LogInit: Command line:  
LogInit: Base directory: C:/Program Files/Epic Games/UE_4.18/Engine/Binaries/Win64/
LogInit: Installed Engine Build: 1
LogInit: Presizing for max 8388607 objects, including 0 objects not considered by GC, pre-allocating 0 bytes for permanent pool.
LogInit: Object subsystem initialized
[2018.04.25-01.26.38:238][  0]LogInit: Selected Device Profile: [Windows]
[2018.04.25-01.26.38:238][  0]LogInit: Applying CVar settings loaded from the selected device profile: [Windows]
[2018.04.25-01.26.38:250][  0]LogInit: Computer: DESKTOP-U1T47K7
[2018.04.25-01.26.38:250][  0]LogInit: User: Usuario
[2018.04.25-01.26.38:250][  0]LogInit: CPU Page size=4096, Cores=4
[2018.04.25-01.26.38:250][  0]LogInit: High frequency timer resolution =2.338346 MHz
[2018.04.25-01.26.38:251][  0]LogMemory: Memory total: Physical=15.7GB (16GB approx)
[2018.04.25-01.26.38:251][  0]LogMemory: Platform Memory Stats for Windows
[2018.04.25-01.26.38:251][  0]LogMemory: Process Physical Memory: 272.59 MB used, 272.59 MB peak
[2018.04.25-01.26.38:251][  0]LogMemory: Process Virtual Memory: 271.99 MB used, 271.99 MB peak
[2018.04.25-01.26.38:251][  0]LogMemory: Physical Memory: 3684.39 MB used,  12390.79 MB free, 16075.17 MB total
[2018.04.25-01.26.38:251][  0]LogMemory: Virtual Memory: 646.16 MB used,  12390.79 MB free, 134217728.00 MB total
[2018.04.25-01.26.39:065][  0]LogInit: Using OS detected language (es-ES).
[2018.04.25-01.26.39:065][  0]LogInit: Using OS detected locale (es-CO).
[2018.04.25-01.26.39:068][  0]LogTextLocalizationManager: No specific localization for 'es-ES' exists, so the 'es' localization will be used.
[2018.04.25-01.26.39:222][  0]LogInit: Setting process to per monitor DPI aware
[2018.04.25-01.26.39:459][  0]LogD3D11RHI: D3D11 adapters:
[2018.04.25-01.26.39:500][  0]LogD3D11RHI:    0. 'NVIDIA GeForce GTX 760M' (Feature Level 11_0)
[2018.04.25-01.26.39:500][  0]LogD3D11RHI:       2009/0/8037 MB DedicatedVideo/DedicatedSystem/SharedSystem, Outputs:1, VendorId:0x10de
[2018.04.25-01.26.39:505][  0]LogD3D11RHI:    1. 'Intel(R) HD Graphics 4600' (Feature Level 11_0)
[2018.04.25-01.26.39:505][  0]LogD3D11RHI:       112/0/2048 MB DedicatedVideo/DedicatedSystem/SharedSystem, Outputs:0, VendorId:0x8086
[2018.04.25-01.26.39:507][  0]LogD3D11RHI:    2. 'Microsoft Basic Render Driver' (Feature Level 11_0)
[2018.04.25-01.26.39:507][  0]LogD3D11RHI:       0/0/8037 MB DedicatedVideo/DedicatedSystem/SharedSystem, Outputs:0, VendorId:0x1414
[2018.04.25-01.26.39:507][  0]LogD3D11RHI: Chosen D3D11 Adapter: 0
[2018.04.25-01.26.39:510][  0]LogD3D11RHI: Creating new Direct3DDevice
[2018.04.25-01.26.39:510][  0]LogD3D11RHI:     GPU DeviceId: 0x11e3 (for the marketing name, search the web for "GPU Device Id")
[2018.04.25-01.26.39:510][  0]LogWindows: EnumDisplayDevices:
[2018.04.25-01.26.39:510][  0]LogWindows:    0. 'Intel(R) HD Graphics 4600' (P:1 D:1)
[2018.04.25-01.26.39:510][  0]LogWindows:    1. 'Intel(R) HD Graphics 4600' (P:0 D:0)
[2018.04.25-01.26.39:511][  0]LogWindows:    2. 'Intel(R) HD Graphics 4600' (P:0 D:0)
[2018.04.25-01.26.39:511][  0]LogWindows: DebugString: PrimaryIsNotTheChoosenAdapter PrimaryIsNotTheChoosenAdapter PrimaryIsNotTheChoosenAdapter FoundDriverCount:0 
[2018.04.25-01.26.39:511][  0]LogD3D11RHI:     Adapter Name: NVIDIA GeForce GTX 760M
[2018.04.25-01.26.39:511][  0]LogD3D11RHI:   Driver Version: Unknown (internal:Unknown, unified:Unknown)
[2018.04.25-01.26.39:511][  0]LogD3D11RHI:      Driver Date: Unknown
[2018.04.25-01.26.39:511][  0]LogRHI: Texture pool is 1406 MB (70% of 2009 MB)
[2018.04.25-01.26.39:542][  0]LogD3D11RHI: Async texture creation enabled
[2018.04.25-01.26.40:092][  0]LogD3D11RHI: GPU Timing Frequency: 1000.000000 (Debug: 2 2)
[2018.04.25-01.26.40:092][  0]LogShaderCompilers: Guid format shader working directory is -15 characters bigger than the processId version (../../../../../../Users/Usuario/Desktop/Pacto_de_HonoRPG/Codigo/Intermediate/Shaders/WorkingDirectory/4004/).
[2018.04.25-01.26.40:092][  0]LogShaderCompilers: Cleaned the shader compiler working directory 'C:/Users/Usuario/AppData/Local/Temp/UnrealShaderWorkingDir/11D151A540EE5DBB5EF098AE9F240EA2/'.
[2018.04.25-01.26.40:092][  0]LogShaderCompilers: Display: Using Local Shader Compiler.
[2018.04.25-01.26.41:106][  0]LogTemp: Display: Loaded TP AllDesktopTargetPlatform
[2018.04.25-01.26.41:154][  0]LogTemp: Display: Loaded TP MacClientTargetPlatform
[2018.04.25-01.26.41:204][  0]LogTemp: Display: Loaded TP MacNoEditorTargetPlatform
[2018.04.25-01.26.41:252][  0]LogTemp: Display: Loaded TP MacServerTargetPlatform
[2018.04.25-01.26.41:301][  0]LogTemp: Display: Loaded TP MacTargetPlatform
[2018.04.25-01.26.41:349][  0]LogTemp: Display: Loaded TP WindowsClientTargetPlatform
[2018.04.25-01.26.41:398][  0]LogTemp: Display: Loaded TP WindowsNoEditorTargetPlatform
[2018.04.25-01.26.41:447][  0]LogTemp: Display: Loaded TP WindowsServerTargetPlatform
[2018.04.25-01.26.41:489][  0]LogTemp: Display: Loaded TP WindowsTargetPlatform
[2018.04.25-01.26.41:536][  0]LogTemp: Display: Loaded TP Android_ASTCTargetPlatform
[2018.04.25-01.26.41:584][  0]LogTemp: Display: Loaded TP Android_ATCTargetPlatform
[2018.04.25-01.26.41:631][  0]LogTemp: Display: Loaded TP Android_DXTTargetPlatform
[2018.04.25-01.26.41:678][  0]LogTemp: Display: Loaded TP Android_ETC1TargetPlatform
[2018.04.25-01.26.41:725][  0]LogTemp: Display: Loaded TP Android_ETC2TargetPlatform
[2018.04.25-01.26.41:819][  0]LogTemp: Display: Loaded TP Android_MultiTargetPlatform
[2018.04.25-01.26.41:819][  0]LogTemp: Display: Loaded TP Android_PVRTCTargetPlatform
[2018.04.25-01.26.41:866][  0]LogTemp: Display: Loaded TP AndroidTargetPlatform
[2018.04.25-01.26.41:902][  0]LogTemp: Display: Loaded TP HTML5TargetPlatform
[2018.04.25-01.26.41:990][  0]LogTemp: Display: Loaded TP IOSTargetPlatform
[2018.04.25-01.26.42:017][  0]LogTemp: Display: Loaded TP TVOSTargetPlatform
[2018.04.25-01.26.42:064][  0]LogTemp: Display: Loaded TP LinuxClientTargetPlatform
[2018.04.25-01.26.42:111][  0]LogTemp: Display: Loaded TP LinuxNoEditorTargetPlatform
[2018.04.25-01.26.42:157][  0]LogTemp: Display: Loaded TP LinuxServerTargetPlatform
[2018.04.25-01.26.42:205][  0]LogTemp: Display: Loaded TP LinuxTargetPlatform
[2018.04.25-01.26.42:205][  0]LogTargetPlatformManager: Display: Building Assets For Windows
[2018.04.25-01.26.42:642][  0]LogDerivedDataCache: Display: Max Cache Size: 512 MB
[2018.04.25-01.26.42:723][  0]LogDerivedDataCache: Loaded boot cache 0.08s 78MB C:/Users/Usuario/AppData/Local/UnrealEngine/4.18/DerivedDataCache/Boot.ddc.
[2018.04.25-01.26.42:723][  0]LogDerivedDataCache: Display: Loaded Boot cache: C:/Users/Usuario/AppData/Local/UnrealEngine/4.18/DerivedDataCache/Boot.ddc
[2018.04.25-01.26.42:723][  0]LogDerivedDataCache: FDerivedDataBackendGraph:  Pak pak cache file ../../../../../../Users/Usuario/Desktop/Pacto_de_HonoRPG/Codigo/DerivedDataCache/DDC.ddp not found, will not use a pak cache.
[2018.04.25-01.26.42:723][  0]LogDerivedDataCache: Unable to find inner node Pak for hierarchical cache Hierarchy.
[2018.04.25-01.26.42:723][  0]LogDerivedDataCache: FDerivedDataBackendGraph:  CompressedPak pak cache file ../../../../../../Users/Usuario/Desktop/Pacto_de_HonoRPG/Codigo/DerivedDataCache/Compressed.ddp not found, will not use a pak cache.
[2018.04.25-01.26.42:723][  0]LogDerivedDataCache: Unable to find inner node CompressedPak for hierarchical cache Hierarchy.
[2018.04.25-01.26.42:742][  0]LogDerivedDataCache: Display: Pak cache opened for reading ../../../Engine/DerivedDataCache/Compressed.ddp.
[2018.04.25-01.26.42:754][  0]LogDerivedDataCache: Using Local data cache path C:/Users/Usuario/AppData/Local/UnrealEngine/Common/DerivedDataCache: Writable
[2018.04.25-01.26.42:765][  0]LogMaterial: Verifying Global Shaders for PCD3D_SM5
[2018.04.25-01.26.42:765][  0]LogSlate: Using Freetype 2.6.0
[2018.04.25-01.26.42:766][  0]LogSlate: SlateFontCache - WITH_FREETYPE: 1, WITH_HARFBUZZ: 1
[2018.04.25-01.26.42:766][  0]LogSlate: SlateFontCache - WITH_FREETYPE: 1, WITH_HARFBUZZ: 1
[2018.04.25-01.26.43:125][  0]LogInit: Selected Device Profile: [Windows]
[2018.04.25-01.26.43:453][  0]LogSimplygon: Simplygon DLL not present - disabling.
[2018.04.25-01.26.43:491][  0]LogMeshReduction: Using SimplygonSwarm for distributed automatic mesh merging
[2018.04.25-01.26.43:491][  0]LogMeshReduction: Using QuadricMeshReduction for automatic static mesh reduction
[2018.04.25-01.26.43:491][  0]LogMeshReduction: No automatic skeletal mesh reduction module available
[2018.04.25-01.26.43:491][  0]LogMeshReduction: No automatic mesh merging module available
[2018.04.25-01.26.43:491][  0]LogMeshMerging: No automatic mesh merging module available
[2018.04.25-01.26.43:518][  0]LogNetVersion: Pacto_de_Honor , NetCL: 3709383, EngineNetVer: 2, GameNetVer: 0 (Checksum: 2404482579)
[2018.04.25-01.26.43:677][  0]LogAssetRegistry: FAssetRegistry took 0.0268 seconds to start up
[2018.04.25-01.26.44:200][  0]LogPackageLocalizationCache: Processed 8 localized package path(s) for 2 prioritized culture(s) in 0.071931 seconds
[2018.04.25-01.26.44:205][  0]LogUObjectArray: 35870 objects as part of root set at end of initial load.
[2018.04.25-01.26.44:205][  0]LogUObjectAllocator: 7363704 out of 0 bytes used by permanent object pool.
[2018.04.25-01.26.44:205][  0]LogUObjectArray: CloseDisregardForGC: 0/0 objects in disregard for GC pool
[2018.04.25-01.26.44:271][  0]LogInit: WinSock: version 1.1 (2.2), MaxSocks=32767, MaxUdp=65467
[2018.04.25-01.26.47:159][  0]LogTcpMessaging: Initializing TcpMessaging bridge
[2018.04.25-01.26.47:201][  0]LogUdpMessaging: Initializing bridge on interface 0.0.0.0:0 to multicast group 230.0.0.1:6666.
[2018.04.25-01.26.47:902][  0]LogMaterial: Uniform references updated for custom material expression Custom.
[2018.04.25-01.26.48:315][  0]SourceControl: El control de código fuente está desactivado
[2018.04.25-01.26.49:317][  0]LogAndroidPermission: UAndroidPermissionCallbackProxy::GetInstance
[2018.04.25-01.26.49:578][  0]LogOcInput: OculusInput pre-init called
[2018.04.25-01.26.49:838][  0]LogEngine: Initializing Engine...
[2018.04.25-01.26.49:840][  0]LogHMD: Failed to initialize OpenVR with code 110
[2018.04.25-01.26.50:065][  0]LogStats: UGameplayTagsManager::ConstructGameplayTagTree: Construct from data asset -  0.000 s
[2018.04.25-01.26.50:065][  0]LogStats: UGameplayTagsManager::ConstructGameplayTagTree: GameplayTagTreeChangedEvent.Broadcast -  0.000 s
[2018.04.25-01.26.50:182][  0]LogAIModule: Creating AISystem for world Untitled
[2018.04.25-01.26.50:189][  0]LogInit: XAudio2 using 'Altavoces (Realtek High Definition Audio)' : 2 channels at 48 kHz using 32 bits per sample (channel mask 0x3)
[2018.04.25-01.26.50:306][  0]LogInit: FAudioDevice initialized.
[2018.04.25-01.26.50:529][  0]LogDerivedDataCache: Saved boot cache 0.22s 78MB C:/Users/Usuario/AppData/Local/UnrealEngine/4.18/DerivedDataCache/Boot.ddc.
[2018.04.25-01.26.50:543][  0]LogInit: Texture streaming: Enabled
[2018.04.25-01.26.50:667][  0]LogEngineSessionManager: EngineSessionManager initialized
[2018.04.25-01.26.50:821][  0]LogInit: Transaction tracking system initialized
[2018.04.25-01.26.51:201][  0]BlueprintLog: New page: Cargar el editor
[2018.04.25-01.26.52:054][  0]LocalizationService: Localization service is disabled
[2018.04.25-01.26.53:016][  0]LogConsoleResponse: Display: 
[2018.04.25-01.26.53:194][  0]LogCook: Display: Max memory allowance for cook 16384mb min free memory 0mb
[2018.04.25-01.26.53:194][  0]LogCook: Display: Mobile HDR setting 1
[2018.04.25-01.26.53:194][  0]LogGameplayTags: Display: UGameplayTagsManager::DoneAddingNativeTags. DelegateIsBound: 0
[2018.04.25-01.26.54:303][  0]LogFileCache: Scanning file cache for directory 'C:/Users/Usuario/Desktop/Pacto_de_HonoRPG/Codigo/Content/' took 0.08s
[2018.04.25-01.26.54:349][  0]Cmd: MAP LOAD FILE="../../../../../../Users/Usuario/Desktop/Pacto_de_HonoRPG/Codigo/Content/MenuPrincipal/Main.umap" TEMPLATE=0 SHOWPROGRESS=1 FEATURELEVEL=3
[2018.04.25-01.26.54:349][  0]LightingResults: New page: Diseñar la iluminación
[2018.04.25-01.26.54:388][  0]MapCheck: New page: Revisión del mapa
[2018.04.25-01.26.54:388][  0]LightingResults: New page: Diseñar la iluminación
[2018.04.25-01.26.54:455][  0]LogBlueprint: Warning: [Compiler Base_H_Blueprint] Acción desconocida de referencias del evento InputAction 'Ataque1' para  InputAction Ataque1
[2018.04.25-01.26.54:455][  0]LogBlueprint: Warning: [Compiler Base_H_Blueprint] Acción desconocida de referencias del evento InputAction 'Ataque2' para  InputAction Ataque2
[2018.04.25-01.26.54:463][  0]LogBlueprint: Warning: [Compiler Base_H_Blueprint] [0018,94] Compile of Base_H_Blueprint successful, but with 2 Warning(s) [in 14 ms] (/Game/Heroes/Base/Base_H_Blueprint.Base_H_Blueprint)
[2018.04.25-01.26.54:477][  0]LogClass: Warning: Type mismatch in Image_8_CD9F222E4538339C2B41D2B189C51E02 of ItemData - Previous (ObjectProperty) Current(StructProperty) for package:  ../../../../../../Users/Usuario/Desktop/Pacto_de_HonoRPG/Codigo/Content/Inventory/Potion.uasset
[2018.04.25-01.26.54:488][  0]LogClass: Warning: Type mismatch in Image_8_CD9F222E4538339C2B41D2B189C51E02 of ItemData - Previous (ObjectProperty) Current(StructProperty) for package:  ../../../../../../Users/Usuario/Desktop/Pacto_de_HonoRPG/Codigo/Content/Inventory/weapon1.uasset
[2018.04.25-01.26.54:800][  0]LogAIModule: Creating AISystem for world Main
[2018.04.25-01.26.54:801][  0]LogEditorServer: Finished looking for orphan Actors (0.000 secs)
[2018.04.25-01.26.54:812][  0]Cmd: MAP CHECKDEP NOCLEARLOG
[2018.04.25-01.26.54:864][  0]MapCheck: Map check complete: 0 Error(s), 0 Warning(s), took 51,689ms to complete.
[2018.04.25-01.26.54:864][  0]LogFileHelpers: Loading map 'Main' took 0.515
[2018.04.25-01.26.54:923][  0]LogWindowsTextInputMethodSystem: Display: IME system now deactivated.
[2018.04.25-01.26.55:004][  0]LogCollectionManager: Loaded 0 collections in 0.002037 seconds
[2018.04.25-01.26.55:080][  0]LogFileCache: Scanning file cache for directory 'C:/Users/Usuario/Desktop/Pacto_de_HonoRPG/Codigo/Saved/Collections/' took 0.01s
[2018.04.25-01.26.55:080][  0]LogFileCache: Scanning file cache for directory 'C:/Users/Usuario/Desktop/Pacto_de_HonoRPG/Codigo/Content/Developers/Usuario/Collections/' took 0.01s
[2018.04.25-01.26.55:080][  0]LogFileCache: Scanning file cache for directory 'C:/Users/Usuario/Desktop/Pacto_de_HonoRPG/Codigo/Content/Collections/' took 0.01s
[2018.04.25-01.26.55:080][  0]LogCollectionManager: Rebuilt the GUID cache for 0 collections in 0.000000 seconds
[2018.04.25-01.26.55:089][  0]LogContentBrowser: Native class hierarchy populated in 0.0087 seconds. Added 2370 classes and 529 folders.
[2018.04.25-01.26.55:153][  0]LogContentBrowser: Native class hierarchy updated for 'WidgetCarousel' in 0.0006 seconds. Added 0 classes and 0 folders.
[2018.04.25-01.26.55:193][  0]LogContentBrowser: Native class hierarchy updated for 'AddContentDialog' in 0.0006 seconds. Added 0 classes and 0 folders.
[2018.04.25-01.26.55:234][  0]LogContentBrowser: Native class hierarchy updated for 'SceneOutliner' in 0.0008 seconds. Added 1 classes and 2 folders.
[2018.04.25-01.26.55:272][  0]LogSlate: Took 0.000206 seconds to synchronously load lazily loaded font '../../../Engine/Content/Slate/Fonts/Roboto-Regular.ttf' (155K)
[2018.04.25-01.26.55:274][  0]LogSlate: Took 0.000192 seconds to synchronously load lazily loaded font '../../../Engine/Content/Slate/Fonts/Roboto-Bold.ttf' (160K)
[2018.04.25-01.26.55:281][  0]LogSlate: Took 0.000213 seconds to synchronously load lazily loaded font '../../../Engine/Content/Editor/Slate/Fonts/FontAwesome.ttf' (139K)
[2018.04.25-01.26.55:384][  0]LogRenderer: Reallocating scene render targets to support 964x392 Format 9 NumSamples 1 (Frame:1).
[2018.04.25-01.26.55:626][  0]LogContentBrowser: Native class hierarchy updated for 'HierarchicalLODOutliner' in 0.0009 seconds. Added 1 classes and 2 folders.
[2018.04.25-01.26.55:626][  0]LogLoad: (Engine Initialization) Total time: 20.10 seconds
[2018.04.25-01.26.55:626][  0]LogLoad: (Engine Initialization) Total Blueprint compile time: 0.00 seconds
[2018.04.25-01.26.55:626][  0]LogExternalProfiler: No external profilers were discovered.  External profiling features will not be available.
[2018.04.25-01.26.55:654][  0]LogContentStreaming: Texture pool size now 600 MB
[2018.04.25-01.26.56:221][  6]LogAssetRegistry: Asset discovery search completed in 12.5667 seconds
[2018.04.25-01.26.56:264][  6]LogCollectionManager: Rebuilt the object cache for 0 collections in 0.000001 seconds (found 0 objects)
[2018.04.25-01.26.56:264][  6]LogCollectionManager: Fixed up redirectors for 0 collections in 0.000195 seconds (updated 0 objects)
[2018.04.25-01.26.56:675][ 29]LogSlate: Took 0.000201 seconds to synchronously load lazily loaded font '../../../Engine/Content/Slate/Fonts/Roboto-Light.ttf' (159K)
[2018.04.25-01.27.08:994][241]LogTemp: Repeating last play command: New Editor Window (PIE)
[2018.04.25-01.27.09:309][241]LogBlueprintUserMessages: Early PlayInEditor Detection: Level '/Game/MenuPrincipal/Main.Main:PersistentLevel' has LevelScriptBlueprint '/Game/MenuPrincipal/Main.Main:PersistentLevel.Main' with GeneratedClass '/Game/MenuPrincipal/Main.Main_C' with ClassGeneratedBy '/Game/MenuPrincipal/Main.Main:PersistentLevel.Main'
[2018.04.25-01.27.09:309][241]LogPlayLevel: PlayLevel: No blueprints needed recompiling
[2018.04.25-01.27.09:309][241]PIE: New page: Sesión PIE (reproducción en el editor): Main (24/04/2018 3:27:09 p. m.)
[2018.04.25-01.27.09:310][241]LogPlayLevel: Creating play world package: /Game/MenuPrincipal/UEDPIE_0_Main
[2018.04.25-01.27.09:311][241]LogPlayLevel: PIE: StaticDuplicateObject took: (0.000933s)
[2018.04.25-01.27.09:311][241]LogAIModule: Creating AISystem for world Main
[2018.04.25-01.27.09:311][241]LogPlayLevel: PIE: World Init took: (0.000618s)
[2018.04.25-01.27.09:311][241]LogPlayLevel: PIE: Created PIE world by copying editor world from /Game/MenuPrincipal/Main.Main to /Game/MenuPrincipal/UEDPIE_0_Main.Main (0.001811s)
[2018.04.25-01.27.09:323][241]LogInit: XAudio2 using 'Altavoces (Realtek High Definition Audio)' : 2 channels at 48 kHz using 32 bits per sample (channel mask 0x3)
[2018.04.25-01.27.09:331][241]LogInit: FAudioDevice initialized.
[2018.04.25-01.27.10:024][241]LogBlueprint: Warning: [Compiler Base_M_Blueprint] Acción desconocida de referencias del evento InputAction 'Ataque1' para  InputAction Ataque1
[2018.04.25-01.27.10:024][241]LogBlueprint: Warning: [Compiler Base_M_Blueprint] Acción desconocida de referencias del evento InputAction 'Ataque2' para  InputAction Ataque2
[2018.04.25-01.27.10:124][241]LogBlueprint: Warning: [Compiler Tigre_Blueprint] Acción desconocida de referencias del evento InputAction 'Ataque1' para  InputAction Ataque1
[2018.04.25-01.27.10:126][241]LogBlueprint: Warning: [Compiler Tigre_Blueprint] Acción desconocida de referencias del evento InputAction 'Ataque2' para  InputAction Ataque2
[2018.04.25-01.27.10:258][241]LogBlueprint: Warning: [Compiler Base_M_Blueprint] [0034,73] Compile of Base_M_Blueprint successful, but with 2 Warning(s) [in 383 ms] (/Game/Heroes/Base/Base_M_Blueprint.Base_M_Blueprint)
[2018.04.25-01.27.10:259][241]LogBlueprint: Warning: [Compiler Tigre_Blueprint] [0034,73] Compile of Tigre_Blueprint successful, but with 2 Warning(s) [in 383 ms] (/Game/Heroes/Tigre/Tigre_Blueprint.Tigre_Blueprint)
[2018.04.25-01.27.10:824][241]LogLoad: Game class is 'MyGame_C'
[2018.04.25-01.27.10:826][241]LogWorld: Bringing World /Game/MenuPrincipal/UEDPIE_0_Main.Main up for play (max tick rate 0) at 2018.04.24-20.27.10
[2018.04.25-01.27.10:827][241]LogWorld: Bringing up level for play took: 0.000522
[2018.04.25-01.27.10:868][241]LogContentBrowser: Native class hierarchy updated for 'MovieSceneCapture' in 0.0008 seconds. Added 11 classes and 0 folders.
[2018.04.25-01.27.10:868][241]LogGameMode: Display: Match State Changed from EnteringMap to WaitingToStart
[2018.04.25-01.27.10:868][241]LogGameState: Match State Changed from EnteringMap to WaitingToStart
[2018.04.25-01.27.10:868][241]LogGameMode: Display: Match State Changed from WaitingToStart to InProgress
[2018.04.25-01.27.10:871][241]LogGameState: Match State Changed from WaitingToStart to InProgress
[2018.04.25-01.27.10:874][241]PIE: Tiempo de inicio de la reproducción en el editor para  /Game/MenuPrincipal/UEDPIE_0_Main 1,28
[2018.04.25-01.27.10:875][241]LogBlueprintUserMessages: Late PlayInEditor Detection: Level '/Game/MenuPrincipal/Main.Main:PersistentLevel' has LevelScriptBlueprint '/Game/MenuPrincipal/Main.Main:PersistentLevel.Main' with GeneratedClass '/Game/MenuPrincipal/Main.Main_C' with ClassGeneratedBy '/Game/MenuPrincipal/Main.Main:PersistentLevel.Main'
[2018.04.25-01.27.10:907][241]LogRenderer: Reallocating scene render targets to support 964x400 Format 9 NumSamples 1 (Frame:1).
[2018.04.25-01.27.11:912][284]LogRenderer: Reallocating scene render targets to support 1092x568 Format 9 NumSamples 1 (Frame:45).
[2018.04.25-01.27.17:676][626]LogGameMode: Display: Match State Changed from InProgress to LeavingMap
[2018.04.25-01.27.17:677][626]LogGameState: Match State Changed from InProgress to LeavingMap
[2018.04.25-01.27.17:677][626]LogNet: Browse: /Game/MenuPrincipal/EntarMundo/Nivelesdemenu/SeleccionHeroe
[2018.04.25-01.27.17:677][626]LogLoad: LoadMap: /Game/MenuPrincipal/EntarMundo/Nivelesdemenu/SeleccionHeroe
[2018.04.25-01.27.18:787][626]LogAIModule: Creating AISystem for world SeleccionHeroe
[2018.04.25-01.27.18:787][626]LogLoad: Game class is 'Crear_HeroeGM_C'
[2018.04.25-01.27.18:792][626]LogWorld: Bringing World /Game/MenuPrincipal/EntarMundo/Nivelesdemenu/UEDPIE_0_SeleccionHeroe.SeleccionHeroe up for play (max tick rate 0) at 2018.04.24-20.27.18
[2018.04.25-01.27.18:792][626]LogWorld: Bringing up level for play took: 0.004321
[2018.04.25-01.27.19:177][626]LogScriptCore: Warning: Script Msg: Attempted to access index 2 from array 'ColumnData' of length 2 in '/Script/MySQL.MySQLDataTable'!
[2018.04.25-01.27.19:177][626]LogScriptCore: Warning: Script Msg: Attempted to access index 3 from array 'ColumnData' of length 2 in '/Script/MySQL.MySQLDataTable'!
[2018.04.25-01.27.19:177][626]LogScriptCore: Warning: Script Msg: Attempted to access index 2 from array 'ColumnData' of length 2 in '/Script/MySQL.MySQLDataTable'!
[2018.04.25-01.27.19:177][626]LogScriptCore: Warning: Script Msg: Attempted to access index 3 from array 'ColumnData' of length 2 in '/Script/MySQL.MySQLDataTable'!
[2018.04.25-01.27.19:177][626]LogLoad: Took 1.500487 seconds to LoadMap(/Game/MenuPrincipal/EntarMundo/Nivelesdemenu/SeleccionHeroe)
[2018.04.25-01.27.19:203][627]LogCharacterMovement: Warning: GetSimulationTimeStep() - Max iterations 8 hit while remaining time 0.067680 > MaxSimulationTimeStep (0.050) for 'Base_H_Blueprint_3149', movement 'Walking'
[2018.04.25-01.27.20:762][683]LogAnimation: Warning: Animation Base_H_Space1D is incompatible with skeleton Tigre_Skeleton, removing animation from actor.
[2018.04.25-01.27.21:991][743]LogNet: Browse: /Game/ThirdPerson/ThirdPersonBP/ThirdPersonExampleMap??llisten
[2018.04.25-01.27.22:008][743]LogLoad: LoadMap: /Game/ThirdPerson/ThirdPersonBP/ThirdPersonExampleMap??llisten
[2018.04.25-01.27.24:343][743]LogAIModule: Creating AISystem for world ThirdPersonExampleMap
[2018.04.25-01.27.24:344][743]LogLoad: Game class is 'MyGame_C'
[2018.04.25-01.27.24:366][743]LogWorld: Bringing World /Game/ThirdPerson/ThirdPersonBP/UEDPIE_0_ThirdPersonExampleMap.ThirdPersonExampleMap up for play (max tick rate 0) at 2018.04.24-20.27.24
[2018.04.25-01.27.24:367][743]LogWorld: Bringing up level for play took: 0.022835
[2018.04.25-01.27.24:368][743]LogGameMode: Display: Match State Changed from EnteringMap to WaitingToStart
[2018.04.25-01.27.24:368][743]LogGameState: Match State Changed from EnteringMap to WaitingToStart
[2018.04.25-01.27.24:368][743]LogGameMode: Display: Match State Changed from WaitingToStart to InProgress
[2018.04.25-01.27.24:373][743]LogGameState: Match State Changed from WaitingToStart to InProgress
[2018.04.25-01.27.24:373][743]LogLoad: Took 2.364715 seconds to LoadMap(/Game/ThirdPerson/ThirdPersonBP/ThirdPersonExampleMap)
[2018.04.25-01.27.38:151][343]LogBlueprintUserMessages: Early EndPlayMap Detection: Level '/Game/MenuPrincipal/Main.Main:PersistentLevel' has LevelScriptBlueprint '/Game/MenuPrincipal/Main.Main:PersistentLevel.Main' with GeneratedClass '/Game/MenuPrincipal/Main.Main_C' with ClassGeneratedBy '/Game/MenuPrincipal/Main.Main:PersistentLevel.Main'
[2018.04.25-01.27.38:237][343]LogBlueprintUserMessages: Late EndPlayMap Detection: Level '/Game/MenuPrincipal/Main.Main:PersistentLevel' has LevelScriptBlueprint '/Game/MenuPrincipal/Main.Main:PersistentLevel.Main' with GeneratedClass '/Game/MenuPrincipal/Main.Main_C' with ClassGeneratedBy '/Game/MenuPrincipal/Main.Main:PersistentLevel.Main'
[2018.04.25-01.27.43:662][912]LogSlate: Took 0.000199 seconds to synchronously load lazily loaded font '../../../Engine/Content/Slate/Fonts/Roboto-Light.ttf' (159K)
[2018.04.25-01.27.44:068][912]LogContentBrowser: Native class hierarchy updated for 'BlueprintGraph' in 0.0014 seconds. Added 116 classes and 0 folders.
[2018.04.25-01.27.45:029][912]LogSlate: Took 0.000190 seconds to synchronously load lazily loaded font '../../../Engine/Content/Editor/Slate/Fonts/Roboto-BoldCondensed.ttf' (158K)
[2018.04.25-01.27.46:800][ 22]LogSlate: Took 0.003266 seconds to synchronously load lazily loaded font '../../../Engine/Content/Slate/Fonts/DroidSansFallback.ttf' (3848K)
[2018.04.25-01.28.09:656][287]BlueprintLog: New page: Compilar ItemSlot
[2018.04.25-01.28.17:019][677]BlueprintLog: New page: Compilar ItemSlot
[2018.04.25-01.28.33:373][572]BlueprintLog: New page: Compilar ItemSlot
[2018.04.25-01.30.17:687][754]BlueprintLog: New page: Compilar ItemSlot
[2018.04.25-01.30.18:564][805]Cmd: OBJ SAVEPACKAGE PACKAGE="/Game/UMG/ItemSlot" FILE="../../../../../../Users/Usuario/Desktop/Pacto_de_HonoRPG/Codigo/Content/UMG/ItemSlot.uasset" SILENT=true
[2018.04.25-01.30.18:661][805]LogSavePackage: Save=78.50ms
[2018.04.25-01.30.18:661][805]LogSavePackage: Moving '../../../../../../Users/Usuario/Desktop/Pacto_de_HonoRPG/Codigo/Saved/ItemSlot51BB79FE45B4112617D49694DB967DB2.tmp' to '../../../../../../Users/Usuario/Desktop/Pacto_de_HonoRPG/Codigo/Content/UMG/ItemSlot.uasset'
[2018.04.25-01.30.18:666][805]LogSavePackage: Display: Finished SavePackage ../../../../../../Users/Usuario/Desktop/Pacto_de_HonoRPG/Codigo/Content/UMG/ItemSlot.uasset
[2018.04.25-01.31.54:868][870]Cmd: OBJ SAVEPACKAGE PACKAGE="/Game/Inventory/weapon1" FILE="../../../../../../Users/Usuario/Desktop/Pacto_de_HonoRPG/Codigo/Content/Inventory/weapon1.uasset" SILENT=true
[2018.04.25-01.31.54:907][870]LogSavePackage: Save=27.42ms
[2018.04.25-01.31.54:907][870]LogSavePackage: Moving '../../../../../../Users/Usuario/Desktop/Pacto_de_HonoRPG/Codigo/Saved/weapon1D9A2E46944356A5354570097734D881C.tmp' to '../../../../../../Users/Usuario/Desktop/Pacto_de_HonoRPG/Codigo/Content/Inventory/weapon1.uasset'
[2018.04.25-01.31.54:910][870]LogSavePackage: Display: Finished SavePackage ../../../../../../Users/Usuario/Desktop/Pacto_de_HonoRPG/Codigo/Content/Inventory/weapon1.uasset
[2018.04.25-01.31.56:448][875]BlueprintLog: New page: Compilar weapon1
[2018.04.25-01.32.03:548][890]LogSlate: Took 0.000198 seconds to synchronously load lazily loaded font '../../../Engine/Content/Slate/Fonts/Roboto-Regular.ttf' (155K)
[2018.04.25-01.32.21:283][946]BlueprintLog: New page: Compilar Potion
[2018.04.25-01.32.23:874][950]Cmd: OBJ SAVEPACKAGE PACKAGE="/Game/Inventory/Potion" FILE="../../../../../../Users/Usuario/Desktop/Pacto_de_HonoRPG/Codigo/Content/Inventory/Potion.uasset" SILENT=true
[2018.04.25-01.32.23:917][950]LogSavePackage: Save=31.32ms
[2018.04.25-01.32.23:917][950]LogSavePackage: Moving '../../../../../../Users/Usuario/Desktop/Pacto_de_HonoRPG/Codigo/Saved/Potion27572292482864F3592A16A7CC09588F.tmp' to '../../../../../../Users/Usuario/Desktop/Pacto_de_HonoRPG/Codigo/Content/Inventory/Potion.uasset'
[2018.04.25-01.32.23:921][950]LogSavePackage: Display: Finished SavePackage ../../../../../../Users/Usuario/Desktop/Pacto_de_HonoRPG/Codigo/Content/Inventory/Potion.uasset
[2018.04.25-01.32.28:862][966]Cmd: OBJ SAVEPACKAGE PACKAGE="/Game/MenuPrincipal/Main" FILE="../../../../../../Users/Usuario/Desktop/Pacto_de_HonoRPG/Codigo/Content/MenuPrincipal/Main.umap" SILENT=true AUTOSAVING=false KEEPDIRTY=false
[2018.04.25-01.32.29:528][966]LogSavePackage: Save=237.53ms
[2018.04.25-01.32.29:528][966]LogSavePackage: Moving '../../../../../../Users/Usuario/Desktop/Pacto_de_HonoRPG/Codigo/Saved/MainBCD24237477ED918E166BABBCCDF0574.tmp' to '../../../../../../Users/Usuario/Desktop/Pacto_de_HonoRPG/Codigo/Content/MenuPrincipal/Main.umap'
[2018.04.25-01.32.29:531][966]LogSavePackage: Display: Finished SavePackage ../../../../../../Users/Usuario/Desktop/Pacto_de_HonoRPG/Codigo/Content/MenuPrincipal/Main.umap
[2018.04.25-01.32.31:628][974]LogTemp: Repeating last play command: New Editor Window (PIE)
[2018.04.25-01.32.31:691][974]LogBlueprintUserMessages: Early PlayInEditor Detection: Level '/Game/MenuPrincipal/Main.Main:PersistentLevel' has LevelScriptBlueprint '/Game/MenuPrincipal/Main.Main:PersistentLevel.Main' with GeneratedClass '/Game/MenuPrincipal/Main.Main_C' with ClassGeneratedBy '/Game/MenuPrincipal/Main.Main:PersistentLevel.Main'
[2018.04.25-01.32.31:692][974]LogPlayLevel: PlayLevel: No blueprints needed recompiling
[2018.04.25-01.32.31:692][974]PIE: New page: Sesión PIE (reproducción en el editor): Main (24/04/2018 3:32:31 p. m.)
[2018.04.25-01.32.31:857][974]LogPlayLevel: Creating play world package: /Game/MenuPrincipal/UEDPIE_0_Main
[2018.04.25-01.32.31:858][974]LogPlayLevel: PIE: StaticDuplicateObject took: (0.001085s)
[2018.04.25-01.32.31:859][974]LogAIModule: Creating AISystem for world Main
[2018.04.25-01.32.31:859][974]LogPlayLevel: PIE: World Init took: (0.000674s)
[2018.04.25-01.32.31:859][974]LogPlayLevel: PIE: Created PIE world by copying editor world from /Game/MenuPrincipal/Main.Main to /Game/MenuPrincipal/UEDPIE_0_Main.Main (0.002079s)
[2018.04.25-01.32.31:890][974]LogInit: XAudio2 using 'Altavoces (Realtek High Definition Audio)' : 2 channels at 48 kHz using 32 bits per sample (channel mask 0x3)
[2018.04.25-01.32.31:900][974]LogInit: FAudioDevice initialized.
[2018.04.25-01.32.32:178][974]LogLoad: Game class is 'MyGame_C'
[2018.04.25-01.32.32:179][974]LogWorld: Bringing World /Game/MenuPrincipal/UEDPIE_0_Main.Main up for play (max tick rate 0) at 2018.04.24-20.32.32
[2018.04.25-01.32.32:179][974]LogWorld: Bringing up level for play took: 0.000643
[2018.04.25-01.32.32:180][974]LogGameMode: Display: Match State Changed from EnteringMap to WaitingToStart
[2018.04.25-01.32.32:180][974]LogGameState: Match State Changed from EnteringMap to WaitingToStart
[2018.04.25-01.32.32:180][974]LogGameMode: Display: Match State Changed from WaitingToStart to InProgress
[2018.04.25-01.32.32:183][974]LogGameState: Match State Changed from WaitingToStart to InProgress
[2018.04.25-01.32.32:188][974]PIE: Tiempo de inicio de la reproducción en el editor para  /Game/MenuPrincipal/UEDPIE_0_Main 0,593
[2018.04.25-01.32.32:188][974]LogBlueprintUserMessages: Late PlayInEditor Detection: Level '/Game/MenuPrincipal/Main.Main:PersistentLevel' has LevelScriptBlueprint '/Game/MenuPrincipal/Main.Main:PersistentLevel.Main' with GeneratedClass '/Game/MenuPrincipal/Main.Main_C' with ClassGeneratedBy '/Game/MenuPrincipal/Main.Main:PersistentLevel.Main'
[2018.04.25-01.32.45:312][  7]LogGameMode: Display: Match State Changed from InProgress to LeavingMap
[2018.04.25-01.32.45:312][  7]LogGameState: Match State Changed from InProgress to LeavingMap
[2018.04.25-01.32.45:313][  7]LogNet: Browse: /Game/MenuPrincipal/EntarMundo/Nivelesdemenu/SeleccionHeroe
[2018.04.25-01.32.45:441][  7]LogLoad: LoadMap: /Game/MenuPrincipal/EntarMundo/Nivelesdemenu/SeleccionHeroe
[2018.04.25-01.32.45:943][  7]LogAIModule: Creating AISystem for world SeleccionHeroe
[2018.04.25-01.32.45:943][  7]LogLoad: Game class is 'Crear_HeroeGM_C'
[2018.04.25-01.32.45:947][  7]LogWorld: Bringing World /Game/MenuPrincipal/EntarMundo/Nivelesdemenu/UEDPIE_0_SeleccionHeroe.SeleccionHeroe up for play (max tick rate 0) at 2018.04.24-20.32.45
[2018.04.25-01.32.45:947][  7]LogWorld: Bringing up level for play took: 0.002785
[2018.04.25-01.32.46:331][  7]LogScriptCore: Warning: Script Msg: Attempted to access index 2 from array 'ColumnData' of length 2 in '/Script/MySQL.MySQLDataTable'!
[2018.04.25-01.32.46:331][  7]LogScriptCore: Warning: Script Msg: Attempted to access index 3 from array 'ColumnData' of length 2 in '/Script/MySQL.MySQLDataTable'!
[2018.04.25-01.32.46:332][  7]LogScriptCore: Warning: Script Msg: Attempted to access index 2 from array 'ColumnData' of length 2 in '/Script/MySQL.MySQLDataTable'!
[2018.04.25-01.32.46:332][  7]LogScriptCore: Warning: Script Msg: Attempted to access index 3 from array 'ColumnData' of length 2 in '/Script/MySQL.MySQLDataTable'!
[2018.04.25-01.32.46:332][  7]LogLoad: Took 0.890705 seconds to LoadMap(/Game/MenuPrincipal/EntarMundo/Nivelesdemenu/SeleccionHeroe)
[2018.04.25-01.33.07:928][ 65]LogAnimation: Warning: Animation Base_H_Space1D is incompatible with skeleton Tigre_Skeleton, removing animation from actor.
[2018.04.25-01.33.09:887][ 71]LogNet: Browse: /Game/ThirdPerson/ThirdPersonBP/ThirdPersonExampleMap??llisten
[2018.04.25-01.33.10:293][ 71]LogLoad: LoadMap: /Game/ThirdPerson/ThirdPersonBP/ThirdPersonExampleMap??llisten
[2018.04.25-01.33.11:329][ 71]LogAIModule: Creating AISystem for world ThirdPersonExampleMap
[2018.04.25-01.33.11:329][ 71]LogLoad: Game class is 'MyGame_C'
[2018.04.25-01.33.11:350][ 71]LogWorld: Bringing World /Game/ThirdPerson/ThirdPersonBP/UEDPIE_0_ThirdPersonExampleMap.ThirdPersonExampleMap up for play (max tick rate 0) at 2018.04.24-20.33.11
[2018.04.25-01.33.11:351][ 71]LogWorld: Bringing up level for play took: 0.020330
[2018.04.25-01.33.11:351][ 71]LogGameMode: Display: Match State Changed from EnteringMap to WaitingToStart
[2018.04.25-01.33.11:351][ 71]LogGameState: Match State Changed from EnteringMap to WaitingToStart
[2018.04.25-01.33.11:351][ 71]LogGameMode: Display: Match State Changed from WaitingToStart to InProgress
[2018.04.25-01.33.11:354][ 71]LogGameState: Match State Changed from WaitingToStart to InProgress
[2018.04.25-01.33.11:354][ 71]LogLoad: Took 1.060882 seconds to LoadMap(/Game/ThirdPerson/ThirdPersonBP/ThirdPersonExampleMap)
[2018.04.25-01.35.20:958][902]LogBlueprintUserMessages: Early EndPlayMap Detection: Level '/Game/MenuPrincipal/Main.Main:PersistentLevel' has LevelScriptBlueprint '/Game/MenuPrincipal/Main.Main:PersistentLevel.Main' with GeneratedClass '/Game/MenuPrincipal/Main.Main_C' with ClassGeneratedBy '/Game/MenuPrincipal/Main.Main:PersistentLevel.Main'
[2018.04.25-01.35.21:097][902]LogBlueprintUserMessages: Late EndPlayMap Detection: Level '/Game/MenuPrincipal/Main.Main:PersistentLevel' has LevelScriptBlueprint '/Game/MenuPrincipal/Main.Main:PersistentLevel.Main' with GeneratedClass '/Game/MenuPrincipal/Main.Main_C' with ClassGeneratedBy '/Game/MenuPrincipal/Main.Main:PersistentLevel.Main'
[2018.04.25-01.35.27:471][976]Cmd: OBJ SAVEPACKAGE PACKAGE="/Game/Inventory/weapon1" FILE="../../../../../../Users/Usuario/Desktop/Pacto_de_HonoRPG/Codigo/Content/Inventory/weapon1.uasset" SILENT=true
[2018.04.25-01.35.27:498][976]LogSavePackage: Save=23.65ms
[2018.04.25-01.35.27:498][976]LogSavePackage: Moving '../../../../../../Users/Usuario/Desktop/Pacto_de_HonoRPG/Codigo/Saved/weapon1A10CC8A849C18DBCC875D1A7D8A23761.tmp' to '../../../../../../Users/Usuario/Desktop/Pacto_de_HonoRPG/Codigo/Content/Inventory/weapon1.uasset'
[2018.04.25-01.35.27:502][976]LogSavePackage: Display: Finished SavePackage ../../../../../../Users/Usuario/Desktop/Pacto_de_HonoRPG/Codigo/Content/Inventory/weapon1.uasset
[2018.04.25-01.35.27:722][976]LogActorComponent: UnregisterComponent: (/Engine/Transient.EditorFloorComp) Not registered. Aborting.
[2018.04.25-01.35.27:781][976]LogWindowsTextInputMethodSystem: Display: IME system now deactivated.
[2018.04.25-01.35.27:980][977]Cmd: QUIT_EDITOR
[2018.04.25-01.35.28:562][977]LogExit: Preparing to exit.
[2018.04.25-01.35.29:394][977]LogDirectoryWatcher: A directory notification for 'C:/Users/Usuario/Desktop/Pacto_de_HonoRPG/Codigo/Content/' was aborted.
[2018.04.25-01.35.29:427][977]LogExit: Editor shut down
[2018.04.25-01.35.29:431][977]LogExit: Transaction tracking system shut down
[2018.04.25-01.35.29:650][977]LogDirectoryWatcher: A directory notification for '../../../Engine/Content/' was aborted.
[2018.04.25-01.35.29:650][977]LogDirectoryWatcher: A directory notification for '../../../../../../Users/Usuario/Desktop/Pacto_de_HonoRPG/Codigo/Content/' was aborted.
[2018.04.25-01.35.29:650][977]LogDirectoryWatcher: A directory notification for '../../../Engine/Plugins/2D/Paper2D/Content/' was aborted.
[2018.04.25-01.35.29:650][977]LogDirectoryWatcher: A directory notification for '../../../Engine/Plugins/Marketplace/MySQL/Content/' was aborted.
[2018.04.25-01.35.29:650][977]LogDirectoryWatcher: A directory notification for '../../../Engine/Plugins/Media/MediaCompositing/Content/' was aborted.
[2018.04.25-01.35.29:650][977]LogDirectoryWatcher: A directory notification for '../../../Engine/Plugins/Runtime/AppleARKit/Content/' was aborted.
[2018.04.25-01.35.29:650][977]LogDirectoryWatcher: A directory notification for '../../../Engine/Plugins/Runtime/Oculus/OculusVR/Content/' was aborted.
[2018.04.25-01.35.29:650][977]LogDirectoryWatcher: A directory notification for '../../../Engine/Plugins/Runtime/Steam/SteamVR/Content/' was aborted.
[2018.04.25-01.35.29:793][977]LogExit: Object subsystem successfully closed.
[2018.04.25-01.35.29:818][977]LogD3D11RHI: Shutdown
[2018.04.25-01.35.29:818][977]LogD3D11RHI: CleanupD3DDevice
[2018.04.25-01.35.29:821][977]LogD3D11RHI: ~FD3D11DynamicRHI
[2018.04.25-01.35.29:834][977]LogModuleManager: Shutting down and abandoning module SequencerWidgets (562)
[2018.04.25-01.35.29:834][977]LogModuleManager: Shutting down and abandoning module BlueprintGraph (560)
[2018.04.25-01.35.29:834][977]LogModuleManager: Shutting down and abandoning module MovieSceneCapture (558)
[2018.04.25-01.35.29:834][977]LogModuleManager: Shutting down and abandoning module HierarchicalLODOutliner (556)
[2018.04.25-01.35.29:834][977]LogModuleManager: Shutting down and abandoning module DesktopPlatform (554)
[2018.04.25-01.35.29:834][977]LogModuleManager: Shutting down and abandoning module SceneOutliner (552)
[2018.04.25-01.35.29:834][977]LogModuleManager: Shutting down and abandoning module AddContentDialog (550)
[2018.04.25-01.35.29:834][977]LogDirectoryWatcher: A directory notification for 'C:/Program Files/Epic Games/UE_4.18/FeaturePacks/' was aborted.
[2018.04.25-01.35.29:835][977]LogModuleManager: Shutting down and abandoning module WidgetCarousel (549)
[2018.04.25-01.35.29:835][977]LogModuleManager: Shutting down and abandoning module EditorWidgets (546)
[2018.04.25-01.35.29:835][977]LogModuleManager: Shutting down and abandoning module CollectionManager (544)
[2018.04.25-01.35.29:835][977]LogDirectoryWatcher: A directory notification for 'C:/Users/Usuario/Desktop/Pacto_de_HonoRPG/Codigo/Content/Collections/' was aborted.
[2018.04.25-01.35.29:835][977]LogDirectoryWatcher: A directory notification for 'C:/Users/Usuario/Desktop/Pacto_de_HonoRPG/Codigo/Content/Developers/Usuario/Collections/' was aborted.
[2018.04.25-01.35.29:835][977]LogDirectoryWatcher: A directory notification for 'C:/Users/Usuario/Desktop/Pacto_de_HonoRPG/Codigo/Saved/Collections/' was aborted.
[2018.04.25-01.35.29:835][977]LogModuleManager: Shutting down and abandoning module StatsViewer (542)
[2018.04.25-01.35.29:835][977]LogModuleManager: Shutting down and abandoning module FoliageEdit (540)
[2018.04.25-01.35.29:835][977]LogModuleManager: Shutting down and abandoning module LandscapeEditor (538)
[2018.04.25-01.35.29:836][977]LogModuleManager: Shutting down and abandoning module MeshPaintMode (536)
[2018.04.25-01.35.29:836][977]LogModuleManager: Shutting down and abandoning module SceneDepthPickerMode (534)
[2018.04.25-01.35.29:836][977]LogModuleManager: Shutting down and abandoning module ActorPickerMode (532)
[2018.04.25-01.35.29:836][977]LogModuleManager: Shutting down and abandoning module GeometryMode (530)
[2018.04.25-01.35.29:836][977]LogModuleManager: Shutting down and abandoning module TextureAlignMode (528)
[2018.04.25-01.35.29:836][977]LogModuleManager: Shutting down and abandoning module BspMode (526)
[2018.04.25-01.35.29:836][977]LogModuleManager: Shutting down and abandoning module PIEPreviewDeviceProfileSelector (524)
[2018.04.25-01.35.29:836][977]LogModuleManager: Shutting down and abandoning module HardwareSurvey (522)
[2018.04.25-01.35.29:836][977]LogModuleManager: Shutting down and abandoning module SequenceRecorderSections (520)
[2018.04.25-01.35.29:836][977]LogModuleManager: Shutting down and abandoning module AutomationWorker (518)
[2018.04.25-01.35.29:836][977]LogModuleManager: Shutting down and abandoning module MatineeToLevelSequence (516)
[2018.04.25-01.35.29:836][977]LogModuleManager: Shutting down and abandoning module LevelSequenceEditor (514)
[2018.04.25-01.35.29:836][977]LogModuleManager: Shutting down and abandoning module PlacementMode (513)
[2018.04.25-01.35.29:836][977]LogModuleManager: Shutting down and abandoning module WmfMediaFactory (510)
[2018.04.25-01.35.29:836][977]LogModuleManager: Shutting down and abandoning module WmfMediaEditor (508)
[2018.04.25-01.35.29:836][977]LogModuleManager: Shutting down and abandoning module OpenExrWrapper (506)
[2018.04.25-01.35.29:836][977]LogModuleManager: Shutting down and abandoning module ImgMediaFactory (504)
[2018.04.25-01.35.29:836][977]LogModuleManager: Shutting down and abandoning module ImgMediaEditor (502)
[2018.04.25-01.35.29:836][977]LogModuleManager: Shutting down and abandoning module AvfMediaFactory (500)
[2018.04.25-01.35.29:836][977]LogModuleManager: Shutting down and abandoning module AvfMediaEditor (498)
[2018.04.25-01.35.29:836][977]LogModuleManager: Shutting down and abandoning module AndroidMediaFactory (496)
[2018.04.25-01.35.29:836][977]LogModuleManager: Shutting down and abandoning module AndroidMediaEditor (494)
[2018.04.25-01.35.29:836][977]LogModuleManager: Shutting down and abandoning module CharacterAI (492)
[2018.04.25-01.35.29:836][977]LogModuleManager: Shutting down and abandoning module AudioCapture (490)
[2018.04.25-01.35.29:836][977]LogModuleManager: Shutting down and abandoning module SequenceRecorder (489)
[2018.04.25-01.35.29:836][977]LogModuleManager: Shutting down and abandoning module SmartSnapping (486)
[2018.04.25-01.35.29:836][977]LogModuleManager: Shutting down and abandoning module SessionServices (484)
[2018.04.25-01.35.29:836][977]LogModuleManager: Shutting down and abandoning module ViewportSnapping (482)
[2018.04.25-01.35.29:836][977]LogModuleManager: Shutting down and abandoning module ViewportInteraction (480)
[2018.04.25-01.35.29:836][977]LogModuleManager: Shutting down and abandoning module ClothPainter (478)
[2018.04.25-01.35.29:836][977]LogModuleManager: Shutting down and abandoning module SkeletalMeshEditor (477)
[2018.04.25-01.35.29:836][977]LogModuleManager: Shutting down and abandoning module LogVisualizer (474)
[2018.04.25-01.35.29:836][977]LogModuleManager: Shutting down and abandoning module IntroTutorials (472)
[2018.04.25-01.35.29:836][977]LogModuleManager: Shutting down and abandoning module GameProjectGeneration (471)
[2018.04.25-01.35.29:836][977]LogModuleManager: Shutting down and abandoning module IOSPlatformEditor (468)
[2018.04.25-01.35.29:836][977]LogModuleManager: Shutting down and abandoning module HTML5PlatformEditor (466)
[2018.04.25-01.35.29:836][977]LogModuleManager: Shutting down and abandoning module AndroidPlatformEditor (464)
[2018.04.25-01.35.29:836][977]LogModuleManager: Shutting down and abandoning module AndroidDeviceDetection (463)
[2018.04.25-01.35.30:592][977]LogModuleManager: Shutting down and abandoning module WindowsPlatformEditor (460)
[2018.04.25-01.35.30:592][977]LogModuleManager: Shutting down and abandoning module IOSRuntimeSettings (458)
[2018.04.25-01.35.30:592][977]LogModuleManager: Shutting down and abandoning module AndroidRuntimeSettings (456)
[2018.04.25-01.35.30:592][977]LogModuleManager: Shutting down and abandoning module InputBindingEditor (454)
[2018.04.25-01.35.30:592][977]LogModuleManager: Shutting down and abandoning module MergeActors (452)
[2018.04.25-01.35.30:592][977]LogModuleManager: Shutting down and abandoning module SizeMap (450)
[2018.04.25-01.35.30:592][977]LogModuleManager: Shutting down and abandoning module TreeMap (448)
[2018.04.25-01.35.30:592][977]LogModuleManager: Shutting down and abandoning module ReferenceViewer (446)
[2018.04.25-01.35.30:592][977]LogModuleManager: Shutting down and abandoning module LocalizationDashboard (444)
[2018.04.25-01.35.30:592][977]LogModuleManager: Shutting down and abandoning module LocalizationService (443)
[2018.04.25-01.35.30:592][977]LogModuleManager: Shutting down and abandoning module HardwareTargeting (440)
[2018.04.25-01.35.30:592][977]LogModuleManager: Shutting down and abandoning module DeviceProfileEditor (438)
[2018.04.25-01.35.30:592][977]LogModuleManager: Shutting down and abandoning module UndoHistory (436)
[2018.04.25-01.35.30:592][977]LogModuleManager: Shutting down and abandoning module XmlParser (434)
[2018.04.25-01.35.30:593][977]LogModuleManager: Shutting down and abandoning module Blutility (432)
[2018.04.25-01.35.30:593][977]LogModuleManager: Shutting down and abandoning module ProjectSettingsViewer (430)
[2018.04.25-01.35.30:593][977]LogModuleManager: Shutting down and abandoning module ProjectTargetPlatformEditor (429)
[2018.04.25-01.35.30:593][977]LogModuleManager: Shutting down and abandoning module EditorSettingsViewer (426)
[2018.04.25-01.35.30:593][977]LogModuleManager: Shutting down and abandoning module SettingsEditor (424)
[2018.04.25-01.35.30:593][977]LogModuleManager: Shutting down and abandoning module ProjectLauncher (422)
[2018.04.25-01.35.30:593][977]LogModuleManager: Shutting down and abandoning module SessionFrontend (420)
[2018.04.25-01.35.30:593][977]LogModuleManager: Shutting down and abandoning module ProfilerClient (418)
[2018.04.25-01.35.30:593][977]LogModuleManager: Shutting down and abandoning module DeviceManager (416)
[2018.04.25-01.35.30:593][977]LogModuleManager: Shutting down and abandoning module TargetDeviceServices (415)
[2018.04.25-01.35.30:648][977]LogModuleManager: Shutting down and abandoning module AutomationController (412)
[2018.04.25-01.35.30:648][977]LogModuleManager: Shutting down and abandoning module AutomationWindow (410)
[2018.04.25-01.35.30:648][977]LogModuleManager: Shutting down and abandoning module Layers (408)
[2018.04.25-01.35.30:648][977]LogModuleManager: Shutting down and abandoning module ComponentVisualizers (406)
[2018.04.25-01.35.30:648][977]LogModuleManager: Shutting down and abandoning module DetailCustomizations (404)
[2018.04.25-01.35.30:648][977]LogModuleManager: Shutting down and abandoning module PackagesDialog (402)
[2018.04.25-01.35.30:648][977]LogModuleManager: Shutting down and abandoning module Persona (400)
[2018.04.25-01.35.30:648][977]LogModuleManager: Shutting down and abandoning module AdvancedPreviewScene (399)
[2018.04.25-01.35.30:648][977]LogModuleManager: Shutting down and abandoning module AnimGraph (397)
[2018.04.25-01.35.30:648][977]LogModuleManager: Shutting down and abandoning module Kismet (394)
[2018.04.25-01.35.30:657][977]LogModuleManager: Shutting down and abandoning module ClassViewer (392)
[2018.04.25-01.35.30:657][977]LogModuleManager: Shutting down and abandoning module Toolbox (390)
[2018.04.25-01.35.30:657][977]LogModuleManager: Shutting down and abandoning module ModuleUI (388)
[2018.04.25-01.35.30:657][977]LogModuleManager: Shutting down and abandoning module MovieSceneTools (386)
[2018.04.25-01.35.30:657][977]LogModuleManager: Shutting down and abandoning module OutputLog (384)
[2018.04.25-01.35.30:657][977]LogModuleManager: Shutting down and abandoning module GammaUI (382)
[2018.04.25-01.35.30:657][977]LogModuleManager: Shutting down and abandoning module Documentation (380)
[2018.04.25-01.35.30:657][977]LogModuleManager: Shutting down and abandoning module MovieSceneTracks (378)
[2018.04.25-01.35.30:657][977]LogModuleManager: Shutting down and abandoning module MovieScene (376)
[2018.04.25-01.35.30:657][977]LogModuleManager: Shutting down and abandoning module StreamingPauseRendering (374)
[2018.04.25-01.35.30:657][977]LogModuleManager: Shutting down and abandoning module LauncherPlatform (372)
[2018.04.25-01.35.30:657][977]LogModuleManager: Shutting down and abandoning module AnalyticsET (370)
[2018.04.25-01.35.30:657][977]LogModuleManager: Shutting down and abandoning module PortalServices (368)
[2018.04.25-01.35.30:657][977]LogModuleManager: Shutting down and abandoning module PortalRpc (366)
[2018.04.25-01.35.30:657][977]LogModuleManager: Shutting down and abandoning module MessagingRpc (364)
[2018.04.25-01.35.30:657][977]LogModuleManager: Shutting down and abandoning module AIModule (362)
[2018.04.25-01.35.30:657][977]LogModuleManager: Shutting down and abandoning module GameplayDebugger (361)
[2018.04.25-01.35.30:657][977]LogModuleManager: Shutting down and abandoning module AITestSuite (359)
[2018.04.25-01.35.30:657][977]LogModuleManager: Shutting down and abandoning module ProfilerService (356)
[2018.04.25-01.35.30:658][977]LogModuleManager: Shutting down and abandoning module TaskGraph (354)
[2018.04.25-01.35.30:658][977]LogModuleManager: Shutting down and abandoning module SteamVRController (352)
[2018.04.25-01.35.30:658][977]LogModuleManager: Shutting down and abandoning module ProceduralMeshComponentEditor (350)
[2018.04.25-01.35.30:658][977]LogModuleManager: Shutting down and abandoning module ProceduralMeshComponent (348)
[2018.04.25-01.35.30:658][977]LogModuleManager: Shutting down and abandoning module OculusInput (346)
[2018.04.25-01.35.30:658][977]LogModuleManager: Shutting down and abandoning module MobilePatchingUtils (344)
[2018.04.25-01.35.30:658][977]LogModuleManager: Shutting down and abandoning module CustomMeshComponent (342)
[2018.04.25-01.35.30:658][977]LogModuleManager: Shutting down and abandoning module CableComponent (340)
[2018.04.25-01.35.30:658][977]LogModuleManager: Shutting down and abandoning module ArchVisCharacter (338)
[2018.04.25-01.35.30:658][977]LogModuleManager: Shutting down and abandoning module AndroidPermission (336)
[2018.04.25-01.35.30:658][977]LogModuleManager: Shutting down and abandoning module ActorSequence (332)
[2018.04.25-01.35.30:658][977]LogModuleManager: Shutting down and abandoning module MediaPlayerEditor (330)
[2018.04.25-01.35.30:658][977]LogModuleManager: Shutting down and abandoning module MediaCompositingEditor (328)
[2018.04.25-01.35.30:658][977]LogModuleManager: Shutting down and abandoning module MediaCompositing (326)
[2018.04.25-01.35.30:658][977]LogModuleManager: Shutting down and abandoning module VaRestEditorPlugin (324)
[2018.04.25-01.35.30:658][977]LogModuleManager: Shutting down and abandoning module MySQL (322)
[2018.04.25-01.35.30:658][977]LogModuleManager: Shutting down and abandoning module HTML5Networking (320)
[2018.04.25-01.35.30:658][977]LogModuleManager: Shutting down and abandoning module AlembicImporter (318)
[2018.04.25-01.35.30:658][977]LogModuleManager: Shutting down and abandoning module AlembicLibrary (317)
[2018.04.25-01.35.30:658][977]LogModuleManager: Shutting down and abandoning module GeometryCache (316)
[2018.04.25-01.35.30:658][977]LogModuleManager: Shutting down and abandoning module GeometryCacheEd (315)
[2018.04.25-01.35.30:659][977]LogModuleManager: Shutting down and abandoning module SpeedTreeImporter (310)
[2018.04.25-01.35.30:659][977]LogModuleManager: Shutting down and abandoning module PluginBrowser (308)
[2018.04.25-01.35.30:659][977]LogModuleManager: Shutting down and abandoning module MobileLauncherProfileWizard (306)
[2018.04.25-01.35.30:659][977]LogModuleManager: Shutting down and abandoning module VisualStudioSourceCodeAccess (304)
[2018.04.25-01.35.30:659][977]LogModuleManager: Shutting down and abandoning module VisualStudioCodeSourceCodeAccess (302)
[2018.04.25-01.35.30:659][977]LogModuleManager: Shutting down and abandoning module UObjectPlugin (300)
[2018.04.25-01.35.30:659][977]LogModuleManager: Shutting down and abandoning module SubversionSourceControl (298)
[2018.04.25-01.35.30:659][977]LogModuleManager: Shutting down and abandoning module PerforceSourceControl (296)
[2018.04.25-01.35.30:659][977]LogModuleManager: Shutting down and abandoning module GitSourceControl (294)
[2018.04.25-01.35.30:659][977]LogModuleManager: Shutting down and abandoning module SourceControl (293)
[2018.04.25-01.35.30:659][977]LogModuleManager: Shutting down and abandoning module LightPropagationVolumeEditor (290)
[2018.04.25-01.35.30:659][977]LogModuleManager: Shutting down and abandoning module PaperTiledImporter (288)
[2018.04.25-01.35.30:659][977]LogModuleManager: Shutting down and abandoning module PaperSpriteSheetImporter (286)
[2018.04.25-01.35.30:659][977]LogModuleManager: Shutting down and abandoning module Paper2DEditor (284)
[2018.04.25-01.35.30:659][977]LogModuleManager: Shutting down and abandoning module MeshPaint (283)
[2018.04.25-01.35.30:659][977]LogModuleManager: Shutting down and abandoning module LevelEditor (281)
[2018.04.25-01.35.30:660][977]LogModuleManager: Shutting down and abandoning module PixelInspectorModule (280)
[2018.04.25-01.35.30:660][977]LogModuleManager: Shutting down and abandoning module MainFrame (278)
[2018.04.25-01.35.30:660][977]LogModuleManager: Shutting down and abandoning module HotReload (277)
[2018.04.25-01.35.30:660][977]LogDirectoryWatcher: A directory notification for 'C:/Users/Usuario/Desktop/Pacto_de_HonoRPG/Codigo/Binaries/Win64' was aborted.
[2018.04.25-01.35.30:660][977]LogModuleManager: Shutting down and abandoning module Pacto_de_Honor (272)
[2018.04.25-01.35.30:660][977]LogModuleManager: Shutting down and abandoning module RuntimePhysXCooking (270)
[2018.04.25-01.35.30:660][977]LogModuleManager: Shutting down and abandoning module PhysXVehiclesEditor (268)
[2018.04.25-01.35.30:660][977]LogModuleManager: Shutting down and abandoning module PhysXVehicles (266)
[2018.04.25-01.35.30:660][977]LogModuleManager: Shutting down and abandoning module OculusEditor (264)
[2018.04.25-01.35.30:660][977]LogModuleManager: Shutting down and abandoning module LocationServicesBPLibrary (262)
[2018.04.25-01.35.30:661][977]LogModuleManager: Shutting down and abandoning module ImmediatePhysicsEditor (260)
[2018.04.25-01.35.30:661][977]LogModuleManager: Shutting down and abandoning module ImmediatePhysics (258)
[2018.04.25-01.35.30:661][977]LogModuleManager: Shutting down and abandoning module UdpMessaging (256)
[2018.04.25-01.35.30:761][977]LogModuleManager: Shutting down and abandoning module TcpMessaging (254)
[2018.04.25-01.35.30:861][977]LogModuleManager: Shutting down and abandoning module VaRestPlugin (252)
[2018.04.25-01.35.30:861][977]LogModuleManager: Shutting down and abandoning module GameplayTagsEditor (250)
[2018.04.25-01.35.30:861][977]LogModuleManager: Shutting down and abandoning module FacialAnimationEditor (248)
[2018.04.25-01.35.30:861][977]LogModuleManager: Shutting down and abandoning module FacialAnimation (246)
[2018.04.25-01.35.30:861][977]LogModuleManager: Shutting down and abandoning module AssetManagerEditor (244)
[2018.04.25-01.35.30:861][977]LogModuleManager: Shutting down and abandoning module GraphEditor (243)
[2018.04.25-01.35.30:861][977]LogModuleManager: Shutting down and abandoning module ContentBrowser (241)
[2018.04.25-01.35.30:862][977]LogModuleManager: Shutting down and abandoning module LightPropagationVolumeRuntime (238)
[2018.04.25-01.35.30:862][977]LogModuleManager: Shutting down and abandoning module Paper2D (236)
[2018.04.25-01.35.30:862][977]LogModuleManager: Shutting down and abandoning module WindowsMoviePlayer (234)
[2018.04.25-01.35.30:862][977]LogModuleManager: Shutting down and abandoning module WmfMedia (232)
[2018.04.25-01.35.30:862][977]LogModuleManager: Shutting down and abandoning module ImgMedia (230)
[2018.04.25-01.35.30:862][977]LogModuleManager: Shutting down and abandoning module PacketHandler (228)
[2018.04.25-01.35.30:862][977]LogModuleManager: Shutting down and abandoning module ClothingSystemEditor (226)
[2018.04.25-01.35.30:862][977]LogModuleManager: Shutting down and abandoning module ClothingSystemRuntime (224)
[2018.04.25-01.35.30:862][977]LogModuleManager: Shutting down and abandoning module MediaAssets (222)
[2018.04.25-01.35.30:863][977]LogModuleManager: Shutting down and abandoning module Media (221)
[2018.04.25-01.35.30:869][977]LogModuleManager: Shutting down and abandoning module Overlay (218)
[2018.04.25-01.35.30:869][977]LogModuleManager: Shutting down and abandoning module OverlayEditor (217)
[2018.04.25-01.35.30:869][977]LogModuleManager: Shutting down and abandoning module VREditor (214)
[2018.04.25-01.35.30:869][977]LogModuleManager: Shutting down and abandoning module StringTableEditor (212)
[2018.04.25-01.35.30:869][977]LogModuleManager: Shutting down and abandoning module GameplayTasksEditor (210)
[2018.04.25-01.35.30:869][977]LogModuleManager: Shutting down and abandoning module BehaviorTreeEditor (208)
[2018.04.25-01.35.30:869][977]LogModuleManager: Shutting down and abandoning module FunctionalTesting (206)
[2018.04.25-01.35.30:869][977]LogModuleManager: Shutting down and abandoning module CollisionAnalyzer (204)
[2018.04.25-01.35.30:869][977]LogModuleManager: Shutting down and abandoning module WorkspaceMenuStructure (203)
[2018.04.25-01.35.30:869][977]LogModuleManager: Shutting down and abandoning module UMG (200)
[2018.04.25-01.35.30:869][977]LogModuleManager: Shutting down and abandoning module UMGEditor (199)
[2018.04.25-01.35.30:870][977]LogModuleManager: Shutting down and abandoning module Sequencer (198)
[2018.04.25-01.35.30:870][977]LogModuleManager: Shutting down and abandoning module MessageLog (195)
[2018.04.25-01.35.30:870][977]LogModuleManager: Shutting down and abandoning module SlateReflector (190)
[2018.04.25-01.35.30:870][977]LogModuleManager: Shutting down and abandoning module Slate (188)
[2018.04.25-01.35.30:870][977]LogModuleManager: Shutting down and abandoning module EditorStyle (186)
[2018.04.25-01.35.30:872][977]LogModuleManager: Shutting down and abandoning module MRMesh (184)
[2018.04.25-01.35.30:872][977]LogModuleManager: Shutting down and abandoning module SourceCodeAccess (182)
[2018.04.25-01.35.30:872][977]LogModuleManager: Shutting down and abandoning module HeadMountedDisplay (180)
[2018.04.25-01.35.30:872][977]LogModuleManager: Shutting down and abandoning module XAudio2 (178)
[2018.04.25-01.35.30:872][977]LogModuleManager: Shutting down and abandoning module Networking (176)
[2018.04.25-01.35.30:872][977]LogModuleManager: Shutting down and abandoning module Core (172)
[2018.04.25-01.35.30:872][977]LogModuleManager: Shutting down and abandoning module LevelSequence (168)
[2018.04.25-01.35.30:872][977]LogModuleManager: Shutting down and abandoning module DirectoryWatcher (166)
[2018.04.25-01.35.30:873][977]LogModuleManager: Shutting down and abandoning module KismetCompiler (164)
[2018.04.25-01.35.30:873][977]LogModuleManager: Shutting down and abandoning module MeshUtilities (162)
[2018.04.25-01.35.30:873][977]LogModuleManager: Shutting down and abandoning module MeshMergeUtilities (161)
[2018.04.25-01.35.30:873][977]LogModuleManager: Shutting down and abandoning module MeshReductionInterface (160)
[2018.04.25-01.35.30:873][977]LogModuleManager: Shutting down and abandoning module SimplygonSwarm (159)
[2018.04.25-01.35.30:873][977]LogModuleManager: Shutting down and abandoning module SimplygonMeshReduction (157)
[2018.04.25-01.35.30:873][977]LogModuleManager: Shutting down and abandoning module QuadricMeshReduction (155)
[2018.04.25-01.35.30:873][977]LogModuleManager: Shutting down and abandoning module MaterialBaking (151)
[2018.04.25-01.35.30:873][977]LogModuleManager: Shutting down and abandoning module DerivedDataCache (148)
[2018.04.25-01.35.30:901][977]LogDerivedDataCache: Shutdown
[2018.04.25-01.35.30:901][977]LogModuleManager: Shutting down and abandoning module TargetPlatform (146)
[2018.04.25-01.35.30:901][977]LogModuleManager: Shutting down and abandoning module VulkanShaderFormat (145)
[2018.04.25-01.35.30:901][977]LogModuleManager: Shutting down and abandoning module ShaderFormatVectorVM (143)
[2018.04.25-01.35.30:901][977]LogModuleManager: Shutting down and abandoning module ShaderFormatOpenGL (141)
[2018.04.25-01.35.30:901][977]LogModuleManager: Shutting down and abandoning module ShaderFormatD3D (139)
[2018.04.25-01.35.30:901][977]LogModuleManager: Shutting down and abandoning module MetalShaderFormat (137)
[2018.04.25-01.35.30:901][977]LogModuleManager: Shutting down and abandoning module TextureFormatUncompressed (135)
[2018.04.25-01.35.30:901][977]LogModuleManager: Shutting down and abandoning module TextureFormatPVR (133)
[2018.04.25-01.35.30:901][977]LogModuleManager: Shutting down and abandoning module TextureFormatDXT (131)
[2018.04.25-01.35.30:901][977]LogModuleManager: Shutting down and abandoning module TextureFormatIntelISPCTexComp (129)
[2018.04.25-01.35.30:901][977]LogModuleManager: Shutting down and abandoning module TextureFormatASTC (127)
[2018.04.25-01.35.30:901][977]LogModuleManager: Shutting down and abandoning module ImageWrapper (126)
[2018.04.25-01.35.30:901][977]LogModuleManager: Shutting down and abandoning module TextureFormatAndroid (123)
[2018.04.25-01.35.30:902][977]LogModuleManager: Shutting down and abandoning module AudioFormatOpus (121)
[2018.04.25-01.35.30:902][977]LogModuleManager: Shutting down and abandoning module AudioFormatOgg (119)
[2018.04.25-01.35.30:902][977]LogModuleManager: Shutting down and abandoning module AudioFormatADPCM (117)
[2018.04.25-01.35.30:902][977]LogModuleManager: Shutting down and abandoning module LinuxTargetPlatform (115)
[2018.04.25-01.35.30:902][977]LogModuleManager: Shutting down and abandoning module LinuxServerTargetPlatform (113)
[2018.04.25-01.35.30:902][977]LogModuleManager: Shutting down and abandoning module LinuxNoEditorTargetPlatform (111)
[2018.04.25-01.35.30:902][977]LogModuleManager: Shutting down and abandoning module LinuxClientTargetPlatform (109)
[2018.04.25-01.35.30:902][977]LogModuleManager: Shutting down and abandoning module TVOSTargetPlatform (107)
[2018.04.25-01.35.30:902][977]LogModuleManager: Shutting down and abandoning module Messaging (105)
[2018.04.25-01.35.30:902][977]LogModuleManager: Shutting down and abandoning module IOSTargetPlatform (103)
[2018.04.25-01.35.30:902][977]LogModuleManager: Shutting down and abandoning module HTML5TargetPlatform (101)
[2018.04.25-01.35.30:902][977]LogModuleManager: Shutting down and abandoning module AndroidTargetPlatform (99)
[2018.04.25-01.35.30:902][977]LogModuleManager: Shutting down and abandoning module Android_PVRTCTargetPlatform (97)
[2018.04.25-01.35.30:902][977]LogModuleManager: Shutting down and abandoning module Android_MultiTargetPlatform (95)
[2018.04.25-01.35.30:902][977]LogModuleManager: Shutting down and abandoning module Android_ETC2TargetPlatform (93)
[2018.04.25-01.35.30:902][977]LogModuleManager: Shutting down and abandoning module Android_ETC1TargetPlatform (91)
[2018.04.25-01.35.30:902][977]LogModuleManager: Shutting down and abandoning module Android_DXTTargetPlatform (89)
[2018.04.25-01.35.30:902][977]LogModuleManager: Shutting down and abandoning module Android_ATCTargetPlatform (87)
[2018.04.25-01.35.30:902][977]LogModuleManager: Shutting down and abandoning module Android_ASTCTargetPlatform (85)
[2018.04.25-01.35.30:902][977]LogModuleManager: Shutting down and abandoning module WindowsTargetPlatform (83)
[2018.04.25-01.35.30:902][977]LogModuleManager: Shutting down and abandoning module WindowsServerTargetPlatform (81)
[2018.04.25-01.35.30:902][977]LogModuleManager: Shutting down and abandoning module WindowsNoEditorTargetPlatform (79)
[2018.04.25-01.35.30:902][977]LogModuleManager: Shutting down and abandoning module WindowsClientTargetPlatform (77)
[2018.04.25-01.35.30:902][977]LogModuleManager: Shutting down and abandoning module MacTargetPlatform (75)
[2018.04.25-01.35.30:902][977]LogModuleManager: Shutting down and abandoning module MacServerTargetPlatform (73)
[2018.04.25-01.35.30:902][977]LogModuleManager: Shutting down and abandoning module MacNoEditorTargetPlatform (71)
[2018.04.25-01.35.30:902][977]LogModuleManager: Shutting down and abandoning module MacClientTargetPlatform (69)
[2018.04.25-01.35.30:902][977]LogModuleManager: Shutting down and abandoning module AllDesktopTargetPlatform (67)
[2018.04.25-01.35.30:902][977]LogModuleManager: Shutting down and abandoning module InputCore (64)
[2018.04.25-01.35.30:902][977]LogModuleManager: Shutting down and abandoning module Settings (62)
[2018.04.25-01.35.30:902][977]LogModuleManager: Shutting down and abandoning module PhysXCooking (60)
[2018.04.25-01.35.30:902][977]LogModuleManager: Shutting down and abandoning module SteamVR (58)
[2018.04.25-01.35.30:902][977]LogModuleManager: Shutting down and abandoning module OculusHMD (56)
[2018.04.25-01.35.30:902][977]LogModuleManager: Shutting down and abandoning module ExampleDeviceProfileSelector (54)
[2018.04.25-01.35.30:902][977]LogModuleManager: Shutting down and abandoning module AppleARKit (52)
[2018.04.25-01.35.30:902][977]LogModuleManager: Shutting down and abandoning module AugmentedReality (51)
[2018.04.25-01.35.30:902][977]LogModuleManager: Shutting down and abandoning module OnlineBlueprintSupport (48)
[2018.04.25-01.35.30:902][977]LogModuleManager: Shutting down and abandoning module OnlineSubsystem (44)
[2018.04.25-01.35.30:902][977]LogModuleManager: Shutting down and abandoning module XMPP (43)
[2018.04.25-01.35.30:902][977]LogModuleManager: Shutting down and abandoning module HTTP (41)
[2018.04.25-01.35.30:902][977]LogHttp: Display: Http module shutting down, but needs to wait on 1 outstanding Http requests:
[2018.04.25-01.35.30:902][977]LogHttp: Display: 	verb=[POST] url=[https://datarouter.ol.epicgames.com/datarouter/api/v1/public/data?SessionID=%7BE5F52BB7-4EA9-011D-237E-99AD8DD37529%7D&AppID=UEEditor.Rocket.Release&AppVersion=4.18.3-3832480%2B%2B%2BUE4%2BRelease-4.18&UserID=2f3204424fee2b5c054cc2bf4cadedc5%7C4b6869033aee450e97da295a0055c4f0%7Cbb5f7d8d-f162-4e68-8138-f0c9566eafe1&AppEnvironment=datacollector-binary&UploadType=eteventstream] status=Processing
[2018.04.25-01.35.30:928][977]LogModuleManager: Shutting down and abandoning module SSL (40)
[2018.04.25-01.35.30:929][977]LogModuleManager: Shutting down and abandoning module AnimationModifiers (36)
[2018.04.25-01.35.30:929][977]LogModuleManager: Shutting down and abandoning module PropertyEditor (35)
[2018.04.25-01.35.30:929][977]LogModuleManager: Shutting down and abandoning module AudioEditor (32)
[2018.04.25-01.35.30:929][977]LogModuleManager: Shutting down and abandoning module TextureCompressor (30)
[2018.04.25-01.35.30:929][977]LogModuleManager: Shutting down and abandoning module ShaderCore (28)
[2018.04.25-01.35.30:929][977]LogModuleManager: Shutting down and abandoning module Landscape (26)
[2018.04.25-01.35.30:929][977]LogModuleManager: Shutting down and abandoning module SlateRHIRenderer (24)
[2018.04.25-01.35.30:930][977]LogModuleManager: Shutting down and abandoning module OpenGLDrv (22)
[2018.04.25-01.35.30:930][977]LogModuleManager: Shutting down and abandoning module D3D11RHI (20)
[2018.04.25-01.35.30:930][977]LogModuleManager: Shutting down and abandoning module AnimGraphRuntime (18)
[2018.04.25-01.35.30:930][977]LogModuleManager: Shutting down and abandoning module Renderer (16)
[2018.04.25-01.35.30:931][977]LogModuleManager: Shutting down and abandoning module Engine (14)
[2018.04.25-01.35.30:931][977]LogModuleManager: Shutting down and abandoning module CoreUObject (12)
[2018.04.25-01.35.30:931][977]LogModuleManager: Shutting down and abandoning module NetworkFile (10)
[2018.04.25-01.35.30:931][977]LogModuleManager: Shutting down and abandoning module CookedIterativeFile (8)
[2018.04.25-01.35.30:931][977]LogModuleManager: Shutting down and abandoning module StreamingFile (6)
[2018.04.25-01.35.30:931][977]LogModuleManager: Shutting down and abandoning module SandboxFile (4)
[2018.04.25-01.35.30:931][977]LogModuleManager: Shutting down and abandoning module PakFile (2)
[2018.04.25-01.35.30:934][977]LogExit: Exiting.
[2018.04.25-01.35.30:953][977]Log file closed, 04/24/18 20:35:30
