Log file open, 04/24/18 14:57:37
LogWindows: Failed to load 'aqProf.dll' (GetLastError=126)
LogWindows: File 'aqProf.dll' does not exist
LogWindows: Failed to load 'VSPerf140.dll' (GetLastError=126)
LogWindows: File 'VSPerf140.dll' does not exist
LogWindows: Failed to load 'VtuneApi.dll' (GetLastError=126)
LogWindows: File 'VtuneApi.dll' does not exist
LogWindows: Failed to load 'VtuneApi32e.dll' (GetLastError=126)
LogWindows: File 'VtuneApi32e.dll' does not exist
LogInit: Display: Running engine for game: Pacto_de_Honor
LogPlatformFile: Not using cached read wrapper
LogInit: Display: RandInit(-2093670968) SRandInit(-2093670968).
LogInit: Read version file with build ID '3709383'
LogInit: Overriding engine version to CL 3832480, compatible CL 3709383
LogInit: Registered custom module enumerator with build ID '3709383'
LogTaskGraph: Started task graph with 5 named threads and 14 total threads with 3 sets of task threads.
LogStats: Stats thread started at 0.187912
LogD3D11RHI: Aftermath initialized
LogPluginManager: Mounting plugin Paper2D
LogPluginManager: Mounting plugin LightPropagationVolume
LogPluginManager: Mounting plugin CodeLiteSourceCodeAccess
LogPluginManager: Mounting plugin GitSourceControl
LogPluginManager: Mounting plugin KDevelopSourceCodeAccess
LogPluginManager: Mounting plugin NullSourceCodeAccess
LogPluginManager: Mounting plugin PerforceSourceControl
LogPluginManager: Mounting plugin SubversionSourceControl
LogPluginManager: Mounting plugin UObjectPlugin
LogPluginManager: Mounting plugin VisualStudioCodeSourceCodeAccess
LogPluginManager: Mounting plugin VisualStudioSourceCodeAccess
LogPluginManager: Mounting plugin XCodeSourceCodeAccess
LogPluginManager: Mounting plugin AssetManagerEditor
LogPluginManager: Mounting plugin AudioCapture
LogPluginManager: Mounting plugin FacialAnimation
LogPluginManager: Mounting plugin GameplayTagsEditor
LogPluginManager: Mounting plugin MobileLauncherProfileWizard
LogPluginManager: Mounting plugin PluginBrowser
LogPluginManager: Mounting plugin SpeedTreeImporter
LogPluginManager: Mounting plugin AlembicImporter
LogPluginManager: Mounting plugin CharacterAI
LogPluginManager: Mounting plugin HTML5Networking
LogPluginManager: Mounting plugin VaRestPlugin
LogPluginManager: Mounting plugin AndroidMedia
LogPluginManager: Mounting plugin AvfMedia
LogPluginManager: Mounting plugin ImgMedia
LogPluginManager: Mounting plugin MediaCompositing
LogPluginManager: Mounting plugin MediaPlayerEditor
LogPluginManager: Mounting plugin WmfMedia
LogPluginManager: Mounting plugin TcpMessaging
LogPluginManager: Mounting plugin UdpMessaging
LogPluginManager: Mounting plugin ActorSequence
LogPluginManager: Mounting plugin LevelSequenceEditor
LogPluginManager: Mounting plugin MatineeToLevelSequence
LogPluginManager: Mounting plugin MySQL
LogPluginManager: Mounting plugin OnlineSubsystemGooglePlay
LogPluginManager: Mounting plugin OnlineSubsystemIOS
LogPluginManager: Mounting plugin OnlineSubsystem
LogPluginManager: Mounting plugin OnlineSubsystemNull
LogPluginManager: Mounting plugin OnlineSubsystemUtils
LogPluginManager: Mounting plugin AndroidDeviceProfileSelector
LogPluginManager: Mounting plugin AndroidMoviePlayer
LogPluginManager: Mounting plugin AndroidPermission
LogPluginManager: Mounting plugin AppleARKit
LogPluginManager: Mounting plugin AppleMoviePlayer
LogPluginManager: Mounting plugin ArchVisCharacter
LogPluginManager: Mounting plugin CableComponent
LogPluginManager: Mounting plugin CustomMeshComponent
LogPluginManager: Mounting plugin ExampleDeviceProfileSelector
LogPluginManager: Mounting plugin GoogleCloudMessaging
LogPluginManager: Mounting plugin ImmediatePhysics
LogPluginManager: Mounting plugin IOSDeviceProfileSelector
LogPluginManager: Mounting plugin LinuxDeviceProfileSelector
LogPluginManager: Mounting plugin LocationServicesBPLibrary
LogPluginManager: Mounting plugin MobilePatchingUtils
LogPluginManager: Mounting plugin OculusVR
LogPluginManager: Plugin shader directory ../../../Engine/Plugins/Runtime/Oculus/OculusVR/Shaders found
LogPluginManager: Mapping shader source directory ../../../Engine/Plugins/Runtime/Oculus/OculusVR/Shaders to virtual directory /Plugin/OculusVR
LogPluginManager: Mounting plugin PhysXVehicles
LogPluginManager: Mounting plugin ProceduralMeshComponent
LogPluginManager: Mounting plugin RuntimePhysXCooking
LogPluginManager: Mounting plugin SteamVR
LogPluginManager: Mounting plugin WindowsMoviePlayer
LogModuleManager: Display: Found up-to-date module file D:/Git/Pacto_de_HonoRPG/Codigo/Binaries/Win64/UE4Editor-Pacto_de_Honor.dll (API version 3709383).
LogModuleManager: Display: Found up-to-date module file ../../../Engine/Plugins/2D/Paper2D/Binaries/Win64/UE4Editor-Paper2D.dll (API version 3709383).
LogModuleManager: Display: Found up-to-date module file ../../../Engine/Plugins/2D/Paper2D/Binaries/Win64/UE4Editor-Paper2DEditor.dll (API version 3709383).
LogModuleManager: Display: Found up-to-date module file ../../../Engine/Plugins/2D/Paper2D/Binaries/Win64/UE4Editor-PaperSpriteSheetImporter.dll (API version 3709383).
LogModuleManager: Display: Found up-to-date module file ../../../Engine/Plugins/2D/Paper2D/Binaries/Win64/UE4Editor-PaperTiledImporter.dll (API version 3709383).
LogModuleManager: Display: Found up-to-date module file ../../../Engine/Plugins/2D/Paper2D/Binaries/Win64/UE4Editor-SmartSnapping.dll (API version 3709383).
LogModuleManager: Display: Found up-to-date module file ../../../Engine/Plugins/Blendables/LightPropagationVolume/Binaries/Win64/UE4Editor-LightPropagationVolumeRuntime.dll (API version 3709383).
LogModuleManager: Display: Found up-to-date module file ../../../Engine/Plugins/Blendables/LightPropagationVolume/Binaries/Win64/UE4Editor-LightPropagationVolumeEditor.dll (API version 3709383).
LogModuleManager: Display: Found up-to-date module file ../../../Engine/Plugins/Developer/GitSourceControl/Binaries/Win64/UE4Editor-GitSourceControl.dll (API version 3709383).
LogModuleManager: Display: Found up-to-date module file ../../../Engine/Plugins/Developer/PerforceSourceControl/Binaries/Win64/UE4Editor-PerforceSourceControl.dll (API version 3709383).
LogModuleManager: Display: Found up-to-date module file ../../../Engine/Plugins/Developer/SubversionSourceControl/Binaries/Win64/UE4Editor-SubversionSourceControl.dll (API version 3709383).
LogModuleManager: Display: Found up-to-date module file ../../../Engine/Plugins/Developer/UObjectPlugin/Binaries/Win64/UE4Editor-UObjectPlugin.dll (API version 3709383).
LogModuleManager: Display: Found up-to-date module file ../../../Engine/Plugins/Developer/VisualStudioCodeSourceCodeAccess/Binaries/Win64/UE4Editor-VisualStudioCodeSourceCodeAccess.dll (API version 3709383).
LogModuleManager: Display: Found up-to-date module file ../../../Engine/Plugins/Developer/VisualStudioSourceCodeAccess/Binaries/Win64/UE4Editor-VisualStudioSourceCodeAccess.dll (API version 3709383).
LogModuleManager: Display: Found up-to-date module file ../../../Engine/Plugins/Editor/AssetManagerEditor/Binaries/Win64/UE4Editor-AssetManagerEditor.dll (API version 3709383).
LogModuleManager: Display: Found up-to-date module file ../../../Engine/Plugins/Editor/AudioCapture/Binaries/Win64/UE4Editor-AudioCapture.dll (API version 3709383).
LogModuleManager: Display: Found up-to-date module file ../../../Engine/Plugins/Editor/FacialAnimation/Binaries/Win64/UE4Editor-FacialAnimation.dll (API version 3709383).
LogModuleManager: Display: Found up-to-date module file ../../../Engine/Plugins/Editor/FacialAnimation/Binaries/Win64/UE4Editor-FacialAnimationEditor.dll (API version 3709383).
LogModuleManager: Display: Found up-to-date module file ../../../Engine/Plugins/Editor/GameplayTagsEditor/Binaries/Win64/UE4Editor-GameplayTagsEditor.dll (API version 3709383).
LogModuleManager: Display: Found up-to-date module file ../../../Engine/Plugins/Editor/MobileLauncherProfileWizard/Binaries/Win64/UE4Editor-MobileLauncherProfileWizard.dll (API version 3709383).
LogModuleManager: Display: Found up-to-date module file ../../../Engine/Plugins/Editor/PluginBrowser/Binaries/Win64/UE4Editor-PluginBrowser.dll (API version 3709383).
LogModuleManager: Display: Found up-to-date module file ../../../Engine/Plugins/Editor/SpeedTreeImporter/Binaries/Win64/UE4Editor-SpeedTreeImporter.dll (API version 3709383).
LogModuleManager: Display: Found up-to-date module file ../../../Engine/Plugins/Experimental/AlembicImporter/Binaries/Win64/UE4Editor-AlembicImporter.dll (API version 3709383).
LogModuleManager: Display: Found up-to-date module file ../../../Engine/Plugins/Experimental/AlembicImporter/Binaries/Win64/UE4Editor-AlembicLibrary.dll (API version 3709383).
LogModuleManager: Display: Found up-to-date module file ../../../Engine/Plugins/Experimental/CharacterAI/Binaries/Win64/UE4Editor-CharacterAI.dll (API version 3709383).
LogModuleManager: Display: Found up-to-date module file ../../../Engine/Plugins/Experimental/HTML5Networking/Binaries/Win64/UE4Editor-HTML5Networking.dll (API version 3709383).
LogModuleManager: Display: Found up-to-date module file ../../../Engine/Plugins/Marketplace/VaRestPlugin/Binaries/Win64/UE4Editor-VaRestPlugin.dll (API version 3709383).
LogModuleManager: Display: Found up-to-date module file ../../../Engine/Plugins/Marketplace/VaRestPlugin/Binaries/Win64/UE4Editor-VaRestEditorPlugin.dll (API version 3709383).
LogModuleManager: Display: Found up-to-date module file ../../../Engine/Plugins/Media/AndroidMedia/Binaries/Win64/UE4Editor-AndroidMediaEditor.dll (API version 3709383).
LogModuleManager: Display: Found up-to-date module file ../../../Engine/Plugins/Media/AndroidMedia/Binaries/Win64/UE4Editor-AndroidMediaFactory.dll (API version 3709383).
LogModuleManager: Display: Found up-to-date module file ../../../Engine/Plugins/Media/AvfMedia/Binaries/Win64/UE4Editor-AvfMediaEditor.dll (API version 3709383).
LogModuleManager: Display: Found up-to-date module file ../../../Engine/Plugins/Media/AvfMedia/Binaries/Win64/UE4Editor-AvfMediaFactory.dll (API version 3709383).
LogModuleManager: Display: Found up-to-date module file ../../../Engine/Plugins/Media/AvfMedia/Binaries/Win64/UE4Editor-AvfMediaFactory.dll (API version 3709383).
LogModuleManager: Display: Found up-to-date module file ../../../Engine/Plugins/Media/ImgMedia/Binaries/Win64/UE4Editor-ImgMedia.dll (API version 3709383).
LogModuleManager: Display: Found up-to-date module file ../../../Engine/Plugins/Media/ImgMedia/Binaries/Win64/UE4Editor-ImgMediaEditor.dll (API version 3709383).
LogModuleManager: Display: Found up-to-date module file ../../../Engine/Plugins/Media/ImgMedia/Binaries/Win64/UE4Editor-ImgMediaFactory.dll (API version 3709383).
LogModuleManager: Display: Found up-to-date module file ../../../Engine/Plugins/Media/ImgMedia/Binaries/Win64/UE4Editor-ImgMediaFactory.dll (API version 3709383).
LogModuleManager: Display: Found up-to-date module file ../../../Engine/Plugins/Media/ImgMedia/Binaries/Win64/UE4Editor-OpenExrWrapper.dll (API version 3709383).
LogModuleManager: Display: Found up-to-date module file ../../../Engine/Plugins/Media/MediaCompositing/Binaries/Win64/UE4Editor-MediaCompositing.dll (API version 3709383).
LogModuleManager: Display: Found up-to-date module file ../../../Engine/Plugins/Media/MediaCompositing/Binaries/Win64/UE4Editor-MediaCompositingEditor.dll (API version 3709383).
LogModuleManager: Display: Found up-to-date module file ../../../Engine/Plugins/Media/MediaPlayerEditor/Binaries/Win64/UE4Editor-MediaPlayerEditor.dll (API version 3709383).
LogModuleManager: Display: Found up-to-date module file ../../../Engine/Plugins/Media/WmfMedia/Binaries/Win64/UE4Editor-WmfMedia.dll (API version 3709383).
LogModuleManager: Display: Found up-to-date module file ../../../Engine/Plugins/Media/WmfMedia/Binaries/Win64/UE4Editor-WmfMediaEditor.dll (API version 3709383).
LogModuleManager: Display: Found up-to-date module file ../../../Engine/Plugins/Media/WmfMedia/Binaries/Win64/UE4Editor-WmfMediaFactory.dll (API version 3709383).
LogModuleManager: Display: Found up-to-date module file ../../../Engine/Plugins/Media/WmfMedia/Binaries/Win64/UE4Editor-WmfMediaFactory.dll (API version 3709383).
LogModuleManager: Display: Found up-to-date module file ../../../Engine/Plugins/Messaging/TcpMessaging/Binaries/Win64/UE4Editor-TcpMessaging.dll (API version 3709383).
LogModuleManager: Display: Found up-to-date module file ../../../Engine/Plugins/Messaging/UdpMessaging/Binaries/Win64/UE4Editor-UdpMessaging.dll (API version 3709383).
LogModuleManager: Display: Found up-to-date module file ../../../Engine/Plugins/MovieScene/ActorSequence/Binaries/Win64/UE4Editor-ActorSequence.dll (API version 3709383).
LogModuleManager: Display: Found up-to-date module file ../../../Engine/Plugins/MovieScene/LevelSequenceEditor/Binaries/Win64/UE4Editor-LevelSequenceEditor.dll (API version 3709383).
LogModuleManager: Display: Found up-to-date module file ../../../Engine/Plugins/MovieScene/MatineeToLevelSequence/Binaries/Win64/UE4Editor-MatineeToLevelSequence.dll (API version 3709383).
LogModuleManager: Display: Found up-to-date module file ../../../Engine/Plugins/MySQL/Binaries/Win64/UE4Editor-MySQL.dll (API version 3709383).
LogModuleManager: Display: Found up-to-date module file ../../../Engine/Plugins/Online/OnlineSubsystem/Binaries/Win64/UE4Editor-OnlineSubsystem.dll (API version 3709383).
LogModuleManager: Display: Found up-to-date module file ../../../Engine/Plugins/Online/OnlineSubsystemNull/Binaries/Win64/UE4Editor-OnlineSubsystemNull.dll (API version 3709383).
LogModuleManager: Display: Found up-to-date module file ../../../Engine/Plugins/Online/OnlineSubsystemUtils/Binaries/Win64/UE4Editor-OnlineSubsystemUtils.dll (API version 3709383).
LogModuleManager: Display: Found up-to-date module file ../../../Engine/Plugins/Online/OnlineSubsystemUtils/Binaries/Win64/UE4Editor-OnlineBlueprintSupport.dll (API version 3709383).
LogModuleManager: Display: Found up-to-date module file ../../../Engine/Plugins/Runtime/AndroidDeviceProfileSelector/Binaries/Win64/UE4Editor-AndroidDeviceProfileSelector.dll (API version 3709383).
LogModuleManager: Display: Found up-to-date module file ../../../Engine/Plugins/Runtime/AndroidPermission/Binaries/Win64/UE4Editor-AndroidPermission.dll (API version 3709383).
LogModuleManager: Display: Found up-to-date module file ../../../Engine/Plugins/Runtime/AppleARKit/Binaries/Win64/UE4Editor-AppleARKit.dll (API version 3709383).
LogModuleManager: Display: Found up-to-date module file ../../../Engine/Plugins/Runtime/ArchVisCharacter/Binaries/Win64/UE4Editor-ArchVisCharacter.dll (API version 3709383).
LogModuleManager: Display: Found up-to-date module file ../../../Engine/Plugins/Runtime/CableComponent/Binaries/Win64/UE4Editor-CableComponent.dll (API version 3709383).
LogModuleManager: Display: Found up-to-date module file ../../../Engine/Plugins/Runtime/CustomMeshComponent/Binaries/Win64/UE4Editor-CustomMeshComponent.dll (API version 3709383).
LogModuleManager: Display: Found up-to-date module file ../../../Engine/Plugins/Runtime/ExampleDeviceProfileSelector/Binaries/Win64/UE4Editor-ExampleDeviceProfileSelector.dll (API version 3709383).
LogModuleManager: Display: Found up-to-date module file ../../../Engine/Plugins/Runtime/ImmediatePhysics/Binaries/Win64/UE4Editor-ImmediatePhysics.dll (API version 3709383).
LogModuleManager: Display: Found up-to-date module file ../../../Engine/Plugins/Runtime/ImmediatePhysics/Binaries/Win64/UE4Editor-ImmediatePhysicsEditor.dll (API version 3709383).
LogModuleManager: Display: Found up-to-date module file ../../../Engine/Plugins/Runtime/LocationServicesBPLibrary/Binaries/Win64/UE4Editor-LocationServicesBPLibrary.dll (API version 3709383).
LogModuleManager: Display: Found up-to-date module file ../../../Engine/Plugins/Runtime/MobilePatchingUtils/Binaries/Win64/UE4Editor-MobilePatchingUtils.dll (API version 3709383).
LogModuleManager: Display: Found up-to-date module file ../../../Engine/Plugins/Runtime/Oculus/OculusVR/Binaries/Win64/UE4Editor-OculusHMD.dll (API version 3709383).
LogModuleManager: Display: Found up-to-date module file ../../../Engine/Plugins/Runtime/Oculus/OculusVR/Binaries/Win64/UE4Editor-OculusInput.dll (API version 3709383).
LogModuleManager: Display: Found up-to-date module file ../../../Engine/Plugins/Runtime/Oculus/OculusVR/Binaries/Win64/UE4Editor-OculusEditor.dll (API version 3709383).
LogModuleManager: Display: Found up-to-date module file ../../../Engine/Plugins/Runtime/PhysXVehicles/Binaries/Win64/UE4Editor-PhysXVehicles.dll (API version 3709383).
LogModuleManager: Display: Found up-to-date module file ../../../Engine/Plugins/Runtime/PhysXVehicles/Binaries/Win64/UE4Editor-PhysXVehiclesEditor.dll (API version 3709383).
LogModuleManager: Display: Found up-to-date module file ../../../Engine/Plugins/Runtime/ProceduralMeshComponent/Binaries/Win64/UE4Editor-ProceduralMeshComponent.dll (API version 3709383).
LogModuleManager: Display: Found up-to-date module file ../../../Engine/Plugins/Runtime/ProceduralMeshComponent/Binaries/Win64/UE4Editor-ProceduralMeshComponentEditor.dll (API version 3709383).
LogModuleManager: Display: Found up-to-date module file ../../../Engine/Plugins/Runtime/RuntimePhysXCooking/Binaries/Win64/UE4Editor-RuntimePhysXCooking.dll (API version 3709383).
LogModuleManager: Display: Found up-to-date module file ../../../Engine/Plugins/Runtime/Steam/SteamVR/Binaries/Win64/UE4Editor-SteamVR.dll (API version 3709383).
LogModuleManager: Display: Found up-to-date module file ../../../Engine/Plugins/Runtime/Steam/SteamVR/Binaries/Win64/UE4Editor-SteamVRController.dll (API version 3709383).
LogModuleManager: Display: Found up-to-date module file ../../../Engine/Plugins/Runtime/WindowsMoviePlayer/Binaries/Win64/UE4Editor-WindowsMoviePlayer.dll (API version 3709383).
LogInit: Using libcurl 7.47.1
LogInit:  - built for x86_64-pc-win32
LogInit:  - supports SSL with OpenSSL/1.0.2g
LogInit:  - supports HTTP deflate (compression) using libz 1.2.8
LogInit:  - other features:
LogInit:      CURL_VERSION_SSL
LogInit:      CURL_VERSION_LIBZ
LogInit:      CURL_VERSION_IPV6
LogInit:      CURL_VERSION_ASYNCHDNS
LogInit:      CURL_VERSION_LARGEFILE
LogInit:      CURL_VERSION_IDN
LogInit:  CurlRequestOptions (configurable via config and command line):
LogInit:  - bVerifyPeer = false  - Libcurl will NOT verify peer certificate
LogInit:  - bUseHttpProxy = false  - Libcurl will NOT use HTTP proxy
LogInit:  - bDontReuseConnections = false  - Libcurl will reuse connections
LogInit:  - CertBundlePath = nullptr  - Libcurl will use whatever was configured at build time.
LogInit: Build: ++UE4+Release-4.18-CL-3832480
LogInit: Engine Version: 4.18.3-3832480+++UE4+Release-4.18
LogInit: Compatible Engine Version: 4.18.0-3709383+++UE4+Release-4.18
LogInit: Net CL: 3709383
LogDevObjectVersion: Number of dev versions registered: 16
LogDevObjectVersion:   Dev-Blueprints (B0D832E4-1F89-4F0D-ACCF-7EB736FD4AA2): 10
LogDevObjectVersion:   Dev-Build (E1C64328-A22C-4D53-A36C-8E866417BD8C): 0
LogDevObjectVersion:   Dev-Core (375EC13C-06E4-48FB-B500-84F0262A717E): 2
LogDevObjectVersion:   Dev-Editor (E4B068ED-F494-42E9-A231-DA0B2E46BB41): 20
LogDevObjectVersion:   Dev-Framework (CFFC743F-43B0-4480-9391-14DF171D2073): 30
LogDevObjectVersion:   Dev-Mobile (B02B49B5-BB20-44E9-A304-32B752E40360): 0
LogDevObjectVersion:   Dev-Networking (A4E4105C-59A1-49B5-A7C5-40C4547EDFEE): 0
LogDevObjectVersion:   Dev-Online (39C831C9-5AE6-47DC-9A44-9C173E1C8E7C): 0
LogDevObjectVersion:   Dev-Physics (78F01B33-EBEA-4F98-B9B4-84EACCB95AA2): 0
LogDevObjectVersion:   Dev-Platform (6631380F-2D4D-43E0-8009-CF276956A95A): 0
LogDevObjectVersion:   Dev-Rendering (12F88B9F-8875-4AFC-A67C-D90C383ABD29): 20
LogDevObjectVersion:   Dev-Sequencer (7B5AE74C-D270-4C10-A958-57980B212A5A): 4
LogDevObjectVersion:   Dev-VR (D7296918-1DD6-4BDD-9DE2-64A83CC13884): 0
LogDevObjectVersion:   Dev-LoadTimes (C2A15278-BFE7-4AFE-6C17-90FF531DF755): 1
LogDevObjectVersion:   Private-Geometry (6EACA3D4-40EC-4CC1-B786-8BED09428FC5): 1
LogDevObjectVersion:   Dev-AnimPhys (29E575DD-E0A3-4627-9D10-D276232CDCEA): 12
LogInit: Compiled (64-bit): Jan 12 2018 02:04:55
LogInit: Compiled with Visual C++: 19.00.24215.01
LogInit: Build Configuration: Development
LogInit: Branch Name: ++UE4+Release-4.18
LogInit: Command line: -EpicPortal
LogInit: Base directory: C:/Program Files/Epic Games/UE_4.18/Engine/Binaries/Win64/
LogInit: Installed Engine Build: 1
LogInit: Presizing for max 8388607 objects, including 0 objects not considered by GC, pre-allocating 0 bytes for permanent pool.
LogInit: Object subsystem initialized
[2018.04.24-19.57.39:529][  0]LogInit: Selected Device Profile: [Windows]
[2018.04.24-19.57.39:529][  0]LogInit: Applying CVar settings loaded from the selected device profile: [Windows]
[2018.04.24-19.57.39:538][  0]LogInit: Computer: DELL_INSPIRON
[2018.04.24-19.57.39:538][  0]LogInit: User: Dell
[2018.04.24-19.57.39:538][  0]LogInit: CPU Page size=4096, Cores=4
[2018.04.24-19.57.39:538][  0]LogInit: High frequency timer resolution =3.515623 MHz
[2018.04.24-19.57.39:539][  0]LogMemory: Memory total: Physical=7.9GB (8GB approx)
[2018.04.24-19.57.39:539][  0]LogMemory: Platform Memory Stats for Windows
[2018.04.24-19.57.39:539][  0]LogMemory: Process Physical Memory: 272.57 MB used, 272.57 MB peak
[2018.04.24-19.57.39:539][  0]LogMemory: Process Virtual Memory: 271.77 MB used, 271.77 MB peak
[2018.04.24-19.57.39:539][  0]LogMemory: Physical Memory: 3344.88 MB used,  4784.69 MB free, 8129.57 MB total
[2018.04.24-19.57.39:539][  0]LogMemory: Virtual Memory: 684.39 MB used,  4784.69 MB free, 134217728.00 MB total
[2018.04.24-19.57.39:858][  0]LogInit: Using OS detected language (es-ES).
[2018.04.24-19.57.39:858][  0]LogInit: Using OS detected locale (es-ES).
[2018.04.24-19.57.39:862][  0]LogTextLocalizationManager: No specific localization for 'es-ES' exists, so the 'es' localization will be used.
[2018.04.24-19.57.40:003][  0]LogInit: Setting process to per monitor DPI aware
[2018.04.24-19.57.40:454][  0]LogD3D11RHI: D3D11 adapters:
[2018.04.24-19.57.40:493][  0]LogD3D11RHI:    0. 'NVIDIA GeForce GTX 1050 Ti' (Feature Level 11_0)
[2018.04.24-19.57.40:493][  0]LogD3D11RHI:       4018/0/4064 MB DedicatedVideo/DedicatedSystem/SharedSystem, Outputs:1, VendorId:0x10de
[2018.04.24-19.57.40:496][  0]LogD3D11RHI:    1. 'Microsoft Basic Render Driver' (Feature Level 11_0)
[2018.04.24-19.57.40:496][  0]LogD3D11RHI:       0/0/4064 MB DedicatedVideo/DedicatedSystem/SharedSystem, Outputs:0, VendorId:0x1414
[2018.04.24-19.57.40:496][  0]LogD3D11RHI: Chosen D3D11 Adapter: 0
[2018.04.24-19.57.40:502][  0]LogD3D11RHI: Creating new Direct3DDevice
[2018.04.24-19.57.40:502][  0]LogD3D11RHI:     GPU DeviceId: 0x1c82 (for the marketing name, search the web for "GPU Device Id")
[2018.04.24-19.57.40:502][  0]LogWindows: EnumDisplayDevices:
[2018.04.24-19.57.40:502][  0]LogWindows:    0. 'NVIDIA GeForce GTX 1050 Ti' (P:1 D:1)
[2018.04.24-19.57.40:503][  0]LogWindows:    1. 'NVIDIA GeForce GTX 1050 Ti' (P:0 D:0)
[2018.04.24-19.57.40:503][  0]LogWindows:    2. 'NVIDIA GeForce GTX 1050 Ti' (P:0 D:0)
[2018.04.24-19.57.40:503][  0]LogWindows:    3. 'NVIDIA GeForce GTX 1050 Ti' (P:0 D:0)
[2018.04.24-19.57.40:503][  0]LogWindows: DebugString: GetVideoDriverDetailsInvalid PrimaryIsNotTheChoosenAdapter GetVideoDriverDetailsInvalid PrimaryIsNotTheChoosenAdapter GetVideoDriverDetailsInvalid PrimaryIsNotTheChoosenAdapter GetVideoDriverDetailsInvalid PrimaryIsNotTheChoosenAdapter FoundDriverCount:0 
[2018.04.24-19.57.40:503][  0]LogD3D11RHI:     Adapter Name: NVIDIA GeForce GTX 1050 Ti
[2018.04.24-19.57.40:503][  0]LogD3D11RHI:   Driver Version: Unknown (internal:Unknown, unified:Unknown)
[2018.04.24-19.57.40:503][  0]LogD3D11RHI:      Driver Date: Unknown
[2018.04.24-19.57.40:503][  0]LogRHI: Texture pool is 2812 MB (70% of 4018 MB)
[2018.04.24-19.57.40:528][  0]LogD3D11RHI: Async texture creation enabled
[2018.04.24-19.57.40:552][  0]LogD3D11RHI: GPU Timing Frequency: 1000.000000 (Debug: 2 2)
[2018.04.24-19.57.40:600][  0]LogShaderCompilers: Guid format shader working directory is 15 characters bigger than the processId version (D:/Git/Pacto_de_HonoRPG/Codigo/Intermediate/Shaders/WorkingDirectory/5084/).
[2018.04.24-19.57.40:600][  0]LogShaderCompilers: Cleaned the shader compiler working directory 'C:/Users/Dell/AppData/Local/Temp/UnrealShaderWorkingDir/E6CB9E5040AE76B556BC86BE0A61D3C9/'.
[2018.04.24-19.57.40:600][  0]LogShaderCompilers: Display: Using Local Shader Compiler.
[2018.04.24-19.57.41:769][  0]LogTemp: Display: Loaded TP AllDesktopTargetPlatform
[2018.04.24-19.57.41:868][  0]LogTemp: Display: Loaded TP MacClientTargetPlatform
[2018.04.24-19.57.41:968][  0]LogTemp: Display: Loaded TP MacNoEditorTargetPlatform
[2018.04.24-19.57.42:067][  0]LogTemp: Display: Loaded TP MacServerTargetPlatform
[2018.04.24-19.57.42:168][  0]LogTemp: Display: Loaded TP MacTargetPlatform
[2018.04.24-19.57.42:272][  0]LogTemp: Display: Loaded TP WindowsClientTargetPlatform
[2018.04.24-19.57.42:372][  0]LogTemp: Display: Loaded TP WindowsNoEditorTargetPlatform
[2018.04.24-19.57.42:474][  0]LogTemp: Display: Loaded TP WindowsServerTargetPlatform
[2018.04.24-19.57.42:565][  0]LogTemp: Display: Loaded TP WindowsTargetPlatform
[2018.04.24-19.57.42:662][  0]LogTemp: Display: Loaded TP Android_ASTCTargetPlatform
[2018.04.24-19.57.42:762][  0]LogTemp: Display: Loaded TP Android_ATCTargetPlatform
[2018.04.24-19.57.42:861][  0]LogTemp: Display: Loaded TP Android_DXTTargetPlatform
[2018.04.24-19.57.42:957][  0]LogTemp: Display: Loaded TP Android_ETC1TargetPlatform
[2018.04.24-19.57.43:054][  0]LogTemp: Display: Loaded TP Android_ETC2TargetPlatform
[2018.04.24-19.57.43:253][  0]LogTemp: Display: Loaded TP Android_MultiTargetPlatform
[2018.04.24-19.57.43:253][  0]LogTemp: Display: Loaded TP Android_PVRTCTargetPlatform
[2018.04.24-19.57.43:352][  0]LogTemp: Display: Loaded TP AndroidTargetPlatform
[2018.04.24-19.57.43:439][  0]LogTemp: Display: Loaded TP HTML5TargetPlatform
[2018.04.24-19.57.43:600][  0]LogTemp: Display: Loaded TP IOSTargetPlatform
[2018.04.24-19.57.43:650][  0]LogTemp: Display: Loaded TP TVOSTargetPlatform
[2018.04.24-19.57.43:749][  0]LogTemp: Display: Loaded TP LinuxClientTargetPlatform
[2018.04.24-19.57.43:846][  0]LogTemp: Display: Loaded TP LinuxNoEditorTargetPlatform
[2018.04.24-19.57.43:943][  0]LogTemp: Display: Loaded TP LinuxServerTargetPlatform
[2018.04.24-19.57.44:043][  0]LogTemp: Display: Loaded TP LinuxTargetPlatform
[2018.04.24-19.57.44:043][  0]LogTargetPlatformManager: Display: Building Assets For Windows
[2018.04.24-19.57.45:007][  0]LogDerivedDataCache: Display: Max Cache Size: 512 MB
[2018.04.24-19.57.45:008][  0]LogDerivedDataCache: Error: Memory cache was corrputed (size) C:/Users/Dell/AppData/Local/UnrealEngine/4.18/DerivedDataCache/Boot.ddc.
[2018.04.24-19.57.45:008][  0]LogDerivedDataCache: Warning: Could not load Boot cache: C:/Users/Dell/AppData/Local/UnrealEngine/4.18/DerivedDataCache/Boot.ddc
[2018.04.24-19.57.45:008][  0]LogDerivedDataCache: FDerivedDataBackendGraph:  Pak pak cache file D:/Git/Pacto_de_HonoRPG/Codigo/DerivedDataCache/DDC.ddp not found, will not use a pak cache.
[2018.04.24-19.57.45:008][  0]LogDerivedDataCache: Unable to find inner node Pak for hierarchical cache Hierarchy.
[2018.04.24-19.57.45:008][  0]LogDerivedDataCache: FDerivedDataBackendGraph:  CompressedPak pak cache file D:/Git/Pacto_de_HonoRPG/Codigo/DerivedDataCache/Compressed.ddp not found, will not use a pak cache.
[2018.04.24-19.57.45:008][  0]LogDerivedDataCache: Unable to find inner node CompressedPak for hierarchical cache Hierarchy.
[2018.04.24-19.57.45:022][  0]LogDerivedDataCache: Display: Pak cache opened for reading ../../../Engine/DerivedDataCache/Compressed.ddp.
[2018.04.24-19.57.45:035][  0]LogDerivedDataCache: Using Local data cache path C:/Users/Dell/AppData/Local/UnrealEngine/Common/DerivedDataCache: Writable
[2018.04.24-19.57.45:052][  0]LogMaterial: Verifying Global Shaders for PCD3D_SM5
[2018.04.24-19.57.45:053][  0]LogSlate: Using Freetype 2.6.0
[2018.04.24-19.57.45:054][  0]LogSlate: SlateFontCache - WITH_FREETYPE: 1, WITH_HARFBUZZ: 1
[2018.04.24-19.57.45:054][  0]LogSlate: SlateFontCache - WITH_FREETYPE: 1, WITH_HARFBUZZ: 1
[2018.04.24-19.57.45:488][  0]LogInit: Selected Device Profile: [Windows]
[2018.04.24-19.57.46:069][  0]LogSimplygon: Simplygon DLL not present - disabling.
[2018.04.24-19.57.46:159][  0]LogMeshReduction: Using SimplygonSwarm for distributed automatic mesh merging
[2018.04.24-19.57.46:159][  0]LogMeshReduction: Using QuadricMeshReduction for automatic static mesh reduction
[2018.04.24-19.57.46:159][  0]LogMeshReduction: No automatic skeletal mesh reduction module available
[2018.04.24-19.57.46:159][  0]LogMeshReduction: No automatic mesh merging module available
[2018.04.24-19.57.46:159][  0]LogMeshMerging: No automatic mesh merging module available
[2018.04.24-19.57.46:193][  0]LogNetVersion: Pacto_de_Honor , NetCL: 3709383, EngineNetVer: 2, GameNetVer: 0 (Checksum: 2404482579)
[2018.04.24-19.57.46:420][  0]LogAssetRegistry: FAssetRegistry took 0.0266 seconds to start up
[2018.04.24-19.57.47:151][  0]LogPackageLocalizationCache: Processed 8 localized package path(s) for 2 prioritized culture(s) in 0.053827 seconds
[2018.04.24-19.57.47:157][  0]LogUObjectArray: 35870 objects as part of root set at end of initial load.
[2018.04.24-19.57.47:157][  0]LogUObjectAllocator: 7363696 out of 0 bytes used by permanent object pool.
[2018.04.24-19.57.47:157][  0]LogUObjectArray: CloseDisregardForGC: 0/0 objects in disregard for GC pool
[2018.04.24-19.57.47:275][  0]LogInit: WinSock: version 1.1 (2.2), MaxSocks=32767, MaxUdp=65467
[2018.04.24-19.57.52:169][  0]LogTcpMessaging: Initializing TcpMessaging bridge
[2018.04.24-19.57.52:236][  0]LogUdpMessaging: Initializing bridge on interface 0.0.0.0:0 to multicast group 230.0.0.1:6666.
[2018.04.24-19.57.53:584][  0]LogMaterial: Uniform references updated for custom material expression Custom.
[2018.04.24-19.57.54:357][  0]SourceControl: El control de código fuente está desactivado
[2018.04.24-19.57.56:698][  0]LogAndroidPermission: UAndroidPermissionCallbackProxy::GetInstance
[2018.04.24-19.57.57:227][  0]LogOcInput: OculusInput pre-init called
[2018.04.24-19.57.57:754][  0]LogEngine: Initializing Engine...
[2018.04.24-19.57.57:758][  0]LogHMD: Failed to initialize OpenVR with code 110
[2018.04.24-19.57.58:122][  0]LogStats: UGameplayTagsManager::ConstructGameplayTagTree: Construct from data asset -  0.000 s
[2018.04.24-19.57.58:122][  0]LogStats: UGameplayTagsManager::ConstructGameplayTagTree: GameplayTagTreeChangedEvent.Broadcast -  0.000 s
[2018.04.24-19.57.58:399][  0]LogAIModule: Creating AISystem for world Untitled
[2018.04.24-19.57.58:409][  0]LogInit: XAudio2 using 'Altavoces (Realtek High Definition Audio)' : 2 channels at 48 kHz using 32 bits per sample (channel mask 0x3)
[2018.04.24-19.57.58:439][  0]LogInit: FAudioDevice initialized.
[2018.04.24-19.57.58:471][  0]LogFileManager: Error: Error writing to file: C:/Users/Dell/AppData/Local/UnrealEngine/4.18/DerivedDataCache/Boot.ddc (Espacio en disco insuficiente.)
[2018.04.24-19.57.58:471][  0]LogFileManager: Error: Error writing to file: C:/Users/Dell/AppData/Local/UnrealEngine/4.18/DerivedDataCache/Boot.ddc (Espacio en disco insuficiente.)
[2018.04.24-19.57.58:471][  0]LogDerivedDataCache: Saved boot cache 0.03s 78MB C:/Users/Dell/AppData/Local/UnrealEngine/4.18/DerivedDataCache/Boot.ddc.
[2018.04.24-19.57.58:479][  0]LogInit: Texture streaming: Enabled
[2018.04.24-19.57.58:692][  0]LogEngineSessionManager: EngineSessionManager initialized
[2018.04.24-19.57.58:692][  0]LogEngineSessionManager: EngineSessionManager sent abnormal shutdown report. Type=Crashed, SessionId={A5B8C02D-413C-2B48-483D-61B9A744473A}
[2018.04.24-19.57.58:960][  0]LogFileManager: Error: Error flushing file: C:/Users/Dell/AppData/Local/UnrealEngine/4.18/Saved/Config/Windows/EditorSettings.ini (Espacio en disco insuficiente.)
[2018.04.24-19.57.58:960][  0]LogInit: Transaction tracking system initialized
[2018.04.24-19.57.59:635][  0]BlueprintLog: New page: Cargar el editor
[2018.04.24-19.58.01:553][  0]LocalizationService: Localization service is disabled
[2018.04.24-19.58.03:066][  0]LogConsoleResponse: Display: 
[2018.04.24-19.58.03:302][  0]LogCook: Display: Max memory allowance for cook 16384mb min free memory 0mb
[2018.04.24-19.58.03:302][  0]LogCook: Display: Mobile HDR setting 1
[2018.04.24-19.58.03:302][  0]LogGameplayTags: Display: UGameplayTagsManager::DoneAddingNativeTags. DelegateIsBound: 0
[2018.04.24-19.58.04:107][  0]LogFileCache: Scanning file cache for directory 'D:/Git/Pacto_de_HonoRPG/Codigo/Content/' took 0.07s
[2018.04.24-19.58.05:717][  0]Cmd: MAP LOAD FILE="D:/Git/Pacto_de_HonoRPG/Codigo/Content/MenuPrincipal/Main.umap" TEMPLATE=0 SHOWPROGRESS=1 FEATURELEVEL=3
[2018.04.24-19.58.05:718][  0]LightingResults: New page: Diseñar la iluminación
[2018.04.24-19.58.05:806][  0]MapCheck: New page: Revisión del mapa
[2018.04.24-19.58.05:806][  0]LightingResults: New page: Diseñar la iluminación
[2018.04.24-19.58.06:233][  0]LogAIModule: Creating AISystem for world Main
[2018.04.24-19.58.06:234][  0]LogEditorServer: Finished looking for orphan Actors (0.000 secs)
[2018.04.24-19.58.06:247][  0]Cmd: MAP CHECKDEP NOCLEARLOG
[2018.04.24-19.58.06:375][  0]MapCheck: Map check complete: 0 Error(s), 0 Warning(s), took 127,524ms to complete.
[2018.04.24-19.58.06:375][  0]LogFileHelpers: Loading map 'Main' took 0.657
[2018.04.24-19.58.06:569][  0]LogCollectionManager: Loaded 0 collections in 0.002072 seconds
[2018.04.24-19.58.06:716][  0]LogFileCache: Scanning file cache for directory 'D:/Git/Pacto_de_HonoRPG/Codigo/Saved/Collections/' took 0.01s
[2018.04.24-19.58.06:716][  0]LogFileCache: Scanning file cache for directory 'D:/Git/Pacto_de_HonoRPG/Codigo/Content/Developers/Dell/Collections/' took 0.01s
[2018.04.24-19.58.06:716][  0]LogFileCache: Scanning file cache for directory 'D:/Git/Pacto_de_HonoRPG/Codigo/Content/Collections/' took 0.01s
[2018.04.24-19.58.06:716][  0]LogCollectionManager: Rebuilt the GUID cache for 0 collections in 0.000001 seconds
[2018.04.24-19.58.06:727][  0]LogContentBrowser: Native class hierarchy populated in 0.0111 seconds. Added 2370 classes and 529 folders.
[2018.04.24-19.58.06:888][  0]LogContentBrowser: Native class hierarchy updated for 'WidgetCarousel' in 0.0005 seconds. Added 0 classes and 0 folders.
[2018.04.24-19.58.06:956][  0]LogContentBrowser: Native class hierarchy updated for 'AddContentDialog' in 0.0005 seconds. Added 0 classes and 0 folders.
[2018.04.24-19.58.07:053][  0]LogContentBrowser: Native class hierarchy updated for 'SceneOutliner' in 0.0006 seconds. Added 1 classes and 2 folders.
[2018.04.24-19.58.07:121][  0]LogSlate: Took 0.000278 seconds to synchronously load lazily loaded font '../../../Engine/Content/Slate/Fonts/Roboto-Regular.ttf' (155K)
[2018.04.24-19.58.07:124][  0]LogSlate: Took 0.000668 seconds to synchronously load lazily loaded font '../../../Engine/Content/Slate/Fonts/Roboto-Bold.ttf' (160K)
[2018.04.24-19.58.07:130][  0]LogSlate: Took 0.000784 seconds to synchronously load lazily loaded font '../../../Engine/Content/Editor/Slate/Fonts/FontAwesome.ttf' (139K)
[2018.04.24-19.58.07:250][  0]LogRenderer: Reallocating scene render targets to support 1208x576 Format 10 NumSamples 1 (Frame:1).
[2018.04.24-19.58.07:515][  0]LogContentBrowser: Native class hierarchy updated for 'HierarchicalLODOutliner' in 0.0005 seconds. Added 1 classes and 2 folders.
[2018.04.24-19.58.07:515][  0]LogLoad: (Engine Initialization) Total time: 31.56 seconds
[2018.04.24-19.58.07:515][  0]LogLoad: (Engine Initialization) Total Blueprint compile time: 0.00 seconds
[2018.04.24-19.58.07:515][  0]LogExternalProfiler: No external profilers were discovered.  External profiling features will not be available.
[2018.04.24-19.58.07:526][  0]LogEditorViewport: Clicking Background
[2018.04.24-19.58.07:718][  0]LogWindowsTextInputMethodSystem: Display: IME system now deactivated.
[2018.04.24-19.58.07:735][  0]SourceControl: On branch santiago
[2018.04.24-19.58.07:736][  0]SourceControl: Your branch is up to date with 'origin/santiago'.
[2018.04.24-19.58.07:736][  0]SourceControl: Changes to be committed:
[2018.04.24-19.58.07:736][  0]SourceControl:   (use "git reset HEAD <file>..." to unstage)
[2018.04.24-19.58.07:736][  0]SourceControl: 	new file:   Codigo/Content/NPCs/Npc1_sony/Efectos_de_fuego/Flicker.uasset
[2018.04.24-19.58.07:736][  0]SourceControl: Changes not staged for commit:
[2018.04.24-19.58.07:736][  0]SourceControl:   (use "git add <file>..." to update what will be committed)
[2018.04.24-19.58.07:736][  0]SourceControl:   (use "git checkout -- <file>..." to discard changes in working directory)
[2018.04.24-19.58.07:736][  0]SourceControl: 	modified:   Codigo/Content/MenuPrincipal/Login/InstanciasIniciales.uasset
[2018.04.24-19.58.07:736][  0]SourceControl: 	modified:   Codigo/Content/MenuPrincipal/Login/Login.uasset
[2018.04.24-19.58.07:736][  0]SourceControl: 	modified:   Codigo/Content/NPCs/Npc1_sony/Character/NPC_1.uasset
[2018.04.24-19.58.07:736][  0]SourceControl: 	modified:   Codigo/Content/NPCs/Npc1_sony/Dialogos/Dialogo_1.uasset
[2018.04.24-19.58.07:736][  0]SourceControl: 	modified:   Codigo/Content/NPCs/Npc1_sony/Efectos_de_fuego/Flicker.uasset
[2018.04.24-19.58.07:736][  0]SourceControl: 	modified:   Codigo/Content/ThirdPerson/ThirdPersonBP/ThirdPersonExampleMap.umap
[2018.04.24-19.58.07:736][  0]SourceControl: 	modified:   Codigo/Content/ThirdPerson/ThirdPersonBP/ThirdPersonExampleMap_BuiltData.uasset
[2018.04.24-19.58.07:736][  0]SourceControl: Untracked files:
[2018.04.24-19.58.07:736][  0]SourceControl:   (use "git add <file>..." to include in what will be committed)
[2018.04.24-19.58.07:736][  0]SourceControl: 	Codigo/Content/NPCs/Npc1_sony/Character/Estatua_1.uasset
[2018.04.24-19.58.07:736][  0]SourceControl: 	Codigo/Content/NPCs/Npc1_sony/Character/Estatua_3.uasset
[2018.04.24-19.58.07:736][  0]LogContentStreaming: Texture pool size now 1000 MB
[2018.04.24-19.58.07:776][  0]LogSlate: Took 0.000576 seconds to synchronously load lazily loaded font '../../../Engine/Content/Slate/Fonts/Roboto-Light.ttf' (159K)
[2018.04.24-19.58.07:942][  5]LogAssetRegistry: Asset discovery search completed in 21.5440 seconds
[2018.04.24-19.58.07:952][  5]LogCollectionManager: Rebuilt the object cache for 0 collections in 0.000000 seconds (found 0 objects)
[2018.04.24-19.58.07:952][  5]LogCollectionManager: Fixed up redirectors for 0 collections in 0.000063 seconds (updated 0 objects)
[2018.04.24-19.58.08:545][ 73]LogSlate: Took 0.000236 seconds to synchronously load lazily loaded font '../../../Engine/Content/Slate/Fonts/Roboto-Light.ttf' (159K)
[2018.04.24-19.58.19:156][343]LogSlate: Took 0.000165 seconds to synchronously load lazily loaded font '../../../Engine/Content/Slate/Fonts/Roboto-Light.ttf' (159K)
[2018.04.24-19.58.20:121][343]LogSlate: Took 0.000169 seconds to synchronously load lazily loaded font '../../../Engine/Content/Slate/Fonts/Roboto-Regular.ttf' (155K)
[2018.04.24-19.58.21:015][343]LogAIModule: Creating AISystem for world ThirdPersonExampleMap
[2018.04.24-19.58.21:092][343]Cmd: MAP LOAD FILE="D:/Git/Pacto_de_HonoRPG/Codigo/Content/ThirdPerson/ThirdPersonBP/ThirdPersonExampleMap.umap" TEMPLATE=0 SHOWPROGRESS=1 FEATURELEVEL=3
[2018.04.24-19.58.21:093][343]LightingResults: New page: Diseñar la iluminación
[2018.04.24-19.58.21:093][343]LoadErrors: New page: Cargando mapa: ThirdPersonExampleMap.umap
[2018.04.24-19.58.21:094][343]MapCheck: New page: Revisión del mapa
[2018.04.24-19.58.21:094][343]LightingResults: New page: Diseñar la iluminación
[2018.04.24-19.58.21:128][343]LogEditorServer: Finished looking for orphan Actors (0.000 secs)
[2018.04.24-19.58.21:170][343]Cmd: MAP CHECKDEP NOCLEARLOG
[2018.04.24-19.58.21:311][343]MapCheck: Map check complete: 0 Error(s), 0 Warning(s), took 140,573ms to complete.
[2018.04.24-19.58.21:312][343]LogFileHelpers: Loading map 'ThirdPersonExampleMap' took 0.220
[2018.04.24-19.58.24:902][752]LogTemp: Repeating last play command: Selected Viewport
[2018.04.24-19.58.25:185][752]LogBlueprintUserMessages: Early PlayInEditor Detection: Level '/Game/ThirdPerson/ThirdPersonBP/ThirdPersonExampleMap.ThirdPersonExampleMap:PersistentLevel' has LevelScriptBlueprint '/Game/ThirdPerson/ThirdPersonBP/ThirdPersonExampleMap.ThirdPersonExampleMap:PersistentLevel.ThirdPersonExampleMap' with GeneratedClass '/Game/ThirdPerson/ThirdPersonBP/ThirdPersonExampleMap.ThirdPersonExampleMap_C' with ClassGeneratedBy '/Game/ThirdPerson/ThirdPersonBP/ThirdPersonExampleMap.ThirdPersonExampleMap:PersistentLevel.ThirdPersonExampleMap'
[2018.04.24-19.58.25:185][752]LogPlayLevel: PlayLevel: No blueprints needed recompiling
[2018.04.24-19.58.25:185][752]PIE: New page: Sesión PIE (reproducción en el editor): ThirdPersonExampleMap (24/4/2018 9:58:25)
[2018.04.24-19.58.25:186][752]LogPlayLevel: Creating play world package: /Game/ThirdPerson/ThirdPersonBP/UEDPIE_0_ThirdPersonExampleMap
[2018.04.24-19.58.25:408][752]LogPlayLevel: PIE: StaticDuplicateObject took: (0.221899s)
[2018.04.24-19.58.25:408][752]LogAIModule: Creating AISystem for world ThirdPersonExampleMap
[2018.04.24-19.58.25:409][752]LogPlayLevel: PIE: World Init took: (0.000956s)
[2018.04.24-19.58.25:409][752]LogPlayLevel: PIE: Created PIE world by copying editor world from /Game/ThirdPerson/ThirdPersonBP/ThirdPersonExampleMap.ThirdPersonExampleMap to /Game/ThirdPerson/ThirdPersonBP/UEDPIE_0_ThirdPersonExampleMap.ThirdPersonExampleMap (0.223298s)
[2018.04.24-19.58.25:423][752]LogInit: XAudio2 using 'Altavoces (Realtek High Definition Audio)' : 2 channels at 48 kHz using 32 bits per sample (channel mask 0x3)
[2018.04.24-19.58.25:433][752]LogInit: FAudioDevice initialized.
[2018.04.24-19.58.25:480][752]LogLoad: Game class is 'MyGame_C'
[2018.04.24-19.58.25:489][752]LogWorld: Bringing World /Game/ThirdPerson/ThirdPersonBP/UEDPIE_0_ThirdPersonExampleMap.ThirdPersonExampleMap up for play (max tick rate 0) at 2018.04.24-14.58.25
[2018.04.24-19.58.25:490][752]LogWorld: Bringing up level for play took: 0.009442
[2018.04.24-19.58.25:582][752]LogContentBrowser: Native class hierarchy updated for 'MovieSceneCapture' in 0.0006 seconds. Added 11 classes and 0 folders.
[2018.04.24-19.58.25:582][752]LogGameMode: Display: Match State Changed from EnteringMap to WaitingToStart
[2018.04.24-19.58.25:582][752]LogGameState: Match State Changed from EnteringMap to WaitingToStart
[2018.04.24-19.58.25:582][752]LogGameMode: Display: Match State Changed from WaitingToStart to InProgress
[2018.04.24-19.58.25:584][752]LogGameState: Match State Changed from WaitingToStart to InProgress
[2018.04.24-19.58.25:584][752]PIE: Tiempo de inicio de la reproducción en el editor para  /Game/ThirdPerson/ThirdPersonBP/UEDPIE_0_ThirdPersonExampleMap 0,023
[2018.04.24-19.58.25:584][752]LogBlueprintUserMessages: Late PlayInEditor Detection: Level '/Game/ThirdPerson/ThirdPersonBP/ThirdPersonExampleMap.ThirdPersonExampleMap:PersistentLevel' has LevelScriptBlueprint '/Game/ThirdPerson/ThirdPersonBP/ThirdPersonExampleMap.ThirdPersonExampleMap:PersistentLevel.ThirdPersonExampleMap' with GeneratedClass '/Game/ThirdPerson/ThirdPersonBP/ThirdPersonExampleMap.ThirdPersonExampleMap_C' with ClassGeneratedBy '/Game/ThirdPerson/ThirdPersonBP/ThirdPersonExampleMap.ThirdPersonExampleMap:PersistentLevel.ThirdPersonExampleMap'
[2018.04.24-19.58.38:443][282]LogBlueprintUserMessages: [Dialogo_1_C_0] Mision Topografo Aceptada!
[2018.04.24-19.59.14:067][556]LogBlueprintUserMessages: Early EndPlayMap Detection: Level '/Game/ThirdPerson/ThirdPersonBP/ThirdPersonExampleMap.ThirdPersonExampleMap:PersistentLevel' has LevelScriptBlueprint '/Game/ThirdPerson/ThirdPersonBP/ThirdPersonExampleMap.ThirdPersonExampleMap:PersistentLevel.ThirdPersonExampleMap' with GeneratedClass '/Game/ThirdPerson/ThirdPersonBP/ThirdPersonExampleMap.ThirdPersonExampleMap_C' with ClassGeneratedBy '/Game/ThirdPerson/ThirdPersonBP/ThirdPersonExampleMap.ThirdPersonExampleMap:PersistentLevel.ThirdPersonExampleMap'
[2018.04.24-19.59.14:104][556]LogBlueprintUserMessages: Late EndPlayMap Detection: Level '/Game/ThirdPerson/ThirdPersonBP/ThirdPersonExampleMap.ThirdPersonExampleMap:PersistentLevel' has LevelScriptBlueprint '/Game/ThirdPerson/ThirdPersonBP/ThirdPersonExampleMap.ThirdPersonExampleMap:PersistentLevel.ThirdPersonExampleMap' with GeneratedClass '/Game/ThirdPerson/ThirdPersonBP/ThirdPersonExampleMap.ThirdPersonExampleMap_C' with ClassGeneratedBy '/Game/ThirdPerson/ThirdPersonBP/ThirdPersonExampleMap.ThirdPersonExampleMap:PersistentLevel.ThirdPersonExampleMap'
[2018.04.24-19.59.18:548][897]LogSavePackage: Save=1448.03ms
[2018.04.24-19.59.18:548][897]LogSavePackage: Moving 'D:/Git/Pacto_de_HonoRPG/Codigo/Saved/ThirdPersonExampleMap5DFF8AB14F3321366D78F9AA99A8F542.tmp' to 'D:/Git/Pacto_de_HonoRPG/Codigo/Content/ThirdPerson/ThirdPersonBP/ThirdPersonExampleMap.umap'
[2018.04.24-19.59.18:552][897]LogSavePackage: Display: Finished SavePackage D:/Git/Pacto_de_HonoRPG/Codigo/Content/ThirdPerson/ThirdPersonBP/ThirdPersonExampleMap.umap
[2018.04.24-19.59.19:072][897]LogSavePackage: Save=422.67ms
[2018.04.24-19.59.19:072][897]LogSavePackage: Moving 'D:/Git/Pacto_de_HonoRPG/Codigo/Saved/ThirdPersonExampleMap_BuiltData29B0949144D40B43BD3192805B5BE1A1.tmp' to 'D:/Git/Pacto_de_HonoRPG/Codigo/Content/ThirdPerson/ThirdPersonBP/ThirdPersonExampleMap_BuiltData.uasset'
[2018.04.24-19.59.19:073][897]LogSavePackage: Display: Finished SavePackage D:/Git/Pacto_de_HonoRPG/Codigo/Content/ThirdPerson/ThirdPersonBP/ThirdPersonExampleMap_BuiltData.uasset
[2018.04.24-20.05.07:869][249]LogSavePackage: Save=1438.70ms
[2018.04.24-20.05.07:869][249]LogSavePackage: Moving 'D:/Git/Pacto_de_HonoRPG/Codigo/Saved/ThirdPersonExampleMap5BD6CE27483211DDC37CD8A0A5661C56.tmp' to 'D:/Git/Pacto_de_HonoRPG/Codigo/Content/ThirdPerson/ThirdPersonBP/ThirdPersonExampleMap.umap'
[2018.04.24-20.05.07:873][249]LogSavePackage: Display: Finished SavePackage D:/Git/Pacto_de_HonoRPG/Codigo/Content/ThirdPerson/ThirdPersonBP/ThirdPersonExampleMap.umap
[2018.04.24-20.05.08:284][249]LogSavePackage: Save=313.58ms
[2018.04.24-20.05.08:284][249]LogSavePackage: Moving 'D:/Git/Pacto_de_HonoRPG/Codigo/Saved/ThirdPersonExampleMap_BuiltData049814B34B680AC8F3EEE5BCE604F068.tmp' to 'D:/Git/Pacto_de_HonoRPG/Codigo/Content/ThirdPerson/ThirdPersonBP/ThirdPersonExampleMap_BuiltData.uasset'
[2018.04.24-20.05.08:285][249]LogSavePackage: Display: Finished SavePackage D:/Git/Pacto_de_HonoRPG/Codigo/Content/ThirdPerson/ThirdPersonBP/ThirdPersonExampleMap_BuiltData.uasset
[2018.04.24-20.25.18:748][947]Cmd: QUIT_EDITOR
[2018.04.24-20.25.19:188][947]LogWindowsTextInputMethodSystem: Display: IME system now deactivated.
[2018.04.24-20.25.19:198][947]LogExit: Preparing to exit.
[2018.04.24-20.25.19:719][947]LogExit: Editor shut down
[2018.04.24-20.25.19:742][947]LogExit: Transaction tracking system shut down
[2018.04.24-20.25.19:921][947]LogDirectoryWatcher: A directory notification for '../../../Engine/Content/' was aborted.
[2018.04.24-20.25.19:922][947]LogDirectoryWatcher: A directory notification for 'D:/Git/Pacto_de_HonoRPG/Codigo/Content/' was aborted.
[2018.04.24-20.25.19:922][947]LogDirectoryWatcher: A directory notification for '../../../Engine/Plugins/2D/Paper2D/Content/' was aborted.
[2018.04.24-20.25.19:922][947]LogDirectoryWatcher: A directory notification for '../../../Engine/Plugins/Media/MediaCompositing/Content/' was aborted.
[2018.04.24-20.25.19:922][947]LogDirectoryWatcher: A directory notification for '../../../Engine/Plugins/MySQL/Content/' was aborted.
[2018.04.24-20.25.19:922][947]LogDirectoryWatcher: A directory notification for '../../../Engine/Plugins/Runtime/AppleARKit/Content/' was aborted.
[2018.04.24-20.25.19:922][947]LogDirectoryWatcher: A directory notification for '../../../Engine/Plugins/Runtime/Oculus/OculusVR/Content/' was aborted.
[2018.04.24-20.25.19:922][947]LogDirectoryWatcher: A directory notification for '../../../Engine/Plugins/Runtime/Steam/SteamVR/Content/' was aborted.
[2018.04.24-20.25.20:144][947]LogExit: Object subsystem successfully closed.
[2018.04.24-20.25.20:231][947]LogD3D11RHI: Shutdown
[2018.04.24-20.25.20:231][947]LogD3D11RHI: CleanupD3DDevice
[2018.04.24-20.25.20:236][947]LogD3D11RHI: ~FD3D11DynamicRHI
[2018.04.24-20.25.20:301][947]LogModuleManager: Shutting down and abandoning module MovieSceneCapture (558)
[2018.04.24-20.25.20:301][947]LogModuleManager: Shutting down and abandoning module HierarchicalLODOutliner (556)
[2018.04.24-20.25.20:301][947]LogModuleManager: Shutting down and abandoning module DesktopPlatform (554)
[2018.04.24-20.25.20:302][947]LogModuleManager: Shutting down and abandoning module SceneOutliner (552)
[2018.04.24-20.25.20:302][947]LogModuleManager: Shutting down and abandoning module AddContentDialog (550)
[2018.04.24-20.25.20:303][947]LogDirectoryWatcher: A directory notification for 'C:/Program Files/Epic Games/UE_4.18/FeaturePacks/' was aborted.
[2018.04.24-20.25.20:306][947]LogModuleManager: Shutting down and abandoning module WidgetCarousel (549)
[2018.04.24-20.25.20:306][947]LogModuleManager: Shutting down and abandoning module EditorWidgets (546)
[2018.04.24-20.25.20:306][947]LogModuleManager: Shutting down and abandoning module CollectionManager (544)
[2018.04.24-20.25.20:307][947]LogDirectoryWatcher: A directory notification for 'D:/Git/Pacto_de_HonoRPG/Codigo/Content/Collections/' was aborted.
[2018.04.24-20.25.20:307][947]LogDirectoryWatcher: A directory notification for 'D:/Git/Pacto_de_HonoRPG/Codigo/Content/Developers/Dell/Collections/' was aborted.
[2018.04.24-20.25.20:307][947]LogDirectoryWatcher: A directory notification for 'D:/Git/Pacto_de_HonoRPG/Codigo/Saved/Collections/' was aborted.
[2018.04.24-20.25.20:307][947]LogModuleManager: Shutting down and abandoning module StatsViewer (542)
[2018.04.24-20.25.20:308][947]LogModuleManager: Shutting down and abandoning module FoliageEdit (540)
[2018.04.24-20.25.20:309][947]LogModuleManager: Shutting down and abandoning module LandscapeEditor (538)
[2018.04.24-20.25.20:310][947]LogModuleManager: Shutting down and abandoning module MeshPaintMode (536)
[2018.04.24-20.25.20:310][947]LogModuleManager: Shutting down and abandoning module SceneDepthPickerMode (534)
[2018.04.24-20.25.20:310][947]LogModuleManager: Shutting down and abandoning module ActorPickerMode (532)
[2018.04.24-20.25.20:310][947]LogModuleManager: Shutting down and abandoning module GeometryMode (530)
[2018.04.24-20.25.20:311][947]LogModuleManager: Shutting down and abandoning module TextureAlignMode (528)
[2018.04.24-20.25.20:311][947]LogModuleManager: Shutting down and abandoning module BspMode (526)
[2018.04.24-20.25.20:311][947]LogModuleManager: Shutting down and abandoning module PIEPreviewDeviceProfileSelector (524)
[2018.04.24-20.25.20:311][947]LogModuleManager: Shutting down and abandoning module HardwareSurvey (522)
[2018.04.24-20.25.20:311][947]LogModuleManager: Shutting down and abandoning module SequenceRecorderSections (520)
[2018.04.24-20.25.20:311][947]LogModuleManager: Shutting down and abandoning module AutomationWorker (518)
[2018.04.24-20.25.20:311][947]LogModuleManager: Shutting down and abandoning module MatineeToLevelSequence (516)
[2018.04.24-20.25.20:311][947]LogModuleManager: Shutting down and abandoning module LevelSequenceEditor (514)
[2018.04.24-20.25.20:313][947]LogModuleManager: Shutting down and abandoning module PlacementMode (513)
[2018.04.24-20.25.20:313][947]LogModuleManager: Shutting down and abandoning module WmfMediaFactory (510)
[2018.04.24-20.25.20:313][947]LogModuleManager: Shutting down and abandoning module WmfMediaEditor (508)
[2018.04.24-20.25.20:313][947]LogModuleManager: Shutting down and abandoning module OpenExrWrapper (506)
[2018.04.24-20.25.20:313][947]LogModuleManager: Shutting down and abandoning module ImgMediaFactory (504)
[2018.04.24-20.25.20:313][947]LogModuleManager: Shutting down and abandoning module ImgMediaEditor (502)
[2018.04.24-20.25.20:313][947]LogModuleManager: Shutting down and abandoning module AvfMediaFactory (500)
[2018.04.24-20.25.20:313][947]LogModuleManager: Shutting down and abandoning module AvfMediaEditor (498)
[2018.04.24-20.25.20:313][947]LogModuleManager: Shutting down and abandoning module AndroidMediaFactory (496)
[2018.04.24-20.25.20:313][947]LogModuleManager: Shutting down and abandoning module AndroidMediaEditor (494)
[2018.04.24-20.25.20:313][947]LogModuleManager: Shutting down and abandoning module CharacterAI (492)
[2018.04.24-20.25.20:313][947]LogModuleManager: Shutting down and abandoning module AudioCapture (490)
[2018.04.24-20.25.20:314][947]LogModuleManager: Shutting down and abandoning module SequenceRecorder (489)
[2018.04.24-20.25.20:314][947]LogModuleManager: Shutting down and abandoning module SmartSnapping (486)
[2018.04.24-20.25.20:314][947]LogModuleManager: Shutting down and abandoning module SessionServices (484)
[2018.04.24-20.25.20:314][947]LogModuleManager: Shutting down and abandoning module ViewportSnapping (482)
[2018.04.24-20.25.20:314][947]LogModuleManager: Shutting down and abandoning module ViewportInteraction (480)
[2018.04.24-20.25.20:314][947]LogModuleManager: Shutting down and abandoning module ClothPainter (478)
[2018.04.24-20.25.20:315][947]LogModuleManager: Shutting down and abandoning module SkeletalMeshEditor (477)
[2018.04.24-20.25.20:317][947]LogModuleManager: Shutting down and abandoning module LogVisualizer (474)
[2018.04.24-20.25.20:318][947]LogModuleManager: Shutting down and abandoning module IntroTutorials (472)
[2018.04.24-20.25.20:319][947]LogModuleManager: Shutting down and abandoning module GameProjectGeneration (471)
[2018.04.24-20.25.20:320][947]LogModuleManager: Shutting down and abandoning module IOSPlatformEditor (468)
[2018.04.24-20.25.20:320][947]LogModuleManager: Shutting down and abandoning module HTML5PlatformEditor (466)
[2018.04.24-20.25.20:320][947]LogModuleManager: Shutting down and abandoning module AndroidPlatformEditor (464)
[2018.04.24-20.25.20:320][947]LogModuleManager: Shutting down and abandoning module AndroidDeviceDetection (463)
[2018.04.24-20.25.20:597][947]LogModuleManager: Shutting down and abandoning module WindowsPlatformEditor (460)
[2018.04.24-20.25.20:597][947]LogModuleManager: Shutting down and abandoning module IOSRuntimeSettings (458)
[2018.04.24-20.25.20:597][947]LogModuleManager: Shutting down and abandoning module AndroidRuntimeSettings (456)
[2018.04.24-20.25.20:597][947]LogModuleManager: Shutting down and abandoning module InputBindingEditor (454)
[2018.04.24-20.25.20:598][947]LogModuleManager: Shutting down and abandoning module MergeActors (452)
[2018.04.24-20.25.20:599][947]LogModuleManager: Shutting down and abandoning module SizeMap (450)
[2018.04.24-20.25.20:599][947]LogModuleManager: Shutting down and abandoning module TreeMap (448)
[2018.04.24-20.25.20:599][947]LogModuleManager: Shutting down and abandoning module ReferenceViewer (446)
[2018.04.24-20.25.20:599][947]LogModuleManager: Shutting down and abandoning module LocalizationDashboard (444)
[2018.04.24-20.25.20:600][947]LogModuleManager: Shutting down and abandoning module LocalizationService (443)
[2018.04.24-20.25.20:600][947]LogModuleManager: Shutting down and abandoning module HardwareTargeting (440)
[2018.04.24-20.25.20:600][947]LogModuleManager: Shutting down and abandoning module DeviceProfileEditor (438)
[2018.04.24-20.25.20:600][947]LogModuleManager: Shutting down and abandoning module UndoHistory (436)
[2018.04.24-20.25.20:600][947]LogModuleManager: Shutting down and abandoning module XmlParser (434)
[2018.04.24-20.25.20:600][947]LogModuleManager: Shutting down and abandoning module Blutility (432)
[2018.04.24-20.25.20:600][947]LogModuleManager: Shutting down and abandoning module ProjectSettingsViewer (430)
[2018.04.24-20.25.20:600][947]LogModuleManager: Shutting down and abandoning module ProjectTargetPlatformEditor (429)
[2018.04.24-20.25.20:601][947]LogModuleManager: Shutting down and abandoning module EditorSettingsViewer (426)
[2018.04.24-20.25.20:601][947]LogModuleManager: Shutting down and abandoning module SettingsEditor (424)
[2018.04.24-20.25.20:602][947]LogModuleManager: Shutting down and abandoning module ProjectLauncher (422)
[2018.04.24-20.25.20:602][947]LogModuleManager: Shutting down and abandoning module SessionFrontend (420)
[2018.04.24-20.25.20:603][947]LogModuleManager: Shutting down and abandoning module ProfilerClient (418)
[2018.04.24-20.25.20:603][947]LogModuleManager: Shutting down and abandoning module DeviceManager (416)
[2018.04.24-20.25.20:604][947]LogModuleManager: Shutting down and abandoning module TargetDeviceServices (415)
[2018.04.24-20.25.20:656][947]LogModuleManager: Shutting down and abandoning module AutomationController (412)
[2018.04.24-20.25.20:656][947]LogModuleManager: Shutting down and abandoning module AutomationWindow (410)
[2018.04.24-20.25.20:658][947]LogModuleManager: Shutting down and abandoning module Layers (408)
[2018.04.24-20.25.20:660][947]LogModuleManager: Shutting down and abandoning module ComponentVisualizers (406)
[2018.04.24-20.25.20:660][947]LogModuleManager: Shutting down and abandoning module DetailCustomizations (404)
[2018.04.24-20.25.20:660][947]LogModuleManager: Shutting down and abandoning module PackagesDialog (402)
[2018.04.24-20.25.20:660][947]LogModuleManager: Shutting down and abandoning module Persona (400)
[2018.04.24-20.25.20:662][947]LogModuleManager: Shutting down and abandoning module AdvancedPreviewScene (399)
[2018.04.24-20.25.20:662][947]LogModuleManager: Shutting down and abandoning module AnimGraph (397)
[2018.04.24-20.25.20:662][947]LogModuleManager: Shutting down and abandoning module Kismet (394)
[2018.04.24-20.25.20:665][947]LogModuleManager: Shutting down and abandoning module ClassViewer (392)
[2018.04.24-20.25.20:665][947]LogModuleManager: Shutting down and abandoning module Toolbox (390)
[2018.04.24-20.25.20:665][947]LogModuleManager: Shutting down and abandoning module ModuleUI (388)
[2018.04.24-20.25.20:665][947]LogModuleManager: Shutting down and abandoning module MovieSceneTools (386)
[2018.04.24-20.25.20:667][947]LogModuleManager: Shutting down and abandoning module OutputLog (384)
[2018.04.24-20.25.20:667][947]LogModuleManager: Shutting down and abandoning module GammaUI (382)
[2018.04.24-20.25.20:668][947]LogModuleManager: Shutting down and abandoning module Documentation (380)
[2018.04.24-20.25.20:668][947]LogModuleManager: Shutting down and abandoning module MovieSceneTracks (378)
[2018.04.24-20.25.20:668][947]LogModuleManager: Shutting down and abandoning module MovieScene (376)
[2018.04.24-20.25.20:668][947]LogModuleManager: Shutting down and abandoning module StreamingPauseRendering (374)
[2018.04.24-20.25.20:668][947]LogModuleManager: Shutting down and abandoning module LauncherPlatform (372)
[2018.04.24-20.25.20:668][947]LogModuleManager: Shutting down and abandoning module AnalyticsET (370)
[2018.04.24-20.25.20:668][947]LogModuleManager: Shutting down and abandoning module PortalServices (368)
[2018.04.24-20.25.20:668][947]LogModuleManager: Shutting down and abandoning module PortalRpc (366)
[2018.04.24-20.25.20:668][947]LogModuleManager: Shutting down and abandoning module MessagingRpc (364)
[2018.04.24-20.25.20:668][947]LogModuleManager: Shutting down and abandoning module AIModule (362)
[2018.04.24-20.25.20:668][947]LogModuleManager: Shutting down and abandoning module GameplayDebugger (361)
[2018.04.24-20.25.20:668][947]LogModuleManager: Shutting down and abandoning module AITestSuite (359)
[2018.04.24-20.25.20:669][947]LogModuleManager: Shutting down and abandoning module ProfilerService (356)
[2018.04.24-20.25.20:854][947]LogModuleManager: Shutting down and abandoning module TaskGraph (354)
[2018.04.24-20.25.20:855][947]LogModuleManager: Shutting down and abandoning module SteamVRController (352)
[2018.04.24-20.25.20:855][947]LogModuleManager: Shutting down and abandoning module ProceduralMeshComponentEditor (350)
[2018.04.24-20.25.20:855][947]LogModuleManager: Shutting down and abandoning module ProceduralMeshComponent (348)
[2018.04.24-20.25.20:855][947]LogModuleManager: Shutting down and abandoning module OculusInput (346)
[2018.04.24-20.25.20:855][947]LogModuleManager: Shutting down and abandoning module MobilePatchingUtils (344)
[2018.04.24-20.25.20:855][947]LogModuleManager: Shutting down and abandoning module CustomMeshComponent (342)
[2018.04.24-20.25.20:855][947]LogModuleManager: Shutting down and abandoning module CableComponent (340)
[2018.04.24-20.25.20:855][947]LogModuleManager: Shutting down and abandoning module ArchVisCharacter (338)
[2018.04.24-20.25.20:855][947]LogModuleManager: Shutting down and abandoning module AndroidPermission (336)
[2018.04.24-20.25.20:855][947]LogModuleManager: Shutting down and abandoning module MySQL (332)
[2018.04.24-20.25.20:855][947]LogModuleManager: Shutting down and abandoning module ActorSequence (330)
[2018.04.24-20.25.20:855][947]LogModuleManager: Shutting down and abandoning module MediaPlayerEditor (328)
[2018.04.24-20.25.20:857][947]LogModuleManager: Shutting down and abandoning module MediaCompositingEditor (326)
[2018.04.24-20.25.20:858][947]LogModuleManager: Shutting down and abandoning module MediaCompositing (324)
[2018.04.24-20.25.20:858][947]LogModuleManager: Shutting down and abandoning module VaRestEditorPlugin (322)
[2018.04.24-20.25.20:858][947]LogModuleManager: Shutting down and abandoning module HTML5Networking (320)
[2018.04.24-20.25.20:858][947]LogModuleManager: Shutting down and abandoning module AlembicImporter (318)
[2018.04.24-20.25.20:858][947]LogModuleManager: Shutting down and abandoning module AlembicLibrary (317)
[2018.04.24-20.25.20:858][947]LogModuleManager: Shutting down and abandoning module GeometryCache (316)
[2018.04.24-20.25.20:858][947]LogModuleManager: Shutting down and abandoning module GeometryCacheEd (315)
[2018.04.24-20.25.20:858][947]LogModuleManager: Shutting down and abandoning module SpeedTreeImporter (310)
[2018.04.24-20.25.20:858][947]LogModuleManager: Shutting down and abandoning module PluginBrowser (308)
[2018.04.24-20.25.20:860][947]LogModuleManager: Shutting down and abandoning module MobileLauncherProfileWizard (306)
[2018.04.24-20.25.20:862][947]LogModuleManager: Shutting down and abandoning module VisualStudioSourceCodeAccess (304)
[2018.04.24-20.25.20:862][947]LogModuleManager: Shutting down and abandoning module VisualStudioCodeSourceCodeAccess (302)
[2018.04.24-20.25.20:862][947]LogModuleManager: Shutting down and abandoning module UObjectPlugin (300)
[2018.04.24-20.25.20:862][947]LogModuleManager: Shutting down and abandoning module SubversionSourceControl (298)
[2018.04.24-20.25.20:862][947]LogModuleManager: Shutting down and abandoning module PerforceSourceControl (296)
[2018.04.24-20.25.20:863][947]LogModuleManager: Shutting down and abandoning module GitSourceControl (294)
[2018.04.24-20.25.20:863][947]LogModuleManager: Shutting down and abandoning module SourceControl (293)
[2018.04.24-20.25.20:863][947]LogModuleManager: Shutting down and abandoning module LightPropagationVolumeEditor (290)
[2018.04.24-20.25.20:863][947]LogModuleManager: Shutting down and abandoning module PaperTiledImporter (288)
[2018.04.24-20.25.20:863][947]LogModuleManager: Shutting down and abandoning module PaperSpriteSheetImporter (286)
[2018.04.24-20.25.20:863][947]LogModuleManager: Shutting down and abandoning module Paper2DEditor (284)
[2018.04.24-20.25.20:863][947]LogModuleManager: Shutting down and abandoning module MeshPaint (283)
[2018.04.24-20.25.20:864][947]LogModuleManager: Shutting down and abandoning module LevelEditor (281)
[2018.04.24-20.25.20:866][947]LogModuleManager: Shutting down and abandoning module PixelInspectorModule (280)
[2018.04.24-20.25.20:867][947]LogModuleManager: Shutting down and abandoning module MainFrame (278)
[2018.04.24-20.25.20:867][947]LogModuleManager: Shutting down and abandoning module HotReload (277)
[2018.04.24-20.25.20:867][947]LogDirectoryWatcher: A directory notification for 'D:/Git/Pacto_de_HonoRPG/Codigo/Binaries/Win64' was aborted.
[2018.04.24-20.25.20:868][947]LogModuleManager: Shutting down and abandoning module Pacto_de_Honor (272)
[2018.04.24-20.25.20:868][947]LogModuleManager: Shutting down and abandoning module RuntimePhysXCooking (270)
[2018.04.24-20.25.20:868][947]LogModuleManager: Shutting down and abandoning module PhysXVehiclesEditor (268)
[2018.04.24-20.25.20:868][947]LogModuleManager: Shutting down and abandoning module PhysXVehicles (266)
[2018.04.24-20.25.20:868][947]LogModuleManager: Shutting down and abandoning module OculusEditor (264)
[2018.04.24-20.25.20:868][947]LogModuleManager: Shutting down and abandoning module LocationServicesBPLibrary (262)
[2018.04.24-20.25.20:868][947]LogModuleManager: Shutting down and abandoning module ImmediatePhysicsEditor (260)
[2018.04.24-20.25.20:868][947]LogModuleManager: Shutting down and abandoning module ImmediatePhysics (258)
[2018.04.24-20.25.20:868][947]LogModuleManager: Shutting down and abandoning module UdpMessaging (256)
[2018.04.24-20.25.20:969][947]LogModuleManager: Shutting down and abandoning module TcpMessaging (254)
[2018.04.24-20.25.21:070][947]LogModuleManager: Shutting down and abandoning module VaRestPlugin (252)
[2018.04.24-20.25.21:070][947]LogModuleManager: Shutting down and abandoning module GameplayTagsEditor (250)
[2018.04.24-20.25.21:071][947]LogModuleManager: Shutting down and abandoning module FacialAnimationEditor (248)
[2018.04.24-20.25.21:071][947]LogModuleManager: Shutting down and abandoning module FacialAnimation (246)
[2018.04.24-20.25.21:071][947]LogModuleManager: Shutting down and abandoning module AssetManagerEditor (244)
[2018.04.24-20.25.21:072][947]LogModuleManager: Shutting down and abandoning module GraphEditor (243)
[2018.04.24-20.25.21:072][947]LogModuleManager: Shutting down and abandoning module ContentBrowser (241)
[2018.04.24-20.25.21:073][947]LogModuleManager: Shutting down and abandoning module LightPropagationVolumeRuntime (238)
[2018.04.24-20.25.21:073][947]LogModuleManager: Shutting down and abandoning module Paper2D (236)
[2018.04.24-20.25.21:073][947]LogModuleManager: Shutting down and abandoning module WindowsMoviePlayer (234)
[2018.04.24-20.25.21:073][947]LogModuleManager: Shutting down and abandoning module WmfMedia (232)
[2018.04.24-20.25.21:075][947]LogModuleManager: Shutting down and abandoning module ImgMedia (230)
[2018.04.24-20.25.21:075][947]LogModuleManager: Shutting down and abandoning module PacketHandler (228)
[2018.04.24-20.25.21:075][947]LogModuleManager: Shutting down and abandoning module ClothingSystemEditor (226)
[2018.04.24-20.25.21:075][947]LogModuleManager: Shutting down and abandoning module ClothingSystemRuntime (224)
[2018.04.24-20.25.21:075][947]LogModuleManager: Shutting down and abandoning module MediaAssets (222)
[2018.04.24-20.25.21:076][947]LogModuleManager: Shutting down and abandoning module Media (221)
[2018.04.24-20.25.21:082][947]LogModuleManager: Shutting down and abandoning module Overlay (218)
[2018.04.24-20.25.21:082][947]LogModuleManager: Shutting down and abandoning module OverlayEditor (217)
[2018.04.24-20.25.21:082][947]LogModuleManager: Shutting down and abandoning module VREditor (214)
[2018.04.24-20.25.21:083][947]LogModuleManager: Shutting down and abandoning module StringTableEditor (212)
[2018.04.24-20.25.21:084][947]LogModuleManager: Shutting down and abandoning module GameplayTasksEditor (210)
[2018.04.24-20.25.21:084][947]LogModuleManager: Shutting down and abandoning module BehaviorTreeEditor (208)
[2018.04.24-20.25.21:086][947]LogModuleManager: Shutting down and abandoning module FunctionalTesting (206)
[2018.04.24-20.25.21:086][947]LogModuleManager: Shutting down and abandoning module CollisionAnalyzer (204)
[2018.04.24-20.25.21:087][947]LogModuleManager: Shutting down and abandoning module WorkspaceMenuStructure (203)
[2018.04.24-20.25.21:087][947]LogModuleManager: Shutting down and abandoning module UMG (200)
[2018.04.24-20.25.21:087][947]LogModuleManager: Shutting down and abandoning module UMGEditor (199)
[2018.04.24-20.25.21:087][947]LogModuleManager: Shutting down and abandoning module Sequencer (198)
[2018.04.24-20.25.21:087][947]LogModuleManager: Shutting down and abandoning module MessageLog (195)
[2018.04.24-20.25.21:087][947]LogModuleManager: Shutting down and abandoning module SlateReflector (190)
[2018.04.24-20.25.21:090][947]LogModuleManager: Shutting down and abandoning module Slate (188)
[2018.04.24-20.25.21:090][947]LogModuleManager: Shutting down and abandoning module EditorStyle (186)
[2018.04.24-20.25.21:094][947]LogModuleManager: Shutting down and abandoning module MRMesh (184)
[2018.04.24-20.25.21:094][947]LogModuleManager: Shutting down and abandoning module SourceCodeAccess (182)
[2018.04.24-20.25.21:094][947]LogModuleManager: Shutting down and abandoning module HeadMountedDisplay (180)
[2018.04.24-20.25.21:094][947]LogModuleManager: Shutting down and abandoning module XAudio2 (178)
[2018.04.24-20.25.21:094][947]LogModuleManager: Shutting down and abandoning module Networking (176)
[2018.04.24-20.25.21:094][947]LogModuleManager: Shutting down and abandoning module Core (172)
[2018.04.24-20.25.21:094][947]LogModuleManager: Shutting down and abandoning module LevelSequence (168)
[2018.04.24-20.25.21:095][947]LogModuleManager: Shutting down and abandoning module DirectoryWatcher (166)
[2018.04.24-20.25.21:100][947]LogModuleManager: Shutting down and abandoning module KismetCompiler (164)
[2018.04.24-20.25.21:100][947]LogModuleManager: Shutting down and abandoning module MeshUtilities (162)
[2018.04.24-20.25.21:101][947]LogModuleManager: Shutting down and abandoning module MeshMergeUtilities (161)
[2018.04.24-20.25.21:102][947]LogModuleManager: Shutting down and abandoning module MeshReductionInterface (160)
[2018.04.24-20.25.21:102][947]LogModuleManager: Shutting down and abandoning module SimplygonSwarm (159)
[2018.04.24-20.25.21:102][947]LogModuleManager: Shutting down and abandoning module SimplygonMeshReduction (157)
[2018.04.24-20.25.21:102][947]LogModuleManager: Shutting down and abandoning module QuadricMeshReduction (155)
[2018.04.24-20.25.21:102][947]LogModuleManager: Shutting down and abandoning module MaterialBaking (151)
[2018.04.24-20.25.21:102][947]LogModuleManager: Shutting down and abandoning module DerivedDataCache (148)
[2018.04.24-20.25.21:172][947]LogDerivedDataCache: Shutdown
[2018.04.24-20.25.21:172][947]LogModuleManager: Shutting down and abandoning module TargetPlatform (146)
[2018.04.24-20.25.21:172][947]LogModuleManager: Shutting down and abandoning module VulkanShaderFormat (145)
[2018.04.24-20.25.21:172][947]LogModuleManager: Shutting down and abandoning module ShaderFormatVectorVM (143)
[2018.04.24-20.25.21:173][947]LogModuleManager: Shutting down and abandoning module ShaderFormatOpenGL (141)
[2018.04.24-20.25.21:173][947]LogModuleManager: Shutting down and abandoning module ShaderFormatD3D (139)
[2018.04.24-20.25.21:173][947]LogModuleManager: Shutting down and abandoning module MetalShaderFormat (137)
[2018.04.24-20.25.21:174][947]LogModuleManager: Shutting down and abandoning module TextureFormatUncompressed (135)
[2018.04.24-20.25.21:174][947]LogModuleManager: Shutting down and abandoning module TextureFormatPVR (133)
[2018.04.24-20.25.21:174][947]LogModuleManager: Shutting down and abandoning module TextureFormatDXT (131)
[2018.04.24-20.25.21:174][947]LogModuleManager: Shutting down and abandoning module TextureFormatIntelISPCTexComp (129)
[2018.04.24-20.25.21:174][947]LogModuleManager: Shutting down and abandoning module TextureFormatASTC (127)
[2018.04.24-20.25.21:174][947]LogModuleManager: Shutting down and abandoning module ImageWrapper (126)
[2018.04.24-20.25.21:174][947]LogModuleManager: Shutting down and abandoning module TextureFormatAndroid (123)
[2018.04.24-20.25.21:174][947]LogModuleManager: Shutting down and abandoning module AudioFormatOpus (121)
[2018.04.24-20.25.21:174][947]LogModuleManager: Shutting down and abandoning module AudioFormatOgg (119)
[2018.04.24-20.25.21:174][947]LogModuleManager: Shutting down and abandoning module AudioFormatADPCM (117)
[2018.04.24-20.25.21:174][947]LogModuleManager: Shutting down and abandoning module LinuxTargetPlatform (115)
[2018.04.24-20.25.21:174][947]LogModuleManager: Shutting down and abandoning module LinuxServerTargetPlatform (113)
[2018.04.24-20.25.21:174][947]LogModuleManager: Shutting down and abandoning module LinuxNoEditorTargetPlatform (111)
[2018.04.24-20.25.21:174][947]LogModuleManager: Shutting down and abandoning module LinuxClientTargetPlatform (109)
[2018.04.24-20.25.21:174][947]LogModuleManager: Shutting down and abandoning module TVOSTargetPlatform (107)
[2018.04.24-20.25.21:174][947]LogModuleManager: Shutting down and abandoning module Messaging (105)
[2018.04.24-20.25.21:174][947]LogModuleManager: Shutting down and abandoning module IOSTargetPlatform (103)
[2018.04.24-20.25.21:174][947]LogModuleManager: Shutting down and abandoning module HTML5TargetPlatform (101)
[2018.04.24-20.25.21:174][947]LogModuleManager: Shutting down and abandoning module AndroidTargetPlatform (99)
[2018.04.24-20.25.21:174][947]LogModuleManager: Shutting down and abandoning module Android_PVRTCTargetPlatform (97)
[2018.04.24-20.25.21:174][947]LogModuleManager: Shutting down and abandoning module Android_MultiTargetPlatform (95)
[2018.04.24-20.25.21:174][947]LogModuleManager: Shutting down and abandoning module Android_ETC2TargetPlatform (93)
[2018.04.24-20.25.21:174][947]LogModuleManager: Shutting down and abandoning module Android_ETC1TargetPlatform (91)
[2018.04.24-20.25.21:174][947]LogModuleManager: Shutting down and abandoning module Android_DXTTargetPlatform (89)
[2018.04.24-20.25.21:174][947]LogModuleManager: Shutting down and abandoning module Android_ATCTargetPlatform (87)
[2018.04.24-20.25.21:174][947]LogModuleManager: Shutting down and abandoning module Android_ASTCTargetPlatform (85)
[2018.04.24-20.25.21:174][947]LogModuleManager: Shutting down and abandoning module WindowsTargetPlatform (83)
[2018.04.24-20.25.21:174][947]LogModuleManager: Shutting down and abandoning module WindowsServerTargetPlatform (81)
[2018.04.24-20.25.21:174][947]LogModuleManager: Shutting down and abandoning module WindowsNoEditorTargetPlatform (79)
[2018.04.24-20.25.21:174][947]LogModuleManager: Shutting down and abandoning module WindowsClientTargetPlatform (77)
[2018.04.24-20.25.21:174][947]LogModuleManager: Shutting down and abandoning module MacTargetPlatform (75)
[2018.04.24-20.25.21:175][947]LogModuleManager: Shutting down and abandoning module MacServerTargetPlatform (73)
[2018.04.24-20.25.21:175][947]LogModuleManager: Shutting down and abandoning module MacNoEditorTargetPlatform (71)
[2018.04.24-20.25.21:175][947]LogModuleManager: Shutting down and abandoning module MacClientTargetPlatform (69)
[2018.04.24-20.25.21:175][947]LogModuleManager: Shutting down and abandoning module AllDesktopTargetPlatform (67)
[2018.04.24-20.25.21:175][947]LogModuleManager: Shutting down and abandoning module InputCore (64)
[2018.04.24-20.25.21:175][947]LogModuleManager: Shutting down and abandoning module Settings (62)
[2018.04.24-20.25.21:175][947]LogModuleManager: Shutting down and abandoning module PhysXCooking (60)
[2018.04.24-20.25.21:175][947]LogModuleManager: Shutting down and abandoning module SteamVR (58)
[2018.04.24-20.25.21:175][947]LogModuleManager: Shutting down and abandoning module OculusHMD (56)
[2018.04.24-20.25.21:175][947]LogModuleManager: Shutting down and abandoning module ExampleDeviceProfileSelector (54)
[2018.04.24-20.25.21:175][947]LogModuleManager: Shutting down and abandoning module AppleARKit (52)
[2018.04.24-20.25.21:175][947]LogModuleManager: Shutting down and abandoning module AugmentedReality (51)
[2018.04.24-20.25.21:175][947]LogModuleManager: Shutting down and abandoning module OnlineBlueprintSupport (48)
[2018.04.24-20.25.21:175][947]LogModuleManager: Shutting down and abandoning module OnlineSubsystem (44)
[2018.04.24-20.25.21:176][947]LogModuleManager: Shutting down and abandoning module XMPP (43)
[2018.04.24-20.25.21:177][947]LogModuleManager: Shutting down and abandoning module HTTP (41)
[2018.04.24-20.25.21:177][947]LogHttp: Display: Http module shutting down, but needs to wait on 1 outstanding Http requests:
[2018.04.24-20.25.21:177][947]LogHttp: Display: 	verb=[POST] url=[https://datarouter.ol.epicgames.com/datarouter/api/v1/public/data?SessionID=%7B1764BDEA-4B1D-52A0-83A1-A5A170D65B5F%7D&AppID=UEEditor.Rocket.Release&AppVersion=4.18.3-3832480%2B%2B%2BUE4%2BRelease-4.18&UserID=ba76138c434524c30361da8a6da68aee%7Ccdbc87074994474b85570656a3bfb210%7C4b7a0e1a-5efd-4aff-b1f8-2430642e7d04&AppEnvironment=datacollector-binary&UploadType=eteventstream] status=Processing
[2018.04.24-20.25.21:209][947]LogModuleManager: Shutting down and abandoning module SSL (40)
[2018.04.24-20.25.21:211][947]LogModuleManager: Shutting down and abandoning module AnimationModifiers (36)
[2018.04.24-20.25.21:212][947]LogModuleManager: Shutting down and abandoning module PropertyEditor (35)
[2018.04.24-20.25.21:212][947]LogModuleManager: Shutting down and abandoning module AudioEditor (32)
[2018.04.24-20.25.21:212][947]LogModuleManager: Shutting down and abandoning module TextureCompressor (30)
[2018.04.24-20.25.21:213][947]LogModuleManager: Shutting down and abandoning module ShaderCore (28)
[2018.04.24-20.25.21:213][947]LogModuleManager: Shutting down and abandoning module Landscape (26)
[2018.04.24-20.25.21:213][947]LogModuleManager: Shutting down and abandoning module SlateRHIRenderer (24)
[2018.04.24-20.25.21:216][947]LogModuleManager: Shutting down and abandoning module OpenGLDrv (22)
[2018.04.24-20.25.21:217][947]LogModuleManager: Shutting down and abandoning module D3D11RHI (20)
[2018.04.24-20.25.21:217][947]LogModuleManager: Shutting down and abandoning module AnimGraphRuntime (18)
[2018.04.24-20.25.21:218][947]LogModuleManager: Shutting down and abandoning module Renderer (16)
[2018.04.24-20.25.21:218][947]LogModuleManager: Shutting down and abandoning module Engine (14)
[2018.04.24-20.25.21:218][947]LogModuleManager: Shutting down and abandoning module CoreUObject (12)
[2018.04.24-20.25.21:218][947]LogModuleManager: Shutting down and abandoning module NetworkFile (10)
[2018.04.24-20.25.21:218][947]LogModuleManager: Shutting down and abandoning module CookedIterativeFile (8)
[2018.04.24-20.25.21:218][947]LogModuleManager: Shutting down and abandoning module StreamingFile (6)
[2018.04.24-20.25.21:218][947]LogModuleManager: Shutting down and abandoning module SandboxFile (4)
[2018.04.24-20.25.21:218][947]LogModuleManager: Shutting down and abandoning module PakFile (2)
[2018.04.24-20.25.21:221][947]LogExit: Exiting.
[2018.04.24-20.25.21:239][947]Log file closed, 04/24/18 15:25:21
