Log file open, 04/24/18 14:53:09
LogWindows: Failed to load 'aqProf.dll' (GetLastError=126)
LogWindows: File 'aqProf.dll' does not exist
LogWindows: Failed to load 'VSPerf140.dll' (GetLastError=126)
LogWindows: File 'VSPerf140.dll' does not exist
LogWindows: Failed to load 'VtuneApi.dll' (GetLastError=126)
LogWindows: File 'VtuneApi.dll' does not exist
LogWindows: Failed to load 'VtuneApi32e.dll' (GetLastError=126)
LogWindows: File 'VtuneApi32e.dll' does not exist
LogInit: Display: Running engine for game: Pacto_de_Honor
LogPlatformFile: Not using cached read wrapper
LogInit: Display: RandInit(1259030790) SRandInit(1259030790).
LogInit: Read version file with build ID '3709383'
LogInit: Overriding engine version to CL 3832480, compatible CL 3709383
LogInit: Registered custom module enumerator with build ID '3709383'
LogTaskGraph: Started task graph with 5 named threads and 14 total threads with 3 sets of task threads.
LogStats: Stats thread started at 0.219835
LogD3D11RHI: Aftermath initialized
LogFileManager: Error: Error flushing file: C:/Users/Dell/AppData/Local/UnrealEngine/4.18/Saved/Config/Windows/EditorSettings.ini (Espacio en disco insuficiente.)
LogFileManager: Error: Error writing to file: C:/Users/Dell/AppData/Local/UnrealEngine/4.18/Saved/Config/Windows/EditorLayout.ini (Espacio en disco insuficiente.)
LogPluginManager: Mounting plugin Paper2D
LogPluginManager: Mounting plugin LightPropagationVolume
LogPluginManager: Mounting plugin CodeLiteSourceCodeAccess
LogPluginManager: Mounting plugin GitSourceControl
LogPluginManager: Mounting plugin KDevelopSourceCodeAccess
LogPluginManager: Mounting plugin NullSourceCodeAccess
LogPluginManager: Mounting plugin PerforceSourceControl
LogPluginManager: Mounting plugin SubversionSourceControl
LogPluginManager: Mounting plugin UObjectPlugin
LogPluginManager: Mounting plugin VisualStudioCodeSourceCodeAccess
LogPluginManager: Mounting plugin VisualStudioSourceCodeAccess
LogPluginManager: Mounting plugin XCodeSourceCodeAccess
LogPluginManager: Mounting plugin AssetManagerEditor
LogPluginManager: Mounting plugin AudioCapture
LogPluginManager: Mounting plugin FacialAnimation
LogPluginManager: Mounting plugin GameplayTagsEditor
LogPluginManager: Mounting plugin MobileLauncherProfileWizard
LogPluginManager: Mounting plugin PluginBrowser
LogPluginManager: Mounting plugin SpeedTreeImporter
LogPluginManager: Mounting plugin AlembicImporter
LogPluginManager: Mounting plugin CharacterAI
LogPluginManager: Mounting plugin HTML5Networking
LogPluginManager: Mounting plugin VaRestPlugin
LogPluginManager: Mounting plugin AndroidMedia
LogPluginManager: Mounting plugin AvfMedia
LogPluginManager: Mounting plugin ImgMedia
LogPluginManager: Mounting plugin MediaCompositing
LogPluginManager: Mounting plugin MediaPlayerEditor
LogPluginManager: Mounting plugin WmfMedia
LogPluginManager: Mounting plugin TcpMessaging
LogPluginManager: Mounting plugin UdpMessaging
LogPluginManager: Mounting plugin ActorSequence
LogPluginManager: Mounting plugin LevelSequenceEditor
LogPluginManager: Mounting plugin MatineeToLevelSequence
LogPluginManager: Mounting plugin MySQL
LogPluginManager: Mounting plugin OnlineSubsystemGooglePlay
LogPluginManager: Mounting plugin OnlineSubsystemIOS
LogPluginManager: Mounting plugin OnlineSubsystem
LogPluginManager: Mounting plugin OnlineSubsystemNull
LogPluginManager: Mounting plugin OnlineSubsystemUtils
LogPluginManager: Mounting plugin AndroidDeviceProfileSelector
LogPluginManager: Mounting plugin AndroidMoviePlayer
LogPluginManager: Mounting plugin AndroidPermission
LogPluginManager: Mounting plugin AppleARKit
LogPluginManager: Mounting plugin AppleMoviePlayer
LogPluginManager: Mounting plugin ArchVisCharacter
LogPluginManager: Mounting plugin CableComponent
LogPluginManager: Mounting plugin CustomMeshComponent
LogPluginManager: Mounting plugin ExampleDeviceProfileSelector
LogPluginManager: Mounting plugin GoogleCloudMessaging
LogPluginManager: Mounting plugin ImmediatePhysics
LogPluginManager: Mounting plugin IOSDeviceProfileSelector
LogPluginManager: Mounting plugin LinuxDeviceProfileSelector
LogPluginManager: Mounting plugin LocationServicesBPLibrary
LogPluginManager: Mounting plugin MobilePatchingUtils
LogPluginManager: Mounting plugin OculusVR
LogPluginManager: Plugin shader directory ../../../Engine/Plugins/Runtime/Oculus/OculusVR/Shaders found
LogPluginManager: Mapping shader source directory ../../../Engine/Plugins/Runtime/Oculus/OculusVR/Shaders to virtual directory /Plugin/OculusVR
LogPluginManager: Mounting plugin PhysXVehicles
LogPluginManager: Mounting plugin ProceduralMeshComponent
LogPluginManager: Mounting plugin RuntimePhysXCooking
LogPluginManager: Mounting plugin SteamVR
LogPluginManager: Mounting plugin WindowsMoviePlayer
LogModuleManager: Display: Found up-to-date module file D:/Git/Pacto_de_HonoRPG/Codigo/Binaries/Win64/UE4Editor-Pacto_de_Honor.dll (API version 3709383).
LogModuleManager: Display: Found up-to-date module file ../../../Engine/Plugins/2D/Paper2D/Binaries/Win64/UE4Editor-Paper2D.dll (API version 3709383).
LogModuleManager: Display: Found up-to-date module file ../../../Engine/Plugins/2D/Paper2D/Binaries/Win64/UE4Editor-Paper2DEditor.dll (API version 3709383).
LogModuleManager: Display: Found up-to-date module file ../../../Engine/Plugins/2D/Paper2D/Binaries/Win64/UE4Editor-PaperSpriteSheetImporter.dll (API version 3709383).
LogModuleManager: Display: Found up-to-date module file ../../../Engine/Plugins/2D/Paper2D/Binaries/Win64/UE4Editor-PaperTiledImporter.dll (API version 3709383).
LogModuleManager: Display: Found up-to-date module file ../../../Engine/Plugins/2D/Paper2D/Binaries/Win64/UE4Editor-SmartSnapping.dll (API version 3709383).
LogModuleManager: Display: Found up-to-date module file ../../../Engine/Plugins/Blendables/LightPropagationVolume/Binaries/Win64/UE4Editor-LightPropagationVolumeRuntime.dll (API version 3709383).
LogModuleManager: Display: Found up-to-date module file ../../../Engine/Plugins/Blendables/LightPropagationVolume/Binaries/Win64/UE4Editor-LightPropagationVolumeEditor.dll (API version 3709383).
LogModuleManager: Display: Found up-to-date module file ../../../Engine/Plugins/Developer/GitSourceControl/Binaries/Win64/UE4Editor-GitSourceControl.dll (API version 3709383).
LogModuleManager: Display: Found up-to-date module file ../../../Engine/Plugins/Developer/PerforceSourceControl/Binaries/Win64/UE4Editor-PerforceSourceControl.dll (API version 3709383).
LogModuleManager: Display: Found up-to-date module file ../../../Engine/Plugins/Developer/SubversionSourceControl/Binaries/Win64/UE4Editor-SubversionSourceControl.dll (API version 3709383).
LogModuleManager: Display: Found up-to-date module file ../../../Engine/Plugins/Developer/UObjectPlugin/Binaries/Win64/UE4Editor-UObjectPlugin.dll (API version 3709383).
LogModuleManager: Display: Found up-to-date module file ../../../Engine/Plugins/Developer/VisualStudioCodeSourceCodeAccess/Binaries/Win64/UE4Editor-VisualStudioCodeSourceCodeAccess.dll (API version 3709383).
LogModuleManager: Display: Found up-to-date module file ../../../Engine/Plugins/Developer/VisualStudioSourceCodeAccess/Binaries/Win64/UE4Editor-VisualStudioSourceCodeAccess.dll (API version 3709383).
LogModuleManager: Display: Found up-to-date module file ../../../Engine/Plugins/Editor/AssetManagerEditor/Binaries/Win64/UE4Editor-AssetManagerEditor.dll (API version 3709383).
LogModuleManager: Display: Found up-to-date module file ../../../Engine/Plugins/Editor/AudioCapture/Binaries/Win64/UE4Editor-AudioCapture.dll (API version 3709383).
LogModuleManager: Display: Found up-to-date module file ../../../Engine/Plugins/Editor/FacialAnimation/Binaries/Win64/UE4Editor-FacialAnimation.dll (API version 3709383).
LogModuleManager: Display: Found up-to-date module file ../../../Engine/Plugins/Editor/FacialAnimation/Binaries/Win64/UE4Editor-FacialAnimationEditor.dll (API version 3709383).
LogModuleManager: Display: Found up-to-date module file ../../../Engine/Plugins/Editor/GameplayTagsEditor/Binaries/Win64/UE4Editor-GameplayTagsEditor.dll (API version 3709383).
LogModuleManager: Display: Found up-to-date module file ../../../Engine/Plugins/Editor/MobileLauncherProfileWizard/Binaries/Win64/UE4Editor-MobileLauncherProfileWizard.dll (API version 3709383).
LogModuleManager: Display: Found up-to-date module file ../../../Engine/Plugins/Editor/PluginBrowser/Binaries/Win64/UE4Editor-PluginBrowser.dll (API version 3709383).
LogModuleManager: Display: Found up-to-date module file ../../../Engine/Plugins/Editor/SpeedTreeImporter/Binaries/Win64/UE4Editor-SpeedTreeImporter.dll (API version 3709383).
LogModuleManager: Display: Found up-to-date module file ../../../Engine/Plugins/Experimental/AlembicImporter/Binaries/Win64/UE4Editor-AlembicImporter.dll (API version 3709383).
LogModuleManager: Display: Found up-to-date module file ../../../Engine/Plugins/Experimental/AlembicImporter/Binaries/Win64/UE4Editor-AlembicLibrary.dll (API version 3709383).
LogModuleManager: Display: Found up-to-date module file ../../../Engine/Plugins/Experimental/CharacterAI/Binaries/Win64/UE4Editor-CharacterAI.dll (API version 3709383).
LogModuleManager: Display: Found up-to-date module file ../../../Engine/Plugins/Experimental/HTML5Networking/Binaries/Win64/UE4Editor-HTML5Networking.dll (API version 3709383).
LogModuleManager: Display: Found up-to-date module file ../../../Engine/Plugins/Marketplace/VaRestPlugin/Binaries/Win64/UE4Editor-VaRestPlugin.dll (API version 3709383).
LogModuleManager: Display: Found up-to-date module file ../../../Engine/Plugins/Marketplace/VaRestPlugin/Binaries/Win64/UE4Editor-VaRestEditorPlugin.dll (API version 3709383).
LogModuleManager: Display: Found up-to-date module file ../../../Engine/Plugins/Media/AndroidMedia/Binaries/Win64/UE4Editor-AndroidMediaEditor.dll (API version 3709383).
LogModuleManager: Display: Found up-to-date module file ../../../Engine/Plugins/Media/AndroidMedia/Binaries/Win64/UE4Editor-AndroidMediaFactory.dll (API version 3709383).
LogModuleManager: Display: Found up-to-date module file ../../../Engine/Plugins/Media/AvfMedia/Binaries/Win64/UE4Editor-AvfMediaEditor.dll (API version 3709383).
LogModuleManager: Display: Found up-to-date module file ../../../Engine/Plugins/Media/AvfMedia/Binaries/Win64/UE4Editor-AvfMediaFactory.dll (API version 3709383).
LogModuleManager: Display: Found up-to-date module file ../../../Engine/Plugins/Media/AvfMedia/Binaries/Win64/UE4Editor-AvfMediaFactory.dll (API version 3709383).
LogModuleManager: Display: Found up-to-date module file ../../../Engine/Plugins/Media/ImgMedia/Binaries/Win64/UE4Editor-ImgMedia.dll (API version 3709383).
LogModuleManager: Display: Found up-to-date module file ../../../Engine/Plugins/Media/ImgMedia/Binaries/Win64/UE4Editor-ImgMediaEditor.dll (API version 3709383).
LogModuleManager: Display: Found up-to-date module file ../../../Engine/Plugins/Media/ImgMedia/Binaries/Win64/UE4Editor-ImgMediaFactory.dll (API version 3709383).
LogModuleManager: Display: Found up-to-date module file ../../../Engine/Plugins/Media/ImgMedia/Binaries/Win64/UE4Editor-ImgMediaFactory.dll (API version 3709383).
LogModuleManager: Display: Found up-to-date module file ../../../Engine/Plugins/Media/ImgMedia/Binaries/Win64/UE4Editor-OpenExrWrapper.dll (API version 3709383).
LogModuleManager: Display: Found up-to-date module file ../../../Engine/Plugins/Media/MediaCompositing/Binaries/Win64/UE4Editor-MediaCompositing.dll (API version 3709383).
LogModuleManager: Display: Found up-to-date module file ../../../Engine/Plugins/Media/MediaCompositing/Binaries/Win64/UE4Editor-MediaCompositingEditor.dll (API version 3709383).
LogModuleManager: Display: Found up-to-date module file ../../../Engine/Plugins/Media/MediaPlayerEditor/Binaries/Win64/UE4Editor-MediaPlayerEditor.dll (API version 3709383).
LogModuleManager: Display: Found up-to-date module file ../../../Engine/Plugins/Media/WmfMedia/Binaries/Win64/UE4Editor-WmfMedia.dll (API version 3709383).
LogModuleManager: Display: Found up-to-date module file ../../../Engine/Plugins/Media/WmfMedia/Binaries/Win64/UE4Editor-WmfMediaEditor.dll (API version 3709383).
LogModuleManager: Display: Found up-to-date module file ../../../Engine/Plugins/Media/WmfMedia/Binaries/Win64/UE4Editor-WmfMediaFactory.dll (API version 3709383).
LogModuleManager: Display: Found up-to-date module file ../../../Engine/Plugins/Media/WmfMedia/Binaries/Win64/UE4Editor-WmfMediaFactory.dll (API version 3709383).
LogModuleManager: Display: Found up-to-date module file ../../../Engine/Plugins/Messaging/TcpMessaging/Binaries/Win64/UE4Editor-TcpMessaging.dll (API version 3709383).
LogModuleManager: Display: Found up-to-date module file ../../../Engine/Plugins/Messaging/UdpMessaging/Binaries/Win64/UE4Editor-UdpMessaging.dll (API version 3709383).
LogModuleManager: Display: Found up-to-date module file ../../../Engine/Plugins/MovieScene/ActorSequence/Binaries/Win64/UE4Editor-ActorSequence.dll (API version 3709383).
LogModuleManager: Display: Found up-to-date module file ../../../Engine/Plugins/MovieScene/LevelSequenceEditor/Binaries/Win64/UE4Editor-LevelSequenceEditor.dll (API version 3709383).
LogModuleManager: Display: Found up-to-date module file ../../../Engine/Plugins/MovieScene/MatineeToLevelSequence/Binaries/Win64/UE4Editor-MatineeToLevelSequence.dll (API version 3709383).
LogModuleManager: Display: Found up-to-date module file ../../../Engine/Plugins/MySQL/Binaries/Win64/UE4Editor-MySQL.dll (API version 3709383).
LogModuleManager: Display: Found up-to-date module file ../../../Engine/Plugins/Online/OnlineSubsystem/Binaries/Win64/UE4Editor-OnlineSubsystem.dll (API version 3709383).
LogModuleManager: Display: Found up-to-date module file ../../../Engine/Plugins/Online/OnlineSubsystemNull/Binaries/Win64/UE4Editor-OnlineSubsystemNull.dll (API version 3709383).
LogModuleManager: Display: Found up-to-date module file ../../../Engine/Plugins/Online/OnlineSubsystemUtils/Binaries/Win64/UE4Editor-OnlineSubsystemUtils.dll (API version 3709383).
LogModuleManager: Display: Found up-to-date module file ../../../Engine/Plugins/Online/OnlineSubsystemUtils/Binaries/Win64/UE4Editor-OnlineBlueprintSupport.dll (API version 3709383).
LogModuleManager: Display: Found up-to-date module file ../../../Engine/Plugins/Runtime/AndroidDeviceProfileSelector/Binaries/Win64/UE4Editor-AndroidDeviceProfileSelector.dll (API version 3709383).
LogModuleManager: Display: Found up-to-date module file ../../../Engine/Plugins/Runtime/AndroidPermission/Binaries/Win64/UE4Editor-AndroidPermission.dll (API version 3709383).
LogModuleManager: Display: Found up-to-date module file ../../../Engine/Plugins/Runtime/AppleARKit/Binaries/Win64/UE4Editor-AppleARKit.dll (API version 3709383).
LogModuleManager: Display: Found up-to-date module file ../../../Engine/Plugins/Runtime/ArchVisCharacter/Binaries/Win64/UE4Editor-ArchVisCharacter.dll (API version 3709383).
LogModuleManager: Display: Found up-to-date module file ../../../Engine/Plugins/Runtime/CableComponent/Binaries/Win64/UE4Editor-CableComponent.dll (API version 3709383).
LogModuleManager: Display: Found up-to-date module file ../../../Engine/Plugins/Runtime/CustomMeshComponent/Binaries/Win64/UE4Editor-CustomMeshComponent.dll (API version 3709383).
LogModuleManager: Display: Found up-to-date module file ../../../Engine/Plugins/Runtime/ExampleDeviceProfileSelector/Binaries/Win64/UE4Editor-ExampleDeviceProfileSelector.dll (API version 3709383).
LogModuleManager: Display: Found up-to-date module file ../../../Engine/Plugins/Runtime/ImmediatePhysics/Binaries/Win64/UE4Editor-ImmediatePhysics.dll (API version 3709383).
LogModuleManager: Display: Found up-to-date module file ../../../Engine/Plugins/Runtime/ImmediatePhysics/Binaries/Win64/UE4Editor-ImmediatePhysicsEditor.dll (API version 3709383).
LogModuleManager: Display: Found up-to-date module file ../../../Engine/Plugins/Runtime/LocationServicesBPLibrary/Binaries/Win64/UE4Editor-LocationServicesBPLibrary.dll (API version 3709383).
LogModuleManager: Display: Found up-to-date module file ../../../Engine/Plugins/Runtime/MobilePatchingUtils/Binaries/Win64/UE4Editor-MobilePatchingUtils.dll (API version 3709383).
LogModuleManager: Display: Found up-to-date module file ../../../Engine/Plugins/Runtime/Oculus/OculusVR/Binaries/Win64/UE4Editor-OculusHMD.dll (API version 3709383).
LogModuleManager: Display: Found up-to-date module file ../../../Engine/Plugins/Runtime/Oculus/OculusVR/Binaries/Win64/UE4Editor-OculusInput.dll (API version 3709383).
LogModuleManager: Display: Found up-to-date module file ../../../Engine/Plugins/Runtime/Oculus/OculusVR/Binaries/Win64/UE4Editor-OculusEditor.dll (API version 3709383).
LogModuleManager: Display: Found up-to-date module file ../../../Engine/Plugins/Runtime/PhysXVehicles/Binaries/Win64/UE4Editor-PhysXVehicles.dll (API version 3709383).
LogModuleManager: Display: Found up-to-date module file ../../../Engine/Plugins/Runtime/PhysXVehicles/Binaries/Win64/UE4Editor-PhysXVehiclesEditor.dll (API version 3709383).
LogModuleManager: Display: Found up-to-date module file ../../../Engine/Plugins/Runtime/ProceduralMeshComponent/Binaries/Win64/UE4Editor-ProceduralMeshComponent.dll (API version 3709383).
LogModuleManager: Display: Found up-to-date module file ../../../Engine/Plugins/Runtime/ProceduralMeshComponent/Binaries/Win64/UE4Editor-ProceduralMeshComponentEditor.dll (API version 3709383).
LogModuleManager: Display: Found up-to-date module file ../../../Engine/Plugins/Runtime/RuntimePhysXCooking/Binaries/Win64/UE4Editor-RuntimePhysXCooking.dll (API version 3709383).
LogModuleManager: Display: Found up-to-date module file ../../../Engine/Plugins/Runtime/Steam/SteamVR/Binaries/Win64/UE4Editor-SteamVR.dll (API version 3709383).
LogModuleManager: Display: Found up-to-date module file ../../../Engine/Plugins/Runtime/Steam/SteamVR/Binaries/Win64/UE4Editor-SteamVRController.dll (API version 3709383).
LogModuleManager: Display: Found up-to-date module file ../../../Engine/Plugins/Runtime/WindowsMoviePlayer/Binaries/Win64/UE4Editor-WindowsMoviePlayer.dll (API version 3709383).
LogInit: Using libcurl 7.47.1
LogInit:  - built for x86_64-pc-win32
LogInit:  - supports SSL with OpenSSL/1.0.2g
LogInit:  - supports HTTP deflate (compression) using libz 1.2.8
LogInit:  - other features:
LogInit:      CURL_VERSION_SSL
LogInit:      CURL_VERSION_LIBZ
LogInit:      CURL_VERSION_IPV6
LogInit:      CURL_VERSION_ASYNCHDNS
LogInit:      CURL_VERSION_LARGEFILE
LogInit:      CURL_VERSION_IDN
LogInit:  CurlRequestOptions (configurable via config and command line):
LogInit:  - bVerifyPeer = false  - Libcurl will NOT verify peer certificate
LogInit:  - bUseHttpProxy = false  - Libcurl will NOT use HTTP proxy
LogInit:  - bDontReuseConnections = false  - Libcurl will reuse connections
LogInit:  - CertBundlePath = nullptr  - Libcurl will use whatever was configured at build time.
LogInit: Build: ++UE4+Release-4.18-CL-3832480
LogInit: Engine Version: 4.18.3-3832480+++UE4+Release-4.18
LogInit: Compatible Engine Version: 4.18.0-3709383+++UE4+Release-4.18
LogInit: Net CL: 3709383
LogDevObjectVersion: Number of dev versions registered: 16
LogDevObjectVersion:   Dev-Blueprints (B0D832E4-1F89-4F0D-ACCF-7EB736FD4AA2): 10
LogDevObjectVersion:   Dev-Build (E1C64328-A22C-4D53-A36C-8E866417BD8C): 0
LogDevObjectVersion:   Dev-Core (375EC13C-06E4-48FB-B500-84F0262A717E): 2
LogDevObjectVersion:   Dev-Editor (E4B068ED-F494-42E9-A231-DA0B2E46BB41): 20
LogDevObjectVersion:   Dev-Framework (CFFC743F-43B0-4480-9391-14DF171D2073): 30
LogDevObjectVersion:   Dev-Mobile (B02B49B5-BB20-44E9-A304-32B752E40360): 0
LogDevObjectVersion:   Dev-Networking (A4E4105C-59A1-49B5-A7C5-40C4547EDFEE): 0
LogDevObjectVersion:   Dev-Online (39C831C9-5AE6-47DC-9A44-9C173E1C8E7C): 0
LogDevObjectVersion:   Dev-Physics (78F01B33-EBEA-4F98-B9B4-84EACCB95AA2): 0
LogDevObjectVersion:   Dev-Platform (6631380F-2D4D-43E0-8009-CF276956A95A): 0
LogDevObjectVersion:   Dev-Rendering (12F88B9F-8875-4AFC-A67C-D90C383ABD29): 20
LogDevObjectVersion:   Dev-Sequencer (7B5AE74C-D270-4C10-A958-57980B212A5A): 4
LogDevObjectVersion:   Dev-VR (D7296918-1DD6-4BDD-9DE2-64A83CC13884): 0
LogDevObjectVersion:   Dev-LoadTimes (C2A15278-BFE7-4AFE-6C17-90FF531DF755): 1
LogDevObjectVersion:   Private-Geometry (6EACA3D4-40EC-4CC1-B786-8BED09428FC5): 1
LogDevObjectVersion:   Dev-AnimPhys (29E575DD-E0A3-4627-9D10-D276232CDCEA): 12
LogInit: Compiled (64-bit): Jan 12 2018 02:04:55
LogInit: Compiled with Visual C++: 19.00.24215.01
LogInit: Build Configuration: Development
LogInit: Branch Name: ++UE4+Release-4.18
LogInit: Command line: -EpicPortal
LogInit: Base directory: C:/Program Files/Epic Games/UE_4.18/Engine/Binaries/Win64/
LogInit: Installed Engine Build: 1
LogInit: Presizing for max 8388607 objects, including 0 objects not considered by GC, pre-allocating 0 bytes for permanent pool.
LogInit: Object subsystem initialized
[2018.04.24-19.53.12:102][  0]LogInit: Selected Device Profile: [Windows]
[2018.04.24-19.53.12:102][  0]LogInit: Applying CVar settings loaded from the selected device profile: [Windows]
[2018.04.24-19.53.12:130][  0]LogInit: Computer: DELL_INSPIRON
[2018.04.24-19.53.12:130][  0]LogInit: User: Dell
[2018.04.24-19.53.12:130][  0]LogInit: CPU Page size=4096, Cores=4
[2018.04.24-19.53.12:130][  0]LogInit: High frequency timer resolution =3.515623 MHz
[2018.04.24-19.53.12:131][  0]LogMemory: Memory total: Physical=7.9GB (8GB approx)
[2018.04.24-19.53.12:131][  0]LogMemory: Platform Memory Stats for Windows
[2018.04.24-19.53.12:131][  0]LogMemory: Process Physical Memory: 273.68 MB used, 273.68 MB peak
[2018.04.24-19.53.12:131][  0]LogMemory: Process Virtual Memory: 272.81 MB used, 272.81 MB peak
[2018.04.24-19.53.12:131][  0]LogMemory: Physical Memory: 2901.36 MB used,  5228.21 MB free, 8129.57 MB total
[2018.04.24-19.53.12:131][  0]LogMemory: Virtual Memory: 689.11 MB used,  5228.21 MB free, 134217728.00 MB total
[2018.04.24-19.53.12:431][  0]LogInit: Using OS detected language (es-ES).
[2018.04.24-19.53.12:431][  0]LogInit: Using OS detected locale (es-ES).
[2018.04.24-19.53.12:435][  0]LogTextLocalizationManager: No specific localization for 'es-ES' exists, so the 'es' localization will be used.
[2018.04.24-19.53.12:587][  0]LogInit: Setting process to per monitor DPI aware
[2018.04.24-19.53.13:177][  0]LogD3D11RHI: D3D11 adapters:
[2018.04.24-19.53.13:212][  0]LogD3D11RHI:    0. 'NVIDIA GeForce GTX 1050 Ti' (Feature Level 11_0)
[2018.04.24-19.53.13:212][  0]LogD3D11RHI:       4018/0/4064 MB DedicatedVideo/DedicatedSystem/SharedSystem, Outputs:1, VendorId:0x10de
[2018.04.24-19.53.13:217][  0]LogD3D11RHI:    1. 'Microsoft Basic Render Driver' (Feature Level 11_0)
[2018.04.24-19.53.13:217][  0]LogD3D11RHI:       0/0/4064 MB DedicatedVideo/DedicatedSystem/SharedSystem, Outputs:0, VendorId:0x1414
[2018.04.24-19.53.13:217][  0]LogD3D11RHI: Chosen D3D11 Adapter: 0
[2018.04.24-19.53.13:222][  0]LogD3D11RHI: Creating new Direct3DDevice
[2018.04.24-19.53.13:223][  0]LogD3D11RHI:     GPU DeviceId: 0x1c82 (for the marketing name, search the web for "GPU Device Id")
[2018.04.24-19.53.13:223][  0]LogWindows: EnumDisplayDevices:
[2018.04.24-19.53.13:223][  0]LogWindows:    0. 'NVIDIA GeForce GTX 1050 Ti' (P:1 D:1)
[2018.04.24-19.53.13:223][  0]LogWindows:    1. 'NVIDIA GeForce GTX 1050 Ti' (P:0 D:0)
[2018.04.24-19.53.13:223][  0]LogWindows:    2. 'NVIDIA GeForce GTX 1050 Ti' (P:0 D:0)
[2018.04.24-19.53.13:223][  0]LogWindows:    3. 'NVIDIA GeForce GTX 1050 Ti' (P:0 D:0)
[2018.04.24-19.53.13:223][  0]LogWindows: DebugString: GetVideoDriverDetailsInvalid PrimaryIsNotTheChoosenAdapter GetVideoDriverDetailsInvalid PrimaryIsNotTheChoosenAdapter GetVideoDriverDetailsInvalid PrimaryIsNotTheChoosenAdapter GetVideoDriverDetailsInvalid PrimaryIsNotTheChoosenAdapter FoundDriverCount:0 
[2018.04.24-19.53.13:223][  0]LogD3D11RHI:     Adapter Name: NVIDIA GeForce GTX 1050 Ti
[2018.04.24-19.53.13:223][  0]LogD3D11RHI:   Driver Version: Unknown (internal:Unknown, unified:Unknown)
[2018.04.24-19.53.13:223][  0]LogD3D11RHI:      Driver Date: Unknown
[2018.04.24-19.53.13:223][  0]LogRHI: Texture pool is 2812 MB (70% of 4018 MB)
[2018.04.24-19.53.13:246][  0]LogD3D11RHI: Async texture creation enabled
[2018.04.24-19.53.13:268][  0]LogD3D11RHI: GPU Timing Frequency: 1000.000000 (Debug: 2 2)
[2018.04.24-19.53.13:316][  0]LogShaderCompilers: Guid format shader working directory is 14 characters bigger than the processId version (D:/Git/Pacto_de_HonoRPG/Codigo/Intermediate/Shaders/WorkingDirectory/13288/).
[2018.04.24-19.53.13:316][  0]LogShaderCompilers: Cleaned the shader compiler working directory 'C:/Users/Dell/AppData/Local/Temp/UnrealShaderWorkingDir/EE53A9B047A83375B8C26DA4BB7AD8AA/'.
[2018.04.24-19.53.13:316][  0]LogShaderCompilers: Display: Using Local Shader Compiler.
[2018.04.24-19.53.14:517][  0]LogTemp: Display: Loaded TP AllDesktopTargetPlatform
[2018.04.24-19.53.14:611][  0]LogTemp: Display: Loaded TP MacClientTargetPlatform
[2018.04.24-19.53.14:706][  0]LogTemp: Display: Loaded TP MacNoEditorTargetPlatform
[2018.04.24-19.53.14:801][  0]LogTemp: Display: Loaded TP MacServerTargetPlatform
[2018.04.24-19.53.14:897][  0]LogTemp: Display: Loaded TP MacTargetPlatform
[2018.04.24-19.53.14:993][  0]LogTemp: Display: Loaded TP WindowsClientTargetPlatform
[2018.04.24-19.53.15:089][  0]LogTemp: Display: Loaded TP WindowsNoEditorTargetPlatform
[2018.04.24-19.53.15:184][  0]LogTemp: Display: Loaded TP WindowsServerTargetPlatform
[2018.04.24-19.53.15:270][  0]LogTemp: Display: Loaded TP WindowsTargetPlatform
[2018.04.24-19.53.15:364][  0]LogTemp: Display: Loaded TP Android_ASTCTargetPlatform
[2018.04.24-19.53.15:459][  0]LogTemp: Display: Loaded TP Android_ATCTargetPlatform
[2018.04.24-19.53.15:554][  0]LogTemp: Display: Loaded TP Android_DXTTargetPlatform
[2018.04.24-19.53.15:647][  0]LogTemp: Display: Loaded TP Android_ETC1TargetPlatform
[2018.04.24-19.53.15:740][  0]LogTemp: Display: Loaded TP Android_ETC2TargetPlatform
[2018.04.24-19.53.15:926][  0]LogTemp: Display: Loaded TP Android_MultiTargetPlatform
[2018.04.24-19.53.15:927][  0]LogTemp: Display: Loaded TP Android_PVRTCTargetPlatform
[2018.04.24-19.53.16:021][  0]LogTemp: Display: Loaded TP AndroidTargetPlatform
[2018.04.24-19.53.16:102][  0]LogTemp: Display: Loaded TP HTML5TargetPlatform
[2018.04.24-19.53.16:257][  0]LogTemp: Display: Loaded TP IOSTargetPlatform
[2018.04.24-19.53.16:304][  0]LogTemp: Display: Loaded TP TVOSTargetPlatform
[2018.04.24-19.53.16:398][  0]LogTemp: Display: Loaded TP LinuxClientTargetPlatform
[2018.04.24-19.53.16:494][  0]LogTemp: Display: Loaded TP LinuxNoEditorTargetPlatform
[2018.04.24-19.53.16:588][  0]LogTemp: Display: Loaded TP LinuxServerTargetPlatform
[2018.04.24-19.53.16:682][  0]LogTemp: Display: Loaded TP LinuxTargetPlatform
[2018.04.24-19.53.16:682][  0]LogTargetPlatformManager: Display: Building Assets For Windows
[2018.04.24-19.53.17:589][  0]LogDerivedDataCache: Display: Max Cache Size: 512 MB
[2018.04.24-19.53.18:065][  0]LogDerivedDataCache: Loaded boot cache 0.47s 78MB C:/Users/Dell/AppData/Local/UnrealEngine/4.18/DerivedDataCache/Boot.ddc.
[2018.04.24-19.53.18:065][  0]LogDerivedDataCache: Display: Loaded Boot cache: C:/Users/Dell/AppData/Local/UnrealEngine/4.18/DerivedDataCache/Boot.ddc
[2018.04.24-19.53.18:066][  0]LogDerivedDataCache: FDerivedDataBackendGraph:  Pak pak cache file D:/Git/Pacto_de_HonoRPG/Codigo/DerivedDataCache/DDC.ddp not found, will not use a pak cache.
[2018.04.24-19.53.18:066][  0]LogDerivedDataCache: Unable to find inner node Pak for hierarchical cache Hierarchy.
[2018.04.24-19.53.18:066][  0]LogDerivedDataCache: FDerivedDataBackendGraph:  CompressedPak pak cache file D:/Git/Pacto_de_HonoRPG/Codigo/DerivedDataCache/Compressed.ddp not found, will not use a pak cache.
[2018.04.24-19.53.18:066][  0]LogDerivedDataCache: Unable to find inner node CompressedPak for hierarchical cache Hierarchy.
[2018.04.24-19.53.18:083][  0]LogDerivedDataCache: Display: Pak cache opened for reading ../../../Engine/DerivedDataCache/Compressed.ddp.
[2018.04.24-19.53.18:095][  0]LogDerivedDataCache: Using Local data cache path C:/Users/Dell/AppData/Local/UnrealEngine/Common/DerivedDataCache: Writable
[2018.04.24-19.53.18:105][  0]LogMaterial: Verifying Global Shaders for PCD3D_SM5
[2018.04.24-19.53.18:106][  0]LogSlate: Using Freetype 2.6.0
[2018.04.24-19.53.18:106][  0]LogSlate: SlateFontCache - WITH_FREETYPE: 1, WITH_HARFBUZZ: 1
[2018.04.24-19.53.18:106][  0]LogSlate: SlateFontCache - WITH_FREETYPE: 1, WITH_HARFBUZZ: 1
[2018.04.24-19.53.18:669][  0]LogInit: Selected Device Profile: [Windows]
[2018.04.24-19.53.19:248][  0]LogSimplygon: Simplygon DLL not present - disabling.
[2018.04.24-19.53.19:329][  0]LogMeshReduction: Using SimplygonSwarm for distributed automatic mesh merging
[2018.04.24-19.53.19:329][  0]LogMeshReduction: Using QuadricMeshReduction for automatic static mesh reduction
[2018.04.24-19.53.19:329][  0]LogMeshReduction: No automatic skeletal mesh reduction module available
[2018.04.24-19.53.19:329][  0]LogMeshReduction: No automatic mesh merging module available
[2018.04.24-19.53.19:329][  0]LogMeshMerging: No automatic mesh merging module available
[2018.04.24-19.53.19:361][  0]LogNetVersion: Pacto_de_Honor , NetCL: 3709383, EngineNetVer: 2, GameNetVer: 0 (Checksum: 2404482579)
[2018.04.24-19.53.19:597][  0]LogAssetRegistry: FAssetRegistry took 0.0265 seconds to start up
[2018.04.24-19.53.20:311][  0]LogPackageLocalizationCache: Processed 8 localized package path(s) for 2 prioritized culture(s) in 0.053827 seconds
[2018.04.24-19.53.20:317][  0]LogUObjectArray: 35870 objects as part of root set at end of initial load.
[2018.04.24-19.53.20:317][  0]LogUObjectAllocator: 7363696 out of 0 bytes used by permanent object pool.
[2018.04.24-19.53.20:317][  0]LogUObjectArray: CloseDisregardForGC: 0/0 objects in disregard for GC pool
[2018.04.24-19.53.20:424][  0]LogInit: WinSock: version 1.1 (2.2), MaxSocks=32767, MaxUdp=65467
[2018.04.24-19.53.26:039][  0]LogTcpMessaging: Initializing TcpMessaging bridge
[2018.04.24-19.53.26:104][  0]LogUdpMessaging: Initializing bridge on interface 0.0.0.0:0 to multicast group 230.0.0.1:6666.
[2018.04.24-19.53.27:421][  0]LogMaterial: Uniform references updated for custom material expression Custom.
[2018.04.24-19.53.28:168][  0]SourceControl: El control de código fuente está desactivado
[2018.04.24-19.53.30:361][  0]LogAndroidPermission: UAndroidPermissionCallbackProxy::GetInstance
[2018.04.24-19.53.30:868][  0]LogOcInput: OculusInput pre-init called
[2018.04.24-19.53.31:347][  0]LogEngine: Initializing Engine...
[2018.04.24-19.53.31:350][  0]LogHMD: Failed to initialize OpenVR with code 110
[2018.04.24-19.53.31:594][  0]LogStats: UGameplayTagsManager::ConstructGameplayTagTree: Construct from data asset -  0.000 s
[2018.04.24-19.53.31:595][  0]LogStats: UGameplayTagsManager::ConstructGameplayTagTree: GameplayTagTreeChangedEvent.Broadcast -  0.000 s
[2018.04.24-19.53.31:852][  0]LogAIModule: Creating AISystem for world Untitled
[2018.04.24-19.53.31:862][  0]LogInit: XAudio2 using 'Altavoces (Realtek High Definition Audio)' : 2 channels at 48 kHz using 32 bits per sample (channel mask 0x3)
[2018.04.24-19.53.31:952][  0]LogInit: FAudioDevice initialized.
[2018.04.24-19.53.31:997][  0]LogFileManager: Error: Error writing to file: C:/Users/Dell/AppData/Local/UnrealEngine/4.18/DerivedDataCache/Boot.ddc (Espacio en disco insuficiente.)
[2018.04.24-19.53.31:997][  0]LogDerivedDataCache: Saved boot cache 0.05s 78MB C:/Users/Dell/AppData/Local/UnrealEngine/4.18/DerivedDataCache/Boot.ddc.
[2018.04.24-19.53.32:003][  0]LogInit: Texture streaming: Enabled
[2018.04.24-19.53.32:220][  0]LogEngineSessionManager: EngineSessionManager initialized
[2018.04.24-19.53.32:220][  0]LogEngineSessionManager: EngineSessionManager sent abnormal shutdown report. Type=Crashed, SessionId={4F0174B1-4E60-119D-150B-399AEF2D6F21}
[2018.04.24-19.53.32:477][  0]LogInit: Transaction tracking system initialized
[2018.04.24-19.53.33:123][  0]BlueprintLog: New page: Cargar el editor
[2018.04.24-19.53.34:931][  0]LocalizationService: Localization service is disabled
[2018.04.24-19.53.36:410][  0]LogConsoleResponse: Display: 
[2018.04.24-19.53.36:705][  0]LogCook: Display: Max memory allowance for cook 16384mb min free memory 0mb
[2018.04.24-19.53.36:705][  0]LogCook: Display: Mobile HDR setting 1
[2018.04.24-19.53.36:705][  0]LogGameplayTags: Display: UGameplayTagsManager::DoneAddingNativeTags. DelegateIsBound: 0
[2018.04.24-19.53.37:524][  0]LogFileCache: Scanning file cache for directory 'D:/Git/Pacto_de_HonoRPG/Codigo/Content/' took 0.09s
[2018.04.24-19.53.39:123][  0]LogWindowsTextInputMethodSystem: Display: IME system now deactivated.
[2018.04.24-19.53.39:127][  0]LogSlate: Took 0.000180 seconds to synchronously load lazily loaded font '../../../Engine/Content/Slate/Fonts/Roboto-Regular.ttf' (155K)
[2018.04.24-19.53.50:742][  0]LogWindowsTextInputMethodSystem: Display: IME system now deactivated.
[2018.04.24-19.53.50:743][  0]LogWindowsTextInputMethodSystem: Display: IME system now deactivated.
[2018.04.24-19.53.50:986][  0]LogWindowsTextInputMethodSystem: Display: IME system now deactivated.
[2018.04.24-19.53.50:987][  0]LogWindowsTextInputMethodSystem: Display: IME system now deactivated.
[2018.04.24-19.53.50:994][  0]Cmd: MAP LOAD FILE="D:/Git/Pacto_de_HonoRPG/Codigo/Content/MenuPrincipal/Main.umap" TEMPLATE=0 SHOWPROGRESS=1 FEATURELEVEL=3
[2018.04.24-19.53.50:994][  0]LightingResults: New page: Diseñar la iluminación
[2018.04.24-19.53.51:087][  0]MapCheck: New page: Revisión del mapa
[2018.04.24-19.53.51:087][  0]LightingResults: New page: Diseñar la iluminación
[2018.04.24-19.53.51:748][  0]LogAIModule: Creating AISystem for world Main
[2018.04.24-19.53.51:750][  0]LogEditorServer: Finished looking for orphan Actors (0.000 secs)
[2018.04.24-19.53.51:761][  0]Cmd: MAP CHECKDEP NOCLEARLOG
[2018.04.24-19.53.51:873][  0]MapCheck: Map check complete: 0 Error(s), 0 Warning(s), took 110,809ms to complete.
[2018.04.24-19.53.51:873][  0]LogFileHelpers: Loading map 'Main' took 0.879
[2018.04.24-19.53.51:990][  0]LogStats: Warning: MetaData mismatch. Did you assign a stat to two groups? New //STATGROUP_Threads//SplashScreenThread///Thread_17d8_0///####STATCAT_Advanced#### old //STATGROUP_Threads//SplashScreenThread///Thread_201c_0///####STATCAT_Advanced####
[2018.04.24-19.53.51:990][  0]LogCollectionManager: Loaded 0 collections in 0.002288 seconds
[2018.04.24-19.53.52:121][  0]LogFileCache: Scanning file cache for directory 'D:/Git/Pacto_de_HonoRPG/Codigo/Saved/Collections/' took 0.01s
[2018.04.24-19.53.52:121][  0]LogFileCache: Scanning file cache for directory 'D:/Git/Pacto_de_HonoRPG/Codigo/Content/Developers/Dell/Collections/' took 0.01s
[2018.04.24-19.53.52:121][  0]LogFileCache: Scanning file cache for directory 'D:/Git/Pacto_de_HonoRPG/Codigo/Content/Collections/' took 0.01s
[2018.04.24-19.53.52:121][  0]LogCollectionManager: Rebuilt the GUID cache for 0 collections in 0.000001 seconds
[2018.04.24-19.53.52:131][  0]LogContentBrowser: Native class hierarchy populated in 0.0100 seconds. Added 2370 classes and 529 folders.
[2018.04.24-19.53.52:263][  0]LogContentBrowser: Native class hierarchy updated for 'WidgetCarousel' in 0.0005 seconds. Added 0 classes and 0 folders.
[2018.04.24-19.53.52:383][  0]LogContentBrowser: Native class hierarchy updated for 'AddContentDialog' in 0.0005 seconds. Added 0 classes and 0 folders.
[2018.04.24-19.53.52:470][  0]LogContentBrowser: Native class hierarchy updated for 'SceneOutliner' in 0.0005 seconds. Added 1 classes and 2 folders.
[2018.04.24-19.53.52:531][  0]LogSlate: Took 0.000573 seconds to synchronously load lazily loaded font '../../../Engine/Content/Slate/Fonts/Roboto-Bold.ttf' (160K)
[2018.04.24-19.53.52:537][  0]LogSlate: Took 0.001434 seconds to synchronously load lazily loaded font '../../../Engine/Content/Editor/Slate/Fonts/FontAwesome.ttf' (139K)
[2018.04.24-19.53.52:671][  0]LogRenderer: Reallocating scene render targets to support 1208x576 Format 10 NumSamples 1 (Frame:1).
[2018.04.24-19.53.52:874][  0]LogContentBrowser: Native class hierarchy updated for 'HierarchicalLODOutliner' in 0.0005 seconds. Added 1 classes and 2 folders.
[2018.04.24-19.53.52:874][  0]LogLoad: (Engine Initialization) Total time: 44.95 seconds
[2018.04.24-19.53.52:874][  0]LogLoad: (Engine Initialization) Total Blueprint compile time: 0.00 seconds
[2018.04.24-19.53.52:874][  0]LogExternalProfiler: No external profilers were discovered.  External profiling features will not be available.
[2018.04.24-19.53.52:902][  0]SourceControl: On branch santiago
[2018.04.24-19.53.52:902][  0]SourceControl: Your branch is up to date with 'origin/santiago'.
[2018.04.24-19.53.52:902][  0]SourceControl: Changes to be committed:
[2018.04.24-19.53.52:902][  0]SourceControl:   (use "git reset HEAD <file>..." to unstage)
[2018.04.24-19.53.52:902][  0]SourceControl: 	new file:   Codigo/Content/NPCs/Npc1_sony/Efectos_de_fuego/Flicker.uasset
[2018.04.24-19.53.52:902][  0]SourceControl: Changes not staged for commit:
[2018.04.24-19.53.52:902][  0]SourceControl:   (use "git add <file>..." to update what will be committed)
[2018.04.24-19.53.52:902][  0]SourceControl:   (use "git checkout -- <file>..." to discard changes in working directory)
[2018.04.24-19.53.52:902][  0]SourceControl: 	modified:   Codigo/Content/MenuPrincipal/Login/InstanciasIniciales.uasset
[2018.04.24-19.53.52:902][  0]SourceControl: 	modified:   Codigo/Content/MenuPrincipal/Login/Login.uasset
[2018.04.24-19.53.52:902][  0]SourceControl: 	modified:   Codigo/Content/NPCs/Npc1_sony/Character/NPC_1.uasset
[2018.04.24-19.53.52:902][  0]SourceControl: 	modified:   Codigo/Content/NPCs/Npc1_sony/Dialogos/Dialogo_1.uasset
[2018.04.24-19.53.52:902][  0]SourceControl: 	modified:   Codigo/Content/NPCs/Npc1_sony/Efectos_de_fuego/Flicker.uasset
[2018.04.24-19.53.52:902][  0]SourceControl: 	modified:   Codigo/Content/ThirdPerson/ThirdPersonBP/ThirdPersonExampleMap.umap
[2018.04.24-19.53.52:902][  0]SourceControl: 	modified:   Codigo/Content/ThirdPerson/ThirdPersonBP/ThirdPersonExampleMap_BuiltData.uasset
[2018.04.24-19.53.52:902][  0]SourceControl: Untracked files:
[2018.04.24-19.53.52:902][  0]SourceControl:   (use "git add <file>..." to include in what will be committed)
[2018.04.24-19.53.52:902][  0]SourceControl: 	Codigo/Content/NPCs/Npc1_sony/Character/Estatua_1.uasset
[2018.04.24-19.53.52:902][  0]SourceControl: 	Codigo/Content/NPCs/Npc1_sony/Character/Estatua_3.uasset
[2018.04.24-19.53.52:903][  0]LogContentStreaming: Texture pool size now 1000 MB
[2018.04.24-19.53.52:942][  0]LogSlate: Took 0.002041 seconds to synchronously load lazily loaded font '../../../Engine/Content/Slate/Fonts/Roboto-Light.ttf' (159K)
[2018.04.24-19.53.53:152][  5]LogAssetRegistry: Asset discovery search completed in 33.5772 seconds
[2018.04.24-19.53.53:161][  5]LogCollectionManager: Rebuilt the object cache for 0 collections in 0.000001 seconds (found 0 objects)
[2018.04.24-19.53.53:161][  5]LogCollectionManager: Fixed up redirectors for 0 collections in 0.000049 seconds (updated 0 objects)
[2018.04.24-19.53.58:842][678]LogTemp: Repeating last play command: Selected Viewport
[2018.04.24-19.53.59:317][678]LogBlueprintUserMessages: Early PlayInEditor Detection: Level '/Game/MenuPrincipal/Main.Main:PersistentLevel' has LevelScriptBlueprint '/Game/MenuPrincipal/Main.Main:PersistentLevel.Main' with GeneratedClass '/Game/MenuPrincipal/Main.Main_C' with ClassGeneratedBy '/Game/MenuPrincipal/Main.Main:PersistentLevel.Main'
[2018.04.24-19.53.59:317][678]LogPlayLevel: PlayLevel: No blueprints needed recompiling
[2018.04.24-19.53.59:317][678]PIE: New page: Sesión PIE (reproducción en el editor): Main (24/4/2018 9:53:59)
[2018.04.24-19.53.59:318][678]LogPlayLevel: Creating play world package: /Game/MenuPrincipal/UEDPIE_0_Main
[2018.04.24-19.53.59:319][678]LogPlayLevel: PIE: StaticDuplicateObject took: (0.000890s)
[2018.04.24-19.53.59:319][678]LogAIModule: Creating AISystem for world Main
[2018.04.24-19.53.59:319][678]LogPlayLevel: PIE: World Init took: (0.000500s)
[2018.04.24-19.53.59:319][678]LogPlayLevel: PIE: Created PIE world by copying editor world from /Game/MenuPrincipal/Main.Main to /Game/MenuPrincipal/UEDPIE_0_Main.Main (0.001637s)
[2018.04.24-19.53.59:331][678]LogInit: XAudio2 using 'Altavoces (Realtek High Definition Audio)' : 2 channels at 48 kHz using 32 bits per sample (channel mask 0x3)
[2018.04.24-19.53.59:341][678]LogInit: FAudioDevice initialized.
[2018.04.24-19.54.01:176][678]LogLoad: Game class is 'MyGame_C'
[2018.04.24-19.54.01:178][678]LogWorld: Bringing World /Game/MenuPrincipal/UEDPIE_0_Main.Main up for play (max tick rate 0) at 2018.04.24-14.54.01
[2018.04.24-19.54.01:178][678]LogWorld: Bringing up level for play took: 0.000447
[2018.04.24-19.54.01:264][678]LogContentBrowser: Native class hierarchy updated for 'MovieSceneCapture' in 0.0006 seconds. Added 11 classes and 0 folders.
[2018.04.24-19.54.01:264][678]LogGameMode: Display: Match State Changed from EnteringMap to WaitingToStart
[2018.04.24-19.54.01:264][678]LogGameState: Match State Changed from EnteringMap to WaitingToStart
[2018.04.24-19.54.01:264][678]LogGameMode: Display: Match State Changed from WaitingToStart to InProgress
[2018.04.24-19.54.01:267][678]LogGameState: Match State Changed from WaitingToStart to InProgress
[2018.04.24-19.54.01:267][678]PIE: Tiempo de inicio de la reproducción en el editor para  /Game/MenuPrincipal/UEDPIE_0_Main 1,705
[2018.04.24-19.54.01:267][678]LogBlueprintUserMessages: Late PlayInEditor Detection: Level '/Game/MenuPrincipal/Main.Main:PersistentLevel' has LevelScriptBlueprint '/Game/MenuPrincipal/Main.Main:PersistentLevel.Main' with GeneratedClass '/Game/MenuPrincipal/Main.Main_C' with ClassGeneratedBy '/Game/MenuPrincipal/Main.Main:PersistentLevel.Main'
[2018.04.24-19.54.03:965][962]LogBlueprintUserMessages: Early EndPlayMap Detection: Level '/Game/MenuPrincipal/Main.Main:PersistentLevel' has LevelScriptBlueprint '/Game/MenuPrincipal/Main.Main:PersistentLevel.Main' with GeneratedClass '/Game/MenuPrincipal/Main.Main_C' with ClassGeneratedBy '/Game/MenuPrincipal/Main.Main:PersistentLevel.Main'
[2018.04.24-19.54.03:996][962]LogBlueprintUserMessages: Late EndPlayMap Detection: Level '/Game/MenuPrincipal/Main.Main:PersistentLevel' has LevelScriptBlueprint '/Game/MenuPrincipal/Main.Main:PersistentLevel.Main' with GeneratedClass '/Game/MenuPrincipal/Main.Main_C' with ClassGeneratedBy '/Game/MenuPrincipal/Main.Main:PersistentLevel.Main'
[2018.04.24-19.54.11:260][830]LogSlate: Took 0.000160 seconds to synchronously load lazily loaded font '../../../Engine/Content/Slate/Fonts/Roboto-Light.ttf' (159K)
[2018.04.24-19.54.11:437][830]LogLinker: Warning: No puede encontrar el archivo '/Game/NPCs/Npc1_sony/Character/Estatua_2'
[2018.04.24-19.54.11:437][830]LogLinker: Warning: No puede encontrar el archivo para el activo '/Game/NPCs/Npc1_sony/Character/Estatua_2' mientras carga D:/Git/Pacto_de_HonoRPG/Codigo/Content/ThirdPerson/ThirdPersonBP/ThirdPersonExampleMap.umap.
[2018.04.24-19.54.11:437][830]LoadErrors: Error: /Game/ThirdPerson/ThirdPersonBP/ThirdPersonExampleMap : No puede encontrar el archivo para el activo. /Game/NPCs/Npc1_sony/Character/Estatua_2
[2018.04.24-19.54.11:709][830]LogLinker: Warning: No puede encontrar el archivo '/Game/NPCs/Npc1_sony/Character/Estatua_2'
[2018.04.24-19.54.11:709][830]LogLinker: Warning: No puede encontrar el archivo para el activo '/Game/NPCs/Npc1_sony/Character/Estatua_2' mientras carga D:/Git/Pacto_de_HonoRPG/Codigo/Content/ThirdPerson/ThirdPersonBP/ThirdPersonExampleMap.umap.
[2018.04.24-19.54.12:045][830]LogLinker: Warning: No puede encontrar el archivo '/Game/NPCs/Npc1_sony/Character/Estatua_2'
[2018.04.24-19.54.12:045][830]LogLinker: Warning: No puede encontrar el archivo para el activo '/Game/NPCs/Npc1_sony/Character/Estatua_2' mientras carga D:/Git/Pacto_de_HonoRPG/Codigo/Content/ThirdPerson/ThirdPersonBP/ThirdPersonExampleMap.umap.
[2018.04.24-19.54.12:083][830]LogSlate: Took 0.000166 seconds to synchronously load lazily loaded font '../../../Engine/Content/Slate/Fonts/Roboto-Regular.ttf' (155K)
[2018.04.24-19.54.12:323][830]LogLinker: Warning: No puede encontrar el archivo '/Game/NPCs/Npc1_sony/Character/Estatua_2'
[2018.04.24-19.54.12:323][830]LogLinker: Warning: No puede encontrar el archivo para el activo '/Game/NPCs/Npc1_sony/Character/Estatua_2' mientras carga D:/Git/Pacto_de_HonoRPG/Codigo/Content/ThirdPerson/ThirdPersonBP/ThirdPersonExampleMap.umap.
[2018.04.24-19.54.12:329][830]LogLinker: Warning: No puede encontrar el archivo '/Game/NPCs/Npc1_sony/Character/Estatua_2'
[2018.04.24-19.54.12:329][830]LogLinker: Warning: No puede encontrar el archivo para el activo '/Game/NPCs/Npc1_sony/Character/Estatua_2' mientras carga D:/Git/Pacto_de_HonoRPG/Codigo/Content/ThirdPerson/ThirdPersonBP/ThirdPersonExampleMap.umap.
[2018.04.24-19.54.12:330][830]LogLinker: Warning: No puede encontrar el archivo '/Game/NPCs/Npc1_sony/Character/Estatua_2'
[2018.04.24-19.54.12:330][830]LogLinker: Warning: No puede encontrar el archivo para el activo '/Game/NPCs/Npc1_sony/Character/Estatua_2' mientras carga NULL.
[2018.04.24-19.54.12:330][830]LogLinker: Warning: No puede encontrar el archivo '/Game/NPCs/Npc1_sony/Character/Estatua_2'
[2018.04.24-19.54.12:330][830]LogLinker: Warning: No puede encontrar el archivo para el activo '/Game/NPCs/Npc1_sony/Character/Estatua_2' mientras carga NULL.
[2018.04.24-19.54.12:330][830]LogLinker: Warning: No puede encontrar el archivo '/Game/NPCs/Npc1_sony/Character/Estatua_2'
[2018.04.24-19.54.12:330][830]LogLinker: Warning: No puede encontrar el archivo para el activo '/Game/NPCs/Npc1_sony/Character/Estatua_2' mientras carga NULL.
[2018.04.24-19.54.12:330][830]LogLinker: Warning: No puede encontrar el archivo '/Game/NPCs/Npc1_sony/Character/Estatua_2'
[2018.04.24-19.54.12:330][830]LogLinker: Warning: No puede encontrar el archivo para el activo '/Game/NPCs/Npc1_sony/Character/Estatua_2' mientras carga NULL.
[2018.04.24-19.54.12:331][830]LogLinker: Warning: No puede encontrar el archivo '/Game/NPCs/Npc1_sony/Character/Estatua_2'
[2018.04.24-19.54.12:331][830]LogLinker: Warning: No puede encontrar el archivo para el activo '/Game/NPCs/Npc1_sony/Character/Estatua_2' mientras carga NULL.
[2018.04.24-19.54.12:339][830]LogLinker: Warning: No puede encontrar el archivo '/Game/NPCs/Npc1_sony/Character/Estatua_2'
[2018.04.24-19.54.12:339][830]LogLinker: Warning: No puede encontrar el archivo para el activo '/Game/NPCs/Npc1_sony/Character/Estatua_2' mientras carga NULL.
[2018.04.24-19.54.12:339][830]LogLinker: Warning: No puede encontrar el archivo '/Game/NPCs/Npc1_sony/Character/Estatua_2'
[2018.04.24-19.54.12:339][830]LogLinker: Warning: No puede encontrar el archivo para el activo '/Game/NPCs/Npc1_sony/Character/Estatua_2' mientras carga NULL.
[2018.04.24-19.54.12:366][830]LogLinker: Warning: No puede encontrar el archivo '/Game/NPCs/Npc1_sony/Character/Estatua_2'
[2018.04.24-19.54.12:366][830]LogLinker: Warning: No puede encontrar el archivo para el activo '/Game/NPCs/Npc1_sony/Character/Estatua_2' mientras carga NULL.
[2018.04.24-19.54.12:366][830]LogLinker: Warning: No puede encontrar el archivo '/Game/NPCs/Npc1_sony/Character/Estatua_2'
[2018.04.24-19.54.12:366][830]LogLinker: Warning: No puede encontrar el archivo para el activo '/Game/NPCs/Npc1_sony/Character/Estatua_2' mientras carga NULL.
[2018.04.24-19.54.12:382][830]LogLinker: Warning: No puede encontrar el archivo '/Game/NPCs/Npc1_sony/Character/Estatua_2'
[2018.04.24-19.54.12:382][830]LogLinker: Warning: No puede encontrar el archivo para el activo '/Game/NPCs/Npc1_sony/Character/Estatua_2' mientras carga NULL.
[2018.04.24-19.54.12:382][830]LogLinker: Warning: No puede encontrar el archivo '/Game/NPCs/Npc1_sony/Character/Estatua_2'
[2018.04.24-19.54.12:382][830]LogLinker: Warning: No puede encontrar el archivo para el activo '/Game/NPCs/Npc1_sony/Character/Estatua_2' mientras carga NULL.
[2018.04.24-19.54.12:385][830]LogLinker: Warning: No puede encontrar el archivo '/Game/NPCs/Npc1_sony/Character/Estatua_2'
[2018.04.24-19.54.12:385][830]LogLinker: Warning: No puede encontrar el archivo para el activo '/Game/NPCs/Npc1_sony/Character/Estatua_2' mientras carga NULL.
[2018.04.24-19.54.12:386][830]LogLinker: Warning: No puede encontrar el archivo '/Game/NPCs/Npc1_sony/Character/Estatua_2'
[2018.04.24-19.54.12:386][830]LogLinker: Warning: No puede encontrar el archivo para el activo '/Game/NPCs/Npc1_sony/Character/Estatua_2' mientras carga NULL.
[2018.04.24-19.54.12:424][830]LogLinker: Warning: No puede encontrar el archivo '/Game/NPCs/Npc1_sony/Character/Estatua_2'
[2018.04.24-19.54.12:425][830]LogLinker: Warning: No puede encontrar el archivo para el activo '/Game/NPCs/Npc1_sony/Character/Estatua_2' mientras carga NULL.
[2018.04.24-19.54.12:425][830]LogLinker: Warning: No puede encontrar el archivo '/Game/NPCs/Npc1_sony/Character/Estatua_2'
[2018.04.24-19.54.12:425][830]LoadErrors: Error al cargar /Game/NPCs/Npc1_sony/Character/Estatua_2.Estatua_2_C Referenciado por PersistentLevel
[2018.04.24-19.54.12:425][830]LogLinker: Warning: No puede encontrar el archivo para el activo '/Game/NPCs/Npc1_sony/Character/Estatua_2' mientras carga NULL.
[2018.04.24-19.54.12:679][830]LogTexture: Display: Building textures: Accuracy (BGRA8, 256X256)
[2018.04.24-19.54.12:955][830]LogFileManager: Error: Error writing to file: C:/Users/Dell/AppData/Local/UnrealEngine/Common/DerivedDataCache/3/4/8/temp.0948D73C43FAB15216054BBD293F8C67 (Espacio en disco insuficiente.)
[2018.04.24-19.54.12:955][830]LogDerivedDataCache: Warning: FFileSystemDerivedDataBackend: Temp file is short C:/Users/Dell/AppData/Local/UnrealEngine/Common/DerivedDataCache/3/4/8/temp.0948D73C43FAB15216054BBD293F8C67!
[2018.04.24-19.54.12:955][830]LogFileManager: Error: Error writing to file: C:/Users/Dell/AppData/Local/UnrealEngine/Common/DerivedDataCache/3/4/8/temp.3F6B329348D53D03B167A7B414717210 (Espacio en disco insuficiente.)
[2018.04.24-19.54.12:955][830]LogDerivedDataCache: Warning: FFileSystemDerivedDataBackend: Temp file is short C:/Users/Dell/AppData/Local/UnrealEngine/Common/DerivedDataCache/3/4/8/temp.3F6B329348D53D03B167A7B414717210!
[2018.04.24-19.54.12:955][830]LogDerivedDataCache: Warning: FDerivedDataBackendAsyncPutWrapper: Put failed, keeping in memory copy PhysX_3B0AB674B19F4A698B28F7025C031EA2_PhysXPC_ED2C153A41BA35E337077F8CB41EB4A4__1_0_0_0_3_13315_0.
[2018.04.24-19.54.12:955][830]LogFileManager: Error: Error writing to file: C:/Users/Dell/AppData/Local/UnrealEngine/Common/DerivedDataCache/7/1/7/temp.D69CE6BE4DD28C247700B58F4A212B08 (Espacio en disco insuficiente.)
[2018.04.24-19.54.12:955][830]LogDerivedDataCache: Warning: FFileSystemDerivedDataBackend: Temp file is short C:/Users/Dell/AppData/Local/UnrealEngine/Common/DerivedDataCache/7/1/7/temp.D69CE6BE4DD28C247700B58F4A212B08!
[2018.04.24-19.54.12:956][830]LogFileManager: Error: Error writing to file: C:/Users/Dell/AppData/Local/UnrealEngine/Common/DerivedDataCache/7/1/7/temp.E4ED9FC84B7ED599E1E7A7BCD64E794A (Espacio en disco insuficiente.)
[2018.04.24-19.54.12:956][830]LogDerivedDataCache: Warning: FFileSystemDerivedDataBackend: Temp file is short C:/Users/Dell/AppData/Local/UnrealEngine/Common/DerivedDataCache/7/1/7/temp.E4ED9FC84B7ED599E1E7A7BCD64E794A!
[2018.04.24-19.54.12:956][830]LogDerivedDataCache: Warning: FDerivedDataBackendAsyncPutWrapper: Put failed, keeping in memory copy PhysX_3B0AB674B19F4A698B28F7025C031EA2_PhysXPC_05987F964EFE9E57A874859B55CFBC01__1_0_0_0_3_13315_0.
[2018.04.24-19.54.12:956][830]LogFileManager: Error: Error writing to file: C:/Users/Dell/AppData/Local/UnrealEngine/Common/DerivedDataCache/6/5/7/temp.260545264CA7F752CA6D6494A34E011C (Espacio en disco insuficiente.)
[2018.04.24-19.54.12:956][830]LogDerivedDataCache: Warning: FFileSystemDerivedDataBackend: Temp file is short C:/Users/Dell/AppData/Local/UnrealEngine/Common/DerivedDataCache/6/5/7/temp.260545264CA7F752CA6D6494A34E011C!
[2018.04.24-19.54.12:956][830]LogFileManager: Error: Error writing to file: C:/Users/Dell/AppData/Local/UnrealEngine/Common/DerivedDataCache/6/5/7/temp.086E3DFF4C67BC74A7B3D7995C2E878F (Espacio en disco insuficiente.)
[2018.04.24-19.54.12:956][830]LogDerivedDataCache: Warning: FFileSystemDerivedDataBackend: Temp file is short C:/Users/Dell/AppData/Local/UnrealEngine/Common/DerivedDataCache/6/5/7/temp.086E3DFF4C67BC74A7B3D7995C2E878F!
[2018.04.24-19.54.12:956][830]LogDerivedDataCache: Warning: FDerivedDataBackendAsyncPutWrapper: Put failed, keeping in memory copy PhysX_3B0AB674B19F4A698B28F7025C031EA2_PhysXPC_D0D43FD847CC91EA1C94C8AF30FCFE48__1_0_0_0_3_13315_0.
[2018.04.24-19.54.12:956][830]LogFileManager: Error: Error writing to file: C:/Users/Dell/AppData/Local/UnrealEngine/Common/DerivedDataCache/3/8/8/temp.5591E18A4205475FF606F4B2534635DB (Espacio en disco insuficiente.)
[2018.04.24-19.54.12:956][830]LogDerivedDataCache: Warning: FFileSystemDerivedDataBackend: Temp file is short C:/Users/Dell/AppData/Local/UnrealEngine/Common/DerivedDataCache/3/8/8/temp.5591E18A4205475FF606F4B2534635DB!
[2018.04.24-19.54.12:956][830]LogFileManager: Error: Error writing to file: C:/Users/Dell/AppData/Local/UnrealEngine/Common/DerivedDataCache/3/8/8/temp.4DD6ACBC478E092871AAF19A2ACEC0B4 (Espacio en disco insuficiente.)
[2018.04.24-19.54.12:956][830]LogDerivedDataCache: Warning: FFileSystemDerivedDataBackend: Temp file is short C:/Users/Dell/AppData/Local/UnrealEngine/Common/DerivedDataCache/3/8/8/temp.4DD6ACBC478E092871AAF19A2ACEC0B4!
[2018.04.24-19.54.12:956][830]LogDerivedDataCache: Warning: FDerivedDataBackendAsyncPutWrapper: Put failed, keeping in memory copy PhysX_3B0AB674B19F4A698B28F7025C031EA2_PhysXPC_776C1BA447D94E6011606586F1E56BF0__1_0_0_0_3_13315_0.
[2018.04.24-19.54.12:956][830]LogFileManager: Error: Error writing to file: C:/Users/Dell/AppData/Local/UnrealEngine/Common/DerivedDataCache/3/6/2/temp.140D105D458A6BF79C51F19CAD178089 (Espacio en disco insuficiente.)
[2018.04.24-19.54.12:956][830]LogDerivedDataCache: Warning: FFileSystemDerivedDataBackend: Temp file is short C:/Users/Dell/AppData/Local/UnrealEngine/Common/DerivedDataCache/3/6/2/temp.140D105D458A6BF79C51F19CAD178089!
[2018.04.24-19.54.12:956][830]LogFileManager: Error: Error writing to file: C:/Users/Dell/AppData/Local/UnrealEngine/Common/DerivedDataCache/3/6/2/temp.97F91DCD451CC751385D749DF1F5868E (Espacio en disco insuficiente.)
[2018.04.24-19.54.12:956][830]LogDerivedDataCache: Warning: FFileSystemDerivedDataBackend: Temp file is short C:/Users/Dell/AppData/Local/UnrealEngine/Common/DerivedDataCache/3/6/2/temp.97F91DCD451CC751385D749DF1F5868E!
[2018.04.24-19.54.12:956][830]LogDerivedDataCache: Warning: FDerivedDataBackendAsyncPutWrapper: Put failed, keeping in memory copy PhysX_3B0AB674B19F4A698B28F7025C031EA2_PhysXPC_D030DBA141430A6D3AE9FCBA1CE4A31B__1_0_0_0_3_13315_0.
[2018.04.24-19.54.13:201][830]LogAIModule: Creating AISystem for world ThirdPersonExampleMap
[2018.04.24-19.54.13:270][830]Cmd: MAP LOAD FILE="D:/Git/Pacto_de_HonoRPG/Codigo/Content/ThirdPerson/ThirdPersonBP/ThirdPersonExampleMap.umap" TEMPLATE=0 SHOWPROGRESS=1 FEATURELEVEL=3
[2018.04.24-19.54.13:270][830]LightingResults: New page: Diseñar la iluminación
[2018.04.24-19.54.13:271][830]LoadErrors: New page: Cargando mapa: ThirdPersonExampleMap.umap
[2018.04.24-19.54.13:271][830]MapCheck: New page: Revisión del mapa
[2018.04.24-19.54.13:271][830]LightingResults: New page: Diseñar la iluminación
[2018.04.24-19.54.13:308][830]LogEditorServer: Finished looking for orphan Actors (0.000 secs)
[2018.04.24-19.54.13:348][830]Cmd: MAP CHECKDEP NOCLEARLOG
[2018.04.24-19.54.13:484][830]MapCheck: Map check complete: 0 Error(s), 0 Warning(s), took 135,928ms to complete.
[2018.04.24-19.54.13:485][830]LogFileHelpers: Loading map 'ThirdPersonExampleMap' took 0.216
[2018.04.24-19.54.13:491][830]LoadErrors: Warning: CreateExport: Failed to load Outer for resource 'Box': Estatua_2_C /Game/ThirdPerson/ThirdPersonBP/ThirdPersonExampleMap.ThirdPersonExampleMap:PersistentLevel.Estatua_1090
[2018.04.24-19.54.13:492][830]LoadErrors: Warning: CreateExport: Failed to load Outer for resource 'DefaultSceneRoot': Estatua_2_C /Game/ThirdPerson/ThirdPersonBP/ThirdPersonExampleMap.ThirdPersonExampleMap:PersistentLevel.Estatua_1090
[2018.04.24-19.54.13:492][830]LoadErrors: Warning: CreateExport: Failed to load Outer for resource 'SM_S_Soul_Statue': Estatua_2_C /Game/ThirdPerson/ThirdPersonBP/ThirdPersonExampleMap.ThirdPersonExampleMap:PersistentLevel.Estatua_1090
[2018.04.24-19.54.14:216][902]LogTemp: Repeating last play command: Selected Viewport
[2018.04.24-19.54.14:240][902]LogBlueprintUserMessages: Early PlayInEditor Detection: Level '/Game/ThirdPerson/ThirdPersonBP/ThirdPersonExampleMap.ThirdPersonExampleMap:PersistentLevel' has LevelScriptBlueprint '/Game/ThirdPerson/ThirdPersonBP/ThirdPersonExampleMap.ThirdPersonExampleMap:PersistentLevel.ThirdPersonExampleMap' with GeneratedClass '/Game/ThirdPerson/ThirdPersonBP/ThirdPersonExampleMap.ThirdPersonExampleMap_C' with ClassGeneratedBy '/Game/ThirdPerson/ThirdPersonBP/ThirdPersonExampleMap.ThirdPersonExampleMap:PersistentLevel.ThirdPersonExampleMap'
[2018.04.24-19.54.14:241][902]LogPlayLevel: PlayLevel: No blueprints needed recompiling
[2018.04.24-19.54.14:241][902]PIE: New page: Sesión PIE (reproducción en el editor): ThirdPersonExampleMap (24/4/2018 9:54:14)
[2018.04.24-19.54.14:241][902]LogPlayLevel: Creating play world package: /Game/ThirdPerson/ThirdPersonBP/UEDPIE_0_ThirdPersonExampleMap
[2018.04.24-19.54.14:444][902]LogPlayLevel: PIE: StaticDuplicateObject took: (0.203352s)
[2018.04.24-19.54.14:445][902]LogAIModule: Creating AISystem for world ThirdPersonExampleMap
[2018.04.24-19.54.14:445][902]LogPlayLevel: PIE: World Init took: (0.000945s)
[2018.04.24-19.54.14:446][902]LogPlayLevel: PIE: Created PIE world by copying editor world from /Game/ThirdPerson/ThirdPersonBP/ThirdPersonExampleMap.ThirdPersonExampleMap to /Game/ThirdPerson/ThirdPersonBP/UEDPIE_0_ThirdPersonExampleMap.ThirdPersonExampleMap (0.204864s)
[2018.04.24-19.54.14:460][902]LogInit: XAudio2 using 'Altavoces (Realtek High Definition Audio)' : 2 channels at 48 kHz using 32 bits per sample (channel mask 0x3)
[2018.04.24-19.54.14:469][902]LogInit: FAudioDevice initialized.
[2018.04.24-19.54.14:518][902]LogLoad: Game class is 'MyGame_C'
[2018.04.24-19.54.14:526][902]LogWorld: Bringing World /Game/ThirdPerson/ThirdPersonBP/UEDPIE_0_ThirdPersonExampleMap.ThirdPersonExampleMap up for play (max tick rate 0) at 2018.04.24-14.54.14
[2018.04.24-19.54.14:527][902]LogWorld: Bringing up level for play took: 0.008830
[2018.04.24-19.54.14:528][902]LogGameMode: Display: Match State Changed from EnteringMap to WaitingToStart
[2018.04.24-19.54.14:528][902]LogGameState: Match State Changed from EnteringMap to WaitingToStart
[2018.04.24-19.54.14:528][902]LogGameMode: Display: Match State Changed from WaitingToStart to InProgress
[2018.04.24-19.54.14:529][902]LogGameState: Match State Changed from WaitingToStart to InProgress
[2018.04.24-19.54.14:529][902]PIE: Tiempo de inicio de la reproducción en el editor para  /Game/ThirdPerson/ThirdPersonBP/UEDPIE_0_ThirdPersonExampleMap 0,968
[2018.04.24-19.54.14:530][902]LogBlueprintUserMessages: Late PlayInEditor Detection: Level '/Game/ThirdPerson/ThirdPersonBP/ThirdPersonExampleMap.ThirdPersonExampleMap:PersistentLevel' has LevelScriptBlueprint '/Game/ThirdPerson/ThirdPersonBP/ThirdPersonExampleMap.ThirdPersonExampleMap:PersistentLevel.ThirdPersonExampleMap' with GeneratedClass '/Game/ThirdPerson/ThirdPersonBP/ThirdPersonExampleMap.ThirdPersonExampleMap_C' with ClassGeneratedBy '/Game/ThirdPerson/ThirdPersonBP/ThirdPersonExampleMap.ThirdPersonExampleMap:PersistentLevel.ThirdPersonExampleMap'
[2018.04.24-19.54.27:907][486]LogBlueprintUserMessages: [Dialogo_1_C_0] Mision Topografo Aceptada!
[2018.04.24-19.54.33:501][157]LogBlueprintUserMessages: Early EndPlayMap Detection: Level '/Game/ThirdPerson/ThirdPersonBP/ThirdPersonExampleMap.ThirdPersonExampleMap:PersistentLevel' has LevelScriptBlueprint '/Game/ThirdPerson/ThirdPersonBP/ThirdPersonExampleMap.ThirdPersonExampleMap:PersistentLevel.ThirdPersonExampleMap' with GeneratedClass '/Game/ThirdPerson/ThirdPersonBP/ThirdPersonExampleMap.ThirdPersonExampleMap_C' with ClassGeneratedBy '/Game/ThirdPerson/ThirdPersonBP/ThirdPersonExampleMap.ThirdPersonExampleMap:PersistentLevel.ThirdPersonExampleMap'
[2018.04.24-19.54.33:537][157]LogBlueprintUserMessages: Late EndPlayMap Detection: Level '/Game/ThirdPerson/ThirdPersonBP/ThirdPersonExampleMap.ThirdPersonExampleMap:PersistentLevel' has LevelScriptBlueprint '/Game/ThirdPerson/ThirdPersonBP/ThirdPersonExampleMap.ThirdPersonExampleMap:PersistentLevel.ThirdPersonExampleMap' with GeneratedClass '/Game/ThirdPerson/ThirdPersonBP/ThirdPersonExampleMap.ThirdPersonExampleMap_C' with ClassGeneratedBy '/Game/ThirdPerson/ThirdPersonBP/ThirdPersonExampleMap.ThirdPersonExampleMap:PersistentLevel.ThirdPersonExampleMap'
[2018.04.24-19.54.37:850][487]LogSavePackage: Save=1428.04ms
[2018.04.24-19.54.37:850][487]LogSavePackage: Moving 'D:/Git/Pacto_de_HonoRPG/Codigo/Saved/ThirdPersonExampleMap122A643F44C0ECDC4CCF1EB006846C04.tmp' to 'D:/Git/Pacto_de_HonoRPG/Codigo/Content/ThirdPerson/ThirdPersonBP/ThirdPersonExampleMap.umap'
[2018.04.24-19.54.37:854][487]LogSavePackage: Display: Finished SavePackage D:/Git/Pacto_de_HonoRPG/Codigo/Content/ThirdPerson/ThirdPersonBP/ThirdPersonExampleMap.umap
[2018.04.24-19.54.38:387][487]LogSavePackage: Save=444.40ms
[2018.04.24-19.54.38:387][487]LogSavePackage: Moving 'D:/Git/Pacto_de_HonoRPG/Codigo/Saved/ThirdPersonExampleMap_BuiltData9BF2C7B848E4F564DD39759EF6679D8D.tmp' to 'D:/Git/Pacto_de_HonoRPG/Codigo/Content/ThirdPerson/ThirdPersonBP/ThirdPersonExampleMap_BuiltData.uasset'
[2018.04.24-19.54.38:389][487]LogSavePackage: Display: Finished SavePackage D:/Git/Pacto_de_HonoRPG/Codigo/Content/ThirdPerson/ThirdPersonBP/ThirdPersonExampleMap_BuiltData.uasset
[2018.04.24-19.54.57:748][749]LogTexture: Display: Building textures: T_Foliage_Leaves_N (BC5, 512X512)
[2018.04.24-19.54.57:748][749]LogStaticMesh: Generando la malla estática SM_S_BuildingSetA_Tree_02_OP02_S_BuildingSetA_Tree_02_OP02...
[2018.04.24-19.54.57:750][749]LogFileManager: Error: Error writing to file: C:/Users/Dell/AppData/Local/UnrealEngine/Common/DerivedDataCache/4/2/8/temp.5989056C48073C35F73388B9B039F137 (Espacio en disco insuficiente.)
[2018.04.24-19.54.57:750][749]LogDerivedDataCache: Warning: FFileSystemDerivedDataBackend: Temp file is short C:/Users/Dell/AppData/Local/UnrealEngine/Common/DerivedDataCache/4/2/8/temp.5989056C48073C35F73388B9B039F137!
[2018.04.24-19.54.57:751][749]LogFileManager: Error: Error writing to file: C:/Users/Dell/AppData/Local/UnrealEngine/Common/DerivedDataCache/4/2/8/temp.E44A12DC49ACBBBD3ADC7E9277E65914 (Espacio en disco insuficiente.)
[2018.04.24-19.54.57:751][749]LogDerivedDataCache: Warning: FFileSystemDerivedDataBackend: Temp file is short C:/Users/Dell/AppData/Local/UnrealEngine/Common/DerivedDataCache/4/2/8/temp.E44A12DC49ACBBBD3ADC7E9277E65914!
[2018.04.24-19.54.57:754][749]LogDerivedDataCache: Warning: FDerivedDataBackendAsyncPutWrapper: Put failed, keeping in memory copy TEXTURE_814DCC3DC72143F49509781513CB9855_BC5_C5F526BA47F5420B6BA8D3B65DD582B3___4DCB997FF0BD98EEBA7F50BFCABEE5F9F156F8F8.
[2018.04.24-19.54.57:839][749]LogStaticMesh: Built static mesh [0.09s] /Game/SoulCave/Environment/Meshes/Nature/SM_S_BuildingSetA_Tree_02_OP02_S_BuildingSetA_Tree_02_OP02.SM_S_BuildingSetA_Tree_02_OP02_S_BuildingSetA_Tree_02_OP02
[2018.04.24-19.54.57:846][749]LogFileManager: Error: Error flushing file: C:/Users/Dell/AppData/Local/UnrealEngine/Common/DerivedDataCache/1/9/5/temp.5216882149311E0CC229B6A6F00FABA2 (Espacio en disco insuficiente.)
[2018.04.24-19.54.57:846][749]LogDerivedDataCache: Warning: FFileSystemDerivedDataBackend: Temp file is short C:/Users/Dell/AppData/Local/UnrealEngine/Common/DerivedDataCache/1/9/5/temp.5216882149311E0CC229B6A6F00FABA2!
[2018.04.24-19.54.57:846][749]LogFileManager: Error: Error flushing file: C:/Users/Dell/AppData/Local/UnrealEngine/Common/DerivedDataCache/1/9/5/temp.F89C480A49B3B5772E011AB1C6555B3E (Espacio en disco insuficiente.)
[2018.04.24-19.54.57:846][749]LogDerivedDataCache: Warning: FFileSystemDerivedDataBackend: Temp file is short C:/Users/Dell/AppData/Local/UnrealEngine/Common/DerivedDataCache/1/9/5/temp.F89C480A49B3B5772E011AB1C6555B3E!
[2018.04.24-19.54.57:846][749]LogDerivedDataCache: Warning: FDerivedDataBackendAsyncPutWrapper: Put failed, keeping in memory copy PhysX_3B0AB674B19F4A698B28F7025C031EA2_PhysXPC_8F351CC84A38AA5414B53FB7B250C2F__40CCF97D10F8A15B1B83D795E8C899977708403E.
[2018.04.24-19.54.57:846][749]LogMaterial: Missing cached shader map for material M_Soul_Tree02, compiling. 
[2018.04.24-19.54.57:984][749]LogFileManager: Error: Error flushing file: C:/Users/Dell/AppData/Local/Temp/UnrealShaderWorkingDir/EE53A9B047A83375B8C26DA4BB7AD8AA/043794F67401F32897D9637B7706F72FE (Espacio en disco insuficiente.)
[2018.04.24-19.54.57:984][749]LogFileManager: Error: Error writing to file: C:/Users/Dell/AppData/Local/Temp/UnrealShaderWorkingDir/EE53A9B047A83375B8C26DA4BB7AD8AA/043794F67401F32897D9637B7706F72FE (Espacio en disco insuficiente.)
[2018.04.24-19.54.57:984][749]LogFileManager: Error: Error flushing file: C:/Users/Dell/AppData/Local/Temp/UnrealShaderWorkingDir/EE53A9B047A83375B8C26DA4BB7AD8AA/043794F67401F32897D9637B7706F72FE (Espacio en disco insuficiente.)
[2018.04.24-19.54.57:984][749]LogFileManager: Error: Error writing to file: C:/Users/Dell/AppData/Local/Temp/UnrealShaderWorkingDir/EE53A9B047A83375B8C26DA4BB7AD8AA/043794F67401F32897D9637B7706F72FE (Espacio en disco insuficiente.)
[2018.04.24-19.54.57:984][749]LogFileManager: Error: Error flushing file: C:/Users/Dell/AppData/Local/Temp/UnrealShaderWorkingDir/EE53A9B047A83375B8C26DA4BB7AD8AA/043794F67401F32897D9637B7706F72FE (Espacio en disco insuficiente.)
[2018.04.24-19.54.57:984][749]LogFileManager: Error: Error flushing file: C:/Users/Dell/AppData/Local/Temp/UnrealShaderWorkingDir/EE53A9B047A83375B8C26DA4BB7AD8AA/043794F67401F32897D9637B7706F72FE (Espacio en disco insuficiente.)
[2018.04.24-19.54.57:984][749]LogFileManager: Error: Error writing to file: C:/Users/Dell/AppData/Local/Temp/UnrealShaderWorkingDir/EE53A9B047A83375B8C26DA4BB7AD8AA/043794F67401F32897D9637B7706F72FE (Espacio en disco insuficiente.)
[2018.04.24-19.54.57:984][749]LogFileManager: Error: Error writing to file: C:/Users/Dell/AppData/Local/Temp/UnrealShaderWorkingDir/EE53A9B047A83375B8C26DA4BB7AD8AA/043794F67401F32897D9637B7706F72FE (Espacio en disco insuficiente.)
[2018.04.24-19.54.57:984][749]LogFileManager: Error: Error flushing file: C:/Users/Dell/AppData/Local/Temp/UnrealShaderWorkingDir/EE53A9B047A83375B8C26DA4BB7AD8AA/043794F67401F32897D9637B7706F72FE (Espacio en disco insuficiente.)
[2018.04.24-19.54.57:984][749]LogFileManager: Error: Error flushing file: C:/Users/Dell/AppData/Local/Temp/UnrealShaderWorkingDir/EE53A9B047A83375B8C26DA4BB7AD8AA/043794F67401F32897D9637B7706F72FE (Espacio en disco insuficiente.)
[2018.04.24-19.54.57:984][749]LogFileManager: Error: Error writing to file: C:/Users/Dell/AppData/Local/Temp/UnrealShaderWorkingDir/EE53A9B047A83375B8C26DA4BB7AD8AA/043794F67401F32897D9637B7706F72FE (Espacio en disco insuficiente.)
[2018.04.24-19.54.57:984][749]LogFileManager: Error: Error flushing file: C:/Users/Dell/AppData/Local/Temp/UnrealShaderWorkingDir/EE53A9B047A83375B8C26DA4BB7AD8AA/043794F67401F32897D9637B7706F72FE (Espacio en disco insuficiente.)
[2018.04.24-19.54.57:984][749]LogFileManager: Error: Error writing to file: C:/Users/Dell/AppData/Local/Temp/UnrealShaderWorkingDir/EE53A9B047A83375B8C26DA4BB7AD8AA/043794F67401F32897D9637B7706F72FE (Espacio en disco insuficiente.)
[2018.04.24-19.54.57:984][749]LogFileManager: Error: Error flushing file: C:/Users/Dell/AppData/Local/Temp/UnrealShaderWorkingDir/EE53A9B047A83375B8C26DA4BB7AD8AA/043794F67401F32897D9637B7706F72FE (Espacio en disco insuficiente.)
[2018.04.24-19.54.57:984][749]LogFileManager: Error: Error writing to file: C:/Users/Dell/AppData/Local/Temp/UnrealShaderWorkingDir/EE53A9B047A83375B8C26DA4BB7AD8AA/043794F67401F32897D9637B7706F72FE (Espacio en disco insuficiente.)
[2018.04.24-19.54.57:984][749]LogFileManager: Error: Error flushing file: C:/Users/Dell/AppData/Local/Temp/UnrealShaderWorkingDir/EE53A9B047A83375B8C26DA4BB7AD8AA/043794F67401F32897D9637B7706F72FE (Espacio en disco insuficiente.)
[2018.04.24-19.54.57:984][749]LogFileManager: Error: Error flushing file: C:/Users/Dell/AppData/Local/Temp/UnrealShaderWorkingDir/EE53A9B047A83375B8C26DA4BB7AD8AA/043794F67401F32897D9637B7706F72FE (Espacio en disco insuficiente.)
[2018.04.24-19.54.57:984][749]LogFileManager: Error: Error flushing file: C:/Users/Dell/AppData/Local/Temp/UnrealShaderWorkingDir/EE53A9B047A83375B8C26DA4BB7AD8AA/043794F67401F32897D9637B7706F72FE (Espacio en disco insuficiente.)
[2018.04.24-19.54.57:984][749]LogFileManager: Error: Error writing to file: C:/Users/Dell/AppData/Local/Temp/UnrealShaderWorkingDir/EE53A9B047A83375B8C26DA4BB7AD8AA/043794F67401F32897D9637B7706F72FE (Espacio en disco insuficiente.)
[2018.04.24-19.54.57:984][749]LogFileManager: Error: Error writing to file: C:/Users/Dell/AppData/Local/Temp/UnrealShaderWorkingDir/EE53A9B047A83375B8C26DA4BB7AD8AA/043794F67401F32897D9637B7706F72FE (Espacio en disco insuficiente.)
[2018.04.24-19.54.57:984][749]LogFileManager: Error: Error flushing file: C:/Users/Dell/AppData/Local/Temp/UnrealShaderWorkingDir/EE53A9B047A83375B8C26DA4BB7AD8AA/043794F67401F32897D9637B7706F72FE (Espacio en disco insuficiente.)
[2018.04.24-19.54.57:984][749]LogFileManager: Error: Error flushing file: C:/Users/Dell/AppData/Local/Temp/UnrealShaderWorkingDir/EE53A9B047A83375B8C26DA4BB7AD8AA/043794F67401F32897D9637B7706F72FE (Espacio en disco insuficiente.)
[2018.04.24-19.54.57:984][749]LogFileManager: Error: Error writing to file: C:/Users/Dell/AppData/Local/Temp/UnrealShaderWorkingDir/EE53A9B047A83375B8C26DA4BB7AD8AA/043794F67401F32897D9637B7706F72FE (Espacio en disco insuficiente.)
[2018.04.24-19.54.57:984][749]LogFileManager: Error: Error flushing file: C:/Users/Dell/AppData/Local/Temp/UnrealShaderWorkingDir/EE53A9B047A83375B8C26DA4BB7AD8AA/043794F67401F32897D9637B7706F72FE (Espacio en disco insuficiente.)
[2018.04.24-19.54.57:984][749]LogFileManager: Error: Error writing to file: C:/Users/Dell/AppData/Local/Temp/UnrealShaderWorkingDir/EE53A9B047A83375B8C26DA4BB7AD8AA/043794F67401F32897D9637B7706F72FE (Espacio en disco insuficiente.)
[2018.04.24-19.54.57:984][749]LogFileManager: Error: Error flushing file: C:/Users/Dell/AppData/Local/Temp/UnrealShaderWorkingDir/EE53A9B047A83375B8C26DA4BB7AD8AA/043794F67401F32897D9637B7706F72FE (Espacio en disco insuficiente.)
[2018.04.24-19.54.57:984][749]LogFileManager: Error: Error writing to file: C:/Users/Dell/AppData/Local/Temp/UnrealShaderWorkingDir/EE53A9B047A83375B8C26DA4BB7AD8AA/043794F67401F32897D9637B7706F72FE (Espacio en disco insuficiente.)
[2018.04.24-19.54.57:984][749]LogFileManager: Error: Error flushing file: C:/Users/Dell/AppData/Local/Temp/UnrealShaderWorkingDir/EE53A9B047A83375B8C26DA4BB7AD8AA/043794F67401F32897D9637B7706F72FE (Espacio en disco insuficiente.)
[2018.04.24-19.54.57:984][749]LogFileManager: Error: Error flushing file: C:/Users/Dell/AppData/Local/Temp/UnrealShaderWorkingDir/EE53A9B047A83375B8C26DA4BB7AD8AA/043794F67401F32897D9637B7706F72FE (Espacio en disco insuficiente.)
[2018.04.24-19.54.57:984][749]LogFileManager: Error: Error flushing file: C:/Users/Dell/AppData/Local/Temp/UnrealShaderWorkingDir/EE53A9B047A83375B8C26DA4BB7AD8AA/043794F67401F32897D9637B7706F72FE (Espacio en disco insuficiente.)
[2018.04.24-19.54.57:984][749]LogFileManager: Error: Error flushing file: C:/Users/Dell/AppData/Local/Temp/UnrealShaderWorkingDir/EE53A9B047A83375B8C26DA4BB7AD8AA/043794F67401F32897D9637B7706F72FE (Espacio en disco insuficiente.)
[2018.04.24-19.54.57:984][749]LogFileManager: Error: Error writing to file: C:/Users/Dell/AppData/Local/Temp/UnrealShaderWorkingDir/EE53A9B047A83375B8C26DA4BB7AD8AA/043794F67401F32897D9637B7706F72FE (Espacio en disco insuficiente.)
[2018.04.24-19.54.57:984][749]LogFileManager: Error: Error writing to file: C:/Users/Dell/AppData/Local/Temp/UnrealShaderWorkingDir/EE53A9B047A83375B8C26DA4BB7AD8AA/043794F67401F32897D9637B7706F72FE (Espacio en disco insuficiente.)
[2018.04.24-19.54.57:984][749]LogFileManager: Error: Error flushing file: C:/Users/Dell/AppData/Local/Temp/UnrealShaderWorkingDir/EE53A9B047A83375B8C26DA4BB7AD8AA/043794F67401F32897D9637B7706F72FE (Espacio en disco insuficiente.)
[2018.04.24-19.54.57:984][749]LogFileManager: Error: Error flushing file: C:/Users/Dell/AppData/Local/Temp/UnrealShaderWorkingDir/EE53A9B047A83375B8C26DA4BB7AD8AA/043794F67401F32897D9637B7706F72FE (Espacio en disco insuficiente.)
[2018.04.24-19.54.57:984][749]LogFileManager: Error: Error writing to file: C:/Users/Dell/AppData/Local/Temp/UnrealShaderWorkingDir/EE53A9B047A83375B8C26DA4BB7AD8AA/043794F67401F32897D9637B7706F72FE (Espacio en disco insuficiente.)
[2018.04.24-19.54.57:985][749]LogFileManager: Error: Error flushing file: C:/Users/Dell/AppData/Local/Temp/UnrealShaderWorkingDir/EE53A9B047A83375B8C26DA4BB7AD8AA/043794F67401F32897D9637B7706F72FE (Espacio en disco insuficiente.)
[2018.04.24-19.54.57:985][749]LogFileManager: Error: Error writing to file: C:/Users/Dell/AppData/Local/Temp/UnrealShaderWorkingDir/EE53A9B047A83375B8C26DA4BB7AD8AA/043794F67401F32897D9637B7706F72FE (Espacio en disco insuficiente.)
[2018.04.24-19.54.57:985][749]LogFileManager: Error: Error flushing file: C:/Users/Dell/AppData/Local/Temp/UnrealShaderWorkingDir/EE53A9B047A83375B8C26DA4BB7AD8AA/043794F67401F32897D9637B7706F72FE (Espacio en disco insuficiente.)
[2018.04.24-19.54.57:985][749]LogFileManager: Error: Error writing to file: C:/Users/Dell/AppData/Local/Temp/UnrealShaderWorkingDir/EE53A9B047A83375B8C26DA4BB7AD8AA/043794F67401F32897D9637B7706F72FE (Espacio en disco insuficiente.)
[2018.04.24-19.54.57:985][749]LogFileManager: Error: Error flushing file: C:/Users/Dell/AppData/Local/Temp/UnrealShaderWorkingDir/EE53A9B047A83375B8C26DA4BB7AD8AA/043794F67401F32897D9637B7706F72FE (Espacio en disco insuficiente.)
[2018.04.24-19.54.57:985][749]LogFileManager: Error: Error flushing file: C:/Users/Dell/AppData/Local/Temp/UnrealShaderWorkingDir/EE53A9B047A83375B8C26DA4BB7AD8AA/043794F67401F32897D9637B7706F72FE (Espacio en disco insuficiente.)
[2018.04.24-19.54.57:985][749]LogFileManager: Error: Error flushing file: C:/Users/Dell/AppData/Local/Temp/UnrealShaderWorkingDir/EE53A9B047A83375B8C26DA4BB7AD8AA/043794F67401F32897D9637B7706F72FE (Espacio en disco insuficiente.)
[2018.04.24-19.54.57:985][749]LogFileManager: Error: Error flushing file: C:/Users/Dell/AppData/Local/Temp/UnrealShaderWorkingDir/EE53A9B047A83375B8C26DA4BB7AD8AA/043794F67401F32897D9637B7706F72FE (Espacio en disco insuficiente.)
[2018.04.24-19.54.57:985][749]LogFileManager: Error: Error writing to file: C:/Users/Dell/AppData/Local/Temp/UnrealShaderWorkingDir/EE53A9B047A83375B8C26DA4BB7AD8AA/043794F67401F32897D9637B7706F72FE (Espacio en disco insuficiente.)
[2018.04.24-19.54.57:985][749]LogFileManager: Error: Error writing to file: C:/Users/Dell/AppData/Local/Temp/UnrealShaderWorkingDir/EE53A9B047A83375B8C26DA4BB7AD8AA/043794F67401F32897D9637B7706F72FE (Espacio en disco insuficiente.)
[2018.04.24-19.54.57:985][749]LogFileManager: Error: Error flushing file: C:/Users/Dell/AppData/Local/Temp/UnrealShaderWorkingDir/EE53A9B047A83375B8C26DA4BB7AD8AA/043794F67401F32897D9637B7706F72FE (Espacio en disco insuficiente.)
[2018.04.24-19.54.57:985][749]LogFileManager: Error: Error flushing file: C:/Users/Dell/AppData/Local/Temp/UnrealShaderWorkingDir/EE53A9B047A83375B8C26DA4BB7AD8AA/043794F67401F32897D9637B7706F72FE (Espacio en disco insuficiente.)
[2018.04.24-19.54.57:985][749]LogFileManager: Error: Error writing to file: C:/Users/Dell/AppData/Local/Temp/UnrealShaderWorkingDir/EE53A9B047A83375B8C26DA4BB7AD8AA/043794F67401F32897D9637B7706F72FE (Espacio en disco insuficiente.)
[2018.04.24-19.54.57:985][749]LogFileManager: Error: Error flushing file: C:/Users/Dell/AppData/Local/Temp/UnrealShaderWorkingDir/EE53A9B047A83375B8C26DA4BB7AD8AA/043794F67401F32897D9637B7706F72FE (Espacio en disco insuficiente.)
[2018.04.24-19.54.57:985][749]LogFileManager: Error: Error writing to file: C:/Users/Dell/AppData/Local/Temp/UnrealShaderWorkingDir/EE53A9B047A83375B8C26DA4BB7AD8AA/043794F67401F32897D9637B7706F72FE (Espacio en disco insuficiente.)
[2018.04.24-19.54.57:985][749]LogFileManager: Error: Error flushing file: C:/Users/Dell/AppData/Local/Temp/UnrealShaderWorkingDir/EE53A9B047A83375B8C26DA4BB7AD8AA/043794F67401F32897D9637B7706F72FE (Espacio en disco insuficiente.)
[2018.04.24-19.54.57:985][749]LogFileManager: Error: Error writing to file: C:/Users/Dell/AppData/Local/Temp/UnrealShaderWorkingDir/EE53A9B047A83375B8C26DA4BB7AD8AA/043794F67401F32897D9637B7706F72FE (Espacio en disco insuficiente.)
[2018.04.24-19.54.57:985][749]LogFileManager: Error: Error flushing file: C:/Users/Dell/AppData/Local/Temp/UnrealShaderWorkingDir/EE53A9B047A83375B8C26DA4BB7AD8AA/043794F67401F32897D9637B7706F72FE (Espacio en disco insuficiente.)
[2018.04.24-19.54.57:985][749]LogFileManager: Error: Error flushing file: C:/Users/Dell/AppData/Local/Temp/UnrealShaderWorkingDir/EE53A9B047A83375B8C26DA4BB7AD8AA/043794F67401F32897D9637B7706F72FE (Espacio en disco insuficiente.)
[2018.04.24-19.54.57:985][749]LogFileManager: Error: Error flushing file: C:/Users/Dell/AppData/Local/Temp/UnrealShaderWorkingDir/EE53A9B047A83375B8C26DA4BB7AD8AA/043794F67401F32897D9637B7706F72FE (Espacio en disco insuficiente.)
[2018.04.24-19.54.57:985][749]LogFileManager: Error: Error flushing file: C:/Users/Dell/AppData/Local/Temp/UnrealShaderWorkingDir/EE53A9B047A83375B8C26DA4BB7AD8AA/043794F67401F32897D9637B7706F72FE (Espacio en disco insuficiente.)
[2018.04.24-19.54.57:985][749]LogFileManager: Error: Error writing to file: C:/Users/Dell/AppData/Local/Temp/UnrealShaderWorkingDir/EE53A9B047A83375B8C26DA4BB7AD8AA/043794F67401F32897D9637B7706F72FE (Espacio en disco insuficiente.)
[2018.04.24-19.54.57:985][749]LogFileManager: Error: Error flushing file: C:/Users/Dell/AppData/Local/Temp/UnrealShaderWorkingDir/EE53A9B047A83375B8C26DA4BB7AD8AA/043794F67401F32897D9637B7706F72FE (Espacio en disco insuficiente.)
[2018.04.24-19.54.57:985][749]LogFileManager: Error: Error writing to file: C:/Users/Dell/AppData/Local/Temp/UnrealShaderWorkingDir/EE53A9B047A83375B8C26DA4BB7AD8AA/043794F67401F32897D9637B7706F72FE (Espacio en disco insuficiente.)
[2018.04.24-19.54.57:985][749]LogFileManager: Error: Error flushing file: C:/Users/Dell/AppData/Local/Temp/UnrealShaderWorkingDir/EE53A9B047A83375B8C26DA4BB7AD8AA/043794F67401F32897D9637B7706F72FE (Espacio en disco insuficiente.)
[2018.04.24-19.54.57:985][749]LogFileManager: Error: Error flushing file: C:/Users/Dell/AppData/Local/Temp/UnrealShaderWorkingDir/EE53A9B047A83375B8C26DA4BB7AD8AA/043794F67401F32897D9637B7706F72FE (Espacio en disco insuficiente.)
[2018.04.24-19.54.57:985][749]LogFileManager: Error: Error writing to file: C:/Users/Dell/AppData/Local/Temp/UnrealShaderWorkingDir/EE53A9B047A83375B8C26DA4BB7AD8AA/043794F67401F32897D9637B7706F72FE (Espacio en disco insuficiente.)
[2018.04.24-19.54.57:985][749]LogFileManager: Error: Error flushing file: C:/Users/Dell/AppData/Local/Temp/UnrealShaderWorkingDir/EE53A9B047A83375B8C26DA4BB7AD8AA/043794F67401F32897D9637B7706F72FE (Espacio en disco insuficiente.)
[2018.04.24-19.54.57:985][749]LogFileManager: Error: Error writing to file: C:/Users/Dell/AppData/Local/Temp/UnrealShaderWorkingDir/EE53A9B047A83375B8C26DA4BB7AD8AA/043794F67401F32897D9637B7706F72FE (Espacio en disco insuficiente.)
[2018.04.24-19.54.57:985][749]LogFileManager: Error: Error flushing file: C:/Users/Dell/AppData/Local/Temp/UnrealShaderWorkingDir/EE53A9B047A83375B8C26DA4BB7AD8AA/043794F67401F32897D9637B7706F72FE (Espacio en disco insuficiente.)
[2018.04.24-19.54.57:985][749]LogFileManager: Error: Error writing to file: C:/Users/Dell/AppData/Local/Temp/UnrealShaderWorkingDir/EE53A9B047A83375B8C26DA4BB7AD8AA/043794F67401F32897D9637B7706F72FE (Espacio en disco insuficiente.)
[2018.04.24-19.54.57:985][749]LogFileManager: Error: Error flushing file: C:/Users/Dell/AppData/Local/Temp/UnrealShaderWorkingDir/EE53A9B047A83375B8C26DA4BB7AD8AA/043794F67401F32897D9637B7706F72FE (Espacio en disco insuficiente.)
[2018.04.24-19.54.57:985][749]LogFileManager: Error: Error flushing file: C:/Users/Dell/AppData/Local/Temp/UnrealShaderWorkingDir/EE53A9B047A83375B8C26DA4BB7AD8AA/043794F67401F32897D9637B7706F72FE (Espacio en disco insuficiente.)
[2018.04.24-19.54.57:985][749]LogFileManager: Error: Error flushing file: C:/Users/Dell/AppData/Local/Temp/UnrealShaderWorkingDir/EE53A9B047A83375B8C26DA4BB7AD8AA/043794F67401F32897D9637B7706F72FE (Espacio en disco insuficiente.)
[2018.04.24-19.54.57:985][749]LogFileManager: Error: Error flushing file: C:/Users/Dell/AppData/Local/Temp/UnrealShaderWorkingDir/EE53A9B047A83375B8C26DA4BB7AD8AA/043794F67401F32897D9637B7706F72FE (Espacio en disco insuficiente.)
[2018.04.24-19.54.57:985][749]LogFileManager: Error: Error writing to file: C:/Users/Dell/AppData/Local/Temp/UnrealShaderWorkingDir/EE53A9B047A83375B8C26DA4BB7AD8AA/043794F67401F32897D9637B7706F72FE (Espacio en disco insuficiente.)
[2018.04.24-19.54.57:985][749]LogFileManager: Error: Error flushing file: C:/Users/Dell/AppData/Local/Temp/UnrealShaderWorkingDir/EE53A9B047A83375B8C26DA4BB7AD8AA/043794F67401F32897D9637B7706F72FE (Espacio en disco insuficiente.)
[2018.04.24-19.54.57:985][749]LogFileManager: Error: Error writing to file: C:/Users/Dell/AppData/Local/Temp/UnrealShaderWorkingDir/EE53A9B047A83375B8C26DA4BB7AD8AA/043794F67401F32897D9637B7706F72FE (Espacio en disco insuficiente.)
[2018.04.24-19.54.57:985][749]LogFileManager: Error: Error flushing file: C:/Users/Dell/AppData/Local/Temp/UnrealShaderWorkingDir/EE53A9B047A83375B8C26DA4BB7AD8AA/043794F67401F32897D9637B7706F72FE (Espacio en disco insuficiente.)
[2018.04.24-19.54.57:985][749]LogFileManager: Error: Error flushing file: C:/Users/Dell/AppData/Local/Temp/UnrealShaderWorkingDir/EE53A9B047A83375B8C26DA4BB7AD8AA/043794F67401F32897D9637B7706F72FE (Espacio en disco insuficiente.)
[2018.04.24-19.54.57:985][749]LogFileManager: Error: Error writing to file: C:/Users/Dell/AppData/Local/Temp/UnrealShaderWorkingDir/EE53A9B047A83375B8C26DA4BB7AD8AA/043794F67401F32897D9637B7706F72FE (Espacio en disco insuficiente.)
[2018.04.24-19.54.57:985][749]LogFileManager: Error: Error flushing file: C:/Users/Dell/AppData/Local/Temp/UnrealShaderWorkingDir/EE53A9B047A83375B8C26DA4BB7AD8AA/043794F67401F32897D9637B7706F72FE (Espacio en disco insuficiente.)
[2018.04.24-19.54.57:985][749]LogFileManager: Error: Error writing to file: C:/Users/Dell/AppData/Local/Temp/UnrealShaderWorkingDir/EE53A9B047A83375B8C26DA4BB7AD8AA/043794F67401F32897D9637B7706F72FE (Espacio en disco insuficiente.)
[2018.04.24-19.54.57:985][749]LogFileManager: Error: Error flushing file: C:/Users/Dell/AppData/Local/Temp/UnrealShaderWorkingDir/EE53A9B047A83375B8C26DA4BB7AD8AA/043794F67401F32897D9637B7706F72FE (Espacio en disco insuficiente.)
[2018.04.24-19.54.57:985][749]LogFileManager: Error: Error writing to file: C:/Users/Dell/AppData/Local/Temp/UnrealShaderWorkingDir/EE53A9B047A83375B8C26DA4BB7AD8AA/043794F67401F32897D9637B7706F72FE (Espacio en disco insuficiente.)
[2018.04.24-19.54.57:985][749]LogFileManager: Error: Error flushing file: C:/Users/Dell/AppData/Local/Temp/UnrealShaderWorkingDir/EE53A9B047A83375B8C26DA4BB7AD8AA/043794F67401F32897D9637B7706F72FE (Espacio en disco insuficiente.)
[2018.04.24-19.54.57:985][749]LogFileManager: Error: Error flushing file: C:/Users/Dell/AppData/Local/Temp/UnrealShaderWorkingDir/EE53A9B047A83375B8C26DA4BB7AD8AA/043794F67401F32897D9637B7706F72FE (Espacio en disco insuficiente.)
[2018.04.24-19.54.57:985][749]LogFileManager: Error: Error flushing file: C:/Users/Dell/AppData/Local/Temp/UnrealShaderWorkingDir/EE53A9B047A83375B8C26DA4BB7AD8AA/043794F67401F32897D9637B7706F72FE (Espacio en disco insuficiente.)
[2018.04.24-19.54.57:985][749]LogFileManager: Error: Error flushing file: C:/Users/Dell/AppData/Local/Temp/UnrealShaderWorkingDir/EE53A9B047A83375B8C26DA4BB7AD8AA/043794F67401F32897D9637B7706F72FE (Espacio en disco insuficiente.)
[2018.04.24-19.54.57:985][749]LogFileManager: Error: Error writing to file: C:/Users/Dell/AppData/Local/Temp/UnrealShaderWorkingDir/EE53A9B047A83375B8C26DA4BB7AD8AA/043794F67401F32897D9637B7706F72FE (Espacio en disco insuficiente.)
[2018.04.24-19.54.57:985][749]LogFileManager: Error: Error flushing file: C:/Users/Dell/AppData/Local/Temp/UnrealShaderWorkingDir/EE53A9B047A83375B8C26DA4BB7AD8AA/043794F67401F32897D9637B7706F72FE (Espacio en disco insuficiente.)
[2018.04.24-19.54.57:985][749]LogFileManager: Error: Error writing to file: C:/Users/Dell/AppData/Local/Temp/UnrealShaderWorkingDir/EE53A9B047A83375B8C26DA4BB7AD8AA/043794F67401F32897D9637B7706F72FE (Espacio en disco insuficiente.)
[2018.04.24-19.54.57:985][749]LogFileManager: Error: Error flushing file: C:/Users/Dell/AppData/Local/Temp/UnrealShaderWorkingDir/EE53A9B047A83375B8C26DA4BB7AD8AA/043794F67401F32897D9637B7706F72FE (Espacio en disco insuficiente.)
[2018.04.24-19.54.57:985][749]LogFileManager: Error: Error flushing file: C:/Users/Dell/AppData/Local/Temp/UnrealShaderWorkingDir/EE53A9B047A83375B8C26DA4BB7AD8AA/043794F67401F32897D9637B7706F72FE (Espacio en disco insuficiente.)
[2018.04.24-19.54.57:985][749]LogFileManager: Error: Error writing to file: C:/Users/Dell/AppData/Local/Temp/UnrealShaderWorkingDir/EE53A9B047A83375B8C26DA4BB7AD8AA/043794F67401F32897D9637B7706F72FE (Espacio en disco insuficiente.)
[2018.04.24-19.54.57:985][749]LogFileManager: Error: Error flushing file: C:/Users/Dell/AppData/Local/Temp/UnrealShaderWorkingDir/EE53A9B047A83375B8C26DA4BB7AD8AA/043794F67401F32897D9637B7706F72FE (Espacio en disco insuficiente.)
[2018.04.24-19.54.57:985][749]LogFileManager: Error: Error writing to file: C:/Users/Dell/AppData/Local/Temp/UnrealShaderWorkingDir/EE53A9B047A83375B8C26DA4BB7AD8AA/043794F67401F32897D9637B7706F72FE (Espacio en disco insuficiente.)
[2018.04.24-19.54.57:985][749]LogFileManager: Error: Error flushing file: C:/Users/Dell/AppData/Local/Temp/UnrealShaderWorkingDir/EE53A9B047A83375B8C26DA4BB7AD8AA/043794F67401F32897D9637B7706F72FE (Espacio en disco insuficiente.)
[2018.04.24-19.54.57:985][749]LogFileManager: Error: Error writing to file: C:/Users/Dell/AppData/Local/Temp/UnrealShaderWorkingDir/EE53A9B047A83375B8C26DA4BB7AD8AA/043794F67401F32897D9637B7706F72FE (Espacio en disco insuficiente.)
[2018.04.24-19.54.57:985][749]LogFileManager: Error: Error flushing file: C:/Users/Dell/AppData/Local/Temp/UnrealShaderWorkingDir/EE53A9B047A83375B8C26DA4BB7AD8AA/043794F67401F32897D9637B7706F72FE (Espacio en disco insuficiente.)
[2018.04.24-19.54.57:985][749]LogFileManager: Error: Error flushing file: C:/Users/Dell/AppData/Local/Temp/UnrealShaderWorkingDir/EE53A9B047A83375B8C26DA4BB7AD8AA/043794F67401F32897D9637B7706F72FE (Espacio en disco insuficiente.)
[2018.04.24-19.54.57:985][749]LogFileManager: Error: Error flushing file: C:/Users/Dell/AppData/Local/Temp/UnrealShaderWorkingDir/EE53A9B047A83375B8C26DA4BB7AD8AA/043794F67401F32897D9637B7706F72FE (Espacio en disco insuficiente.)
[2018.04.24-19.54.57:985][749]LogFileManager: Error: Error flushing file: C:/Users/Dell/AppData/Local/Temp/UnrealShaderWorkingDir/EE53A9B047A83375B8C26DA4BB7AD8AA/043794F67401F32897D9637B7706F72FE (Espacio en disco insuficiente.)
[2018.04.24-19.54.57:985][749]LogFileManager: Error: Error writing to file: C:/Users/Dell/AppData/Local/Temp/UnrealShaderWorkingDir/EE53A9B047A83375B8C26DA4BB7AD8AA/043794F67401F32897D9637B7706F72FE (Espacio en disco insuficiente.)
[2018.04.24-19.54.57:985][749]LogFileManager: Error: Error flushing file: C:/Users/Dell/AppData/Local/Temp/UnrealShaderWorkingDir/EE53A9B047A83375B8C26DA4BB7AD8AA/043794F67401F32897D9637B7706F72FE (Espacio en disco insuficiente.)
[2018.04.24-19.54.57:985][749]LogFileManager: Error: Error writing to file: C:/Users/Dell/AppData/Local/Temp/UnrealShaderWorkingDir/EE53A9B047A83375B8C26DA4BB7AD8AA/043794F67401F32897D9637B7706F72FE (Espacio en disco insuficiente.)
[2018.04.24-19.54.57:985][749]LogFileManager: Error: Error flushing file: C:/Users/Dell/AppData/Local/Temp/UnrealShaderWorkingDir/EE53A9B047A83375B8C26DA4BB7AD8AA/043794F67401F32897D9637B7706F72FE (Espacio en disco insuficiente.)
[2018.04.24-19.54.57:985][749]LogFileManager: Error: Error flushing file: C:/Users/Dell/AppData/Local/Temp/UnrealShaderWorkingDir/EE53A9B047A83375B8C26DA4BB7AD8AA/043794F67401F32897D9637B7706F72FE (Espacio en disco insuficiente.)
[2018.04.24-19.54.57:985][749]LogFileManager: Error: Error writing to file: C:/Users/Dell/AppData/Local/Temp/UnrealShaderWorkingDir/EE53A9B047A83375B8C26DA4BB7AD8AA/043794F67401F32897D9637B7706F72FE (Espacio en disco insuficiente.)
[2018.04.24-19.54.57:985][749]LogFileManager: Error: Error flushing file: C:/Users/Dell/AppData/Local/Temp/UnrealShaderWorkingDir/EE53A9B047A83375B8C26DA4BB7AD8AA/043794F67401F32897D9637B7706F72FE (Espacio en disco insuficiente.)
[2018.04.24-19.54.57:985][749]LogFileManager: Error: Error writing to file: C:/Users/Dell/AppData/Local/Temp/UnrealShaderWorkingDir/EE53A9B047A83375B8C26DA4BB7AD8AA/043794F67401F32897D9637B7706F72FE (Espacio en disco insuficiente.)
[2018.04.24-19.54.57:985][749]LogFileManager: Error: Error flushing file: C:/Users/Dell/AppData/Local/Temp/UnrealShaderWorkingDir/EE53A9B047A83375B8C26DA4BB7AD8AA/043794F67401F32897D9637B7706F72FE (Espacio en disco insuficiente.)
[2018.04.24-19.54.57:985][749]LogFileManager: Error: Error writing to file: C:/Users/Dell/AppData/Local/Temp/UnrealShaderWorkingDir/EE53A9B047A83375B8C26DA4BB7AD8AA/043794F67401F32897D9637B7706F72FE (Espacio en disco insuficiente.)
[2018.04.24-19.54.57:985][749]LogFileManager: Error: Error flushing file: C:/Users/Dell/AppData/Local/Temp/UnrealShaderWorkingDir/EE53A9B047A83375B8C26DA4BB7AD8AA/043794F67401F32897D9637B7706F72FE (Espacio en disco insuficiente.)
[2018.04.24-19.54.57:985][749]LogFileManager: Error: Error flushing file: C:/Users/Dell/AppData/Local/Temp/UnrealShaderWorkingDir/EE53A9B047A83375B8C26DA4BB7AD8AA/043794F67401F32897D9637B7706F72FE (Espacio en disco insuficiente.)
[2018.04.24-19.54.57:986][749]LogFileManager: Error: Error flushing file: C:/Users/Dell/AppData/Local/Temp/UnrealShaderWorkingDir/EE53A9B047A83375B8C26DA4BB7AD8AA/043794F67401F32897D9637B7706F72FE (Espacio en disco insuficiente.)
[2018.04.24-19.54.57:986][749]LogFileManager: Error: Error writing to file: C:/Users/Dell/AppData/Local/Temp/UnrealShaderWorkingDir/EE53A9B047A83375B8C26DA4BB7AD8AA/043794F67401F32897D9637B7706F72FE (Espacio en disco insuficiente.)
[2018.04.24-19.54.57:986][749]LogFileManager: Error: Error flushing file: C:/Users/Dell/AppData/Local/Temp/UnrealShaderWorkingDir/EE53A9B047A83375B8C26DA4BB7AD8AA/043794F67401F32897D9637B7706F72FE (Espacio en disco insuficiente.)
[2018.04.24-19.54.57:986][749]LogFileManager: Error: Error writing to file: C:/Users/Dell/AppData/Local/Temp/UnrealShaderWorkingDir/EE53A9B047A83375B8C26DA4BB7AD8AA/043794F67401F32897D9637B7706F72FE (Espacio en disco insuficiente.)
[2018.04.24-19.54.57:986][749]LogFileManager: Error: Error flushing file: C:/Users/Dell/AppData/Local/Temp/UnrealShaderWorkingDir/EE53A9B047A83375B8C26DA4BB7AD8AA/043794F67401F32897D9637B7706F72FE (Espacio en disco insuficiente.)
[2018.04.24-19.54.57:986][749]LogFileManager: Error: Error flushing file: C:/Users/Dell/AppData/Local/Temp/UnrealShaderWorkingDir/EE53A9B047A83375B8C26DA4BB7AD8AA/043794F67401F32897D9637B7706F72FE (Espacio en disco insuficiente.)
[2018.04.24-19.54.57:986][749]LogFileManager: Error: Error writing to file: C:/Users/Dell/AppData/Local/Temp/UnrealShaderWorkingDir/EE53A9B047A83375B8C26DA4BB7AD8AA/043794F67401F32897D9637B7706F72FE (Espacio en disco insuficiente.)
[2018.04.24-19.54.57:986][749]LogFileManager: Error: Error flushing file: C:/Users/Dell/AppData/Local/Temp/UnrealShaderWorkingDir/EE53A9B047A83375B8C26DA4BB7AD8AA/043794F67401F32897D9637B7706F72FE (Espacio en disco insuficiente.)
[2018.04.24-19.54.57:986][749]LogFileManager: Error: Error writing to file: C:/Users/Dell/AppData/Local/Temp/UnrealShaderWorkingDir/EE53A9B047A83375B8C26DA4BB7AD8AA/043794F67401F32897D9637B7706F72FE (Espacio en disco insuficiente.)
[2018.04.24-19.54.57:986][749]LogFileManager: Error: Error flushing file: C:/Users/Dell/AppData/Local/Temp/UnrealShaderWorkingDir/EE53A9B047A83375B8C26DA4BB7AD8AA/043794F67401F32897D9637B7706F72FE (Espacio en disco insuficiente.)
[2018.04.24-19.54.57:986][749]LogFileManager: Error: Error writing to file: C:/Users/Dell/AppData/Local/Temp/UnrealShaderWorkingDir/EE53A9B047A83375B8C26DA4BB7AD8AA/043794F67401F32897D9637B7706F72FE (Espacio en disco insuficiente.)
[2018.04.24-19.54.57:986][749]LogFileManager: Error: Error flushing file: C:/Users/Dell/AppData/Local/Temp/UnrealShaderWorkingDir/EE53A9B047A83375B8C26DA4BB7AD8AA/043794F67401F32897D9637B7706F72FE (Espacio en disco insuficiente.)
[2018.04.24-19.54.57:986][749]LogFileManager: Error: Error flushing file: C:/Users/Dell/AppData/Local/Temp/UnrealShaderWorkingDir/EE53A9B047A83375B8C26DA4BB7AD8AA/043794F67401F32897D9637B7706F72FE (Espacio en disco insuficiente.)
[2018.04.24-19.54.57:986][749]LogFileManager: Error: Error flushing file: C:/Users/Dell/AppData/Local/Temp/UnrealShaderWorkingDir/EE53A9B047A83375B8C26DA4BB7AD8AA/043794F67401F32897D9637B7706F72FE (Espacio en disco insuficiente.)
[2018.04.24-19.54.57:986][749]LogFileManager: Error: Error writing to file: C:/Users/Dell/AppData/Local/Temp/UnrealShaderWorkingDir/EE53A9B047A83375B8C26DA4BB7AD8AA/043794F67401F32897D9637B7706F72FE (Espacio en disco insuficiente.)
[2018.04.24-19.54.57:986][749]LogFileManager: Error: Error flushing file: C:/Users/Dell/AppData/Local/Temp/UnrealShaderWorkingDir/EE53A9B047A83375B8C26DA4BB7AD8AA/043794F67401F32897D9637B7706F72FE (Espacio en disco insuficiente.)
[2018.04.24-19.54.57:986][749]LogFileManager: Error: Error writing to file: C:/Users/Dell/AppData/Local/Temp/UnrealShaderWorkingDir/EE53A9B047A83375B8C26DA4BB7AD8AA/043794F67401F32897D9637B7706F72FE (Espacio en disco insuficiente.)
[2018.04.24-19.54.57:986][749]LogFileManager: Error: Error flushing file: C:/Users/Dell/AppData/Local/Temp/UnrealShaderWorkingDir/EE53A9B047A83375B8C26DA4BB7AD8AA/043794F67401F32897D9637B7706F72FE (Espacio en disco insuficiente.)
[2018.04.24-19.54.57:986][749]LogFileManager: Error: Error flushing file: C:/Users/Dell/AppData/Local/Temp/UnrealShaderWorkingDir/EE53A9B047A83375B8C26DA4BB7AD8AA/043794F67401F32897D9637B7706F72FE (Espacio en disco insuficiente.)
[2018.04.24-19.54.57:986][749]LogFileManager: Error: Error writing to file: C:/Users/Dell/AppData/Local/Temp/UnrealShaderWorkingDir/EE53A9B047A83375B8C26DA4BB7AD8AA/043794F67401F32897D9637B7706F72FE (Espacio en disco insuficiente.)
[2018.04.24-19.54.57:986][749]LogFileManager: Error: Error flushing file: C:/Users/Dell/AppData/Local/Temp/UnrealShaderWorkingDir/EE53A9B047A83375B8C26DA4BB7AD8AA/043794F67401F32897D9637B7706F72FE (Espacio en disco insuficiente.)
[2018.04.24-19.54.57:986][749]LogWindows: Windows GetLastError: La operación se completó correctamente. (0)
[2018.04.24-19.54.59:325][751]LogWindows: Windows GetLastError: La operación se completó correctamente. (0)
[2018.04.24-19.54.59:331][751]LogWindows: Error: === Critical error: ===
[2018.04.24-19.54.59:331][751]LogWindows: Error: 
[2018.04.24-19.54.59:331][751]LogWindows: Error: Fatal error: [File:D:\Build\++UE4+Release-4.18+Compile\Sync\Engine\Source\Runtime\Engine\Private\ShaderCompiler\ShaderCompiler.cpp] [Line: 884] 
[2018.04.24-19.54.59:331][751]LogWindows: Error: Shader Compiling thread exception:
[2018.04.24-19.54.59:331][751]LogWindows: Error: Fatal error: [File:D:\Build\++UE4+Release-4.18+Compile\Sync\Engine\Source\Runtime\Engine\Private\ShaderCompiler\ShaderCompiler.cpp] [Line: 1047] 
[2018.04.24-19.54.59:331][751]LogWindows: Error: Could not write the shader compiler transfer filename to 'C:/Users/Dell/AppData/Local/Temp/UnrealShaderWorkingDir/EE53A9B047A83375B8C26DA4BB7AD8AA/043794F67401F32897D9637B7706F72FE' (Free Disk Space: 0.
[2018.04.24-19.54.59:331][751]LogWindows: Error: 
[2018.04.24-19.54.59:331][751]LogWindows: Error: 
[2018.04.24-19.54.59:331][751]LogWindows: Error: [Callstack] 0x0000000055BC4008 KERNELBASE.dll!UnknownFunction []
[2018.04.24-19.54.59:331][751]LogWindows: Error: [Callstack] 0x000000003CF376D4 UE4Editor-ApplicationCore.dll!UnknownFunction []
[2018.04.24-19.54.59:331][751]LogWindows: Error: [Callstack] 0x000000002A05330B UE4Editor-Core.dll!UnknownFunction []
[2018.04.24-19.54.59:331][751]LogWindows: Error: [Callstack] 0x0000000029FE47F9 UE4Editor-Core.dll!UnknownFunction []
[2018.04.24-19.54.59:331][751]LogWindows: Error: [Callstack] 0x0000000013854903 UE4Editor-Engine.dll!UnknownFunction []
[2018.04.24-19.54.59:331][751]LogWindows: Error: [Callstack] 0x00000000137DBDF7 UE4Editor-Engine.dll!UnknownFunction []
[2018.04.24-19.54.59:331][751]LogWindows: Error: [Callstack] 0x0000000013844DC8 UE4Editor-Engine.dll!UnknownFunction []
[2018.04.24-19.54.59:331][751]LogWindows: Error: [Callstack] 0x000000002A25092C UE4Editor-Core.dll!UnknownFunction []
[2018.04.24-19.54.59:331][751]LogWindows: Error: [Callstack] 0x000000002A242563 UE4Editor-Core.dll!UnknownFunction []
[2018.04.24-19.54.59:331][751]LogWindows: Error: [Callstack] 0x0000000057801FE4 KERNEL32.DLL!UnknownFunction []
[2018.04.24-19.54.59:331][751]LogWindows: Error: [Callstack] 0x0000000058E7F061 ntdll.dll!UnknownFunction []
[2018.04.24-19.54.59:331][751]LogWindows: Error: [Callstack] 0x0000000058E7F061 ntdll.dll!UnknownFunction []
[2018.04.24-19.54.59:331][751]LogWindows: Error: 
[2018.04.24-19.54.59:331][751]LogWindows: Error: 
[2018.04.24-19.54.59:331][751]LogWindows: Error: 
[2018.04.24-19.54.59:331][751]LogWindows: Error: 
[2018.04.24-19.54.59:338][751]LogExit: Executing StaticShutdownAfterError
[2018.04.24-19.54.59:345][751]LogWindows: FPlatformMisc::RequestExit(1)
[2018.04.24-19.54.59:345][751]Log file closed, 04/24/18 14:54:59
