Log file open, 05/22/18 15:24:00
LogWindows: Failed to load 'aqProf.dll' (GetLastError=126)
LogWindows: File 'aqProf.dll' does not exist
LogWindows: Failed to load 'VSPerf140.dll' (GetLastError=126)
LogWindows: File 'VSPerf140.dll' does not exist
LogWindows: Failed to load 'VtuneApi.dll' (GetLastError=126)
LogWindows: File 'VtuneApi.dll' does not exist
LogWindows: Failed to load 'VtuneApi32e.dll' (GetLastError=126)
LogWindows: File 'VtuneApi32e.dll' does not exist
LogInit: Display: Running engine for game: Pacto_de_Honor
LogPlatformFile: Not using cached read wrapper
LogInit: Display: RandInit(-1806061267) SRandInit(-1806061266).
LogInit: Read version file with build ID '3709383'
LogInit: Overriding engine version to CL 3832480, compatible CL 3709383
LogInit: Registered custom module enumerator with build ID '3709383'
LogTaskGraph: Started task graph with 5 named threads and 14 total threads with 3 sets of task threads.
LogStats: Stats thread started at 0.226342
LogD3D11RHI: Aftermath initialized
LogPluginManager: Mounting plugin Paper2D
LogPluginManager: Mounting plugin LightPropagationVolume
LogPluginManager: Mounting plugin CodeLiteSourceCodeAccess
LogPluginManager: Mounting plugin GitSourceControl
LogPluginManager: Mounting plugin KDevelopSourceCodeAccess
LogPluginManager: Mounting plugin NullSourceCodeAccess
LogPluginManager: Mounting plugin PerforceSourceControl
LogPluginManager: Mounting plugin SubversionSourceControl
LogPluginManager: Mounting plugin UObjectPlugin
LogPluginManager: Mounting plugin VisualStudioCodeSourceCodeAccess
LogPluginManager: Mounting plugin VisualStudioSourceCodeAccess
LogPluginManager: Mounting plugin XCodeSourceCodeAccess
LogPluginManager: Mounting plugin AssetManagerEditor
LogPluginManager: Mounting plugin AudioCapture
LogPluginManager: Mounting plugin FacialAnimation
LogPluginManager: Mounting plugin GameplayTagsEditor
LogPluginManager: Mounting plugin MobileLauncherProfileWizard
LogPluginManager: Mounting plugin PluginBrowser
LogPluginManager: Mounting plugin SpeedTreeImporter
LogPluginManager: Mounting plugin AlembicImporter
LogPluginManager: Mounting plugin CharacterAI
LogPluginManager: Mounting plugin HTML5Networking
LogPluginManager: Mounting plugin MySQL
LogPluginManager: Mounting plugin VaRestPlugin
LogPluginManager: Mounting plugin AndroidMedia
LogPluginManager: Mounting plugin AvfMedia
LogPluginManager: Mounting plugin ImgMedia
LogPluginManager: Mounting plugin MediaCompositing
LogPluginManager: Mounting plugin MediaPlayerEditor
LogPluginManager: Mounting plugin WmfMedia
LogPluginManager: Mounting plugin TcpMessaging
LogPluginManager: Mounting plugin UdpMessaging
LogPluginManager: Mounting plugin ActorSequence
LogPluginManager: Mounting plugin LevelSequenceEditor
LogPluginManager: Mounting plugin MatineeToLevelSequence
LogPluginManager: Mounting plugin OnlineSubsystemGooglePlay
LogPluginManager: Mounting plugin OnlineSubsystemIOS
LogPluginManager: Mounting plugin OnlineSubsystem
LogPluginManager: Mounting plugin OnlineSubsystemNull
LogPluginManager: Mounting plugin OnlineSubsystemUtils
LogPluginManager: Mounting plugin AndroidDeviceProfileSelector
LogPluginManager: Mounting plugin AndroidMoviePlayer
LogPluginManager: Mounting plugin AndroidPermission
LogPluginManager: Mounting plugin AppleARKit
LogPluginManager: Mounting plugin AppleMoviePlayer
LogPluginManager: Mounting plugin ArchVisCharacter
LogPluginManager: Mounting plugin CableComponent
LogPluginManager: Mounting plugin CustomMeshComponent
LogPluginManager: Mounting plugin ExampleDeviceProfileSelector
LogPluginManager: Mounting plugin GoogleCloudMessaging
LogPluginManager: Mounting plugin ImmediatePhysics
LogPluginManager: Mounting plugin IOSDeviceProfileSelector
LogPluginManager: Mounting plugin LinuxDeviceProfileSelector
LogPluginManager: Mounting plugin LocationServicesBPLibrary
LogPluginManager: Mounting plugin MobilePatchingUtils
LogPluginManager: Mounting plugin OculusVR
LogPluginManager: Plugin shader directory ../../../Engine/Plugins/Runtime/Oculus/OculusVR/Shaders found
LogPluginManager: Mapping shader source directory ../../../Engine/Plugins/Runtime/Oculus/OculusVR/Shaders to virtual directory /Plugin/OculusVR
LogPluginManager: Mounting plugin PhysXVehicles
LogPluginManager: Mounting plugin ProceduralMeshComponent
LogPluginManager: Mounting plugin RuntimePhysXCooking
LogPluginManager: Mounting plugin SteamVR
LogPluginManager: Mounting plugin WindowsMoviePlayer
LogModuleManager: Display: Found up-to-date module file ../../../../../../Users/Usuario/Desktop/Ingesoft II/Pacto_de_HonoRPG/Codigo/Binaries/Win64/UE4Editor-Pacto_de_Honor.dll (API version 3709383).
LogModuleManager: Display: Found up-to-date module file ../../../Engine/Plugins/2D/Paper2D/Binaries/Win64/UE4Editor-Paper2D.dll (API version 3709383).
LogModuleManager: Display: Found up-to-date module file ../../../Engine/Plugins/2D/Paper2D/Binaries/Win64/UE4Editor-Paper2DEditor.dll (API version 3709383).
LogModuleManager: Display: Found up-to-date module file ../../../Engine/Plugins/2D/Paper2D/Binaries/Win64/UE4Editor-PaperSpriteSheetImporter.dll (API version 3709383).
LogModuleManager: Display: Found up-to-date module file ../../../Engine/Plugins/2D/Paper2D/Binaries/Win64/UE4Editor-PaperTiledImporter.dll (API version 3709383).
LogModuleManager: Display: Found up-to-date module file ../../../Engine/Plugins/2D/Paper2D/Binaries/Win64/UE4Editor-SmartSnapping.dll (API version 3709383).
LogModuleManager: Display: Found up-to-date module file ../../../Engine/Plugins/Blendables/LightPropagationVolume/Binaries/Win64/UE4Editor-LightPropagationVolumeRuntime.dll (API version 3709383).
LogModuleManager: Display: Found up-to-date module file ../../../Engine/Plugins/Blendables/LightPropagationVolume/Binaries/Win64/UE4Editor-LightPropagationVolumeEditor.dll (API version 3709383).
LogModuleManager: Display: Found up-to-date module file ../../../Engine/Plugins/Developer/GitSourceControl/Binaries/Win64/UE4Editor-GitSourceControl.dll (API version 3709383).
LogModuleManager: Display: Found up-to-date module file ../../../Engine/Plugins/Developer/PerforceSourceControl/Binaries/Win64/UE4Editor-PerforceSourceControl.dll (API version 3709383).
LogModuleManager: Display: Found up-to-date module file ../../../Engine/Plugins/Developer/SubversionSourceControl/Binaries/Win64/UE4Editor-SubversionSourceControl.dll (API version 3709383).
LogModuleManager: Display: Found up-to-date module file ../../../Engine/Plugins/Developer/UObjectPlugin/Binaries/Win64/UE4Editor-UObjectPlugin.dll (API version 3709383).
LogModuleManager: Display: Found up-to-date module file ../../../Engine/Plugins/Developer/VisualStudioCodeSourceCodeAccess/Binaries/Win64/UE4Editor-VisualStudioCodeSourceCodeAccess.dll (API version 3709383).
LogModuleManager: Display: Found up-to-date module file ../../../Engine/Plugins/Developer/VisualStudioSourceCodeAccess/Binaries/Win64/UE4Editor-VisualStudioSourceCodeAccess.dll (API version 3709383).
LogModuleManager: Display: Found up-to-date module file ../../../Engine/Plugins/Editor/AssetManagerEditor/Binaries/Win64/UE4Editor-AssetManagerEditor.dll (API version 3709383).
LogModuleManager: Display: Found up-to-date module file ../../../Engine/Plugins/Editor/AudioCapture/Binaries/Win64/UE4Editor-AudioCapture.dll (API version 3709383).
LogModuleManager: Display: Found up-to-date module file ../../../Engine/Plugins/Editor/FacialAnimation/Binaries/Win64/UE4Editor-FacialAnimation.dll (API version 3709383).
LogModuleManager: Display: Found up-to-date module file ../../../Engine/Plugins/Editor/FacialAnimation/Binaries/Win64/UE4Editor-FacialAnimationEditor.dll (API version 3709383).
LogModuleManager: Display: Found up-to-date module file ../../../Engine/Plugins/Editor/GameplayTagsEditor/Binaries/Win64/UE4Editor-GameplayTagsEditor.dll (API version 3709383).
LogModuleManager: Display: Found up-to-date module file ../../../Engine/Plugins/Editor/MobileLauncherProfileWizard/Binaries/Win64/UE4Editor-MobileLauncherProfileWizard.dll (API version 3709383).
LogModuleManager: Display: Found up-to-date module file ../../../Engine/Plugins/Editor/PluginBrowser/Binaries/Win64/UE4Editor-PluginBrowser.dll (API version 3709383).
LogModuleManager: Display: Found up-to-date module file ../../../Engine/Plugins/Editor/SpeedTreeImporter/Binaries/Win64/UE4Editor-SpeedTreeImporter.dll (API version 3709383).
LogModuleManager: Display: Found up-to-date module file ../../../Engine/Plugins/Experimental/AlembicImporter/Binaries/Win64/UE4Editor-AlembicImporter.dll (API version 3709383).
LogModuleManager: Display: Found up-to-date module file ../../../Engine/Plugins/Experimental/AlembicImporter/Binaries/Win64/UE4Editor-AlembicLibrary.dll (API version 3709383).
LogModuleManager: Display: Found up-to-date module file ../../../Engine/Plugins/Experimental/CharacterAI/Binaries/Win64/UE4Editor-CharacterAI.dll (API version 3709383).
LogModuleManager: Display: Found up-to-date module file ../../../Engine/Plugins/Experimental/HTML5Networking/Binaries/Win64/UE4Editor-HTML5Networking.dll (API version 3709383).
LogModuleManager: Display: Found up-to-date module file ../../../Engine/Plugins/Marketplace/MySQL/Binaries/Win64/UE4Editor-MySQL.dll (API version 3709383).
LogModuleManager: Display: Found up-to-date module file ../../../Engine/Plugins/Marketplace/VaRestPlugin/Binaries/Win64/UE4Editor-VaRestPlugin.dll (API version 3709383).
LogModuleManager: Display: Found up-to-date module file ../../../Engine/Plugins/Marketplace/VaRestPlugin/Binaries/Win64/UE4Editor-VaRestEditorPlugin.dll (API version 3709383).
LogModuleManager: Display: Found up-to-date module file ../../../Engine/Plugins/Media/AndroidMedia/Binaries/Win64/UE4Editor-AndroidMediaEditor.dll (API version 3709383).
LogModuleManager: Display: Found up-to-date module file ../../../Engine/Plugins/Media/AndroidMedia/Binaries/Win64/UE4Editor-AndroidMediaFactory.dll (API version 3709383).
LogModuleManager: Display: Found up-to-date module file ../../../Engine/Plugins/Media/AvfMedia/Binaries/Win64/UE4Editor-AvfMediaEditor.dll (API version 3709383).
LogModuleManager: Display: Found up-to-date module file ../../../Engine/Plugins/Media/AvfMedia/Binaries/Win64/UE4Editor-AvfMediaFactory.dll (API version 3709383).
LogModuleManager: Display: Found up-to-date module file ../../../Engine/Plugins/Media/AvfMedia/Binaries/Win64/UE4Editor-AvfMediaFactory.dll (API version 3709383).
LogModuleManager: Display: Found up-to-date module file ../../../Engine/Plugins/Media/ImgMedia/Binaries/Win64/UE4Editor-ImgMedia.dll (API version 3709383).
LogModuleManager: Display: Found up-to-date module file ../../../Engine/Plugins/Media/ImgMedia/Binaries/Win64/UE4Editor-ImgMediaEditor.dll (API version 3709383).
LogModuleManager: Display: Found up-to-date module file ../../../Engine/Plugins/Media/ImgMedia/Binaries/Win64/UE4Editor-ImgMediaFactory.dll (API version 3709383).
LogModuleManager: Display: Found up-to-date module file ../../../Engine/Plugins/Media/ImgMedia/Binaries/Win64/UE4Editor-ImgMediaFactory.dll (API version 3709383).
LogModuleManager: Display: Found up-to-date module file ../../../Engine/Plugins/Media/ImgMedia/Binaries/Win64/UE4Editor-OpenExrWrapper.dll (API version 3709383).
LogModuleManager: Display: Found up-to-date module file ../../../Engine/Plugins/Media/MediaCompositing/Binaries/Win64/UE4Editor-MediaCompositing.dll (API version 3709383).
LogModuleManager: Display: Found up-to-date module file ../../../Engine/Plugins/Media/MediaCompositing/Binaries/Win64/UE4Editor-MediaCompositingEditor.dll (API version 3709383).
LogModuleManager: Display: Found up-to-date module file ../../../Engine/Plugins/Media/MediaPlayerEditor/Binaries/Win64/UE4Editor-MediaPlayerEditor.dll (API version 3709383).
LogModuleManager: Display: Found up-to-date module file ../../../Engine/Plugins/Media/WmfMedia/Binaries/Win64/UE4Editor-WmfMedia.dll (API version 3709383).
LogModuleManager: Display: Found up-to-date module file ../../../Engine/Plugins/Media/WmfMedia/Binaries/Win64/UE4Editor-WmfMediaEditor.dll (API version 3709383).
LogModuleManager: Display: Found up-to-date module file ../../../Engine/Plugins/Media/WmfMedia/Binaries/Win64/UE4Editor-WmfMediaFactory.dll (API version 3709383).
LogModuleManager: Display: Found up-to-date module file ../../../Engine/Plugins/Media/WmfMedia/Binaries/Win64/UE4Editor-WmfMediaFactory.dll (API version 3709383).
LogModuleManager: Display: Found up-to-date module file ../../../Engine/Plugins/Messaging/TcpMessaging/Binaries/Win64/UE4Editor-TcpMessaging.dll (API version 3709383).
LogModuleManager: Display: Found up-to-date module file ../../../Engine/Plugins/Messaging/UdpMessaging/Binaries/Win64/UE4Editor-UdpMessaging.dll (API version 3709383).
LogModuleManager: Display: Found up-to-date module file ../../../Engine/Plugins/MovieScene/ActorSequence/Binaries/Win64/UE4Editor-ActorSequence.dll (API version 3709383).
LogModuleManager: Display: Found up-to-date module file ../../../Engine/Plugins/MovieScene/LevelSequenceEditor/Binaries/Win64/UE4Editor-LevelSequenceEditor.dll (API version 3709383).
LogModuleManager: Display: Found up-to-date module file ../../../Engine/Plugins/MovieScene/MatineeToLevelSequence/Binaries/Win64/UE4Editor-MatineeToLevelSequence.dll (API version 3709383).
LogModuleManager: Display: Found up-to-date module file ../../../Engine/Plugins/Online/OnlineSubsystem/Binaries/Win64/UE4Editor-OnlineSubsystem.dll (API version 3709383).
LogModuleManager: Display: Found up-to-date module file ../../../Engine/Plugins/Online/OnlineSubsystemNull/Binaries/Win64/UE4Editor-OnlineSubsystemNull.dll (API version 3709383).
LogModuleManager: Display: Found up-to-date module file ../../../Engine/Plugins/Online/OnlineSubsystemUtils/Binaries/Win64/UE4Editor-OnlineSubsystemUtils.dll (API version 3709383).
LogModuleManager: Display: Found up-to-date module file ../../../Engine/Plugins/Online/OnlineSubsystemUtils/Binaries/Win64/UE4Editor-OnlineBlueprintSupport.dll (API version 3709383).
LogModuleManager: Display: Found up-to-date module file ../../../Engine/Plugins/Runtime/AndroidDeviceProfileSelector/Binaries/Win64/UE4Editor-AndroidDeviceProfileSelector.dll (API version 3709383).
LogModuleManager: Display: Found up-to-date module file ../../../Engine/Plugins/Runtime/AndroidPermission/Binaries/Win64/UE4Editor-AndroidPermission.dll (API version 3709383).
LogModuleManager: Display: Found up-to-date module file ../../../Engine/Plugins/Runtime/AppleARKit/Binaries/Win64/UE4Editor-AppleARKit.dll (API version 3709383).
LogModuleManager: Display: Found up-to-date module file ../../../Engine/Plugins/Runtime/ArchVisCharacter/Binaries/Win64/UE4Editor-ArchVisCharacter.dll (API version 3709383).
LogModuleManager: Display: Found up-to-date module file ../../../Engine/Plugins/Runtime/CableComponent/Binaries/Win64/UE4Editor-CableComponent.dll (API version 3709383).
LogModuleManager: Display: Found up-to-date module file ../../../Engine/Plugins/Runtime/CustomMeshComponent/Binaries/Win64/UE4Editor-CustomMeshComponent.dll (API version 3709383).
LogModuleManager: Display: Found up-to-date module file ../../../Engine/Plugins/Runtime/ExampleDeviceProfileSelector/Binaries/Win64/UE4Editor-ExampleDeviceProfileSelector.dll (API version 3709383).
LogModuleManager: Display: Found up-to-date module file ../../../Engine/Plugins/Runtime/ImmediatePhysics/Binaries/Win64/UE4Editor-ImmediatePhysics.dll (API version 3709383).
LogModuleManager: Display: Found up-to-date module file ../../../Engine/Plugins/Runtime/ImmediatePhysics/Binaries/Win64/UE4Editor-ImmediatePhysicsEditor.dll (API version 3709383).
LogModuleManager: Display: Found up-to-date module file ../../../Engine/Plugins/Runtime/LocationServicesBPLibrary/Binaries/Win64/UE4Editor-LocationServicesBPLibrary.dll (API version 3709383).
LogModuleManager: Display: Found up-to-date module file ../../../Engine/Plugins/Runtime/MobilePatchingUtils/Binaries/Win64/UE4Editor-MobilePatchingUtils.dll (API version 3709383).
LogModuleManager: Display: Found up-to-date module file ../../../Engine/Plugins/Runtime/Oculus/OculusVR/Binaries/Win64/UE4Editor-OculusHMD.dll (API version 3709383).
LogModuleManager: Display: Found up-to-date module file ../../../Engine/Plugins/Runtime/Oculus/OculusVR/Binaries/Win64/UE4Editor-OculusInput.dll (API version 3709383).
LogModuleManager: Display: Found up-to-date module file ../../../Engine/Plugins/Runtime/Oculus/OculusVR/Binaries/Win64/UE4Editor-OculusEditor.dll (API version 3709383).
LogModuleManager: Display: Found up-to-date module file ../../../Engine/Plugins/Runtime/PhysXVehicles/Binaries/Win64/UE4Editor-PhysXVehicles.dll (API version 3709383).
LogModuleManager: Display: Found up-to-date module file ../../../Engine/Plugins/Runtime/PhysXVehicles/Binaries/Win64/UE4Editor-PhysXVehiclesEditor.dll (API version 3709383).
LogModuleManager: Display: Found up-to-date module file ../../../Engine/Plugins/Runtime/ProceduralMeshComponent/Binaries/Win64/UE4Editor-ProceduralMeshComponent.dll (API version 3709383).
LogModuleManager: Display: Found up-to-date module file ../../../Engine/Plugins/Runtime/ProceduralMeshComponent/Binaries/Win64/UE4Editor-ProceduralMeshComponentEditor.dll (API version 3709383).
LogModuleManager: Display: Found up-to-date module file ../../../Engine/Plugins/Runtime/RuntimePhysXCooking/Binaries/Win64/UE4Editor-RuntimePhysXCooking.dll (API version 3709383).
LogModuleManager: Display: Found up-to-date module file ../../../Engine/Plugins/Runtime/Steam/SteamVR/Binaries/Win64/UE4Editor-SteamVR.dll (API version 3709383).
LogModuleManager: Display: Found up-to-date module file ../../../Engine/Plugins/Runtime/Steam/SteamVR/Binaries/Win64/UE4Editor-SteamVRController.dll (API version 3709383).
LogModuleManager: Display: Found up-to-date module file ../../../Engine/Plugins/Runtime/WindowsMoviePlayer/Binaries/Win64/UE4Editor-WindowsMoviePlayer.dll (API version 3709383).
LogInit: Using libcurl 7.47.1
LogInit:  - built for x86_64-pc-win32
LogInit:  - supports SSL with OpenSSL/1.0.2g
LogInit:  - supports HTTP deflate (compression) using libz 1.2.8
LogInit:  - other features:
LogInit:      CURL_VERSION_SSL
LogInit:      CURL_VERSION_LIBZ
LogInit:      CURL_VERSION_IPV6
LogInit:      CURL_VERSION_ASYNCHDNS
LogInit:      CURL_VERSION_LARGEFILE
LogInit:      CURL_VERSION_IDN
LogInit:  CurlRequestOptions (configurable via config and command line):
LogInit:  - bVerifyPeer = false  - Libcurl will NOT verify peer certificate
LogInit:  - bUseHttpProxy = false  - Libcurl will NOT use HTTP proxy
LogInit:  - bDontReuseConnections = false  - Libcurl will reuse connections
LogInit:  - CertBundlePath = nullptr  - Libcurl will use whatever was configured at build time.
LogInit: Build: ++UE4+Release-4.18-CL-3832480
LogInit: Engine Version: 4.18.3-3832480+++UE4+Release-4.18
LogInit: Compatible Engine Version: 4.18.0-3709383+++UE4+Release-4.18
LogInit: Net CL: 3709383
LogDevObjectVersion: Number of dev versions registered: 16
LogDevObjectVersion:   Dev-Blueprints (B0D832E4-1F89-4F0D-ACCF-7EB736FD4AA2): 10
LogDevObjectVersion:   Dev-Build (E1C64328-A22C-4D53-A36C-8E866417BD8C): 0
LogDevObjectVersion:   Dev-Core (375EC13C-06E4-48FB-B500-84F0262A717E): 2
LogDevObjectVersion:   Dev-Editor (E4B068ED-F494-42E9-A231-DA0B2E46BB41): 20
LogDevObjectVersion:   Dev-Framework (CFFC743F-43B0-4480-9391-14DF171D2073): 30
LogDevObjectVersion:   Dev-Mobile (B02B49B5-BB20-44E9-A304-32B752E40360): 0
LogDevObjectVersion:   Dev-Networking (A4E4105C-59A1-49B5-A7C5-40C4547EDFEE): 0
LogDevObjectVersion:   Dev-Online (39C831C9-5AE6-47DC-9A44-9C173E1C8E7C): 0
LogDevObjectVersion:   Dev-Physics (78F01B33-EBEA-4F98-B9B4-84EACCB95AA2): 0
LogDevObjectVersion:   Dev-Platform (6631380F-2D4D-43E0-8009-CF276956A95A): 0
LogDevObjectVersion:   Dev-Rendering (12F88B9F-8875-4AFC-A67C-D90C383ABD29): 20
LogDevObjectVersion:   Dev-Sequencer (7B5AE74C-D270-4C10-A958-57980B212A5A): 4
LogDevObjectVersion:   Dev-VR (D7296918-1DD6-4BDD-9DE2-64A83CC13884): 0
LogDevObjectVersion:   Dev-LoadTimes (C2A15278-BFE7-4AFE-6C17-90FF531DF755): 1
LogDevObjectVersion:   Private-Geometry (6EACA3D4-40EC-4CC1-B786-8BED09428FC5): 1
LogDevObjectVersion:   Dev-AnimPhys (29E575DD-E0A3-4627-9D10-D276232CDCEA): 12
LogInit: Compiled (64-bit): Jan 12 2018 02:04:55
LogInit: Compiled with Visual C++: 19.00.24215.01
LogInit: Build Configuration: Development
LogInit: Branch Name: ++UE4+Release-4.18
LogInit: Command line:  
LogInit: Base directory: C:/Program Files/Epic Games/UE_4.18/Engine/Binaries/Win64/
LogInit: Installed Engine Build: 1
LogInit: Presizing for max 8388607 objects, including 0 objects not considered by GC, pre-allocating 0 bytes for permanent pool.
LogInit: Object subsystem initialized
[2018.05.22-20.24.04:044][  0]LogInit: Selected Device Profile: [Windows]
[2018.05.22-20.24.04:044][  0]LogInit: Applying CVar settings loaded from the selected device profile: [Windows]
[2018.05.22-20.24.04:079][  0]LogInit: Computer: DESKTOP-U1T47K7
[2018.05.22-20.24.04:079][  0]LogInit: User: Usuario
[2018.05.22-20.24.04:079][  0]LogInit: CPU Page size=4096, Cores=4
[2018.05.22-20.24.04:079][  0]LogInit: High frequency timer resolution =2.338345 MHz
[2018.05.22-20.24.04:079][  0]LogMemory: Memory total: Physical=15.7GB (16GB approx)
[2018.05.22-20.24.04:079][  0]LogMemory: Platform Memory Stats for Windows
[2018.05.22-20.24.04:079][  0]LogMemory: Process Physical Memory: 273.16 MB used, 273.16 MB peak
[2018.05.22-20.24.04:079][  0]LogMemory: Process Virtual Memory: 269.91 MB used, 269.91 MB peak
[2018.05.22-20.24.04:079][  0]LogMemory: Physical Memory: 5693.04 MB used,  10382.14 MB free, 16075.17 MB total
[2018.05.22-20.24.04:079][  0]LogMemory: Virtual Memory: 644.10 MB used,  10382.14 MB free, 134217728.00 MB total
[2018.05.22-20.24.04:339][  0]LogInit: Using OS detected language (es-ES).
[2018.05.22-20.24.04:339][  0]LogInit: Using OS detected locale (es-CO).
[2018.05.22-20.24.04:344][  0]LogTextLocalizationManager: No specific localization for 'es-ES' exists, so the 'es' localization will be used.
[2018.05.22-20.24.04:627][  0]LogInit: Setting process to per monitor DPI aware
[2018.05.22-20.24.05:060][  0]LogD3D11RHI: D3D11 adapters:
[2018.05.22-20.24.05:132][  0]LogD3D11RHI:    0. 'NVIDIA GeForce GTX 760M' (Feature Level 11_0)
[2018.05.22-20.24.05:132][  0]LogD3D11RHI:       2009/0/8037 MB DedicatedVideo/DedicatedSystem/SharedSystem, Outputs:1, VendorId:0x10de
[2018.05.22-20.24.05:141][  0]LogD3D11RHI:    1. 'Intel(R) HD Graphics 4600' (Feature Level 11_0)
[2018.05.22-20.24.05:141][  0]LogD3D11RHI:       112/0/2048 MB DedicatedVideo/DedicatedSystem/SharedSystem, Outputs:0, VendorId:0x8086
[2018.05.22-20.24.05:143][  0]LogD3D11RHI:    2. 'Microsoft Basic Render Driver' (Feature Level 11_0)
[2018.05.22-20.24.05:143][  0]LogD3D11RHI:       0/0/8037 MB DedicatedVideo/DedicatedSystem/SharedSystem, Outputs:0, VendorId:0x1414
[2018.05.22-20.24.05:143][  0]LogD3D11RHI: Chosen D3D11 Adapter: 0
[2018.05.22-20.24.05:150][  0]LogD3D11RHI: Creating new Direct3DDevice
[2018.05.22-20.24.05:150][  0]LogD3D11RHI:     GPU DeviceId: 0x11e3 (for the marketing name, search the web for "GPU Device Id")
[2018.05.22-20.24.05:150][  0]LogWindows: EnumDisplayDevices:
[2018.05.22-20.24.05:150][  0]LogWindows:    0. 'Intel(R) HD Graphics 4600' (P:1 D:1)
[2018.05.22-20.24.05:151][  0]LogWindows:    1. 'Intel(R) HD Graphics 4600' (P:0 D:0)
[2018.05.22-20.24.05:151][  0]LogWindows:    2. 'Intel(R) HD Graphics 4600' (P:0 D:0)
[2018.05.22-20.24.05:151][  0]LogWindows: DebugString: PrimaryIsNotTheChoosenAdapter PrimaryIsNotTheChoosenAdapter PrimaryIsNotTheChoosenAdapter FoundDriverCount:0 
[2018.05.22-20.24.05:151][  0]LogD3D11RHI:     Adapter Name: NVIDIA GeForce GTX 760M
[2018.05.22-20.24.05:151][  0]LogD3D11RHI:   Driver Version: Unknown (internal:Unknown, unified:Unknown)
[2018.05.22-20.24.05:151][  0]LogD3D11RHI:      Driver Date: Unknown
[2018.05.22-20.24.05:151][  0]LogRHI: Texture pool is 1406 MB (70% of 2009 MB)
[2018.05.22-20.24.05:205][  0]LogD3D11RHI: Async texture creation enabled
[2018.05.22-20.24.05:377][  0]LogD3D11RHI: GPU Timing Frequency: 1000.000000 (Debug: 2 2)
[2018.05.22-20.24.05:378][  0]LogShaderCompilers: Guid format shader working directory is -27 characters bigger than the processId version (../../../../../../Users/Usuario/Desktop/Ingesoft II/Pacto_de_HonoRPG/Codigo/Intermediate/Shaders/WorkingDirectory/7016/).
[2018.05.22-20.24.05:378][  0]LogShaderCompilers: Cleaned the shader compiler working directory 'C:/Users/Usuario/AppData/Local/Temp/UnrealShaderWorkingDir/874AB9F34D73CF3666B710950EB01FCC/'.
[2018.05.22-20.24.05:378][  0]LogShaderCompilers: Display: Using Local Shader Compiler.
[2018.05.22-20.24.07:293][  0]LogTemp: Display: Loaded TP AllDesktopTargetPlatform
[2018.05.22-20.24.07:387][  0]LogTemp: Display: Loaded TP MacClientTargetPlatform
[2018.05.22-20.24.07:513][  0]LogTemp: Display: Loaded TP MacNoEditorTargetPlatform
[2018.05.22-20.24.07:610][  0]LogTemp: Display: Loaded TP MacServerTargetPlatform
[2018.05.22-20.24.07:704][  0]LogTemp: Display: Loaded TP MacTargetPlatform
[2018.05.22-20.24.07:799][  0]LogTemp: Display: Loaded TP WindowsClientTargetPlatform
[2018.05.22-20.24.07:893][  0]LogTemp: Display: Loaded TP WindowsNoEditorTargetPlatform
[2018.05.22-20.24.07:988][  0]LogTemp: Display: Loaded TP WindowsServerTargetPlatform
[2018.05.22-20.24.08:070][  0]LogTemp: Display: Loaded TP WindowsTargetPlatform
[2018.05.22-20.24.08:163][  0]LogTemp: Display: Loaded TP Android_ASTCTargetPlatform
[2018.05.22-20.24.08:254][  0]LogTemp: Display: Loaded TP Android_ATCTargetPlatform
[2018.05.22-20.24.08:346][  0]LogTemp: Display: Loaded TP Android_DXTTargetPlatform
[2018.05.22-20.24.08:438][  0]LogTemp: Display: Loaded TP Android_ETC1TargetPlatform
[2018.05.22-20.24.08:530][  0]LogTemp: Display: Loaded TP Android_ETC2TargetPlatform
[2018.05.22-20.24.08:715][  0]LogTemp: Display: Loaded TP Android_MultiTargetPlatform
[2018.05.22-20.24.08:715][  0]LogTemp: Display: Loaded TP Android_PVRTCTargetPlatform
[2018.05.22-20.24.08:809][  0]LogTemp: Display: Loaded TP AndroidTargetPlatform
[2018.05.22-20.24.08:880][  0]LogTemp: Display: Loaded TP HTML5TargetPlatform
[2018.05.22-20.24.09:031][  0]LogTemp: Display: Loaded TP IOSTargetPlatform
[2018.05.22-20.24.09:082][  0]LogTemp: Display: Loaded TP TVOSTargetPlatform
[2018.05.22-20.24.09:173][  0]LogTemp: Display: Loaded TP LinuxClientTargetPlatform
[2018.05.22-20.24.09:264][  0]LogTemp: Display: Loaded TP LinuxNoEditorTargetPlatform
[2018.05.22-20.24.09:357][  0]LogTemp: Display: Loaded TP LinuxServerTargetPlatform
[2018.05.22-20.24.09:449][  0]LogTemp: Display: Loaded TP LinuxTargetPlatform
[2018.05.22-20.24.09:449][  0]LogTargetPlatformManager: Display: Building Assets For Windows
[2018.05.22-20.24.10:320][  0]LogDerivedDataCache: Display: Max Cache Size: 512 MB
[2018.05.22-20.24.10:458][  0]LogDerivedDataCache: Loaded boot cache 0.14s 78MB C:/Users/Usuario/AppData/Local/UnrealEngine/4.18/DerivedDataCache/Boot.ddc.
[2018.05.22-20.24.10:458][  0]LogDerivedDataCache: Display: Loaded Boot cache: C:/Users/Usuario/AppData/Local/UnrealEngine/4.18/DerivedDataCache/Boot.ddc
[2018.05.22-20.24.10:458][  0]LogDerivedDataCache: FDerivedDataBackendGraph:  Pak pak cache file ../../../../../../Users/Usuario/Desktop/Ingesoft II/Pacto_de_HonoRPG/Codigo/DerivedDataCache/DDC.ddp not found, will not use a pak cache.
[2018.05.22-20.24.10:458][  0]LogDerivedDataCache: Unable to find inner node Pak for hierarchical cache Hierarchy.
[2018.05.22-20.24.10:459][  0]LogDerivedDataCache: FDerivedDataBackendGraph:  CompressedPak pak cache file ../../../../../../Users/Usuario/Desktop/Ingesoft II/Pacto_de_HonoRPG/Codigo/DerivedDataCache/Compressed.ddp not found, will not use a pak cache.
[2018.05.22-20.24.10:459][  0]LogDerivedDataCache: Unable to find inner node CompressedPak for hierarchical cache Hierarchy.
[2018.05.22-20.24.10:494][  0]LogDerivedDataCache: Display: Pak cache opened for reading ../../../Engine/DerivedDataCache/Compressed.ddp.
[2018.05.22-20.24.10:507][  0]LogDerivedDataCache: Using Local data cache path C:/Users/Usuario/AppData/Local/UnrealEngine/Common/DerivedDataCache: Writable
[2018.05.22-20.24.10:527][  0]LogMaterial: Verifying Global Shaders for PCD3D_SM5
[2018.05.22-20.24.10:528][  0]LogSlate: Using Freetype 2.6.0
[2018.05.22-20.24.10:528][  0]LogSlate: SlateFontCache - WITH_FREETYPE: 1, WITH_HARFBUZZ: 1
[2018.05.22-20.24.10:528][  0]LogSlate: SlateFontCache - WITH_FREETYPE: 1, WITH_HARFBUZZ: 1
[2018.05.22-20.24.11:195][  0]LogInit: Selected Device Profile: [Windows]
[2018.05.22-20.24.11:886][  0]LogSimplygon: Simplygon DLL not present - disabling.
[2018.05.22-20.24.11:960][  0]LogMeshReduction: Using SimplygonSwarm for distributed automatic mesh merging
[2018.05.22-20.24.11:960][  0]LogMeshReduction: Using QuadricMeshReduction for automatic static mesh reduction
[2018.05.22-20.24.11:960][  0]LogMeshReduction: No automatic skeletal mesh reduction module available
[2018.05.22-20.24.11:960][  0]LogMeshReduction: No automatic mesh merging module available
[2018.05.22-20.24.11:960][  0]LogMeshMerging: No automatic mesh merging module available
[2018.05.22-20.24.12:010][  0]LogNetVersion: Pacto_de_Honor , NetCL: 3709383, EngineNetVer: 2, GameNetVer: 0 (Checksum: 2404482579)
[2018.05.22-20.24.12:315][  0]LogAssetRegistry: FAssetRegistry took 0.0361 seconds to start up
[2018.05.22-20.24.13:311][  0]LogPackageLocalizationCache: Processed 8 localized package path(s) for 2 prioritized culture(s) in 0.109621 seconds
[2018.05.22-20.24.13:320][  0]LogUObjectArray: 35870 objects as part of root set at end of initial load.
[2018.05.22-20.24.13:320][  0]LogUObjectAllocator: 7363696 out of 0 bytes used by permanent object pool.
[2018.05.22-20.24.13:320][  0]LogUObjectArray: CloseDisregardForGC: 0/0 objects in disregard for GC pool
[2018.05.22-20.24.13:417][  0]LogInit: WinSock: version 1.1 (2.2), MaxSocks=32767, MaxUdp=65467
[2018.05.22-20.24.18:644][  0]LogTcpMessaging: Initializing TcpMessaging bridge
[2018.05.22-20.24.18:748][  0]LogUdpMessaging: Initializing bridge on interface 0.0.0.0:0 to multicast group 230.0.0.1:6666.
[2018.05.22-20.24.20:071][  0]LogMaterial: Uniform references updated for custom material expression Custom.
[2018.05.22-20.24.20:917][  0]SourceControl: El control de código fuente está desactivado
[2018.05.22-20.24.22:872][  0]LogAndroidPermission: UAndroidPermissionCallbackProxy::GetInstance
[2018.05.22-20.24.23:367][  0]LogOcInput: OculusInput pre-init called
[2018.05.22-20.24.23:867][  0]LogEngine: Initializing Engine...
[2018.05.22-20.24.23:871][  0]LogHMD: Failed to initialize OpenVR with code 110
[2018.05.22-20.24.24:331][  0]LogStats: UGameplayTagsManager::ConstructGameplayTagTree: Construct from data asset -  0.000 s
[2018.05.22-20.24.24:331][  0]LogStats: UGameplayTagsManager::ConstructGameplayTagTree: GameplayTagTreeChangedEvent.Broadcast -  0.000 s
[2018.05.22-20.24.24:555][  0]LogAIModule: Creating AISystem for world Untitled
[2018.05.22-20.24.24:568][  0]LogInit: XAudio2 using 'Altavoces (Realtek High Definition Audio)' : 2 channels at 48 kHz using 32 bits per sample (channel mask 0x3)
[2018.05.22-20.24.24:720][  0]LogInit: FAudioDevice initialized.
[2018.05.22-20.24.24:933][  0]LogDerivedDataCache: Saved boot cache 0.21s 78MB C:/Users/Usuario/AppData/Local/UnrealEngine/4.18/DerivedDataCache/Boot.ddc.
[2018.05.22-20.24.24:973][  0]LogInit: Texture streaming: Enabled
[2018.05.22-20.24.25:161][  0]LogEngineSessionManager: EngineSessionManager initialized
[2018.05.22-20.24.25:391][  0]LogInit: Transaction tracking system initialized
[2018.05.22-20.24.25:954][  0]BlueprintLog: New page: Cargar el editor
[2018.05.22-20.24.27:561][  0]LocalizationService: Localization service is disabled
[2018.05.22-20.24.29:445][  0]LogConsoleResponse: Display: 
[2018.05.22-20.24.29:774][  0]LogCook: Display: Max memory allowance for cook 16384mb min free memory 0mb
[2018.05.22-20.24.29:774][  0]LogCook: Display: Mobile HDR setting 1
[2018.05.22-20.24.29:774][  0]LogGameplayTags: Display: UGameplayTagsManager::DoneAddingNativeTags. DelegateIsBound: 0
[2018.05.22-20.24.30:853][  0]LogFileCache: Scanning file cache for directory 'C:/Users/Usuario/Desktop/Ingesoft II/Pacto_de_HonoRPG/Codigo/Content/' took 0.15s
[2018.05.22-20.24.32:019][  0]Cmd: MAP LOAD FILE="../../../../../../Users/Usuario/Desktop/Ingesoft II/Pacto_de_HonoRPG/Codigo/Content/MenuPrincipal/Main.umap" TEMPLATE=0 SHOWPROGRESS=1 FEATURELEVEL=3
[2018.05.22-20.24.32:019][  0]LightingResults: New page: Diseñar la iluminación
[2018.05.22-20.24.32:095][  0]MapCheck: New page: Revisión del mapa
[2018.05.22-20.24.32:095][  0]LightingResults: New page: Diseñar la iluminación
[2018.05.22-20.24.32:217][  0]LogBlueprint: Warning: [Compiler Base_H_Blueprint] Acción desconocida de referencias del evento InputAction 'Ataque1' para  InputAction Ataque1
[2018.05.22-20.24.32:218][  0]LogBlueprint: Warning: [Compiler Base_H_Blueprint] Acción desconocida de referencias del evento InputAction 'Ataque2' para  InputAction Ataque2
[2018.05.22-20.24.32:231][  0]LogBlueprint: Warning: [Compiler Base_H_Blueprint] [0033,31] Compile of Base_H_Blueprint successful, but with 2 Warning(s) [in 27 ms] (/Game/Heroes/Base/Base_H_Blueprint.Base_H_Blueprint)
[2018.05.22-20.24.33:593][  0]LogBlueprint: Warning: [Compiler EquipmentSlot] Obtener : 'DefaultButtonStyle' variable not found. Base class was probably changed. /Game/UMG/EquipmentSlot.EquipmentSlot
[2018.05.22-20.24.33:633][  0]LogBlueprintDebug: Display: Encountered a blueprint breakpoint in /Game/UMG/InventoryMain.InventoryMain without an associated node. The blueprint breakpoint has been removed
[2018.05.22-20.24.33:835][  0]LogBlueprint: Warning: [Compiler Base_M_Blueprint] Acción desconocida de referencias del evento InputAction 'Ataque1' para  InputAction Ataque1
[2018.05.22-20.24.33:835][  0]LogBlueprint: Warning: [Compiler Base_M_Blueprint] Acción desconocida de referencias del evento InputAction 'Ataque2' para  InputAction Ataque2
[2018.05.22-20.24.34:508][  0]LogBlueprint: Warning: [Compiler Base_M_Blueprint] [0035,58] Compile of Base_M_Blueprint successful, but with 2 Warning(s) [in 1.012 ms] (/Game/Heroes/Base/Base_M_Blueprint.Base_M_Blueprint)
[2018.05.22-20.24.34:508][  0]LogBlueprint: Warning: [Compiler EquipmentSlot] [0035,58] Compile of EquipmentSlot successful, but with 1 Warning(s) [in 1.013 ms] (/Game/UMG/EquipmentSlot.EquipmentSlot)
[2018.05.22-20.24.36:514][  0]LogAIModule: Creating AISystem for world Main
[2018.05.22-20.24.36:515][  0]LogEditorServer: Finished looking for orphan Actors (0.000 secs)
[2018.05.22-20.24.36:560][  0]Cmd: MAP CHECKDEP NOCLEARLOG
[2018.05.22-20.24.36:690][  0]MapCheck: Map check complete: 0 Error(s), 0 Warning(s), took 130,203ms to complete.
[2018.05.22-20.24.36:690][  0]LogFileHelpers: Loading map 'Main' took 4.671
[2018.05.22-20.24.36:926][  0]LogCollectionManager: Loaded 0 collections in 0.003230 seconds
[2018.05.22-20.24.37:042][  0]LogFileCache: Scanning file cache for directory 'C:/Users/Usuario/Desktop/Ingesoft II/Pacto_de_HonoRPG/Codigo/Saved/Collections/' took 0.01s
[2018.05.22-20.24.37:042][  0]LogFileCache: Scanning file cache for directory 'C:/Users/Usuario/Desktop/Ingesoft II/Pacto_de_HonoRPG/Codigo/Content/Developers/Usuario/Collections/' took 0.01s
[2018.05.22-20.24.37:042][  0]LogFileCache: Scanning file cache for directory 'C:/Users/Usuario/Desktop/Ingesoft II/Pacto_de_HonoRPG/Codigo/Content/Collections/' took 0.01s
[2018.05.22-20.24.37:042][  0]LogCollectionManager: Rebuilt the GUID cache for 0 collections in 0.000000 seconds
[2018.05.22-20.24.37:059][  0]LogContentBrowser: Native class hierarchy populated in 0.0165 seconds. Added 2370 classes and 529 folders.
[2018.05.22-20.24.37:177][  0]LogContentBrowser: Native class hierarchy updated for 'WidgetCarousel' in 0.0011 seconds. Added 0 classes and 0 folders.
[2018.05.22-20.24.37:247][  0]LogContentBrowser: Native class hierarchy updated for 'AddContentDialog' in 0.0011 seconds. Added 0 classes and 0 folders.
[2018.05.22-20.24.37:326][  0]LogContentBrowser: Native class hierarchy updated for 'SceneOutliner' in 0.0012 seconds. Added 1 classes and 2 folders.
[2018.05.22-20.24.37:397][  0]LogSlate: Took 0.000322 seconds to synchronously load lazily loaded font '../../../Engine/Content/Slate/Fonts/Roboto-Regular.ttf' (155K)
[2018.05.22-20.24.37:401][  0]LogSlate: Took 0.000400 seconds to synchronously load lazily loaded font '../../../Engine/Content/Slate/Fonts/Roboto-Bold.ttf' (160K)
[2018.05.22-20.24.37:410][  0]LogSlate: Took 0.000343 seconds to synchronously load lazily loaded font '../../../Engine/Content/Editor/Slate/Fonts/FontAwesome.ttf' (139K)
[2018.05.22-20.24.37:601][  0]LogRenderer: Reallocating scene render targets to support 964x332 Format 9 NumSamples 1 (Frame:1).
[2018.05.22-20.24.37:873][  0]LogContentBrowser: Native class hierarchy updated for 'HierarchicalLODOutliner' in 0.0012 seconds. Added 1 classes and 2 folders.
[2018.05.22-20.24.37:873][  0]LogLoad: (Engine Initialization) Total time: 38.95 seconds
[2018.05.22-20.24.37:873][  0]LogLoad: (Engine Initialization) Total Blueprint compile time: 0.00 seconds
[2018.05.22-20.24.37:873][  0]LogExternalProfiler: No external profilers were discovered.  External profiling features will not be available.
[2018.05.22-20.24.38:271][  0]LogContentStreaming: Texture pool size now 400 MB
[2018.05.22-20.24.41:565][ 10]LogAssetRegistry: Asset discovery search completed in 29.2723 seconds
[2018.05.22-20.24.41:582][ 10]LogCollectionManager: Rebuilt the object cache for 0 collections in 0.000000 seconds (found 0 objects)
[2018.05.22-20.24.41:582][ 10]LogCollectionManager: Fixed up redirectors for 0 collections in 0.000099 seconds (updated 0 objects)
[2018.05.22-20.24.48:879][ 32]LogFileCache: Retrieving MD5 hashes for directory 'C:/Users/Usuario/Desktop/Ingesoft II/Pacto_de_HonoRPG/Codigo/Content/' took 10.64s
[2018.05.22-20.32.08:277][353]LogEditorViewport: Clicking Background
[2018.05.22-20.32.12:125][583]LogEditorViewport: Clicking Background
[2018.05.22-20.32.12:834][666]LogTemp: Repeating last play command: New Editor Window (PIE)
[2018.05.22-20.32.13:420][666]LogBlueprintUserMessages: Early PlayInEditor Detection: Level '/Game/MenuPrincipal/Main.Main:PersistentLevel' has LevelScriptBlueprint '/Game/MenuPrincipal/Main.Main:PersistentLevel.Main' with GeneratedClass '/Game/MenuPrincipal/Main.Main_C' with ClassGeneratedBy '/Game/MenuPrincipal/Main.Main:PersistentLevel.Main'
[2018.05.22-20.32.13:420][666]LogPlayLevel: PlayLevel: No blueprints needed recompiling
[2018.05.22-20.32.13:421][666]PIE: New page: Sesión PIE (reproducción en el editor): Main (22/05/2018 10:32:13 a. m.)
[2018.05.22-20.32.13:422][666]LogPlayLevel: Creating play world package: /Game/MenuPrincipal/UEDPIE_0_Main
[2018.05.22-20.32.13:423][666]LogPlayLevel: PIE: StaticDuplicateObject took: (0.001533s)
[2018.05.22-20.32.13:424][666]LogAIModule: Creating AISystem for world Main
[2018.05.22-20.32.13:424][666]LogPlayLevel: PIE: World Init took: (0.001105s)
[2018.05.22-20.32.13:424][666]LogPlayLevel: PIE: Created PIE world by copying editor world from /Game/MenuPrincipal/Main.Main to /Game/MenuPrincipal/UEDPIE_0_Main.Main (0.003002s)
[2018.05.22-20.32.13:452][666]LogInit: XAudio2 using 'Altavoces (Realtek High Definition Audio)' : 2 channels at 48 kHz using 32 bits per sample (channel mask 0x3)
[2018.05.22-20.32.13:468][666]LogInit: FAudioDevice initialized.
[2018.05.22-20.32.13:590][666]LogLoad: Game class is 'MyGame_C'
[2018.05.22-20.32.13:594][666]LogWorld: Bringing World /Game/MenuPrincipal/UEDPIE_0_Main.Main up for play (max tick rate 0) at 2018.05.22-15.32.13
[2018.05.22-20.32.13:594][666]LogWorld: Bringing up level for play took: 0.000826
[2018.05.22-20.32.13:673][666]LogContentBrowser: Native class hierarchy updated for 'MovieSceneCapture' in 0.0013 seconds. Added 11 classes and 0 folders.
[2018.05.22-20.32.13:673][666]LogGameMode: Display: Match State Changed from EnteringMap to WaitingToStart
[2018.05.22-20.32.13:673][666]LogGameState: Match State Changed from EnteringMap to WaitingToStart
[2018.05.22-20.32.13:673][666]LogGameMode: Display: Match State Changed from WaitingToStart to InProgress
[2018.05.22-20.32.13:691][666]LogGameState: Match State Changed from WaitingToStart to InProgress
[2018.05.22-20.32.13:697][666]PIE: Tiempo de inicio de la reproducción en el editor para  /Game/MenuPrincipal/UEDPIE_0_Main 0,719
[2018.05.22-20.32.13:698][666]LogBlueprintUserMessages: Late PlayInEditor Detection: Level '/Game/MenuPrincipal/Main.Main:PersistentLevel' has LevelScriptBlueprint '/Game/MenuPrincipal/Main.Main:PersistentLevel.Main' with GeneratedClass '/Game/MenuPrincipal/Main.Main_C' with ClassGeneratedBy '/Game/MenuPrincipal/Main.Main:PersistentLevel.Main'
[2018.05.22-20.32.25:656][594]LogGameMode: Display: Match State Changed from InProgress to LeavingMap
[2018.05.22-20.32.25:656][594]LogGameState: Match State Changed from InProgress to LeavingMap
[2018.05.22-20.32.25:656][594]LogNet: Browse: /Game/MenuPrincipal/EntarMundo/Nivelesdemenu/SeleccionHeroe
[2018.05.22-20.32.25:657][594]LogLoad: LoadMap: /Game/MenuPrincipal/EntarMundo/Nivelesdemenu/SeleccionHeroe
[2018.05.22-20.32.28:905][594]LogAIModule: Creating AISystem for world SeleccionHeroe
[2018.05.22-20.32.28:906][594]LogLoad: Game class is 'Crear_HeroeGM_C'
[2018.05.22-20.32.28:920][594]LogWorld: Bringing World /Game/MenuPrincipal/EntarMundo/Nivelesdemenu/UEDPIE_0_SeleccionHeroe.SeleccionHeroe up for play (max tick rate 0) at 2018.05.22-15.32.28
[2018.05.22-20.32.28:922][594]LogWorld: Bringing up level for play took: 0.014849
[2018.05.22-20.32.29:296][594]LogScriptCore: Warning: Script Msg: Attempted to access index 1 from array 'ColumnData' of length 1 in '/Script/MySQL.MySQLDataTable'!
[2018.05.22-20.32.29:296][594]LogScriptCore: Warning: Script Msg: Attempted to access index 2 from array 'ColumnData' of length 1 in '/Script/MySQL.MySQLDataTable'!
[2018.05.22-20.32.29:296][594]LogScriptCore: Warning: Script Msg: Attempted to access index 3 from array 'ColumnData' of length 1 in '/Script/MySQL.MySQLDataTable'!
[2018.05.22-20.32.29:296][594]LogScriptCore: Warning: Script Msg: Attempted to access index 1 from array 'ColumnData' of length 1 in '/Script/MySQL.MySQLDataTable'!
[2018.05.22-20.32.29:296][594]LogScriptCore: Warning: Script Msg: Attempted to access index 2 from array 'ColumnData' of length 1 in '/Script/MySQL.MySQLDataTable'!
[2018.05.22-20.32.29:296][594]LogScriptCore: Warning: Script Msg: Attempted to access index 3 from array 'ColumnData' of length 1 in '/Script/MySQL.MySQLDataTable'!
[2018.05.22-20.32.29:297][594]LogLoad: Took 3.639823 seconds to LoadMap(/Game/MenuPrincipal/EntarMundo/Nivelesdemenu/SeleccionHeroe)
[2018.05.22-20.32.29:341][595]LogCharacterMovement: Warning: GetSimulationTimeStep() - Max iterations 8 hit while remaining time 0.065579 > MaxSimulationTimeStep (0.050) for 'Base_H_Blueprint_3149', movement 'Walking'
[2018.05.22-20.32.31:384][750]LogAnimation: Warning: Animation Base_H_Space1D is incompatible with skeleton Tigre_Skeleton, removing animation from actor.
[2018.05.22-20.32.32:283][830]LogNet: Browse: /Game/ThirdPerson/ThirdPersonBP/ThirdPersonExampleMap??llisten
[2018.05.22-20.32.32:283][830]LogLoad: LoadMap: /Game/ThirdPerson/ThirdPersonBP/ThirdPersonExampleMap??llisten
[2018.05.22-20.32.33:249][830]LogBlueprintDebug: Display: Encountered a blueprint breakpoint in /Game/NPCs/Npc1_sony/Character/Estatua_1.Estatua_1 without an associated node. The blueprint breakpoint has been removed
[2018.05.22-20.32.36:468][830]LogPackageName: Warning: String asset reference "Env_Ice_Rocky.Mesh.Env_Ice_MelancholicTroll01" is in short form, which is unsupported and -- even if valid -- resolving it will be really slow.
[2018.05.22-20.32.36:468][830]LogPackageName: Warning: Please consider resaving package in order to speed-up loading.
[2018.05.22-20.32.36:833][830]LogPackageName: SearchForPackageOnDisk took   0.364s, but failed to resolve Env_Ice_Rocky.
[2018.05.22-20.32.36:833][830]LogPackageName: Warning: String asset reference "Env_Ice_Rocky.Mesh.Env_Ice_MelancholicTroll01" could not be resolved.
[2018.05.22-20.32.37:829][830]LogMaterial: Missing cached shader map for material M_PLains_FloorStone, compiling. 
[2018.05.22-20.32.37:977][830]LogMaterial: Missing cached shader map for material M_Env_Fire_RuinedWalls, compiling. 
[2018.05.22-20.32.38:818][830]LogMaterial: Missing cached shader map for material M_Env_Fire_Engines_tarps, compiling. 
[2018.05.22-20.32.39:053][830]LogMaterial: Missing cached shader map for material M_Env_Fire_Furnace_glow, compiling. 
[2018.05.22-20.32.39:157][830]LogMaterial: Missing cached shader map for material SimpleMaster, compiling. 
[2018.05.22-20.32.47:943][830]LogAIModule: Creating AISystem for world ThirdPersonExampleMap
[2018.05.22-20.32.47:943][830]LogLoad: Game class is 'MyGame_C'
[2018.05.22-20.32.48:060][830]PIE: Warning: AttachTo: '/Game/ThirdPerson/ThirdPersonBP/UEDPIE_0_ThirdPersonExampleMap.ThirdPersonExampleMap:PersistentLevel.Estatua_302.ParticleSystem' no es estático  (in blueprint "Estatua_1"), no puede anexar '/Game/ThirdPerson/ThirdPersonBP/UEDPIE_0_ThirdPersonExampleMap.ThirdPersonExampleMap:PersistentLevel.Estatua_302.StaticMesh' lo que es estático a él. Abortando.
[2018.05.22-20.32.48:061][830]PIE: Warning: AttachTo: '/Game/ThirdPerson/ThirdPersonBP/UEDPIE_0_ThirdPersonExampleMap.ThirdPersonExampleMap:PersistentLevel.Estatua_302.DefaultSceneRoot' no es estático  (in blueprint "Estatua_1"), no puede anexar '/Game/ThirdPerson/ThirdPersonBP/UEDPIE_0_ThirdPersonExampleMap.ThirdPersonExampleMap:PersistentLevel.Estatua_302.StaticMesh1' lo que es estático a él. Abortando.
[2018.05.22-20.32.48:148][830]LogWorld: Bringing World /Game/ThirdPerson/ThirdPersonBP/UEDPIE_0_ThirdPersonExampleMap.ThirdPersonExampleMap up for play (max tick rate 3) at 2018.05.22-15.32.48
[2018.05.22-20.32.48:157][830]LogWorld: Bringing up level for play took: 0.212766
[2018.05.22-20.32.48:159][830]LogGameMode: Display: Match State Changed from EnteringMap to WaitingToStart
[2018.05.22-20.32.48:160][830]LogGameState: Match State Changed from EnteringMap to WaitingToStart
[2018.05.22-20.32.48:160][830]LogGameMode: Display: Match State Changed from WaitingToStart to InProgress
[2018.05.22-20.32.48:185][830]LogGameState: Match State Changed from WaitingToStart to InProgress
[2018.05.22-20.32.48:186][830]LogLoad: Took 15.902573 seconds to LoadMap(/Game/ThirdPerson/ThirdPersonBP/ThirdPersonExampleMap)
[2018.05.22-20.33.24:082][139]LogRenderer: Reallocating scene render targets to support 964x400 Format 9 NumSamples 1 (Frame:306).
[2018.05.22-20.35.11:587][794]LogScript: Warning: Accessed None trying to read property HudreferenciaDescripcionitem
	Heroe_C /Game/ThirdPerson/ThirdPersonBP/UEDPIE_0_ThirdPersonExampleMap.ThirdPersonExampleMap:PersistentLevel.Heroe_C_0
	Function /Game/Heroes/Heroe.Heroe_C:ExecuteUbergraph_Heroe:1204
[2018.05.22-20.35.11:587][794]PIE: Error: Blueprint Runtime Error: Accessed None trying to read property HudreferenciaDescripcionitem from function: 'ExecuteUbergraph_Heroe' from node: Remove from Parent in graph: EventGraph in object: Heroe with description: Accessed None trying to read property HudreferenciaDescripcionitem
[2018.05.22-20.35.14:129][947]LogScriptCore: Warning: Script Msg: Attempted to access index 0 from array 'ColumnData' of length 0 in '/Script/MySQL.MySQLDataTable'!
[2018.05.22-20.35.15:047][986]LogScriptCore: Warning: Script Msg: Attempted to access index 1 from array 'ColumnData' of length 1 in '/Script/MySQL.MySQLDataTable'!
[2018.05.22-20.35.15:047][986]LogScriptCore: Warning: Script Msg: Attempted to access index 1 from array 'ColumnData' of length 1 in '/Script/MySQL.MySQLDataTable'!
[2018.05.22-20.35.15:048][986]LogScript: Warning: Accessed None trying to read property HudreferenciaDescripcionitem
	Heroe_C /Game/ThirdPerson/ThirdPersonBP/UEDPIE_0_ThirdPersonExampleMap.ThirdPersonExampleMap:PersistentLevel.Heroe_C_0
	Function /Game/Heroes/Heroe.Heroe_C:ExecuteUbergraph_Heroe:1204
[2018.05.22-20.35.15:048][986]PIE: Error: Blueprint Runtime Error: Accessed None trying to read property HudreferenciaDescripcionitem from function: 'ExecuteUbergraph_Heroe' from node: Remove from Parent in graph: EventGraph in object: Heroe with description: Accessed None trying to read property HudreferenciaDescripcionitem
[2018.05.22-20.35.15:485][  7]LogScriptCore: Warning: Script Msg: Attempted to access index 1 from array 'ColumnData' of length 1 in '/Script/MySQL.MySQLDataTable'!
[2018.05.22-20.35.15:485][  7]LogScriptCore: Warning: Script Msg: Attempted to access index 1 from array 'ColumnData' of length 1 in '/Script/MySQL.MySQLDataTable'!
[2018.05.22-20.35.17:489][115]LogScriptCore: Warning: Script Msg: Attempted to access index 1 from array 'ColumnData' of length 1 in '/Script/MySQL.MySQLDataTable'!
[2018.05.22-20.35.17:489][115]LogScriptCore: Warning: Script Msg: Attempted to access index 1 from array 'ColumnData' of length 1 in '/Script/MySQL.MySQLDataTable'!
[2018.05.22-20.35.17:490][115]LogScript: Warning: Accessed None trying to read property HudreferenciaDescripcionitem
	Heroe_C /Game/ThirdPerson/ThirdPersonBP/UEDPIE_0_ThirdPersonExampleMap.ThirdPersonExampleMap:PersistentLevel.Heroe_C_0
	Function /Game/Heroes/Heroe.Heroe_C:ExecuteUbergraph_Heroe:1204
[2018.05.22-20.35.17:490][115]PIE: Error: Blueprint Runtime Error: Accessed None trying to read property HudreferenciaDescripcionitem from function: 'ExecuteUbergraph_Heroe' from node: Remove from Parent in graph: EventGraph in object: Heroe with description: Accessed None trying to read property HudreferenciaDescripcionitem
[2018.05.22-20.35.18:016][141]LogScriptCore: Warning: Script Msg: Attempted to access index 1 from array 'ColumnData' of length 1 in '/Script/MySQL.MySQLDataTable'!
[2018.05.22-20.35.18:016][141]LogScriptCore: Warning: Script Msg: Attempted to access index 1 from array 'ColumnData' of length 1 in '/Script/MySQL.MySQLDataTable'!
[2018.05.22-20.35.18:813][196]LogBlueprintUserMessages: Warning: SetTimer passed a bad function (None) or object (ItemDescription_C_0)
[2018.05.22-20.35.18:842][198]LogBlueprintUserMessages: Warning: SetTimer passed a bad function (None) or object (ItemDescription_C_1)
[2018.05.22-20.35.19:486][234]LogScriptCore: Warning: Script Msg: Attempted to access index 0 from array 'ColumnData' of length 0 in '/Script/MySQL.MySQLDataTable'!
[2018.05.22-20.35.21:703][359]LogBlueprintUserMessages: Warning: SetTimer passed a bad function (None) or object (ItemDescription_C_2)
[2018.05.22-20.35.21:788][365]LogBlueprintUserMessages: Warning: SetTimer passed a bad function (None) or object (ItemDescription_C_3)
[2018.05.22-20.36.54:771][271]LogBlueprintUserMessages: Early EndPlayMap Detection: Level '/Game/MenuPrincipal/Main.Main:PersistentLevel' has LevelScriptBlueprint '/Game/MenuPrincipal/Main.Main:PersistentLevel.Main' with GeneratedClass '/Game/MenuPrincipal/Main.Main_C' with ClassGeneratedBy '/Game/MenuPrincipal/Main.Main:PersistentLevel.Main'
[2018.05.22-20.36.54:893][271]LogBlueprintUserMessages: Late EndPlayMap Detection: Level '/Game/MenuPrincipal/Main.Main:PersistentLevel' has LevelScriptBlueprint '/Game/MenuPrincipal/Main.Main:PersistentLevel.Main' with GeneratedClass '/Game/MenuPrincipal/Main.Main_C' with ClassGeneratedBy '/Game/MenuPrincipal/Main.Main:PersistentLevel.Main'
[2018.05.22-20.38.23:608][828]LogWindowsTextInputMethodSystem: Display: IME system now deactivated.
[2018.05.22-20.38.23:830][829]Cmd: QUIT_EDITOR
[2018.05.22-20.38.24:797][829]LogExit: Preparing to exit.
[2018.05.22-20.38.25:086][829]LogDirectoryWatcher: A directory notification for 'C:/Users/Usuario/Desktop/Ingesoft II/Pacto_de_HonoRPG/Codigo/Content/' was aborted.
[2018.05.22-20.38.25:125][829]LogExit: Editor shut down
[2018.05.22-20.38.25:129][829]LogExit: Transaction tracking system shut down
[2018.05.22-20.38.25:419][829]LogDirectoryWatcher: A directory notification for '../../../Engine/Content/' was aborted.
[2018.05.22-20.38.25:420][829]LogDirectoryWatcher: A directory notification for '../../../../../../Users/Usuario/Desktop/Ingesoft II/Pacto_de_HonoRPG/Codigo/Content/' was aborted.
[2018.05.22-20.38.25:420][829]LogDirectoryWatcher: A directory notification for '../../../Engine/Plugins/2D/Paper2D/Content/' was aborted.
[2018.05.22-20.38.25:420][829]LogDirectoryWatcher: A directory notification for '../../../Engine/Plugins/Marketplace/MySQL/Content/' was aborted.
[2018.05.22-20.38.25:420][829]LogDirectoryWatcher: A directory notification for '../../../Engine/Plugins/Media/MediaCompositing/Content/' was aborted.
[2018.05.22-20.38.25:420][829]LogDirectoryWatcher: A directory notification for '../../../Engine/Plugins/Runtime/AppleARKit/Content/' was aborted.
[2018.05.22-20.38.25:420][829]LogDirectoryWatcher: A directory notification for '../../../Engine/Plugins/Runtime/Oculus/OculusVR/Content/' was aborted.
[2018.05.22-20.38.25:420][829]LogDirectoryWatcher: A directory notification for '../../../Engine/Plugins/Runtime/Steam/SteamVR/Content/' was aborted.
[2018.05.22-20.38.26:038][829]LogExit: Object subsystem successfully closed.
[2018.05.22-20.38.26:063][829]LogD3D11RHI: Shutdown
[2018.05.22-20.38.26:063][829]LogD3D11RHI: CleanupD3DDevice
[2018.05.22-20.38.26:066][829]LogD3D11RHI: ~FD3D11DynamicRHI
[2018.05.22-20.38.26:092][829]LogModuleManager: Shutting down and abandoning module MovieSceneCapture (558)
[2018.05.22-20.38.26:092][829]LogModuleManager: Shutting down and abandoning module HierarchicalLODOutliner (556)
[2018.05.22-20.38.26:092][829]LogModuleManager: Shutting down and abandoning module DesktopPlatform (554)
[2018.05.22-20.38.26:092][829]LogModuleManager: Shutting down and abandoning module SceneOutliner (552)
[2018.05.22-20.38.26:092][829]LogModuleManager: Shutting down and abandoning module AddContentDialog (550)
[2018.05.22-20.38.26:093][829]LogDirectoryWatcher: A directory notification for 'C:/Program Files/Epic Games/UE_4.18/FeaturePacks/' was aborted.
[2018.05.22-20.38.26:093][829]LogModuleManager: Shutting down and abandoning module WidgetCarousel (549)
[2018.05.22-20.38.26:094][829]LogModuleManager: Shutting down and abandoning module EditorWidgets (546)
[2018.05.22-20.38.26:094][829]LogModuleManager: Shutting down and abandoning module CollectionManager (544)
[2018.05.22-20.38.26:094][829]LogDirectoryWatcher: A directory notification for 'C:/Users/Usuario/Desktop/Ingesoft II/Pacto_de_HonoRPG/Codigo/Content/Collections/' was aborted.
[2018.05.22-20.38.26:094][829]LogDirectoryWatcher: A directory notification for 'C:/Users/Usuario/Desktop/Ingesoft II/Pacto_de_HonoRPG/Codigo/Content/Developers/Usuario/Collections/' was aborted.
[2018.05.22-20.38.26:094][829]LogDirectoryWatcher: A directory notification for 'C:/Users/Usuario/Desktop/Ingesoft II/Pacto_de_HonoRPG/Codigo/Saved/Collections/' was aborted.
[2018.05.22-20.38.26:094][829]LogModuleManager: Shutting down and abandoning module StatsViewer (542)
[2018.05.22-20.38.26:094][829]LogModuleManager: Shutting down and abandoning module FoliageEdit (540)
[2018.05.22-20.38.26:094][829]LogModuleManager: Shutting down and abandoning module LandscapeEditor (538)
[2018.05.22-20.38.26:094][829]LogModuleManager: Shutting down and abandoning module MeshPaintMode (536)
[2018.05.22-20.38.26:094][829]LogModuleManager: Shutting down and abandoning module SceneDepthPickerMode (534)
[2018.05.22-20.38.26:094][829]LogModuleManager: Shutting down and abandoning module ActorPickerMode (532)
[2018.05.22-20.38.26:094][829]LogModuleManager: Shutting down and abandoning module GeometryMode (530)
[2018.05.22-20.38.26:094][829]LogModuleManager: Shutting down and abandoning module TextureAlignMode (528)
[2018.05.22-20.38.26:094][829]LogModuleManager: Shutting down and abandoning module BspMode (526)
[2018.05.22-20.38.26:094][829]LogModuleManager: Shutting down and abandoning module PIEPreviewDeviceProfileSelector (524)
[2018.05.22-20.38.26:094][829]LogModuleManager: Shutting down and abandoning module HardwareSurvey (522)
[2018.05.22-20.38.26:095][829]LogModuleManager: Shutting down and abandoning module SequenceRecorderSections (520)
[2018.05.22-20.38.26:095][829]LogModuleManager: Shutting down and abandoning module AutomationWorker (518)
[2018.05.22-20.38.26:095][829]LogModuleManager: Shutting down and abandoning module MatineeToLevelSequence (516)
[2018.05.22-20.38.26:095][829]LogModuleManager: Shutting down and abandoning module LevelSequenceEditor (514)
[2018.05.22-20.38.26:095][829]LogModuleManager: Shutting down and abandoning module PlacementMode (513)
[2018.05.22-20.38.26:095][829]LogModuleManager: Shutting down and abandoning module WmfMediaFactory (510)
[2018.05.22-20.38.26:095][829]LogModuleManager: Shutting down and abandoning module WmfMediaEditor (508)
[2018.05.22-20.38.26:095][829]LogModuleManager: Shutting down and abandoning module OpenExrWrapper (506)
[2018.05.22-20.38.26:095][829]LogModuleManager: Shutting down and abandoning module ImgMediaFactory (504)
[2018.05.22-20.38.26:095][829]LogModuleManager: Shutting down and abandoning module ImgMediaEditor (502)
[2018.05.22-20.38.26:095][829]LogModuleManager: Shutting down and abandoning module AvfMediaFactory (500)
[2018.05.22-20.38.26:095][829]LogModuleManager: Shutting down and abandoning module AvfMediaEditor (498)
[2018.05.22-20.38.26:095][829]LogModuleManager: Shutting down and abandoning module AndroidMediaFactory (496)
[2018.05.22-20.38.26:095][829]LogModuleManager: Shutting down and abandoning module AndroidMediaEditor (494)
[2018.05.22-20.38.26:095][829]LogModuleManager: Shutting down and abandoning module CharacterAI (492)
[2018.05.22-20.38.26:095][829]LogModuleManager: Shutting down and abandoning module AudioCapture (490)
[2018.05.22-20.38.26:095][829]LogModuleManager: Shutting down and abandoning module SequenceRecorder (489)
[2018.05.22-20.38.26:095][829]LogModuleManager: Shutting down and abandoning module SmartSnapping (486)
[2018.05.22-20.38.26:095][829]LogModuleManager: Shutting down and abandoning module SessionServices (484)
[2018.05.22-20.38.26:095][829]LogModuleManager: Shutting down and abandoning module ViewportSnapping (482)
[2018.05.22-20.38.26:095][829]LogModuleManager: Shutting down and abandoning module ViewportInteraction (480)
[2018.05.22-20.38.26:095][829]LogModuleManager: Shutting down and abandoning module ClothPainter (478)
[2018.05.22-20.38.26:095][829]LogModuleManager: Shutting down and abandoning module SkeletalMeshEditor (477)
[2018.05.22-20.38.26:095][829]LogModuleManager: Shutting down and abandoning module LogVisualizer (474)
[2018.05.22-20.38.26:096][829]LogModuleManager: Shutting down and abandoning module IntroTutorials (472)
[2018.05.22-20.38.26:096][829]LogModuleManager: Shutting down and abandoning module GameProjectGeneration (471)
[2018.05.22-20.38.26:096][829]LogModuleManager: Shutting down and abandoning module IOSPlatformEditor (468)
[2018.05.22-20.38.26:096][829]LogModuleManager: Shutting down and abandoning module HTML5PlatformEditor (466)
[2018.05.22-20.38.26:096][829]LogModuleManager: Shutting down and abandoning module AndroidPlatformEditor (464)
[2018.05.22-20.38.26:096][829]LogModuleManager: Shutting down and abandoning module AndroidDeviceDetection (463)
[2018.05.22-20.38.26:573][829]LogModuleManager: Shutting down and abandoning module WindowsPlatformEditor (460)
[2018.05.22-20.38.26:573][829]LogModuleManager: Shutting down and abandoning module IOSRuntimeSettings (458)
[2018.05.22-20.38.26:573][829]LogModuleManager: Shutting down and abandoning module AndroidRuntimeSettings (456)
[2018.05.22-20.38.26:573][829]LogModuleManager: Shutting down and abandoning module InputBindingEditor (454)
[2018.05.22-20.38.26:573][829]LogModuleManager: Shutting down and abandoning module MergeActors (452)
[2018.05.22-20.38.26:574][829]LogModuleManager: Shutting down and abandoning module SizeMap (450)
[2018.05.22-20.38.26:574][829]LogModuleManager: Shutting down and abandoning module TreeMap (448)
[2018.05.22-20.38.26:574][829]LogModuleManager: Shutting down and abandoning module ReferenceViewer (446)
[2018.05.22-20.38.26:574][829]LogModuleManager: Shutting down and abandoning module LocalizationDashboard (444)
[2018.05.22-20.38.26:574][829]LogModuleManager: Shutting down and abandoning module LocalizationService (443)
[2018.05.22-20.38.26:574][829]LogModuleManager: Shutting down and abandoning module HardwareTargeting (440)
[2018.05.22-20.38.26:574][829]LogModuleManager: Shutting down and abandoning module DeviceProfileEditor (438)
[2018.05.22-20.38.26:574][829]LogModuleManager: Shutting down and abandoning module UndoHistory (436)
[2018.05.22-20.38.26:574][829]LogModuleManager: Shutting down and abandoning module XmlParser (434)
[2018.05.22-20.38.26:574][829]LogModuleManager: Shutting down and abandoning module Blutility (432)
[2018.05.22-20.38.26:574][829]LogModuleManager: Shutting down and abandoning module ProjectSettingsViewer (430)
[2018.05.22-20.38.26:575][829]LogModuleManager: Shutting down and abandoning module ProjectTargetPlatformEditor (429)
[2018.05.22-20.38.26:575][829]LogModuleManager: Shutting down and abandoning module EditorSettingsViewer (426)
[2018.05.22-20.38.26:575][829]LogModuleManager: Shutting down and abandoning module SettingsEditor (424)
[2018.05.22-20.38.26:575][829]LogModuleManager: Shutting down and abandoning module ProjectLauncher (422)
[2018.05.22-20.38.26:575][829]LogModuleManager: Shutting down and abandoning module SessionFrontend (420)
[2018.05.22-20.38.26:575][829]LogModuleManager: Shutting down and abandoning module ProfilerClient (418)
[2018.05.22-20.38.26:576][829]LogModuleManager: Shutting down and abandoning module DeviceManager (416)
[2018.05.22-20.38.26:576][829]LogModuleManager: Shutting down and abandoning module TargetDeviceServices (415)
[2018.05.22-20.38.26:631][829]LogModuleManager: Shutting down and abandoning module AutomationController (412)
[2018.05.22-20.38.26:631][829]LogModuleManager: Shutting down and abandoning module AutomationWindow (410)
[2018.05.22-20.38.26:631][829]LogModuleManager: Shutting down and abandoning module Layers (408)
[2018.05.22-20.38.26:631][829]LogModuleManager: Shutting down and abandoning module ComponentVisualizers (406)
[2018.05.22-20.38.26:631][829]LogModuleManager: Shutting down and abandoning module DetailCustomizations (404)
[2018.05.22-20.38.26:632][829]LogModuleManager: Shutting down and abandoning module PackagesDialog (402)
[2018.05.22-20.38.26:632][829]LogModuleManager: Shutting down and abandoning module Persona (400)
[2018.05.22-20.38.26:632][829]LogModuleManager: Shutting down and abandoning module AdvancedPreviewScene (399)
[2018.05.22-20.38.26:632][829]LogModuleManager: Shutting down and abandoning module AnimGraph (397)
[2018.05.22-20.38.26:632][829]LogModuleManager: Shutting down and abandoning module Kismet (394)
[2018.05.22-20.38.26:647][829]LogModuleManager: Shutting down and abandoning module ClassViewer (392)
[2018.05.22-20.38.26:648][829]LogModuleManager: Shutting down and abandoning module Toolbox (390)
[2018.05.22-20.38.26:648][829]LogModuleManager: Shutting down and abandoning module ModuleUI (388)
[2018.05.22-20.38.26:648][829]LogModuleManager: Shutting down and abandoning module MovieSceneTools (386)
[2018.05.22-20.38.26:648][829]LogModuleManager: Shutting down and abandoning module OutputLog (384)
[2018.05.22-20.38.26:648][829]LogModuleManager: Shutting down and abandoning module GammaUI (382)
[2018.05.22-20.38.26:648][829]LogModuleManager: Shutting down and abandoning module Documentation (380)
[2018.05.22-20.38.26:648][829]LogModuleManager: Shutting down and abandoning module MovieSceneTracks (378)
[2018.05.22-20.38.26:648][829]LogModuleManager: Shutting down and abandoning module MovieScene (376)
[2018.05.22-20.38.26:648][829]LogModuleManager: Shutting down and abandoning module StreamingPauseRendering (374)
[2018.05.22-20.38.26:648][829]LogModuleManager: Shutting down and abandoning module LauncherPlatform (372)
[2018.05.22-20.38.26:649][829]LogModuleManager: Shutting down and abandoning module AnalyticsET (370)
[2018.05.22-20.38.26:649][829]LogModuleManager: Shutting down and abandoning module PortalServices (368)
[2018.05.22-20.38.26:649][829]LogModuleManager: Shutting down and abandoning module PortalRpc (366)
[2018.05.22-20.38.26:649][829]LogModuleManager: Shutting down and abandoning module MessagingRpc (364)
[2018.05.22-20.38.26:649][829]LogModuleManager: Shutting down and abandoning module AIModule (362)
[2018.05.22-20.38.26:649][829]LogModuleManager: Shutting down and abandoning module GameplayDebugger (361)
[2018.05.22-20.38.26:649][829]LogModuleManager: Shutting down and abandoning module AITestSuite (359)
[2018.05.22-20.38.26:649][829]LogModuleManager: Shutting down and abandoning module ProfilerService (356)
[2018.05.22-20.38.26:776][829]LogModuleManager: Shutting down and abandoning module TaskGraph (354)
[2018.05.22-20.38.26:776][829]LogModuleManager: Shutting down and abandoning module SteamVRController (352)
[2018.05.22-20.38.26:776][829]LogModuleManager: Shutting down and abandoning module ProceduralMeshComponentEditor (350)
[2018.05.22-20.38.26:776][829]LogModuleManager: Shutting down and abandoning module ProceduralMeshComponent (348)
[2018.05.22-20.38.26:776][829]LogModuleManager: Shutting down and abandoning module OculusInput (346)
[2018.05.22-20.38.26:776][829]LogModuleManager: Shutting down and abandoning module MobilePatchingUtils (344)
[2018.05.22-20.38.26:776][829]LogModuleManager: Shutting down and abandoning module CustomMeshComponent (342)
[2018.05.22-20.38.26:776][829]LogModuleManager: Shutting down and abandoning module CableComponent (340)
[2018.05.22-20.38.26:777][829]LogModuleManager: Shutting down and abandoning module ArchVisCharacter (338)
[2018.05.22-20.38.26:777][829]LogModuleManager: Shutting down and abandoning module AndroidPermission (336)
[2018.05.22-20.38.26:777][829]LogModuleManager: Shutting down and abandoning module ActorSequence (332)
[2018.05.22-20.38.26:777][829]LogModuleManager: Shutting down and abandoning module MediaPlayerEditor (330)
[2018.05.22-20.38.26:777][829]LogModuleManager: Shutting down and abandoning module MediaCompositingEditor (328)
[2018.05.22-20.38.26:777][829]LogModuleManager: Shutting down and abandoning module MediaCompositing (326)
[2018.05.22-20.38.26:777][829]LogModuleManager: Shutting down and abandoning module VaRestEditorPlugin (324)
[2018.05.22-20.38.26:777][829]LogModuleManager: Shutting down and abandoning module MySQL (322)
[2018.05.22-20.38.26:777][829]LogModuleManager: Shutting down and abandoning module HTML5Networking (320)
[2018.05.22-20.38.26:777][829]LogModuleManager: Shutting down and abandoning module AlembicImporter (318)
[2018.05.22-20.38.26:777][829]LogModuleManager: Shutting down and abandoning module AlembicLibrary (317)
[2018.05.22-20.38.26:778][829]LogModuleManager: Shutting down and abandoning module GeometryCache (316)
[2018.05.22-20.38.26:778][829]LogModuleManager: Shutting down and abandoning module GeometryCacheEd (315)
[2018.05.22-20.38.26:778][829]LogModuleManager: Shutting down and abandoning module SpeedTreeImporter (310)
[2018.05.22-20.38.26:778][829]LogModuleManager: Shutting down and abandoning module PluginBrowser (308)
[2018.05.22-20.38.26:778][829]LogModuleManager: Shutting down and abandoning module MobileLauncherProfileWizard (306)
[2018.05.22-20.38.26:778][829]LogModuleManager: Shutting down and abandoning module VisualStudioSourceCodeAccess (304)
[2018.05.22-20.38.26:778][829]LogModuleManager: Shutting down and abandoning module VisualStudioCodeSourceCodeAccess (302)
[2018.05.22-20.38.26:778][829]LogModuleManager: Shutting down and abandoning module UObjectPlugin (300)
[2018.05.22-20.38.26:778][829]LogModuleManager: Shutting down and abandoning module SubversionSourceControl (298)
[2018.05.22-20.38.26:778][829]LogModuleManager: Shutting down and abandoning module PerforceSourceControl (296)
[2018.05.22-20.38.26:779][829]LogModuleManager: Shutting down and abandoning module GitSourceControl (294)
[2018.05.22-20.38.26:779][829]LogModuleManager: Shutting down and abandoning module SourceControl (293)
[2018.05.22-20.38.26:779][829]LogModuleManager: Shutting down and abandoning module LightPropagationVolumeEditor (290)
[2018.05.22-20.38.26:779][829]LogModuleManager: Shutting down and abandoning module PaperTiledImporter (288)
[2018.05.22-20.38.26:779][829]LogModuleManager: Shutting down and abandoning module PaperSpriteSheetImporter (286)
[2018.05.22-20.38.26:779][829]LogModuleManager: Shutting down and abandoning module Paper2DEditor (284)
[2018.05.22-20.38.26:779][829]LogModuleManager: Shutting down and abandoning module MeshPaint (283)
[2018.05.22-20.38.26:779][829]LogModuleManager: Shutting down and abandoning module LevelEditor (281)
[2018.05.22-20.38.26:782][829]LogModuleManager: Shutting down and abandoning module PixelInspectorModule (280)
[2018.05.22-20.38.26:782][829]LogModuleManager: Shutting down and abandoning module MainFrame (278)
[2018.05.22-20.38.26:782][829]LogModuleManager: Shutting down and abandoning module HotReload (277)
[2018.05.22-20.38.26:782][829]LogDirectoryWatcher: A directory notification for 'C:/Users/Usuario/Desktop/Ingesoft II/Pacto_de_HonoRPG/Codigo/Binaries/Win64' was aborted.
[2018.05.22-20.38.26:784][829]LogModuleManager: Shutting down and abandoning module Pacto_de_Honor (272)
[2018.05.22-20.38.26:784][829]LogModuleManager: Shutting down and abandoning module RuntimePhysXCooking (270)
[2018.05.22-20.38.26:784][829]LogModuleManager: Shutting down and abandoning module PhysXVehiclesEditor (268)
[2018.05.22-20.38.26:784][829]LogModuleManager: Shutting down and abandoning module PhysXVehicles (266)
[2018.05.22-20.38.26:784][829]LogModuleManager: Shutting down and abandoning module OculusEditor (264)
[2018.05.22-20.38.26:784][829]LogModuleManager: Shutting down and abandoning module LocationServicesBPLibrary (262)
[2018.05.22-20.38.26:784][829]LogModuleManager: Shutting down and abandoning module ImmediatePhysicsEditor (260)
[2018.05.22-20.38.26:784][829]LogModuleManager: Shutting down and abandoning module ImmediatePhysics (258)
[2018.05.22-20.38.26:784][829]LogModuleManager: Shutting down and abandoning module UdpMessaging (256)
[2018.05.22-20.38.26:886][829]LogModuleManager: Shutting down and abandoning module TcpMessaging (254)
[2018.05.22-20.38.26:987][829]LogModuleManager: Shutting down and abandoning module VaRestPlugin (252)
[2018.05.22-20.38.26:987][829]LogModuleManager: Shutting down and abandoning module GameplayTagsEditor (250)
[2018.05.22-20.38.26:987][829]LogModuleManager: Shutting down and abandoning module FacialAnimationEditor (248)
[2018.05.22-20.38.26:987][829]LogModuleManager: Shutting down and abandoning module FacialAnimation (246)
[2018.05.22-20.38.26:987][829]LogModuleManager: Shutting down and abandoning module AssetManagerEditor (244)
[2018.05.22-20.38.26:988][829]LogModuleManager: Shutting down and abandoning module GraphEditor (243)
[2018.05.22-20.38.26:988][829]LogModuleManager: Shutting down and abandoning module ContentBrowser (241)
[2018.05.22-20.38.26:992][829]LogModuleManager: Shutting down and abandoning module LightPropagationVolumeRuntime (238)
[2018.05.22-20.38.26:992][829]LogModuleManager: Shutting down and abandoning module Paper2D (236)
[2018.05.22-20.38.26:993][829]LogModuleManager: Shutting down and abandoning module WindowsMoviePlayer (234)
[2018.05.22-20.38.26:993][829]LogModuleManager: Shutting down and abandoning module WmfMedia (232)
[2018.05.22-20.38.26:997][829]LogModuleManager: Shutting down and abandoning module ImgMedia (230)
[2018.05.22-20.38.26:997][829]LogModuleManager: Shutting down and abandoning module PacketHandler (228)
[2018.05.22-20.38.26:997][829]LogModuleManager: Shutting down and abandoning module ClothingSystemEditor (226)
[2018.05.22-20.38.26:997][829]LogModuleManager: Shutting down and abandoning module ClothingSystemRuntime (224)
[2018.05.22-20.38.26:997][829]LogModuleManager: Shutting down and abandoning module MediaAssets (222)
[2018.05.22-20.38.26:997][829]LogModuleManager: Shutting down and abandoning module Media (221)
[2018.05.22-20.38.27:004][829]LogModuleManager: Shutting down and abandoning module Overlay (218)
[2018.05.22-20.38.27:004][829]LogModuleManager: Shutting down and abandoning module OverlayEditor (217)
[2018.05.22-20.38.27:004][829]LogModuleManager: Shutting down and abandoning module VREditor (214)
[2018.05.22-20.38.27:004][829]LogModuleManager: Shutting down and abandoning module StringTableEditor (212)
[2018.05.22-20.38.27:004][829]LogModuleManager: Shutting down and abandoning module GameplayTasksEditor (210)
[2018.05.22-20.38.27:004][829]LogModuleManager: Shutting down and abandoning module BehaviorTreeEditor (208)
[2018.05.22-20.38.27:005][829]LogModuleManager: Shutting down and abandoning module FunctionalTesting (206)
[2018.05.22-20.38.27:005][829]LogModuleManager: Shutting down and abandoning module CollisionAnalyzer (204)
[2018.05.22-20.38.27:005][829]LogModuleManager: Shutting down and abandoning module WorkspaceMenuStructure (203)
[2018.05.22-20.38.27:005][829]LogModuleManager: Shutting down and abandoning module UMG (200)
[2018.05.22-20.38.27:005][829]LogModuleManager: Shutting down and abandoning module UMGEditor (199)
[2018.05.22-20.38.27:005][829]LogModuleManager: Shutting down and abandoning module Sequencer (198)
[2018.05.22-20.38.27:006][829]LogModuleManager: Shutting down and abandoning module MessageLog (195)
[2018.05.22-20.38.27:006][829]LogModuleManager: Shutting down and abandoning module SlateReflector (190)
[2018.05.22-20.38.27:006][829]LogModuleManager: Shutting down and abandoning module Slate (188)
[2018.05.22-20.38.27:006][829]LogModuleManager: Shutting down and abandoning module EditorStyle (186)
[2018.05.22-20.38.27:016][829]LogModuleManager: Shutting down and abandoning module MRMesh (184)
[2018.05.22-20.38.27:016][829]LogModuleManager: Shutting down and abandoning module SourceCodeAccess (182)
[2018.05.22-20.38.27:016][829]LogModuleManager: Shutting down and abandoning module HeadMountedDisplay (180)
[2018.05.22-20.38.27:016][829]LogModuleManager: Shutting down and abandoning module XAudio2 (178)
[2018.05.22-20.38.27:016][829]LogModuleManager: Shutting down and abandoning module Networking (176)
[2018.05.22-20.38.27:016][829]LogModuleManager: Shutting down and abandoning module Core (172)
[2018.05.22-20.38.27:016][829]LogModuleManager: Shutting down and abandoning module LevelSequence (168)
[2018.05.22-20.38.27:016][829]LogModuleManager: Shutting down and abandoning module DirectoryWatcher (166)
[2018.05.22-20.38.27:017][829]LogModuleManager: Shutting down and abandoning module KismetCompiler (164)
[2018.05.22-20.38.27:017][829]LogModuleManager: Shutting down and abandoning module MeshUtilities (162)
[2018.05.22-20.38.27:017][829]LogModuleManager: Shutting down and abandoning module MeshMergeUtilities (161)
[2018.05.22-20.38.27:018][829]LogModuleManager: Shutting down and abandoning module MeshReductionInterface (160)
[2018.05.22-20.38.27:018][829]LogModuleManager: Shutting down and abandoning module SimplygonSwarm (159)
[2018.05.22-20.38.27:018][829]LogModuleManager: Shutting down and abandoning module SimplygonMeshReduction (157)
[2018.05.22-20.38.27:018][829]LogModuleManager: Shutting down and abandoning module QuadricMeshReduction (155)
[2018.05.22-20.38.27:018][829]LogModuleManager: Shutting down and abandoning module MaterialBaking (151)
[2018.05.22-20.38.27:018][829]LogModuleManager: Shutting down and abandoning module DerivedDataCache (148)
[2018.05.22-20.38.27:091][829]LogDerivedDataCache: Shutdown
[2018.05.22-20.38.27:092][829]LogModuleManager: Shutting down and abandoning module TargetPlatform (146)
[2018.05.22-20.38.27:092][829]LogModuleManager: Shutting down and abandoning module VulkanShaderFormat (145)
[2018.05.22-20.38.27:092][829]LogModuleManager: Shutting down and abandoning module ShaderFormatVectorVM (143)
[2018.05.22-20.38.27:092][829]LogModuleManager: Shutting down and abandoning module ShaderFormatOpenGL (141)
[2018.05.22-20.38.27:092][829]LogModuleManager: Shutting down and abandoning module ShaderFormatD3D (139)
[2018.05.22-20.38.27:092][829]LogModuleManager: Shutting down and abandoning module MetalShaderFormat (137)
[2018.05.22-20.38.27:092][829]LogModuleManager: Shutting down and abandoning module TextureFormatUncompressed (135)
[2018.05.22-20.38.27:092][829]LogModuleManager: Shutting down and abandoning module TextureFormatPVR (133)
[2018.05.22-20.38.27:092][829]LogModuleManager: Shutting down and abandoning module TextureFormatDXT (131)
[2018.05.22-20.38.27:092][829]LogModuleManager: Shutting down and abandoning module TextureFormatIntelISPCTexComp (129)
[2018.05.22-20.38.27:092][829]LogModuleManager: Shutting down and abandoning module TextureFormatASTC (127)
[2018.05.22-20.38.27:092][829]LogModuleManager: Shutting down and abandoning module ImageWrapper (126)
[2018.05.22-20.38.27:092][829]LogModuleManager: Shutting down and abandoning module TextureFormatAndroid (123)
[2018.05.22-20.38.27:092][829]LogModuleManager: Shutting down and abandoning module AudioFormatOpus (121)
[2018.05.22-20.38.27:092][829]LogModuleManager: Shutting down and abandoning module AudioFormatOgg (119)
[2018.05.22-20.38.27:092][829]LogModuleManager: Shutting down and abandoning module AudioFormatADPCM (117)
[2018.05.22-20.38.27:092][829]LogModuleManager: Shutting down and abandoning module LinuxTargetPlatform (115)
[2018.05.22-20.38.27:092][829]LogModuleManager: Shutting down and abandoning module LinuxServerTargetPlatform (113)
[2018.05.22-20.38.27:092][829]LogModuleManager: Shutting down and abandoning module LinuxNoEditorTargetPlatform (111)
[2018.05.22-20.38.27:092][829]LogModuleManager: Shutting down and abandoning module LinuxClientTargetPlatform (109)
[2018.05.22-20.38.27:092][829]LogModuleManager: Shutting down and abandoning module TVOSTargetPlatform (107)
[2018.05.22-20.38.27:092][829]LogModuleManager: Shutting down and abandoning module Messaging (105)
[2018.05.22-20.38.27:092][829]LogModuleManager: Shutting down and abandoning module IOSTargetPlatform (103)
[2018.05.22-20.38.27:092][829]LogModuleManager: Shutting down and abandoning module HTML5TargetPlatform (101)
[2018.05.22-20.38.27:092][829]LogModuleManager: Shutting down and abandoning module AndroidTargetPlatform (99)
[2018.05.22-20.38.27:092][829]LogModuleManager: Shutting down and abandoning module Android_PVRTCTargetPlatform (97)
[2018.05.22-20.38.27:092][829]LogModuleManager: Shutting down and abandoning module Android_MultiTargetPlatform (95)
[2018.05.22-20.38.27:092][829]LogModuleManager: Shutting down and abandoning module Android_ETC2TargetPlatform (93)
[2018.05.22-20.38.27:092][829]LogModuleManager: Shutting down and abandoning module Android_ETC1TargetPlatform (91)
[2018.05.22-20.38.27:093][829]LogModuleManager: Shutting down and abandoning module Android_DXTTargetPlatform (89)
[2018.05.22-20.38.27:093][829]LogModuleManager: Shutting down and abandoning module Android_ATCTargetPlatform (87)
[2018.05.22-20.38.27:093][829]LogModuleManager: Shutting down and abandoning module Android_ASTCTargetPlatform (85)
[2018.05.22-20.38.27:093][829]LogModuleManager: Shutting down and abandoning module WindowsTargetPlatform (83)
[2018.05.22-20.38.27:093][829]LogModuleManager: Shutting down and abandoning module WindowsServerTargetPlatform (81)
[2018.05.22-20.38.27:093][829]LogModuleManager: Shutting down and abandoning module WindowsNoEditorTargetPlatform (79)
[2018.05.22-20.38.27:093][829]LogModuleManager: Shutting down and abandoning module WindowsClientTargetPlatform (77)
[2018.05.22-20.38.27:093][829]LogModuleManager: Shutting down and abandoning module MacTargetPlatform (75)
[2018.05.22-20.38.27:093][829]LogModuleManager: Shutting down and abandoning module MacServerTargetPlatform (73)
[2018.05.22-20.38.27:093][829]LogModuleManager: Shutting down and abandoning module MacNoEditorTargetPlatform (71)
[2018.05.22-20.38.27:093][829]LogModuleManager: Shutting down and abandoning module MacClientTargetPlatform (69)
[2018.05.22-20.38.27:093][829]LogModuleManager: Shutting down and abandoning module AllDesktopTargetPlatform (67)
[2018.05.22-20.38.27:093][829]LogModuleManager: Shutting down and abandoning module InputCore (64)
[2018.05.22-20.38.27:093][829]LogModuleManager: Shutting down and abandoning module Settings (62)
[2018.05.22-20.38.27:093][829]LogModuleManager: Shutting down and abandoning module PhysXCooking (60)
[2018.05.22-20.38.27:093][829]LogModuleManager: Shutting down and abandoning module SteamVR (58)
[2018.05.22-20.38.27:093][829]LogModuleManager: Shutting down and abandoning module OculusHMD (56)
[2018.05.22-20.38.27:093][829]LogModuleManager: Shutting down and abandoning module ExampleDeviceProfileSelector (54)
[2018.05.22-20.38.27:093][829]LogModuleManager: Shutting down and abandoning module AppleARKit (52)
[2018.05.22-20.38.27:093][829]LogModuleManager: Shutting down and abandoning module AugmentedReality (51)
[2018.05.22-20.38.27:093][829]LogModuleManager: Shutting down and abandoning module OnlineBlueprintSupport (48)
[2018.05.22-20.38.27:093][829]LogModuleManager: Shutting down and abandoning module OnlineSubsystem (44)
[2018.05.22-20.38.27:093][829]LogModuleManager: Shutting down and abandoning module XMPP (43)
[2018.05.22-20.38.27:093][829]LogModuleManager: Shutting down and abandoning module HTTP (41)
[2018.05.22-20.38.27:093][829]LogHttp: Display: Http module shutting down, but needs to wait on 1 outstanding Http requests:
[2018.05.22-20.38.27:093][829]LogHttp: Display: 	verb=[POST] url=[https://datarouter.ol.epicgames.com/datarouter/api/v1/public/data?SessionID=%7B6AB7E7C8-4D84-F840-A613-AD9339014AB8%7D&AppID=UEEditor.Rocket.Release&AppVersion=4.18.3-3832480%2B%2B%2BUE4%2BRelease-4.18&UserID=2f3204424fee2b5c054cc2bf4cadedc5%7C4b6869033aee450e97da295a0055c4f0%7Cbb5f7d8d-f162-4e68-8138-f0c9566eafe1&AppEnvironment=datacollector-binary&UploadType=eteventstream] status=Processing
[2018.05.22-20.38.27:112][829]LogModuleManager: Shutting down and abandoning module SSL (40)
[2018.05.22-20.38.27:116][829]LogModuleManager: Shutting down and abandoning module AnimationModifiers (36)
[2018.05.22-20.38.27:116][829]LogModuleManager: Shutting down and abandoning module PropertyEditor (35)
[2018.05.22-20.38.27:116][829]LogModuleManager: Shutting down and abandoning module AudioEditor (32)
[2018.05.22-20.38.27:116][829]LogModuleManager: Shutting down and abandoning module TextureCompressor (30)
[2018.05.22-20.38.27:116][829]LogModuleManager: Shutting down and abandoning module ShaderCore (28)
[2018.05.22-20.38.27:117][829]LogModuleManager: Shutting down and abandoning module Landscape (26)
[2018.05.22-20.38.27:117][829]LogModuleManager: Shutting down and abandoning module SlateRHIRenderer (24)
[2018.05.22-20.38.27:118][829]LogModuleManager: Shutting down and abandoning module OpenGLDrv (22)
[2018.05.22-20.38.27:118][829]LogModuleManager: Shutting down and abandoning module D3D11RHI (20)
[2018.05.22-20.38.27:118][829]LogModuleManager: Shutting down and abandoning module AnimGraphRuntime (18)
[2018.05.22-20.38.27:118][829]LogModuleManager: Shutting down and abandoning module Renderer (16)
[2018.05.22-20.38.27:119][829]LogModuleManager: Shutting down and abandoning module Engine (14)
[2018.05.22-20.38.27:119][829]LogModuleManager: Shutting down and abandoning module CoreUObject (12)
[2018.05.22-20.38.27:119][829]LogModuleManager: Shutting down and abandoning module NetworkFile (10)
[2018.05.22-20.38.27:119][829]LogModuleManager: Shutting down and abandoning module CookedIterativeFile (8)
[2018.05.22-20.38.27:119][829]LogModuleManager: Shutting down and abandoning module StreamingFile (6)
[2018.05.22-20.38.27:119][829]LogModuleManager: Shutting down and abandoning module SandboxFile (4)
[2018.05.22-20.38.27:119][829]LogModuleManager: Shutting down and abandoning module PakFile (2)
[2018.05.22-20.38.27:128][829]LogExit: Exiting.
[2018.05.22-20.38.27:182][829]Log file closed, 05/22/18 15:38:27
